test:  imitate
args: 
           t : imitate
     kb_name : kb_il_streamlined
   demo_name : demo_il
     verbose : True
       debug : False
     emulate : True
   integrity : False
       check : False
       ortho : True
        draw : True
       decay : 1.0
      wasted : False

Name  N  W
------------------------------------------------------------
   mem_ctx      40000 1792640000   3.339052   lam = 0.250000
------------------------------------------------------------
                 ('lex', 'hetero')  0.358820 0
                 ('mem', 'hetero')  2.980232 1

------------------------------------------------------------
       lex       4816  221776800   0.413091
------------------------------------------------------------
                   ('lex', 'auto')  0.043202 0
                  ('op', 'hetero')  0.011070 0
                 ('mem', 'hetero')  0.358820 0

------------------------------------------------------------
        gh        240   19524960   0.036368
------------------------------------------------------------
                ('bind', 'hetero')  0.015646 0
                  ('gh', 'hetero')  0.000107 0
                 ('mem', 'hetero')  0.017881 0
           ('exc_stack', 'hetero')  0.000029 0
                 ('lex', 'hetero')  0.002153 0
                  ('op', 'hetero')  0.000552 0

------------------------------------------------------------
      bind      35000 3921680000   7.304698
------------------------------------------------------------
                  ('bind', 'auto')  2.281740 0
               ('stack', 'hetero')  0.133514 0
                 ('mem', 'hetero')  2.607703 0
                ('bind', 'hetero')  2.281740 1

------------------------------------------------------------
     stack       2048   12713984   0.023682
------------------------------------------------------------
                  ('stack', 'fwd')  0.007812 0
                 ('stack', 'auto')  0.007812 0
           ('exc_stack', 'hetero')  0.000244 0
                  ('stack', 'bwd')  0.007812 0

------------------------------------------------------------
       mem      40000 4884800000   9.098649
------------------------------------------------------------
                 ('lex', 'hetero')  0.358820 0
                   ('mem', 'auto')  2.980232 0
               ('stack', 'hetero')  0.152588 0
                 ('mem', 'hetero')  2.980232 1
          ('data_stack', 'hetero')  0.019073 0
                ('bind', 'hetero')  2.607703 1

------------------------------------------------------------
data_stack        256     147456   0.000275
------------------------------------------------------------
             ('data_stack', 'bwd')  0.000122 0
             ('data_stack', 'fwd')  0.000122 0
           ('exc_stack', 'hetero')  0.000031 0

------------------------------------------------------------
 exc_stack         64       8192   0.000015
------------------------------------------------------------
              ('exc_stack', 'bwd')  0.000008 0
              ('exc_stack', 'fwd')  0.000008 0

------------------------------------------------------------
        op       1234   10071908   0.018760
------------------------------------------------------------
           ('exc_stack', 'hetero')  0.000147 0
                 ('lex', 'hetero')  0.011070 0
                  ('op', 'hetero')  0.002836 0
               ('stack', 'hetero')  0.004707 0

------------------------------------------------------------
 stack_ctx       2048    9863168   0.018372   lam = 0.250000
------------------------------------------------------------
                 ('lex', 'hetero')  0.018372 0

------------------------------------------------------------
  bind_ctx      35000  168560000   0.313967   lam = 0.125000
------------------------------------------------------------
                 ('lex', 'hetero')  0.313967 0

Total:      160706 11041786468
Device allocation:
0:      5216786468     10433572936 (9.7170 GB)
1:      5825000000     11650000000 (10.8499 GB)

Flashing gates...
Flashing mappings...
      bind       bind     hetero            1
 stack_ctx        lex     hetero            11
 exc_stack  exc_stack        fwd            32
 exc_stack  exc_stack        bwd            32
       lex        lex       auto            45
        gh         gh     hetero            96
       mem        lex     hetero            125
  bind_ctx        lex     hetero            125
   mem_ctx        lex     hetero            125
     stack      stack        fwd            128
     stack      stack        bwd            128
     stack      stack       auto            128
data_stack data_stack        fwd            128
data_stack data_stack        bwd            128
        op        lex     hetero            146
       lex         op     hetero            300
        op         op     hetero            615
        gh         op     hetero            617
   mem_ctx        mem     hetero            925
       mem        mem       auto            925
       lex        mem     hetero            925
       mem        mem     hetero    mem_ctx 1601

... flashed in 1.002985s

Running network...
In:  (
In:  new
In:  Environment
In:  '
In:  NIL
In:  '
In:  (
In:  (
In:  left_gripper
In:  gripping
In:  none
In:  )
In:  (
In:  right_gripper
In:  gripping
In:  none
In:  )
In:  (
In:  table
In:  identity
In:  Block
In:  )
In:  (
In:  A_blk2
In:  identity
In:  Block
In:  )
In:  (
In:  I_blk1
In:  identity
In:  Block
In:  )
In:  (
In:  I_blk2
In:  identity
In:  Block
In:  )
In:  (
In:  M_blk3
In:  identity
In:  Block
In:  )
In:  (
In:  M_blk4
In:  identity
In:  Block
In:  )
In:  (
In:  M_blk6
In:  identity
In:  Block
In:  )
In:  (
In:  U_blk4
In:  identity
In:  Block
In:  )
In:  (
In:  U_blk5
In:  identity
In:  Block
In:  )
In:  )
In:  )
In:  (
In:  (
In:  move_arm_and_grasp
In:  right_gripper
In:  I_blk1
In:  )
In:  (
In:  right_gripper
In:  gripping
In:  I_blk1
In:  )
In:  )
Out:  (84076, '~~~~~~~~~~~~~~~~~~~~~~~~~~~~~~~~~~~~~~~~~~~~~~~', 0.0) 4.841626693989383
Out:  (89521, '=====-PROCESS_ACTION-=====', 0.0) 5.153148918994702
Out:  (89684, 'move_arm_and_grasp', 0.0) 5.162402782996651
In:  (
In:  (
In:  move_grasped_object
In:  right_gripper
In:  table
In:  true
In:  )
In:  )
Out:  (128215, '~~~~~~~~~~~~~~~~~~~~~~~~~~~~~~~~~~~~~~~~~~~~~~~', 0.0) 7.363036252005259
Out:  (133660, '=====-PROCESS_ACTION-=====', 0.0) 7.674698401009664
Out:  (133823, 'move_grasped_object', 0.0) 7.683974142011721
In:  (
In:  (
In:  release
In:  right_gripper
In:  )
In:  (
In:  right_gripper
In:  gripping
In:  none
In:  )
In:  )
Out:  (160502, '~~~~~~~~~~~~~~~~~~~~~~~~~~~~~~~~~~~~~~~~~~~~~~~', 0.0) 9.208760220994009
Out:  (165947, '=====-PROCESS_ACTION-=====', 0.0) 9.520223842991982
Out:  (166110, 'release', 0.0) 9.52950648200931
Out:  (180662, '=====-PROCESS_ACTION-=====', 0.0) 10.395447115995921
Out:  (180825, 'put_down_grasped_object', 0.0) 10.404720457008807
Out:  (198434, '=====-PROCESS_ACTION-=====', 0.0) 11.411062314989977
Out:  (198597, 'move_object', 0.0) 11.42027303899522
In:  (
In:  (
In:  move_arm_and_grasp
In:  right_gripper
In:  M_blk3
In:  )
In:  (
In:  right_gripper
In:  gripping
In:  M_blk3
In:  )
In:  )
Out:  (219973, '~~~~~~~~~~~~~~~~~~~~~~~~~~~~~~~~~~~~~~~~~~~~~~~', 0.0) 12.636553674994502
Out:  (225418, '=====-PROCESS_ACTION-=====', 0.0) 12.94740409599035
Out:  (225581, 'move_arm_and_grasp', 0.0) 12.956670766987372
In:  (
In:  (
In:  move_grasped_object
In:  right_gripper
In:  I_blk1
In:  false
In:  )
In:  )
Out:  (264190, '~~~~~~~~~~~~~~~~~~~~~~~~~~~~~~~~~~~~~~~~~~~~~~~', 0.0) 15.152317594998749
Out:  (269635, '=====-PROCESS_ACTION-=====', 0.0) 15.461184648011113
Out:  (269798, 'move_grasped_object', 0.0) 15.470349495997652
In:  (
In:  (
In:  release
In:  right_gripper
In:  )
In:  (
In:  right_gripper
In:  gripping
In:  none
In:  )
In:  )
Out:  (296529, '~~~~~~~~~~~~~~~~~~~~~~~~~~~~~~~~~~~~~~~~~~~~~~~', 0.0) 16.98386832998949
Out:  (301974, '=====-PROCESS_ACTION-=====', 0.0) 17.292541380011244
Out:  (302137, 'release', 0.0) 17.301749773003394
Out:  (316735, '=====-PROCESS_ACTION-=====', 0.0) 18.12935491700773
Out:  (316898, 'put_down_grasped_object', 0.0) 18.138580653001554
Out:  (334712, '=====-PROCESS_ACTION-=====', 0.0) 19.150863093993394
Out:  (334875, 'move_object', 0.0) 19.160138323000865
In:  (
In:  (
In:  move_arm_and_grasp
In:  right_gripper
In:  M_blk4
In:  )
In:  (
In:  right_gripper
In:  gripping
In:  M_blk4
In:  )
In:  )
Out:  (356277, '~~~~~~~~~~~~~~~~~~~~~~~~~~~~~~~~~~~~~~~~~~~~~~~', 0.0) 20.377221272996394
Out:  (361722, '=====-PROCESS_ACTION-=====', 0.0) 20.68956035398878
Out:  (361885, 'move_arm_and_grasp', 0.0) 20.698773031996097
In:  (
In:  (
In:  move_grasped_object
In:  right_gripper
In:  M_blk3
In:  false
In:  )
In:  )
Out:  (400572, '~~~~~~~~~~~~~~~~~~~~~~~~~~~~~~~~~~~~~~~~~~~~~~~', 0.0) 22.955647739989217
Out:  (406017, '=====-PROCESS_ACTION-=====', 0.0) 23.266108809999423
Out:  (406180, 'move_grasped_object', 0.0) 23.275295773986727
In:  (
In:  (
In:  release
In:  right_gripper
In:  )
In:  (
In:  right_gripper
In:  gripping
In:  none
In:  )
In:  )
Out:  (432963, '~~~~~~~~~~~~~~~~~~~~~~~~~~~~~~~~~~~~~~~~~~~~~~~', 0.0) 24.800469401990995
Out:  (438408, '=====-PROCESS_ACTION-=====', 0.0) 25.112856849009404
Out:  (438571, 'release', 0.0) 25.122190671012504
Out:  (453215, '=====-PROCESS_ACTION-=====', 0.0) 25.957850810984382
Out:  (453378, 'put_down_grasped_object', 0.0) 25.967106641997816
Out:  (471238, '=====-PROCESS_ACTION-=====', 0.0) 27.00252262299182
Out:  (471401, 'move_object', 0.0) 27.0117804610054
In:  (
In:  (
In:  move_arm_and_grasp
In:  right_gripper
In:  I_blk2
In:  )
In:  (
In:  right_gripper
In:  gripping
In:  I_blk2
In:  )
In:  )
Out:  (492829, '~~~~~~~~~~~~~~~~~~~~~~~~~~~~~~~~~~~~~~~~~~~~~~~', 0.0) 28.235965431988006
Out:  (498274, '=====-PROCESS_ACTION-=====', 0.0) 28.547950913984096
Out:  (498437, 'move_arm_and_grasp', 0.0) 28.557234401989263
In:  (
In:  (
In:  move_grasped_object
In:  right_gripper
In:  M_blk4
In:  false
In:  )
In:  )
Out:  (537202, '~~~~~~~~~~~~~~~~~~~~~~~~~~~~~~~~~~~~~~~~~~~~~~~', 0.0) 30.772062211995944
Out:  (542647, '=====-PROCESS_ACTION-=====', 0.0) 31.083285740984138
Out:  (542810, 'move_grasped_object', 0.0) 31.092531770991627
In:  (
In:  (
In:  release
In:  right_gripper
In:  )
In:  (
In:  right_gripper
In:  gripping
In:  none
In:  )
In:  )
Out:  (569645, '~~~~~~~~~~~~~~~~~~~~~~~~~~~~~~~~~~~~~~~~~~~~~~~', 0.0) 32.68945514599909
Out:  (575090, '=====-PROCESS_ACTION-=====', 0.0) 33.00263296999037
Out:  (575253, 'release', 0.0) 33.01192850401276
Out:  (589943, '=====-PROCESS_ACTION-=====', 0.0) 33.85327303898521
Out:  (590106, 'put_down_grasped_object', 0.0) 33.862634277989855
Out:  (608012, '=====-PROCESS_ACTION-=====', 0.0) 34.88583494498744
Out:  (608175, 'move_object', 0.0) 34.8954860100057
In:  (
In:  (
In:  move_arm_and_grasp
In:  right_gripper
In:  A_blk2
In:  )
In:  (
In:  right_gripper
In:  gripping
In:  A_blk2
In:  )
In:  )
Out:  (629629, '~~~~~~~~~~~~~~~~~~~~~~~~~~~~~~~~~~~~~~~~~~~~~~~', 0.0) 36.120411084004445
Out:  (635074, '=====-PROCESS_ACTION-=====', 0.0) 36.432469625986414
Out:  (635237, 'move_arm_and_grasp', 0.0) 36.441722454997944
In:  (
In:  (
In:  move_grasped_object
In:  right_gripper
In:  table
In:  true
In:  )
In:  )
Out:  (674080, '~~~~~~~~~~~~~~~~~~~~~~~~~~~~~~~~~~~~~~~~~~~~~~~', 0.0) 38.66149007799686
Out:  (679525, '=====-PROCESS_ACTION-=====', 0.0) 38.973054197005695
Out:  (679688, 'move_grasped_object', 0.0) 38.98231309201219
In:  (
In:  (
In:  release
In:  right_gripper
In:  )
In:  (
In:  right_gripper
In:  gripping
In:  none
In:  )
In:  )
Out:  (706575, '~~~~~~~~~~~~~~~~~~~~~~~~~~~~~~~~~~~~~~~~~~~~~~~', 0.0) 40.51430344799883
Out:  (712020, '=====-PROCESS_ACTION-=====', 0.0) 40.82532367299427
Out:  (712183, 'release', 0.0) 40.834526785009075
Out:  (726919, '=====-PROCESS_ACTION-=====', 0.0) 41.673338524997234
Out:  (727082, 'put_down_grasped_object', 0.0) 41.68253248199471
Out:  (745034, '=====-PROCESS_ACTION-=====', 0.0) 42.70761336598662
Out:  (745197, 'move_object', 0.0) 42.716895824996755
In:  (
In:  (
In:  move_arm_and_grasp
In:  right_gripper
In:  M_blk6
In:  )
In:  (
In:  right_gripper
In:  gripping
In:  M_blk6
In:  )
In:  )
Out:  (766677, '~~~~~~~~~~~~~~~~~~~~~~~~~~~~~~~~~~~~~~~~~~~~~~~', 0.0) 43.9456309590023
Out:  (772122, '=====-PROCESS_ACTION-=====', 0.0) 44.25718859900371
Out:  (772285, 'move_arm_and_grasp', 0.0) 44.2664778670005
In:  (
In:  (
In:  move_grasped_object
In:  right_gripper
In:  A_blk2
In:  true
In:  )
In:  )
Out:  (811206, '~~~~~~~~~~~~~~~~~~~~~~~~~~~~~~~~~~~~~~~~~~~~~~~', 0.0) 46.48816536000231
Out:  (816651, '=====-PROCESS_ACTION-=====', 0.0) 46.80017756699817
Out:  (816814, 'move_grasped_object', 0.0) 46.80949469699408
In:  (
In:  (
In:  release
In:  right_gripper
In:  )
In:  (
In:  right_gripper
In:  gripping
In:  none
In:  )
In:  )
Out:  (843753, '~~~~~~~~~~~~~~~~~~~~~~~~~~~~~~~~~~~~~~~~~~~~~~~', 0.0) 48.43301496398635
Out:  (849198, '=====-PROCESS_ACTION-=====', 0.0) 48.74481589300558
Out:  (849361, 'release', 0.0) 48.75406484599807
Out:  (864143, '=====-PROCESS_ACTION-=====', 0.0) 49.597898100008024
Out:  (864306, 'put_down_grasped_object', 0.0) 49.60722875400097
Out:  (882304, '=====-PROCESS_ACTION-=====', 0.0) 50.63674458899186
Out:  (882467, 'move_object', 0.0) 50.64601808501175
In:  (
In:  (
In:  move_arm_and_grasp
In:  right_gripper
In:  U_blk4
In:  )
In:  (
In:  right_gripper
In:  gripping
In:  U_blk4
In:  )
In:  )
Out:  (903973, '~~~~~~~~~~~~~~~~~~~~~~~~~~~~~~~~~~~~~~~~~~~~~~~', 0.0) 51.87180139799602
Out:  (909418, '=====-PROCESS_ACTION-=====', 0.0) 52.18481811499805
Out:  (909581, 'move_arm_and_grasp', 0.0) 52.194148512993706
In:  (
In:  (
In:  move_grasped_object
In:  right_gripper
In:  M_blk6
In:  false
In:  )
In:  )
Out:  (948580, '~~~~~~~~~~~~~~~~~~~~~~~~~~~~~~~~~~~~~~~~~~~~~~~', 0.0) 54.431000078009674
Out:  (954025, '=====-PROCESS_ACTION-=====', 0.0) 54.74397860298632
Out:  (954188, 'move_grasped_object', 0.0) 54.75330695300363
In:  (
In:  (
In:  release
In:  right_gripper
In:  )
In:  (
In:  right_gripper
In:  gripping
In:  none
In:  )
In:  )
Out:  (981179, '~~~~~~~~~~~~~~~~~~~~~~~~~~~~~~~~~~~~~~~~~~~~~~~', 0.0) 56.29525119700702
Out:  (986624, '=====-PROCESS_ACTION-=====', 0.0) 56.6079049060063
Out:  (986787, 'release', 0.0) 56.61720626600436
Out:  (1001615, '=====-PROCESS_ACTION-=====', 0.0) 57.46367447299417
Out:  (1001778, 'put_down_grasped_object', 0.0) 57.472870452998905
Out:  (1019822, '=====-PROCESS_ACTION-=====', 0.0) 58.50521290700999
Out:  (1019985, 'move_object', 0.0) 58.51477668699226
In:  (
In:  (
In:  move_arm_and_grasp
In:  right_gripper
In:  U_blk5
In:  )
In:  (
In:  right_gripper
In:  gripping
In:  U_blk5
In:  )
In:  )
Out:  (1041517, '~~~~~~~~~~~~~~~~~~~~~~~~~~~~~~~~~~~~~~~~~~~~~~~', 0.0) 59.74469553498784
Out:  (1046962, '=====-PROCESS_ACTION-=====', 0.0) 60.05658037599642
Out:  (1047125, 'move_arm_and_grasp', 0.0) 60.06583989900537
In:  (
In:  (
In:  move_grasped_object
In:  right_gripper
In:  U_blk4
In:  false
In:  )
In:  )
Out:  (1086202, '~~~~~~~~~~~~~~~~~~~~~~~~~~~~~~~~~~~~~~~~~~~~~~~', 0.0) 62.29612859999179
Out:  (1091647, '=====-PROCESS_ACTION-=====', 0.0) 62.60798461298691
Out:  (1091810, 'move_grasped_object', 0.0) 62.617213508987334
In:  (
In:  (
In:  release
In:  right_gripper
In:  )
In:  NIL
In:  )
Out:  (1114974, '~~~~~~~~~~~~~~~~~~~~~~~~~~~~~~~~~~~~~~~~~~~~~~~', 0.0) 63.942199490003986
Out:  (1120419, '=====-PROCESS_ACTION-=====', 0.0) 64.25479585299036
Out:  (1120582, 'release', 0.0) 64.26408990699565
Out:  (1135456, '=====-PROCESS_ACTION-=====', 0.0) 65.11373029500828
Out:  (1135619, 'put_down_grasped_object', 0.0) 65.12301766499877
Out:  (1153709, '=====-PROCESS_ACTION-=====', 0.0) 66.26656173801166
Out:  (1153872, 'move_object', 0.0) 66.27583489200333
In:  NIL
Out:  (1167881, '___', 0.0) 67.07420522999018
Out:  (1168042, 'EXPLANATION', 0.0) 67.08333497098647
Out:  (1168203, '___', 0.0) 67.09244645098806
Out:  (1177097, 'move_object', 0.0) 67.600823552988
Out:  (1177203, '(', 0.0) 67.6068846900016
Out:  (1177225, 'I_blk1', 0.0) 67.60817136100377
Out:  (1177270, 'table', 0.0) 67.61072447898914
Out:  (1177315, 'true', 0.0) 67.61327981899376
Out:  (1177343, ')', 0.0) 67.61484611500055
Out:  (1177720, '+-->', 0.0) 67.63617764500668
Out:  (1179577, 'move_arm_and_grasp', 0.0) 67.74285676600994
Out:  (1179683, '(', 0.0) 67.74892862100387
Out:  (1179705, 'right_gripper', 0.0) 67.7502945830056
Out:  (1179750, 'I_blk1', 0.0) 67.7528547339898
Out:  (1179778, ')', 0.0) 67.75442466698587
Out:  (1180900, 'put_down_grasped_object', 0.0) 67.81855457200436
Out:  (1181006, '(', 0.0) 67.82467987100244
Out:  (1181028, 'right_gripper', 0.0) 67.82598388698534
Out:  (1181073, 'table', 0.0) 67.828549302998
Out:  (1181118, 'true', 0.0) 67.8311116459954
Out:  (1181146, ')', 0.0) 67.83267696600524
Out:  (1181523, '+-->', 0.0) 67.85419071899378
Out:  (1183380, 'move_grasped_object', 0.0) 67.9613715079904
Out:  (1183486, '(', 0.0) 67.96745314399595
Out:  (1183508, 'right_gripper', 0.0) 67.9687284870015
Out:  (1183553, 'table', 0.0) 67.97128815000178
Out:  (1183598, 'true', 0.0) 67.97384991499712
Out:  (1183626, ')', 0.0) 67.97542120199068
Out:  (1184748, 'release', 0.0) 68.039509403985
Out:  (1184854, '(', 0.0) 68.045670410007
Out:  (1184876, 'right_gripper', 0.0) 68.04694872000255
Out:  (1184904, ')', 0.0) 68.0485160810058
Out:  (1185310, '+--<', 0.0) 68.0715310839878
Out:  (1185528, '+--<', 0.0) 68.08393676098785
Out:  (1186481, 'move_object', 0.0) 68.1385160110076
Out:  (1186587, '(', 0.0) 68.14456963399425
Out:  (1186609, 'M_blk3', 0.0) 68.14587283000583
Out:  (1186654, 'I_blk1', 0.0) 68.14841932800482
Out:  (1186699, 'false', 0.0) 68.15097511801287
Out:  (1186727, ')', 0.0) 68.1525370849995
Out:  (1187104, '+-->', 0.0) 68.17395089598722
Out:  (1188961, 'move_arm_and_grasp', 0.0) 68.28022873599548
Out:  (1189067, '(', 0.0) 68.2863164889859
Out:  (1189089, 'right_gripper', 0.0) 68.28758417599602
Out:  (1189134, 'M_blk3', 0.0) 68.29015553501085
Out:  (1189162, ')', 0.0) 68.29171909901197
Out:  (1190284, 'put_down_grasped_object', 0.0) 68.3554431500088
Out:  (1190390, '(', 0.0) 68.3614850360027
Out:  (1190412, 'right_gripper', 0.0) 68.3627576509898
Out:  (1190457, 'I_blk1', 0.0) 68.36529906801297
Out:  (1190502, 'false', 0.0) 68.3678229090001
Out:  (1190530, ')', 0.0) 68.36940048501128
Out:  (1190907, '+-->', 0.0) 68.39071437501116
Out:  (1192764, 'move_grasped_object', 0.0) 68.49715377599932
Out:  (1192870, '(', 0.0) 68.50321597300353
Out:  (1192892, 'right_gripper', 0.0) 68.50449087799643
Out:  (1192937, 'I_blk1', 0.0) 68.50706566899316
Out:  (1192982, 'false', 0.0) 68.50961955499952
Out:  (1193010, ')', 0.0) 68.5111925950041
Out:  (1194132, 'release', 0.0) 68.57523731098627
Out:  (1194238, '(', 0.0) 68.58136093098437
Out:  (1194260, 'right_gripper', 0.0) 68.5826394839969
Out:  (1194288, ')', 0.0) 68.58421384700341
Out:  (1194694, '+--<', 0.0) 68.60717914099223
Out:  (1194912, '+--<', 0.0) 68.61950713099213
Out:  (1195865, 'move_object', 0.0) 68.67409364998457
Out:  (1195971, '(', 0.0) 68.68021414699615
Out:  (1195993, 'M_blk4', 0.0) 68.68150556800538
Out:  (1196038, 'M_blk3', 0.0) 68.68405397099559
Out:  (1196083, 'false', 0.0) 68.68660618498689
Out:  (1196111, ')', 0.0) 68.6881656399928
Out:  (1196488, '+-->', 0.0) 68.70958413300104
Out:  (1198345, 'move_arm_and_grasp', 0.0) 68.81578934501158
Out:  (1198451, '(', 0.0) 68.8218495369947
Out:  (1198473, 'right_gripper', 0.0) 68.82311768599902
Out:  (1198518, 'M_blk4', 0.0) 68.82566729901009
Out:  (1198546, ')', 0.0) 68.8272239259968
Out:  (1199668, 'put_down_grasped_object', 0.0) 68.89112982200459
Out:  (1199774, '(', 0.0) 68.89721907800413
Out:  (1199796, 'right_gripper', 0.0) 68.89849829601008
Out:  (1199841, 'M_blk3', 0.0) 68.90106284600915
Out:  (1199886, 'false', 0.0) 68.90358567898511
Out:  (1199914, ')', 0.0) 68.90514614799758
Out:  (1200291, '+-->', 0.0) 68.92645172300399
Out:  (1202148, 'move_grasped_object', 0.0) 69.03300029798993
Out:  (1202254, '(', 0.0) 69.03907214998617
Out:  (1202276, 'right_gripper', 0.0) 69.04034885999863
Out:  (1202321, 'M_blk3', 0.0) 69.04289654199965
Out:  (1202366, 'false', 0.0) 69.04544860799797
Out:  (1202394, ')', 0.0) 69.04702367898426
Out:  (1203516, 'release', 0.0) 69.11149054800626
Out:  (1203622, '(', 0.0) 69.11754905499402
Out:  (1203644, 'right_gripper', 0.0) 69.11883135000244
Out:  (1203672, ')', 0.0) 69.12040026599425
Out:  (1204078, '+--<', 0.0) 69.14333050799905
Out:  (1204296, '+--<', 0.0) 69.15567362800357
Out:  (1205249, 'move_object', 0.0) 69.21011296100914
Out:  (1205355, '(', 0.0) 69.21615034001297
Out:  (1205377, 'I_blk2', 0.0) 69.21744298399426
Out:  (1205422, 'M_blk4', 0.0) 69.21998182998504
Out:  (1205467, 'false', 0.0) 69.22253208400798
Out:  (1205495, ')', 0.0) 69.22409440900083
Out:  (1205872, '+-->', 0.0) 69.24539053800981
Out:  (1207729, 'move_arm_and_grasp', 0.0) 69.3516864409903
Out:  (1207835, '(', 0.0) 69.35780314399744
Out:  (1207857, 'right_gripper', 0.0) 69.3590763329994
Out:  (1207902, 'I_blk2', 0.0) 69.36164660198847
Out:  (1207930, ')', 0.0) 69.3632181849971
Out:  (1209052, 'put_down_grasped_object', 0.0) 69.42741482000565
Out:  (1209158, '(', 0.0) 69.4334981990105
Out:  (1209180, 'right_gripper', 0.0) 69.43477997099399
Out:  (1209225, 'M_blk4', 0.0) 69.4373569599993
Out:  (1209270, 'false', 0.0) 69.43989987799432
Out:  (1209298, ')', 0.0) 69.44147764198715
Out:  (1209675, '+-->', 0.0) 69.4629772840126
Out:  (1211532, 'move_grasped_object', 0.0) 69.56914846700965
Out:  (1211638, '(', 0.0) 69.57518939100555
Out:  (1211660, 'right_gripper', 0.0) 69.57647094500135
Out:  (1211705, 'M_blk4', 0.0) 69.57900687199435
Out:  (1211750, 'false', 0.0) 69.58154284500051
Out:  (1211778, ')', 0.0) 69.58309956899029
Out:  (1212900, 'release', 0.0) 69.64701789000537
Out:  (1213006, '(', 0.0) 69.65312133799307
Out:  (1213028, 'right_gripper', 0.0) 69.65439079300268
Out:  (1213056, ')', 0.0) 69.65595640099491
Out:  (1213462, '+--<', 0.0) 69.67888355901232
Out:  (1213680, '+--<', 0.0) 69.6912239289959
Out:  (1214633, 'move_object', 0.0) 69.74575799499871
Out:  (1214739, '(', 0.0) 69.75178083201172
Out:  (1214761, 'A_blk2', 0.0) 69.75306927299243
Out:  (1214806, 'table', 0.0) 69.7556551489979
Out:  (1214851, 'true', 0.0) 69.75820913500502
Out:  (1214879, ')', 0.0) 69.7597652389959
Out:  (1215256, '+-->', 0.0) 69.7811366370006
Out:  (1217113, 'move_arm_and_grasp', 0.0) 69.88769236399094
Out:  (1217219, '(', 0.0) 69.89377702798811
Out:  (1217241, 'right_gripper', 0.0) 69.89506249601254
Out:  (1217286, 'A_blk2', 0.0) 69.89764491000096
Out:  (1217314, ')', 0.0) 69.89921571000014
Out:  (1218436, 'put_down_grasped_object', 0.0) 69.96342831099173
Out:  (1218542, '(', 0.0) 69.96950507699512
Out:  (1218564, 'right_gripper', 0.0) 69.9707858299953
Out:  (1218609, 'table', 0.0) 69.97334778998629
Out:  (1218654, 'true', 0.0) 69.9758954810095
Out:  (1218682, ')', 0.0) 69.97748204600066
Out:  (1219059, '+-->', 0.0) 69.99891632099752
Out:  (1220916, 'move_grasped_object', 0.0) 70.11791815899778
Out:  (1221022, '(', 0.0) 70.12412396998843
Out:  (1221044, 'right_gripper', 0.0) 70.125451127009
Out:  (1221089, 'table', 0.0) 70.12805776300956
Out:  (1221134, 'true', 0.0) 70.13065520700184
Out:  (1221162, ')', 0.0) 70.13224928700947
Out:  (1222284, 'release', 0.0) 70.19800421700347
Out:  (1222390, '(', 0.0) 70.20417952700518
Out:  (1222412, 'right_gripper', 0.0) 70.20556899599615
Out:  (1222440, ')', 0.0) 70.20717918800074
Out:  (1222846, '+--<', 0.0) 70.23055159000796
Out:  (1223064, '+--<', 0.0) 70.24314071598928
Out:  (1224017, 'move_object', 0.0) 70.29826082198997
Out:  (1224123, '(', 0.0) 70.3042539919843
Out:  (1224145, 'M_blk6', 0.0) 70.30552618100774
Out:  (1224190, 'A_blk2', 0.0) 70.3080397300073
Out:  (1224235, 'true', 0.0) 70.3105761949846
Out:  (1224263, ')', 0.0) 70.31211861598422
Out:  (1224640, '+-->', 0.0) 70.3332494199858
Out:  (1226497, 'move_arm_and_grasp', 0.0) 70.4389826139959
Out:  (1226603, '(', 0.0) 70.44500153500121
Out:  (1226625, 'right_gripper', 0.0) 70.44626626599347
Out:  (1226670, 'M_blk6', 0.0) 70.4487977460085
Out:  (1226698, ')', 0.0) 70.45040807599435
Out:  (1227820, 'put_down_grasped_object', 0.0) 70.51421439499245
Out:  (1227926, '(', 0.0) 70.52022753699566
Out:  (1227948, 'right_gripper', 0.0) 70.5215002259938
Out:  (1227993, 'A_blk2', 0.0) 70.524021522986
Out:  (1228038, 'true', 0.0) 70.52655012000469
Out:  (1228066, ')', 0.0) 70.52809792201151
Out:  (1228443, '+-->', 0.0) 70.54932737600757
Out:  (1230300, 'move_grasped_object', 0.0) 70.65509589901194
Out:  (1230406, '(', 0.0) 70.6611566139909
Out:  (1230428, 'right_gripper', 0.0) 70.66249403299298
Out:  (1230473, 'A_blk2', 0.0) 70.66506520699477
Out:  (1230518, 'true', 0.0) 70.66762233400368
Out:  (1230546, ')', 0.0) 70.6692097359919
Out:  (1231668, 'release', 0.0) 70.73326660899329
Out:  (1231774, '(', 0.0) 70.73934158499469
Out:  (1231796, 'right_gripper', 0.0) 70.74062276098994
Out:  (1231824, ')', 0.0) 70.74220809098915
Out:  (1232230, '+--<', 0.0) 70.76531200000318
Out:  (1232448, '+--<', 0.0) 70.77767148599378
Out:  (1233401, 'move_object', 0.0) 70.83206994499778
Out:  (1233507, '(', 0.0) 70.83816008499707
Out:  (1233529, 'U_blk4', 0.0) 70.83944230599445
Out:  (1233574, 'M_blk6', 0.0) 70.84198179200757
Out:  (1233619, 'false', 0.0) 70.84451894799713
Out:  (1233647, ')', 0.0) 70.84610799199436
Out:  (1234024, '+-->', 0.0) 70.86754963701242
Out:  (1235881, 'move_arm_and_grasp', 0.0) 70.97353676101193
Out:  (1235987, '(', 0.0) 70.97955016500782
Out:  (1236009, 'right_gripper', 0.0) 70.98081856299541
Out:  (1236054, 'U_blk4', 0.0) 70.98337508400436
Out:  (1236082, ')', 0.0) 70.98493520900956
Out:  (1237204, 'put_down_grasped_object', 0.0) 71.04897589300526
Out:  (1237310, '(', 0.0) 71.0549899720063
Out:  (1237332, 'right_gripper', 0.0) 71.05626032699365
Out:  (1237377, 'M_blk6', 0.0) 71.05880728998454
Out:  (1237422, 'false', 0.0) 71.06137963201036
Out:  (1237450, ')', 0.0) 71.06292632399709
Out:  (1237827, '+-->', 0.0) 71.08413712499896
Out:  (1239684, 'move_grasped_object', 0.0) 71.19039254798554
Out:  (1239790, '(', 0.0) 71.19644099799916
Out:  (1239812, 'right_gripper', 0.0) 71.19772722100606
Out:  (1239857, 'M_blk6', 0.0) 71.20027586398646
Out:  (1239902, 'false', 0.0) 71.2028181719943
Out:  (1239930, ')', 0.0) 71.20437847700668
Out:  (1241052, 'release', 0.0) 71.26849507499719
Out:  (1241158, '(', 0.0) 71.27457214699825
Out:  (1241180, 'right_gripper', 0.0) 71.27584154700162
Out:  (1241208, ')', 0.0) 71.27741899999091
Out:  (1241614, '+--<', 0.0) 71.30033301998628
Out:  (1241832, '+--<', 0.0) 71.31264541699784
Out:  (1242785, 'move_object', 0.0) 71.36711271098466
Out:  (1242891, '(', 0.0) 71.37322062600288
Out:  (1242913, 'U_blk5', 0.0) 71.37449857901083
Out:  (1242958, 'U_blk4', 0.0) 71.37704749000841
Out:  (1243003, 'false', 0.0) 71.37958085699938
Out:  (1243031, ')', 0.0) 71.38115380698582
Out:  (1243408, '+-->', 0.0) 71.40256465700804
Out:  (1245265, 'move_arm_and_grasp', 0.0) 71.50960252899677
Out:  (1245371, '(', 0.0) 71.51567251599045
Out:  (1245393, 'right_gripper', 0.0) 71.51696570799686
Out:  (1245438, 'U_blk5', 0.0) 71.51951040700078
Out:  (1245466, ')', 0.0) 71.52108593599405
Out:  (1246588, 'put_down_grasped_object', 0.0) 71.5853177960089
Out:  (1246694, '(', 0.0) 71.59136627500993
Out:  (1246716, 'right_gripper', 0.0) 71.5926369529916
Out:  (1246761, 'U_blk4', 0.0) 71.59517336799763
Out:  (1246806, 'false', 0.0) 71.59771075900062
Out:  (1246834, ')', 0.0) 71.59926496699336
Out:  (1247211, '+-->', 0.0) 71.62055698799668
Out:  (1249068, 'move_grasped_object', 0.0) 71.7267535229912
Out:  (1249174, '(', 0.0) 71.73280714199063
Out:  (1249196, 'right_gripper', 0.0) 71.73408637999091
Out:  (1249241, 'U_blk4', 0.0) 71.73661906601046
Out:  (1249286, 'false', 0.0) 71.73921451999922
Out:  (1249314, ')', 0.0) 71.74076768101077
Out:  (1250436, 'release', 0.0) 71.80464283199399
Out:  (1250542, '(', 0.0) 71.81069395301165
Out:  (1250564, 'right_gripper', 0.0) 71.81195992301218
Out:  (1250592, ')', 0.0) 71.81353075400693
Out:  (1250998, '+--<', 0.0) 71.83635853600572
Out:  (1251216, '+--<', 0.0) 71.84866618699743
Out:  (1251555, 'done', 0.0) 71.86769760900643
output:
(84076, '~~~~~~~~~~~~~~~~~~~~~~~~~~~~~~~~~~~~~~~~~~~~~~~', 0.0)
(89521, '=====-PROCESS_ACTION-=====', 0.0)
(89684, 'move_arm_and_grasp', 0.0)
(128215, '~~~~~~~~~~~~~~~~~~~~~~~~~~~~~~~~~~~~~~~~~~~~~~~', 0.0)
(133660, '=====-PROCESS_ACTION-=====', 0.0)
(133823, 'move_grasped_object', 0.0)
(160502, '~~~~~~~~~~~~~~~~~~~~~~~~~~~~~~~~~~~~~~~~~~~~~~~', 0.0)
(165947, '=====-PROCESS_ACTION-=====', 0.0)
(166110, 'release', 0.0)
(180662, '=====-PROCESS_ACTION-=====', 0.0)
(180825, 'put_down_grasped_object', 0.0)
(198434, '=====-PROCESS_ACTION-=====', 0.0)
(198597, 'move_object', 0.0)
(219973, '~~~~~~~~~~~~~~~~~~~~~~~~~~~~~~~~~~~~~~~~~~~~~~~', 0.0)
(225418, '=====-PROCESS_ACTION-=====', 0.0)
(225581, 'move_arm_and_grasp', 0.0)
(264190, '~~~~~~~~~~~~~~~~~~~~~~~~~~~~~~~~~~~~~~~~~~~~~~~', 0.0)
(269635, '=====-PROCESS_ACTION-=====', 0.0)
(269798, 'move_grasped_object', 0.0)
(296529, '~~~~~~~~~~~~~~~~~~~~~~~~~~~~~~~~~~~~~~~~~~~~~~~', 0.0)
(301974, '=====-PROCESS_ACTION-=====', 0.0)
(302137, 'release', 0.0)
(316735, '=====-PROCESS_ACTION-=====', 0.0)
(316898, 'put_down_grasped_object', 0.0)
(334712, '=====-PROCESS_ACTION-=====', 0.0)
(334875, 'move_object', 0.0)
(356277, '~~~~~~~~~~~~~~~~~~~~~~~~~~~~~~~~~~~~~~~~~~~~~~~', 0.0)
(361722, '=====-PROCESS_ACTION-=====', 0.0)
(361885, 'move_arm_and_grasp', 0.0)
(400572, '~~~~~~~~~~~~~~~~~~~~~~~~~~~~~~~~~~~~~~~~~~~~~~~', 0.0)
(406017, '=====-PROCESS_ACTION-=====', 0.0)
(406180, 'move_grasped_object', 0.0)
(432963, '~~~~~~~~~~~~~~~~~~~~~~~~~~~~~~~~~~~~~~~~~~~~~~~', 0.0)
(438408, '=====-PROCESS_ACTION-=====', 0.0)
(438571, 'release', 0.0)
(453215, '=====-PROCESS_ACTION-=====', 0.0)
(453378, 'put_down_grasped_object', 0.0)
(471238, '=====-PROCESS_ACTION-=====', 0.0)
(471401, 'move_object', 0.0)
(492829, '~~~~~~~~~~~~~~~~~~~~~~~~~~~~~~~~~~~~~~~~~~~~~~~', 0.0)
(498274, '=====-PROCESS_ACTION-=====', 0.0)
(498437, 'move_arm_and_grasp', 0.0)
(537202, '~~~~~~~~~~~~~~~~~~~~~~~~~~~~~~~~~~~~~~~~~~~~~~~', 0.0)
(542647, '=====-PROCESS_ACTION-=====', 0.0)
(542810, 'move_grasped_object', 0.0)
(569645, '~~~~~~~~~~~~~~~~~~~~~~~~~~~~~~~~~~~~~~~~~~~~~~~', 0.0)
(575090, '=====-PROCESS_ACTION-=====', 0.0)
(575253, 'release', 0.0)
(589943, '=====-PROCESS_ACTION-=====', 0.0)
(590106, 'put_down_grasped_object', 0.0)
(608012, '=====-PROCESS_ACTION-=====', 0.0)
(608175, 'move_object', 0.0)
(629629, '~~~~~~~~~~~~~~~~~~~~~~~~~~~~~~~~~~~~~~~~~~~~~~~', 0.0)
(635074, '=====-PROCESS_ACTION-=====', 0.0)
(635237, 'move_arm_and_grasp', 0.0)
(674080, '~~~~~~~~~~~~~~~~~~~~~~~~~~~~~~~~~~~~~~~~~~~~~~~', 0.0)
(679525, '=====-PROCESS_ACTION-=====', 0.0)
(679688, 'move_grasped_object', 0.0)
(706575, '~~~~~~~~~~~~~~~~~~~~~~~~~~~~~~~~~~~~~~~~~~~~~~~', 0.0)
(712020, '=====-PROCESS_ACTION-=====', 0.0)
(712183, 'release', 0.0)
(726919, '=====-PROCESS_ACTION-=====', 0.0)
(727082, 'put_down_grasped_object', 0.0)
(745034, '=====-PROCESS_ACTION-=====', 0.0)
(745197, 'move_object', 0.0)
(766677, '~~~~~~~~~~~~~~~~~~~~~~~~~~~~~~~~~~~~~~~~~~~~~~~', 0.0)
(772122, '=====-PROCESS_ACTION-=====', 0.0)
(772285, 'move_arm_and_grasp', 0.0)
(811206, '~~~~~~~~~~~~~~~~~~~~~~~~~~~~~~~~~~~~~~~~~~~~~~~', 0.0)
(816651, '=====-PROCESS_ACTION-=====', 0.0)
(816814, 'move_grasped_object', 0.0)
(843753, '~~~~~~~~~~~~~~~~~~~~~~~~~~~~~~~~~~~~~~~~~~~~~~~', 0.0)
(849198, '=====-PROCESS_ACTION-=====', 0.0)
(849361, 'release', 0.0)
(864143, '=====-PROCESS_ACTION-=====', 0.0)
(864306, 'put_down_grasped_object', 0.0)
(882304, '=====-PROCESS_ACTION-=====', 0.0)
(882467, 'move_object', 0.0)
(903973, '~~~~~~~~~~~~~~~~~~~~~~~~~~~~~~~~~~~~~~~~~~~~~~~', 0.0)
(909418, '=====-PROCESS_ACTION-=====', 0.0)
(909581, 'move_arm_and_grasp', 0.0)
(948580, '~~~~~~~~~~~~~~~~~~~~~~~~~~~~~~~~~~~~~~~~~~~~~~~', 0.0)
(954025, '=====-PROCESS_ACTION-=====', 0.0)
(954188, 'move_grasped_object', 0.0)
(981179, '~~~~~~~~~~~~~~~~~~~~~~~~~~~~~~~~~~~~~~~~~~~~~~~', 0.0)
(986624, '=====-PROCESS_ACTION-=====', 0.0)
(986787, 'release', 0.0)
(1001615, '=====-PROCESS_ACTION-=====', 0.0)
(1001778, 'put_down_grasped_object', 0.0)
(1019822, '=====-PROCESS_ACTION-=====', 0.0)
(1019985, 'move_object', 0.0)
(1041517, '~~~~~~~~~~~~~~~~~~~~~~~~~~~~~~~~~~~~~~~~~~~~~~~', 0.0)
(1046962, '=====-PROCESS_ACTION-=====', 0.0)
(1047125, 'move_arm_and_grasp', 0.0)
(1086202, '~~~~~~~~~~~~~~~~~~~~~~~~~~~~~~~~~~~~~~~~~~~~~~~', 0.0)
(1091647, '=====-PROCESS_ACTION-=====', 0.0)
(1091810, 'move_grasped_object', 0.0)
(1114974, '~~~~~~~~~~~~~~~~~~~~~~~~~~~~~~~~~~~~~~~~~~~~~~~', 0.0)
(1120419, '=====-PROCESS_ACTION-=====', 0.0)
(1120582, 'release', 0.0)
(1135456, '=====-PROCESS_ACTION-=====', 0.0)
(1135619, 'put_down_grasped_object', 0.0)
(1153709, '=====-PROCESS_ACTION-=====', 0.0)
(1153872, 'move_object', 0.0)
(1167881, '___', 0.0)
(1168042, 'EXPLANATION', 0.0)
(1168203, '___', 0.0)
(1177097, 'move_object', 0.0)
(1177203, '(', 0.0)
(1177225, 'I_blk1', 0.0)
(1177270, 'table', 0.0)
(1177315, 'true', 0.0)
(1177343, ')', 0.0)
(1177720, '+-->', 0.0)
(1179577, 'move_arm_and_grasp', 0.0)
(1179683, '(', 0.0)
(1179705, 'right_gripper', 0.0)
(1179750, 'I_blk1', 0.0)
(1179778, ')', 0.0)
(1180900, 'put_down_grasped_object', 0.0)
(1181006, '(', 0.0)
(1181028, 'right_gripper', 0.0)
(1181073, 'table', 0.0)
(1181118, 'true', 0.0)
(1181146, ')', 0.0)
(1181523, '+-->', 0.0)
(1183380, 'move_grasped_object', 0.0)
(1183486, '(', 0.0)
(1183508, 'right_gripper', 0.0)
(1183553, 'table', 0.0)
(1183598, 'true', 0.0)
(1183626, ')', 0.0)
(1184748, 'release', 0.0)
(1184854, '(', 0.0)
(1184876, 'right_gripper', 0.0)
(1184904, ')', 0.0)
(1185310, '+--<', 0.0)
(1185528, '+--<', 0.0)
(1186481, 'move_object', 0.0)
(1186587, '(', 0.0)
(1186609, 'M_blk3', 0.0)
(1186654, 'I_blk1', 0.0)
(1186699, 'false', 0.0)
(1186727, ')', 0.0)
(1187104, '+-->', 0.0)
(1188961, 'move_arm_and_grasp', 0.0)
(1189067, '(', 0.0)
(1189089, 'right_gripper', 0.0)
(1189134, 'M_blk3', 0.0)
(1189162, ')', 0.0)
(1190284, 'put_down_grasped_object', 0.0)
(1190390, '(', 0.0)
(1190412, 'right_gripper', 0.0)
(1190457, 'I_blk1', 0.0)
(1190502, 'false', 0.0)
(1190530, ')', 0.0)
(1190907, '+-->', 0.0)
(1192764, 'move_grasped_object', 0.0)
(1192870, '(', 0.0)
(1192892, 'right_gripper', 0.0)
(1192937, 'I_blk1', 0.0)
(1192982, 'false', 0.0)
(1193010, ')', 0.0)
(1194132, 'release', 0.0)
(1194238, '(', 0.0)
(1194260, 'right_gripper', 0.0)
(1194288, ')', 0.0)
(1194694, '+--<', 0.0)
(1194912, '+--<', 0.0)
(1195865, 'move_object', 0.0)
(1195971, '(', 0.0)
(1195993, 'M_blk4', 0.0)
(1196038, 'M_blk3', 0.0)
(1196083, 'false', 0.0)
(1196111, ')', 0.0)
(1196488, '+-->', 0.0)
(1198345, 'move_arm_and_grasp', 0.0)
(1198451, '(', 0.0)
(1198473, 'right_gripper', 0.0)
(1198518, 'M_blk4', 0.0)
(1198546, ')', 0.0)
(1199668, 'put_down_grasped_object', 0.0)
(1199774, '(', 0.0)
(1199796, 'right_gripper', 0.0)
(1199841, 'M_blk3', 0.0)
(1199886, 'false', 0.0)
(1199914, ')', 0.0)
(1200291, '+-->', 0.0)
(1202148, 'move_grasped_object', 0.0)
(1202254, '(', 0.0)
(1202276, 'right_gripper', 0.0)
(1202321, 'M_blk3', 0.0)
(1202366, 'false', 0.0)
(1202394, ')', 0.0)
(1203516, 'release', 0.0)
(1203622, '(', 0.0)
(1203644, 'right_gripper', 0.0)
(1203672, ')', 0.0)
(1204078, '+--<', 0.0)
(1204296, '+--<', 0.0)
(1205249, 'move_object', 0.0)
(1205355, '(', 0.0)
(1205377, 'I_blk2', 0.0)
(1205422, 'M_blk4', 0.0)
(1205467, 'false', 0.0)
(1205495, ')', 0.0)
(1205872, '+-->', 0.0)
(1207729, 'move_arm_and_grasp', 0.0)
(1207835, '(', 0.0)
(1207857, 'right_gripper', 0.0)
(1207902, 'I_blk2', 0.0)
(1207930, ')', 0.0)
(1209052, 'put_down_grasped_object', 0.0)
(1209158, '(', 0.0)
(1209180, 'right_gripper', 0.0)
(1209225, 'M_blk4', 0.0)
(1209270, 'false', 0.0)
(1209298, ')', 0.0)
(1209675, '+-->', 0.0)
(1211532, 'move_grasped_object', 0.0)
(1211638, '(', 0.0)
(1211660, 'right_gripper', 0.0)
(1211705, 'M_blk4', 0.0)
(1211750, 'false', 0.0)
(1211778, ')', 0.0)
(1212900, 'release', 0.0)
(1213006, '(', 0.0)
(1213028, 'right_gripper', 0.0)
(1213056, ')', 0.0)
(1213462, '+--<', 0.0)
(1213680, '+--<', 0.0)
(1214633, 'move_object', 0.0)
(1214739, '(', 0.0)
(1214761, 'A_blk2', 0.0)
(1214806, 'table', 0.0)
(1214851, 'true', 0.0)
(1214879, ')', 0.0)
(1215256, '+-->', 0.0)
(1217113, 'move_arm_and_grasp', 0.0)
(1217219, '(', 0.0)
(1217241, 'right_gripper', 0.0)
(1217286, 'A_blk2', 0.0)
(1217314, ')', 0.0)
(1218436, 'put_down_grasped_object', 0.0)
(1218542, '(', 0.0)
(1218564, 'right_gripper', 0.0)
(1218609, 'table', 0.0)
(1218654, 'true', 0.0)
(1218682, ')', 0.0)
(1219059, '+-->', 0.0)
(1220916, 'move_grasped_object', 0.0)
(1221022, '(', 0.0)
(1221044, 'right_gripper', 0.0)
(1221089, 'table', 0.0)
(1221134, 'true', 0.0)
(1221162, ')', 0.0)
(1222284, 'release', 0.0)
(1222390, '(', 0.0)
(1222412, 'right_gripper', 0.0)
(1222440, ')', 0.0)
(1222846, '+--<', 0.0)
(1223064, '+--<', 0.0)
(1224017, 'move_object', 0.0)
(1224123, '(', 0.0)
(1224145, 'M_blk6', 0.0)
(1224190, 'A_blk2', 0.0)
(1224235, 'true', 0.0)
(1224263, ')', 0.0)
(1224640, '+-->', 0.0)
(1226497, 'move_arm_and_grasp', 0.0)
(1226603, '(', 0.0)
(1226625, 'right_gripper', 0.0)
(1226670, 'M_blk6', 0.0)
(1226698, ')', 0.0)
(1227820, 'put_down_grasped_object', 0.0)
(1227926, '(', 0.0)
(1227948, 'right_gripper', 0.0)
(1227993, 'A_blk2', 0.0)
(1228038, 'true', 0.0)
(1228066, ')', 0.0)
(1228443, '+-->', 0.0)
(1230300, 'move_grasped_object', 0.0)
(1230406, '(', 0.0)
(1230428, 'right_gripper', 0.0)
(1230473, 'A_blk2', 0.0)
(1230518, 'true', 0.0)
(1230546, ')', 0.0)
(1231668, 'release', 0.0)
(1231774, '(', 0.0)
(1231796, 'right_gripper', 0.0)
(1231824, ')', 0.0)
(1232230, '+--<', 0.0)
(1232448, '+--<', 0.0)
(1233401, 'move_object', 0.0)
(1233507, '(', 0.0)
(1233529, 'U_blk4', 0.0)
(1233574, 'M_blk6', 0.0)
(1233619, 'false', 0.0)
(1233647, ')', 0.0)
(1234024, '+-->', 0.0)
(1235881, 'move_arm_and_grasp', 0.0)
(1235987, '(', 0.0)
(1236009, 'right_gripper', 0.0)
(1236054, 'U_blk4', 0.0)
(1236082, ')', 0.0)
(1237204, 'put_down_grasped_object', 0.0)
(1237310, '(', 0.0)
(1237332, 'right_gripper', 0.0)
(1237377, 'M_blk6', 0.0)
(1237422, 'false', 0.0)
(1237450, ')', 0.0)
(1237827, '+-->', 0.0)
(1239684, 'move_grasped_object', 0.0)
(1239790, '(', 0.0)
(1239812, 'right_gripper', 0.0)
(1239857, 'M_blk6', 0.0)
(1239902, 'false', 0.0)
(1239930, ')', 0.0)
(1241052, 'release', 0.0)
(1241158, '(', 0.0)
(1241180, 'right_gripper', 0.0)
(1241208, ')', 0.0)
(1241614, '+--<', 0.0)
(1241832, '+--<', 0.0)
(1242785, 'move_object', 0.0)
(1242891, '(', 0.0)
(1242913, 'U_blk5', 0.0)
(1242958, 'U_blk4', 0.0)
(1243003, 'false', 0.0)
(1243031, ')', 0.0)
(1243408, '+-->', 0.0)
(1245265, 'move_arm_and_grasp', 0.0)
(1245371, '(', 0.0)
(1245393, 'right_gripper', 0.0)
(1245438, 'U_blk5', 0.0)
(1245466, ')', 0.0)
(1246588, 'put_down_grasped_object', 0.0)
(1246694, '(', 0.0)
(1246716, 'right_gripper', 0.0)
(1246761, 'U_blk4', 0.0)
(1246806, 'false', 0.0)
(1246834, ')', 0.0)
(1247211, '+-->', 0.0)
(1249068, 'move_grasped_object', 0.0)
(1249174, '(', 0.0)
(1249196, 'right_gripper', 0.0)
(1249241, 'U_blk4', 0.0)
(1249286, 'false', 0.0)
(1249314, ')', 0.0)
(1250436, 'release', 0.0)
(1250542, '(', 0.0)
(1250564, 'right_gripper', 0.0)
(1250592, ')', 0.0)
(1250998, '+--<', 0.0)
(1251216, '+--<', 0.0)
(1251555, 'done', 0.0)

learned:
             gh            bind          hetero   |   online:  6095 / 18320 |  flashed:     0 /     0 |  activ_count:  18078
            mem             mem          hetero   |   online:  1236 /  1236 |  flashed:  1601 /  1601 |  activ_count:  76791
           bind            bind            auto   |   online:  2385 /  2881 |  flashed:     0 /     0 |  activ_count:  12217
            mem            bind          hetero   |   online:  2385 /  2881 |  flashed:     0 /     0 |  activ_count:   6034
        mem_ctx             mem          hetero   |   online:   634 /   634 |  flashed:   925 /   925 |  activ_count:  53082
            lex             mem          hetero   |   online:   634 /   634 |  flashed:   925 /   925 |  activ_count:  76092
            mem             mem            auto   |   online:   634 /   634 |  flashed:   925 /   925 |  activ_count:  102399
           bind            bind          hetero   |   online:  1250 /  1297 |  flashed:     1 /     1 |  activ_count:   6103
             gh              op          hetero   |   online:     0 /     0 |  flashed:   617 /   617 |  activ_count:  341468
             op              op          hetero   |   online:     0 /     0 |  flashed:   615 /   615 |  activ_count:  275762
            mem           stack          hetero   |   online:   316 / 24923 |  flashed:     0 /     0 |  activ_count:  29237
            lex              op          hetero   |   online:     0 /     0 |  flashed:   300 /   300 |  activ_count:  115095
           bind             mem          hetero   |   online:   279 /   301 |  flashed:     0 /     0 |  activ_count:   3175
        mem_ctx             lex          hetero   |   online:    16 /    16 |  flashed:   125 /   125 |  activ_count:  28489
            mem             lex          hetero   |   online:    16 /    16 |  flashed:   125 /   125 |  activ_count:   2193
       bind_ctx             lex          hetero   |   online:    16 /    16 |  flashed:   125 /   125 |  activ_count:  15098
          stack           stack             fwd   |   online:     0 /     0 |  flashed:   128 /   128 |  activ_count:  27427
          stack           stack            auto   |   online:     0 /     0 |  flashed:   128 /   128 |  activ_count:  19574
          stack           stack             bwd   |   online:     0 /     0 |  flashed:   128 /   128 |  activ_count:  26896
     data_stack      data_stack             bwd   |   online:     0 /     0 |  flashed:   128 /   128 |  activ_count:   7640
     data_stack      data_stack             fwd   |   online:     0 /     0 |  flashed:   128 /   128 |  activ_count:   7641
             gh             lex          hetero   |   online:   104 / 47787 |  flashed:     0 /     0 |  activ_count:  47787
             op             lex          hetero   |   online:     0 /     0 |  flashed:   101 /   146 |  activ_count:  65705
             gh              gh          hetero   |   online:     0 /     0 |  flashed:    96 /    96 |  activ_count:  843881
           bind           stack          hetero   |   online:    60 / 33772 |  flashed:     0 /     0 |  activ_count:  23584
             op           stack          hetero   |   online:    60 / 27427 |  flashed:     0 /     0 |  activ_count:  26896
            lex             lex            auto   |   online:     0 /     0 |  flashed:    45 /    45 |  activ_count:  13363
            mem      data_stack          hetero   |   online:    35 / 10443 |  flashed:     0 /     0 |  activ_count:  11591
      exc_stack       exc_stack             bwd   |   online:     0 /     0 |  flashed:    32 /    32 |  activ_count:    400
      exc_stack       exc_stack             fwd   |   online:     0 /     0 |  flashed:    32 /    32 |  activ_count:    400
      stack_ctx             lex          hetero   |   online:     0 /     0 |  flashed:    11 /    11 |  activ_count:  19574
             gh             mem          hetero   |   online:     7 /   216 |  flashed:     0 /     0 |  activ_count:    216
          stack       exc_stack          hetero   |   online:     3 /   400 |  flashed:     0 /     0 |  activ_count:    183
     data_stack       exc_stack          hetero   |   online:     3 /   400 |  flashed:     0 /     0 |  activ_count:    183
             op       exc_stack          hetero   |   online:     3 /   400 |  flashed:     0 /     0 |  activ_count:    183
             gh       exc_stack          hetero   |   online:     1 /     1 |  flashed:     0 /     0 |  activ_count:    182

Final activity states:
        mem_ctx :              main795  0.000000
            lex :            progn_end  0.000000
             gh :                 halt  0.000000
           bind :              def_env  0.000000
          stack :                    0  0.000000
            mem :                 done  0.000000
     data_stack :                    0  0.000000
      exc_stack :                    0  0.000000
             op :                 halt  0.000000
      stack_ctx :                 inst  0.000000
       bind_ctx :           source_hyp  0.000000

Gate history:
          gh       learn   exc_stack      hetero :          1                 0.0000   0.000005584995960817
    bind_ctx       stash                         :         16                 0.0000   0.000000618063495494
    bind_ctx       noise                         :         16                 0.0000   0.000001742750100675
         mem       learn         lex      hetero :         16                 0.0000   0.000003120811015833
    bind_ctx       learn         lex      hetero :         16                 0.0001   0.000003483060936560
     mem_ctx       learn         lex      hetero :         16                 0.0001   0.000003619436029112
  data_stack       stash                         :        400                 0.0003   0.000000713560002623
     mem_ctx       stash                         :        634                 0.0005   0.000000757374993543
       stack       stash                         :        400                 0.0005   0.000001211087583215
  data_stack    activate   exc_stack      hetero :        183                 0.0007   0.000003855531212054
          op    activate   exc_stack      hetero :        183                 0.0007   0.000003989536698165
       stack    activate   exc_stack      hetero :        183                 0.0010   0.000005453037444115
          gh    activate   exc_stack      hetero :        182                 0.0010   0.000005669060616068
          gh       learn         mem      hetero :        216                 0.0011   0.000004968128686650
         lex       stash                         :        927                 0.0011   0.000001161493153282
          gh    activate         mem      hetero :        216                 0.0012   0.000005631323734566
  data_stack       learn   exc_stack      hetero :        400                 0.0013   0.000003241867816541
          op       learn   exc_stack      hetero :        400                 0.0014   0.000003480876912363
        bind       learn         mem      hetero :        301                 0.0014   0.000004670082821984
   exc_stack    activate   exc_stack         bwd :        400                 0.0017   0.000004145802449784
   exc_stack    activate   exc_stack         fwd :        400                 0.0018   0.000004421955600264
       stack       learn   exc_stack      hetero :        400                 0.0018   0.000004577809231705
     mem_ctx       noise                         :        634                 0.0024   0.000003821510729403
         mem       noise                         :        634                 0.0025   0.000003975808772123
     mem_ctx       learn         mem      hetero :        634                 0.0028   0.000004473035045670
         lex       learn         mem      hetero :        634                 0.0028   0.000004477536453416
         mem       learn         mem        auto :        634                 0.0032   0.000004994565909670
        bind       noise                         :       1250                 0.0052   0.000004128048149869
        bind       learn        bind      hetero :       1297                 0.0064   0.000004902994121068
         mem       learn         mem      hetero :       1236                 0.0071   0.000005762693353531
         mem    activate         lex      hetero :       2193                 0.0122   0.000005576193969798
        bind       learn        bind        auto :       2881                 0.0132   0.000004593432376728
        bind    activate         mem      hetero :       3175                 0.0140   0.000004407814538884
         mem       learn        bind      hetero :       2881                 0.0173   0.000005993801657630
        bind    activate        bind      hetero :       6103                 0.0249   0.000004072216646213
  data_stack    activate  data_stack         bwd :       7640                 0.0312   0.000004080566878556
        bind       stash                         :      38251                 0.0314   0.000000820442194019
  data_stack    activate  data_stack         fwd :       7641                 0.0323   0.000004225732940890
          op       stash                         :      27827                 0.0328   0.000001177588836821
         mem    activate        bind      hetero :       6034                 0.0413   0.000006844195705545
         mem       stash                         :      40117                 0.0471   0.000001174301319933
         mem       learn  data_stack      hetero :      10443                 0.0475   0.000004550215834917
       stack     context   stack_ctx             :      19574                 0.0516   0.000002633908127472
    bind_ctx    activate         lex      hetero :      15098                 0.0621   0.000004113222176851
         mem    activate  data_stack      hetero :      11591                 0.0630   0.000005439541434052
        bind     context    bind_ctx             :      27315                 0.0723   0.000002647627418414
          gh        bias       false             :      66263                 0.0793   0.000001196494442381
          gh       learn        bind      hetero :      18320                 0.0860   0.000004696908692741
         lex    activate         lex        auto :      13363                 0.0928   0.000006943089031621
        bind    activate        bind        auto :      12217                 0.0946   0.000007745059795171
        bind    activate       stack      hetero :      23584                 0.1018   0.000004316218997316
   stack_ctx    activate         lex      hetero :      19574                 0.1025   0.000005236413409226
          gh    activate        bind      hetero :      18078                 0.1037   0.000005738512075532
       stack    converge                         :      19574                 0.1052   0.000005373712571627
          op       learn       stack      hetero :      27427                 0.1213   0.000004422628120937
     mem_ctx    activate         lex      hetero :      28489                 0.1244   0.000004365885683952
         mem       learn       stack      hetero :      24923                 0.1246   0.000005000905443219
        bind       learn       stack      hetero :      33772                 0.1386   0.000004104240798253
       stack    activate       stack         bwd :      26896                 0.1474   0.000005479244245245
          op    activate       stack      hetero :      26896                 0.1485   0.000005519672455558
       stack    activate       stack         fwd :      27427                 0.1502   0.000005474848400952
         mem    activate       stack      hetero :      29237                 0.1635   0.000005590644799591
          gh       learn         lex      hetero :      47787                 0.2039   0.000004266283092873
          gh    activate         lex      hetero :      47787                 0.2618   0.000005477781860636
     mem_ctx    activate         mem      hetero :      53082                 0.2915   0.000005490876506602
          op    activate         lex      hetero :      65705                 0.3507   0.000005338058421893
         lex    activate         mem      hetero :      76092                 0.4054   0.000005327835139112
         mem     context     mem_ctx             :     192856                 0.4900   0.000002540551559683
         mem    converge                         :     102399                 0.5072   0.000004953614625237
         mem    activate         mem      hetero :      76791                 0.5374   0.000006998733136832
         lex    activate          op      hetero :     115095                 0.5625   0.000004886949061168
          op    activate          op      hetero :     275762                 1.3653   0.000004951163238021
   exc_stack       cycle                         :    1251612                 1.6258   0.000001298939497031
    bind_ctx       cycle                         :    1251612                 1.6413   0.000001311372198284
  data_stack       cycle                         :    1251612                 1.6663   0.000001331329198271
       stack       cycle                         :    1251612                 1.6816   0.000001343569189995
   stack_ctx       cycle                         :    1251612                 1.7001   0.000001358293058218
        bind       cycle                         :    1251612                 1.7158   0.000001370869733851
          op       cycle                         :    1251612                 1.7181   0.000001372739754946
          gh    activate          op      hetero :     341468                 1.7300   0.000005066429953931
          gh       cycle                         :    1251612                 1.7606   0.000001406652084307
         lex       cycle                         :    1251612                 1.7952   0.000001434308080724
         mem       cycle                         :    1251612                 1.8476   0.000001476190119862
     mem_ctx       cycle                         :    1251612                 2.2470   0.000001795271754515
          gh    activate          gh      hetero :     843881                 3.4354   0.000004070912068846
          go    activate          gh      hetero :    1251613                 4.7207   0.000003771715788253
          go       cycle                         :    1251613                 8.6043   0.000006874564212436

Executed 1251612 timesteps in 71.870912s

Ran test 'imitate' in 1251612 timesteps
Output:
~~~~~~~~~~~~~~~~~~~~~~~~~~~~~~~~~~~~~~~~~~~~~~~ =====-PROCESS_ACTION-===== move_arm_and_grasp ~~~~~~~~~~~~~~~~~~~~~~~~~~~~~~~~~~~~~~~~~~~~~~~ =====-PROCESS_ACTION-===== move_grasped_object ~~~~~~~~~~~~~~~~~~~~~~~~~~~~~~~~~~~~~~~~~~~~~~~ =====-PROCESS_ACTION-===== release =====-PROCESS_ACTION-===== put_down_grasped_object =====-PROCESS_ACTION-===== move_object ~~~~~~~~~~~~~~~~~~~~~~~~~~~~~~~~~~~~~~~~~~~~~~~ =====-PROCESS_ACTION-===== move_arm_and_grasp ~~~~~~~~~~~~~~~~~~~~~~~~~~~~~~~~~~~~~~~~~~~~~~~ =====-PROCESS_ACTION-===== move_grasped_object ~~~~~~~~~~~~~~~~~~~~~~~~~~~~~~~~~~~~~~~~~~~~~~~ =====-PROCESS_ACTION-===== release =====-PROCESS_ACTION-===== put_down_grasped_object =====-PROCESS_ACTION-===== move_object ~~~~~~~~~~~~~~~~~~~~~~~~~~~~~~~~~~~~~~~~~~~~~~~ =====-PROCESS_ACTION-===== move_arm_and_grasp ~~~~~~~~~~~~~~~~~~~~~~~~~~~~~~~~~~~~~~~~~~~~~~~ =====-PROCESS_ACTION-===== move_grasped_object ~~~~~~~~~~~~~~~~~~~~~~~~~~~~~~~~~~~~~~~~~~~~~~~ =====-PROCESS_ACTION-===== release =====-PROCESS_ACTION-===== put_down_grasped_object =====-PROCESS_ACTION-===== move_object ~~~~~~~~~~~~~~~~~~~~~~~~~~~~~~~~~~~~~~~~~~~~~~~ =====-PROCESS_ACTION-===== move_arm_and_grasp ~~~~~~~~~~~~~~~~~~~~~~~~~~~~~~~~~~~~~~~~~~~~~~~ =====-PROCESS_ACTION-===== move_grasped_object ~~~~~~~~~~~~~~~~~~~~~~~~~~~~~~~~~~~~~~~~~~~~~~~ =====-PROCESS_ACTION-===== release =====-PROCESS_ACTION-===== put_down_grasped_object =====-PROCESS_ACTION-===== move_object ~~~~~~~~~~~~~~~~~~~~~~~~~~~~~~~~~~~~~~~~~~~~~~~ =====-PROCESS_ACTION-===== move_arm_and_grasp ~~~~~~~~~~~~~~~~~~~~~~~~~~~~~~~~~~~~~~~~~~~~~~~ =====-PROCESS_ACTION-===== move_grasped_object ~~~~~~~~~~~~~~~~~~~~~~~~~~~~~~~~~~~~~~~~~~~~~~~ =====-PROCESS_ACTION-===== release =====-PROCESS_ACTION-===== put_down_grasped_object =====-PROCESS_ACTION-===== move_object ~~~~~~~~~~~~~~~~~~~~~~~~~~~~~~~~~~~~~~~~~~~~~~~ =====-PROCESS_ACTION-===== move_arm_and_grasp ~~~~~~~~~~~~~~~~~~~~~~~~~~~~~~~~~~~~~~~~~~~~~~~ =====-PROCESS_ACTION-===== move_grasped_object ~~~~~~~~~~~~~~~~~~~~~~~~~~~~~~~~~~~~~~~~~~~~~~~ =====-PROCESS_ACTION-===== release =====-PROCESS_ACTION-===== put_down_grasped_object =====-PROCESS_ACTION-===== move_object ~~~~~~~~~~~~~~~~~~~~~~~~~~~~~~~~~~~~~~~~~~~~~~~ =====-PROCESS_ACTION-===== move_arm_and_grasp ~~~~~~~~~~~~~~~~~~~~~~~~~~~~~~~~~~~~~~~~~~~~~~~ =====-PROCESS_ACTION-===== move_grasped_object ~~~~~~~~~~~~~~~~~~~~~~~~~~~~~~~~~~~~~~~~~~~~~~~ =====-PROCESS_ACTION-===== release =====-PROCESS_ACTION-===== put_down_grasped_object =====-PROCESS_ACTION-===== move_object ~~~~~~~~~~~~~~~~~~~~~~~~~~~~~~~~~~~~~~~~~~~~~~~ =====-PROCESS_ACTION-===== move_arm_and_grasp ~~~~~~~~~~~~~~~~~~~~~~~~~~~~~~~~~~~~~~~~~~~~~~~ =====-PROCESS_ACTION-===== move_grasped_object ~~~~~~~~~~~~~~~~~~~~~~~~~~~~~~~~~~~~~~~~~~~~~~~ =====-PROCESS_ACTION-===== release =====-PROCESS_ACTION-===== put_down_grasped_object =====-PROCESS_ACTION-===== move_object ___ EXPLANATION ___ move_object ( I_blk1 table true ) +--> move_arm_and_grasp ( right_gripper I_blk1 ) put_down_grasped_object ( right_gripper table true ) +--> move_grasped_object ( right_gripper table true ) release ( right_gripper ) +--< +--< move_object ( M_blk3 I_blk1 false ) +--> move_arm_and_grasp ( right_gripper M_blk3 ) put_down_grasped_object ( right_gripper I_blk1 false ) +--> move_grasped_object ( right_gripper I_blk1 false ) release ( right_gripper ) +--< +--< move_object ( M_blk4 M_blk3 false ) +--> move_arm_and_grasp ( right_gripper M_blk4 ) put_down_grasped_object ( right_gripper M_blk3 false ) +--> move_grasped_object ( right_gripper M_blk3 false ) release ( right_gripper ) +--< +--< move_object ( I_blk2 M_blk4 false ) +--> move_arm_and_grasp ( right_gripper I_blk2 ) put_down_grasped_object ( right_gripper M_blk4 false ) +--> move_grasped_object ( right_gripper M_blk4 false ) release ( right_gripper ) +--< +--< move_object ( A_blk2 table true ) +--> move_arm_and_grasp ( right_gripper A_blk2 ) put_down_grasped_object ( right_gripper table true ) +--> move_grasped_object ( right_gripper table true ) release ( right_gripper ) +--< +--< move_object ( M_blk6 A_blk2 true ) +--> move_arm_and_grasp ( right_gripper M_blk6 ) put_down_grasped_object ( right_gripper A_blk2 true ) +--> move_grasped_object ( right_gripper A_blk2 true ) release ( right_gripper ) +--< +--< move_object ( U_blk4 M_blk6 false ) +--> move_arm_and_grasp ( right_gripper U_blk4 ) put_down_grasped_object ( right_gripper M_blk6 false ) +--> move_grasped_object ( right_gripper M_blk6 false ) release ( right_gripper ) +--< +--< move_object ( U_blk5 U_blk4 false ) +--> move_arm_and_grasp ( right_gripper U_blk5 ) put_down_grasped_object ( right_gripper U_blk4 false ) +--> move_grasped_object ( right_gripper U_blk4 false ) release ( right_gripper ) +--< +--< done
_26 ListMap 115 4
_29 Recipe 91 3
_31 Recipe 147 3
_33 Recipe 147 3
_35 Recipe 91 3
_37 Recipe 91 3
_111 Environment 165 14
_112 Environment 15 4
_113 Environment 21 4
_114 Environment 15 4
_115 Environment 23 4
_116 Environment 23 4
_117 Environment 23 4
_118 Environment 23 4
_119 Environment 23 4
_120 Environment 23 4
_121 Environment 23 4
_122 Environment 23 4
_123 Timepoint 65 5
_124 ListMap 15 1
_134 Environment 47 4
_135 Environment 25 4
_136 Action 61 7
_137 Timepoint 57 5
_138 ListMap 20 2
_140 Hypothesis 17 7
_141 Environment 22 6
_142 Hypothesis 17 7
_143 Environment 22 6
_144 Hypothesis 38 7
_145 Environment 28 6
_146 Hypothesis 40 7
_153 Action 45 7
_154 Timepoint 36 5
_155 ListMap 18 2
_157 Hypothesis 38 7
_158 Environment 32 7
_159 Hypothesis 40 7
_168 Environment 58 4
_169 Environment 23 4
_170 Action 45 7
_171 Timepoint 89 5
_172 ListMap 15 1
_174 Environment 18 4
_175 Action 45 7
_181 Environment 26 6
_182 Action 57 7
_188 Hypothesis 17 7
_189 Environment 26 7
_198 Environment 47 4
_199 Environment 25 4
_200 Action 63 7
_201 Timepoint 57 5
_202 ListMap 20 2
_204 Hypothesis 17 7
_205 Environment 22 6
_206 Hypothesis 17 7
_207 Environment 22 6
_208 Hypothesis 38 7
_209 Environment 28 6
_210 Hypothesis 40 7
_217 Action 45 7
_218 Timepoint 36 5
_219 ListMap 18 2
_221 Hypothesis 38 7
_222 Environment 32 7
_223 Hypothesis 40 7
_232 Environment 58 4
_233 Environment 23 4
_234 Action 45 7
_235 Timepoint 89 5
_236 ListMap 15 1
_238 Environment 18 4
_239 Action 46 7
_245 Environment 26 6
_246 Action 67 7
_252 Hypothesis 17 7
_253 Environment 26 7
_262 Environment 47 4
_263 Environment 25 4
_264 Action 63 7
_265 Timepoint 57 5
_266 ListMap 20 2
_268 Hypothesis 17 7
_269 Environment 22 6
_270 Hypothesis 17 7
_271 Environment 22 6
_272 Hypothesis 38 7
_273 Environment 28 6
_274 Hypothesis 40 7
_281 Action 45 7
_282 Timepoint 36 5
_283 ListMap 18 2
_285 Hypothesis 38 7
_286 Environment 32 7
_287 Hypothesis 40 7
_296 Environment 58 4
_297 Environment 23 4
_298 Action 45 7
_299 Timepoint 89 5
_300 ListMap 15 1
_302 Environment 18 4
_303 Action 46 7
_309 Environment 26 6
_310 Action 63 7
_316 Hypothesis 17 7
_317 Environment 26 7
_326 Environment 47 4
_327 Environment 25 4
_328 Action 63 7
_329 Timepoint 57 5
_330 ListMap 20 2
_332 Hypothesis 17 7
_333 Environment 22 6
_334 Hypothesis 17 7
_335 Environment 22 6
_336 Hypothesis 38 7
_337 Environment 28 6
_338 Hypothesis 40 7
_345 Action 45 7
_346 Timepoint 36 5
_347 ListMap 18 2
_349 Hypothesis 38 7
_350 Environment 32 7
_351 Hypothesis 40 7
_360 Environment 58 4
_361 Environment 23 4
_362 Action 45 7
_363 Timepoint 89 5
_364 ListMap 15 1
_366 Environment 18 4
_367 Action 46 7
_373 Environment 26 6
_374 Action 59 7
_380 Hypothesis 17 7
_381 Environment 26 7
_390 Environment 47 4
_391 Environment 25 4
_392 Action 63 7
_393 Timepoint 57 5
_394 ListMap 20 2
_396 Hypothesis 17 7
_397 Environment 22 6
_398 Hypothesis 17 7
_399 Environment 22 6
_400 Hypothesis 38 7
_401 Environment 28 6
_402 Hypothesis 40 7
_409 Action 45 7
_410 Timepoint 36 5
_411 ListMap 18 2
_413 Hypothesis 38 7
_414 Environment 32 7
_415 Hypothesis 40 7
_424 Environment 58 4
_425 Environment 23 4
_426 Action 45 7
_427 Timepoint 89 5
_428 ListMap 15 1
_430 Environment 18 4
_431 Action 46 7
_437 Environment 26 6
_438 Action 55 7
_444 Hypothesis 17 7
_445 Environment 26 7
_454 Environment 47 4
_455 Environment 25 4
_456 Action 63 7
_457 Timepoint 57 5
_458 ListMap 20 2
_460 Hypothesis 17 7
_461 Environment 22 6
_462 Hypothesis 17 7
_463 Environment 22 6
_464 Hypothesis 38 7
_465 Environment 28 6
_466 Hypothesis 40 7
_473 Action 45 7
_474 Timepoint 36 5
_475 ListMap 18 2
_477 Hypothesis 38 7
_478 Environment 32 7
_479 Hypothesis 40 7
_488 Environment 58 4
_489 Environment 23 4
_490 Action 45 7
_491 Timepoint 89 5
_492 ListMap 15 1
_494 Environment 18 4
_495 Action 46 7
_501 Environment 26 6
_502 Action 51 7
_508 Hypothesis 17 7
_509 Environment 26 7
_518 Environment 47 4
_519 Environment 25 4
_520 Action 63 7
_521 Timepoint 57 5
_522 ListMap 20 2
_524 Hypothesis 17 7
_525 Environment 22 6
_526 Hypothesis 17 7
_527 Environment 22 6
_528 Hypothesis 38 7
_529 Environment 28 6
_530 Hypothesis 40 7
_537 Action 45 7
_538 Timepoint 36 5
_539 ListMap 18 2
_541 Hypothesis 38 7
_542 Environment 32 7
_543 Hypothesis 40 7
_552 Environment 58 4
_553 Environment 23 4
_554 Action 45 7
_555 Timepoint 89 5
_556 ListMap 15 1
_558 Environment 18 4
_559 Action 46 7
_565 Environment 26 6
_566 Action 47 7
_572 Hypothesis 17 7
_573 Environment 26 7
_582 Environment 47 4
_583 Environment 19 4
_584 Action 63 7
_585 Timepoint 57 5
_586 ListMap 20 2
_588 Hypothesis 17 7
_589 Environment 22 6
_590 Hypothesis 17 7
_591 Environment 22 6
_592 Hypothesis 38 7
_593 Environment 28 6
_594 Hypothesis 40 7
_601 Action 45 7
_602 Timepoint 36 5
_603 ListMap 18 2
_605 Hypothesis 38 7
_606 Environment 32 7
_607 Hypothesis 40 7
_613 Environment 20 4
_614 Action 45 7
_615 Timepoint 39 5
_616 ListMap 11 1
_618 Environment 18 4
_619 Action 46 7
_625 Environment 26 6
_626 Action 43 7
_632 Hypothesis 17 7
_633 Environment 26 7
Objects:  251
  Action: 40
  Environment: 99
  Hypothesis: 56
  ListMap: 26
  Recipe: 5
  Timepoint: 25
Properties:  1375
Non-objects:
  #CLASS: 6 (Flashed: 0)
  #FUNCTION: 22 (Flashed: 0)
  #LIST: 1139 (Flashed: 800)
Symbols:  141
