test:  imitate
args: 
           t : imitate
     kb_name : kb_il_streamlined
   demo_name : demo_ai
     verbose : True
       debug : False
     emulate : True
   integrity : False
       check : False
       ortho : True
        draw : True
       decay : 1.0
      wasted : False

Name  N  W
------------------------------------------------------------
        op       1234   10071908   0.018760
------------------------------------------------------------
                  ('op', 'hetero')  0.002836 0
           ('exc_stack', 'hetero')  0.000147 0
               ('stack', 'hetero')  0.004707 0
                 ('lex', 'hetero')  0.011070 0

------------------------------------------------------------
      bind      35000 3921680000   7.304698
------------------------------------------------------------
                 ('mem', 'hetero')  2.607703 0
                ('bind', 'hetero')  2.281740 0
               ('stack', 'hetero')  0.133514 0
                  ('bind', 'auto')  2.281740 1

------------------------------------------------------------
       mem      40000 4884800000   9.098649
------------------------------------------------------------
          ('data_stack', 'hetero')  0.019073 0
                 ('lex', 'hetero')  0.358820 0
                 ('mem', 'hetero')  2.980232 1
               ('stack', 'hetero')  0.152588 0
                ('bind', 'hetero')  2.607703 1
                   ('mem', 'auto')  2.980232 0

------------------------------------------------------------
 exc_stack         64       8192   0.000015
------------------------------------------------------------
              ('exc_stack', 'bwd')  0.000008 0
              ('exc_stack', 'fwd')  0.000008 0

------------------------------------------------------------
data_stack        256     147456   0.000275
------------------------------------------------------------
             ('data_stack', 'fwd')  0.000122 0
           ('exc_stack', 'hetero')  0.000031 0
             ('data_stack', 'bwd')  0.000122 0

------------------------------------------------------------
        gh        240   19524960   0.036368
------------------------------------------------------------
                  ('op', 'hetero')  0.000552 0
           ('exc_stack', 'hetero')  0.000029 0
                ('bind', 'hetero')  0.015646 0
                  ('gh', 'hetero')  0.000107 0
                 ('lex', 'hetero')  0.002153 0
                 ('mem', 'hetero')  0.017881 0

------------------------------------------------------------
       lex       4816  221776800   0.413091
------------------------------------------------------------
                 ('mem', 'hetero')  0.358820 0
                   ('lex', 'auto')  0.043202 0
                  ('op', 'hetero')  0.011070 0

------------------------------------------------------------
     stack       2048   12713984   0.023682
------------------------------------------------------------
                  ('stack', 'bwd')  0.007812 0
                  ('stack', 'fwd')  0.007812 0
                 ('stack', 'auto')  0.007812 0
           ('exc_stack', 'hetero')  0.000244 0

------------------------------------------------------------
   mem_ctx      40000 1792640000   3.339052   lam = 0.250000
------------------------------------------------------------
                 ('lex', 'hetero')  0.358820 0
                 ('mem', 'hetero')  2.980232 1

------------------------------------------------------------
 stack_ctx       2048    9863168   0.018372   lam = 0.250000
------------------------------------------------------------
                 ('lex', 'hetero')  0.018372 0

------------------------------------------------------------
  bind_ctx      35000  168560000   0.313967   lam = 0.125000
------------------------------------------------------------
                 ('lex', 'hetero')  0.313967 0

Total:      160706 11041786468
Device allocation:
0:      5216786468     10433572936 (9.7170 GB)
1:      5825000000     11650000000 (10.8499 GB)

Flashing gates...
Flashing mappings...
      bind       bind     hetero            1
 stack_ctx        lex     hetero            11
 exc_stack  exc_stack        fwd            32
 exc_stack  exc_stack        bwd            32
       lex        lex       auto            45
        gh         gh     hetero            96
       mem        lex     hetero            125
  bind_ctx        lex     hetero            125
   mem_ctx        lex     hetero            125
     stack      stack        fwd            128
     stack      stack        bwd            128
     stack      stack       auto            128
data_stack data_stack        fwd            128
data_stack data_stack        bwd            128
        op        lex     hetero            146
       lex         op     hetero            300
        op         op     hetero            615
        gh         op     hetero            617
   mem_ctx        mem     hetero            925
       mem        mem       auto            925
       lex        mem     hetero            925
       mem        mem     hetero    mem_ctx 1601

... flashed in 1.010841s

Running network...
In:  (
In:  new
In:  Environment
In:  '
In:  NIL
In:  '
In:  (
In:  (
In:  left_gripper
In:  gripping
In:  none
In:  )
In:  (
In:  right_gripper
In:  gripping
In:  none
In:  )
In:  (
In:  table
In:  identity
In:  Block
In:  )
In:  (
In:  A_blk1
In:  identity
In:  Block
In:  )
In:  (
In:  A_blk2
In:  identity
In:  Block
In:  )
In:  (
In:  I_blk1
In:  identity
In:  Block
In:  )
In:  (
In:  I_blk2
In:  identity
In:  Block
In:  )
In:  (
In:  M_blk3
In:  identity
In:  Block
In:  )
In:  (
In:  M_blk4
In:  identity
In:  Block
In:  )
In:  (
In:  M_blk6
In:  identity
In:  Block
In:  )
In:  (
In:  U_blk3
In:  identity
In:  Block
In:  )
In:  (
In:  U_blk4
In:  identity
In:  Block
In:  )
In:  (
In:  U_blk5
In:  identity
In:  Block
In:  )
In:  )
In:  )
In:  (
In:  (
In:  move_arm_and_grasp
In:  right_gripper
In:  U_blk3
In:  )
In:  (
In:  right_gripper
In:  gripping
In:  U_blk3
In:  )
In:  )
Out:  (94334, '~~~~~~~~~~~~~~~~~~~~~~~~~~~~~~~~~~~~~~~~~~~~~~~', 0.0) 5.379638684011297
Out:  (99779, '=====-PROCESS_ACTION-=====', 0.0) 5.689413456013426
Out:  (99942, 'move_arm_and_grasp', 0.0) 5.698564940015785
In:  (
In:  (
In:  move_grasped_object
In:  right_gripper
In:  table
In:  true
In:  )
In:  )
Out:  (138473, '~~~~~~~~~~~~~~~~~~~~~~~~~~~~~~~~~~~~~~~~~~~~~~~', 0.0) 7.885157081007492
Out:  (143918, '=====-PROCESS_ACTION-=====', 0.0) 8.194486145017436
Out:  (144081, 'move_grasped_object', 0.0) 8.203601254004752
In:  (
In:  (
In:  release
In:  right_gripper
In:  )
In:  (
In:  right_gripper
In:  gripping
In:  none
In:  )
In:  )
Out:  (170760, '~~~~~~~~~~~~~~~~~~~~~~~~~~~~~~~~~~~~~~~~~~~~~~~', 0.0) 9.723355043999618
Out:  (176205, '=====-PROCESS_ACTION-=====', 0.0) 10.072813775012037
Out:  (176368, 'release', 0.0) 10.082254723005462
Out:  (190920, '=====-PROCESS_ACTION-=====', 0.0) 10.911562176013831
Out:  (191083, 'put_down_grasped_object', 0.0) 10.920747835014481
Out:  (208692, '=====-PROCESS_ACTION-=====', 0.0) 11.921640444023069
Out:  (208855, 'move_object', 0.0) 11.930868424009532
In:  (
In:  (
In:  move_arm_and_grasp
In:  right_gripper
In:  U_blk4
In:  )
In:  (
In:  right_gripper
In:  gripping
In:  U_blk4
In:  )
In:  )
Out:  (230231, '~~~~~~~~~~~~~~~~~~~~~~~~~~~~~~~~~~~~~~~~~~~~~~~', 0.0) 13.14290819101734
Out:  (235676, '=====-PROCESS_ACTION-=====', 0.0) 13.453584640024928
Out:  (235839, 'move_arm_and_grasp', 0.0) 13.462749711005017
In:  (
In:  (
In:  move_grasped_object
In:  right_gripper
In:  table
In:  true
In:  )
In:  )
Out:  (274448, '~~~~~~~~~~~~~~~~~~~~~~~~~~~~~~~~~~~~~~~~~~~~~~~', 0.0) 15.65595437202137
Out:  (279893, '=====-PROCESS_ACTION-=====', 0.0) 15.96565716402256
Out:  (280056, 'move_grasped_object', 0.0) 15.97479538701009
In:  (
In:  (
In:  release
In:  right_gripper
In:  )
In:  (
In:  right_gripper
In:  gripping
In:  none
In:  )
In:  )
Out:  (306787, '~~~~~~~~~~~~~~~~~~~~~~~~~~~~~~~~~~~~~~~~~~~~~~~', 0.0) 17.493450316018425
Out:  (312232, '=====-PROCESS_ACTION-=====', 0.0) 17.802862758020638
Out:  (312395, 'release', 0.0) 17.81198947300436
Out:  (326993, '=====-PROCESS_ACTION-=====', 0.0) 18.637746139022056
Out:  (327156, 'put_down_grasped_object', 0.0) 18.647055995999835
Out:  (344970, '=====-PROCESS_ACTION-=====', 0.0) 19.657753531006165
Out:  (345133, 'move_object', 0.0) 19.666954831016483
In:  (
In:  (
In:  move_arm_and_grasp
In:  right_gripper
In:  A_blk2
In:  )
In:  (
In:  right_gripper
In:  gripping
In:  A_blk2
In:  )
In:  )
Out:  (366535, '~~~~~~~~~~~~~~~~~~~~~~~~~~~~~~~~~~~~~~~~~~~~~~~', 0.0) 20.879698008007836
Out:  (371980, '=====-PROCESS_ACTION-=====', 0.0) 21.24298166501103
Out:  (372143, 'move_arm_and_grasp', 0.0) 21.252240138011985
In:  (
In:  (
In:  move_grasped_object
In:  right_gripper
In:  table
In:  true
In:  )
In:  )
Out:  (410830, '~~~~~~~~~~~~~~~~~~~~~~~~~~~~~~~~~~~~~~~~~~~~~~~', 0.0) 23.45258887700038
Out:  (416275, '=====-PROCESS_ACTION-=====', 0.0) 23.763278711005114
Out:  (416438, 'move_grasped_object', 0.0) 23.772515831020428
In:  (
In:  (
In:  release
In:  right_gripper
In:  )
In:  (
In:  right_gripper
In:  gripping
In:  none
In:  )
In:  )
Out:  (443221, '~~~~~~~~~~~~~~~~~~~~~~~~~~~~~~~~~~~~~~~~~~~~~~~', 0.0) 25.29339506200631
Out:  (448666, '=====-PROCESS_ACTION-=====', 0.0) 25.60337307100417
Out:  (448829, 'release', 0.0) 25.612567584001226
Out:  (463473, '=====-PROCESS_ACTION-=====', 0.0) 26.44405305001419
Out:  (463636, 'put_down_grasped_object', 0.0) 26.45326382800704
Out:  (481496, '=====-PROCESS_ACTION-=====', 0.0) 27.466786804026924
Out:  (481659, 'move_object', 0.0) 27.475980899005663
In:  (
In:  (
In:  move_arm_and_grasp
In:  right_gripper
In:  M_blk6
In:  )
In:  (
In:  right_gripper
In:  gripping
In:  M_blk6
In:  )
In:  )
Out:  (503087, '~~~~~~~~~~~~~~~~~~~~~~~~~~~~~~~~~~~~~~~~~~~~~~~', 0.0) 28.69053794600768
Out:  (508532, '=====-PROCESS_ACTION-=====', 0.0) 29.000089885026682
Out:  (508695, 'move_arm_and_grasp', 0.0) 29.009312095004134
In:  (
In:  (
In:  move_grasped_object
In:  right_gripper
In:  A_blk2
In:  false
In:  )
In:  )
Out:  (547460, '~~~~~~~~~~~~~~~~~~~~~~~~~~~~~~~~~~~~~~~~~~~~~~~', 0.0) 31.21312507701805
Out:  (552905, '=====-PROCESS_ACTION-=====', 0.0) 31.52344483102206
Out:  (553068, 'move_grasped_object', 0.0) 31.532689817016944
In:  (
In:  (
In:  release
In:  right_gripper
In:  )
In:  (
In:  right_gripper
In:  gripping
In:  none
In:  )
In:  )
Out:  (579903, '~~~~~~~~~~~~~~~~~~~~~~~~~~~~~~~~~~~~~~~~~~~~~~~', 0.0) 33.1288704550243
Out:  (585348, '=====-PROCESS_ACTION-=====', 0.0) 33.439164411014644
Out:  (585511, 'release', 0.0) 33.44838201699895
Out:  (600201, '=====-PROCESS_ACTION-=====', 0.0) 34.28502807801124
Out:  (600364, 'put_down_grasped_object', 0.0) 34.294231126026716
Out:  (618270, '=====-PROCESS_ACTION-=====', 0.0) 35.31019181100419
Out:  (618433, 'move_object', 0.0) 35.31937073302106
In:  (
In:  (
In:  move_arm_and_grasp
In:  right_gripper
In:  U_blk5
In:  )
In:  (
In:  right_gripper
In:  gripping
In:  U_blk5
In:  )
In:  )
Out:  (639887, '~~~~~~~~~~~~~~~~~~~~~~~~~~~~~~~~~~~~~~~~~~~~~~~', 0.0) 36.539819326018915
Out:  (645332, '=====-PROCESS_ACTION-=====', 0.0) 36.85076069101342
Out:  (645495, 'move_arm_and_grasp', 0.0) 36.860000347020105
In:  (
In:  (
In:  move_grasped_object
In:  right_gripper
In:  A_blk2
In:  false
In:  )
In:  )
Out:  (684338, '~~~~~~~~~~~~~~~~~~~~~~~~~~~~~~~~~~~~~~~~~~~~~~~', 0.0) 39.064347612002166
Out:  (689783, '=====-PROCESS_ACTION-=====', 0.0) 39.374816634022864
Out:  (689946, 'move_grasped_object', 0.0) 39.38401069602696
In:  (
In:  (
In:  release
In:  right_gripper
In:  )
In:  (
In:  right_gripper
In:  gripping
In:  none
In:  )
In:  )
Out:  (716833, '~~~~~~~~~~~~~~~~~~~~~~~~~~~~~~~~~~~~~~~~~~~~~~~', 0.0) 40.91145383400726
Out:  (722278, '=====-PROCESS_ACTION-=====', 0.0) 41.21882189900498
Out:  (722441, 'release', 0.0) 41.22792443301296
Out:  (737177, '=====-PROCESS_ACTION-=====', 0.0) 42.05701536801644
Out:  (737340, 'put_down_grasped_object', 0.0) 42.06618865500786
Out:  (755292, '=====-PROCESS_ACTION-=====', 0.0) 43.07476874900749
Out:  (755455, 'move_object', 0.0) 43.083849577000365
In:  (
In:  (
In:  move_arm_and_grasp
In:  right_gripper
In:  A_blk1
In:  )
In:  (
In:  right_gripper
In:  gripping
In:  A_blk1
In:  )
In:  )
Out:  (776935, '~~~~~~~~~~~~~~~~~~~~~~~~~~~~~~~~~~~~~~~~~~~~~~~', 0.0) 44.289927906007506
Out:  (782380, '=====-PROCESS_ACTION-=====', 0.0) 44.596545443026116
Out:  (782543, 'move_arm_and_grasp', 0.0) 44.605642420006916
In:  (
In:  (
In:  move_grasped_object
In:  right_gripper
In:  A_blk2
In:  true
In:  )
In:  )
Out:  (821464, '~~~~~~~~~~~~~~~~~~~~~~~~~~~~~~~~~~~~~~~~~~~~~~~', 0.0) 46.7923031260143
Out:  (826909, '=====-PROCESS_ACTION-=====', 0.0) 47.183594861999154
Out:  (827072, 'move_grasped_object', 0.0) 47.19282150402432
In:  (
In:  (
In:  release
In:  right_gripper
In:  )
In:  (
In:  right_gripper
In:  gripping
In:  none
In:  )
In:  )
Out:  (854011, '~~~~~~~~~~~~~~~~~~~~~~~~~~~~~~~~~~~~~~~~~~~~~~~', 0.0) 48.708459286019206
Out:  (859456, '=====-PROCESS_ACTION-=====', 0.0) 49.014604829018936
Out:  (859619, 'release', 0.0) 49.02366217999952
Out:  (874401, '=====-PROCESS_ACTION-=====', 0.0) 49.85206642601406
Out:  (874564, 'put_down_grasped_object', 0.0) 49.861216895020334
Out:  (892562, '=====-PROCESS_ACTION-=====', 0.0) 50.87082332800492
Out:  (892725, 'move_object', 0.0) 50.879853712016484
In:  (
In:  (
In:  move_arm_and_grasp
In:  right_gripper
In:  I_blk1
In:  )
In:  (
In:  right_gripper
In:  gripping
In:  I_blk1
In:  )
In:  )
Out:  (914231, '~~~~~~~~~~~~~~~~~~~~~~~~~~~~~~~~~~~~~~~~~~~~~~~', 0.0) 52.0892895530269
Out:  (919676, '=====-PROCESS_ACTION-=====', 0.0) 52.39655550001771
Out:  (919839, 'move_arm_and_grasp', 0.0) 52.405662766017485
In:  (
In:  (
In:  move_grasped_object
In:  right_gripper
In:  table
In:  true
In:  )
In:  )
Out:  (958838, '~~~~~~~~~~~~~~~~~~~~~~~~~~~~~~~~~~~~~~~~~~~~~~~', 0.0) 54.59771576101775
Out:  (964283, '=====-PROCESS_ACTION-=====', 0.0) 54.90519006300019
Out:  (964446, 'move_grasped_object', 0.0) 54.91430625499925
In:  (
In:  (
In:  release
In:  right_gripper
In:  )
In:  (
In:  right_gripper
In:  gripping
In:  none
In:  )
In:  )
Out:  (991437, '~~~~~~~~~~~~~~~~~~~~~~~~~~~~~~~~~~~~~~~~~~~~~~~', 0.0) 56.43142359901685
Out:  (996882, '=====-PROCESS_ACTION-=====', 0.0) 56.73784613801399
Out:  (997045, 'release', 0.0) 56.74703542102361
Out:  (1011873, '=====-PROCESS_ACTION-=====', 0.0) 57.58148798000184
Out:  (1012036, 'put_down_grasped_object', 0.0) 57.590627950005
Out:  (1030080, '=====-PROCESS_ACTION-=====', 0.0) 58.606644632003736
Out:  (1030243, 'move_object', 0.0) 58.615767852024874
In:  (
In:  (
In:  move_arm_and_grasp
In:  right_gripper
In:  M_blk3
In:  )
In:  (
In:  right_gripper
In:  gripping
In:  M_blk3
In:  )
In:  )
Out:  (1051775, '~~~~~~~~~~~~~~~~~~~~~~~~~~~~~~~~~~~~~~~~~~~~~~~', 0.0) 59.826271226018434
Out:  (1057220, '=====-PROCESS_ACTION-=====', 0.0) 60.13400296701002
Out:  (1057383, 'move_arm_and_grasp', 0.0) 60.14312044001417
In:  (
In:  (
In:  move_grasped_object
In:  right_gripper
In:  I_blk1
In:  false
In:  )
In:  )
Out:  (1096460, '~~~~~~~~~~~~~~~~~~~~~~~~~~~~~~~~~~~~~~~~~~~~~~~', 0.0) 62.339137290022336
Out:  (1101905, '=====-PROCESS_ACTION-=====', 0.0) 62.64633771701483
Out:  (1102068, 'move_grasped_object', 0.0) 62.65546678201645
In:  (
In:  (
In:  release
In:  right_gripper
In:  )
In:  (
In:  right_gripper
In:  gripping
In:  none
In:  )
In:  )
Out:  (1129111, '~~~~~~~~~~~~~~~~~~~~~~~~~~~~~~~~~~~~~~~~~~~~~~~', 0.0) 64.17724139202619
Out:  (1134556, '=====-PROCESS_ACTION-=====', 0.0) 64.48447150501306
Out:  (1134719, 'release', 0.0) 64.49368512502406
Out:  (1149593, '=====-PROCESS_ACTION-=====', 0.0) 65.43942255302682
Out:  (1149756, 'put_down_grasped_object', 0.0) 65.44950397100183
Out:  (1167846, '=====-PROCESS_ACTION-=====', 0.0) 66.46792068801005
Out:  (1168009, 'move_object', 0.0) 66.47703984202235
In:  (
In:  (
In:  move_arm_and_grasp
In:  right_gripper
In:  M_blk4
In:  )
In:  (
In:  right_gripper
In:  gripping
In:  M_blk4
In:  )
In:  )
Out:  (1189567, '~~~~~~~~~~~~~~~~~~~~~~~~~~~~~~~~~~~~~~~~~~~~~~~', 0.0) 67.69022194200079
Out:  (1195012, '=====-PROCESS_ACTION-=====', 0.0) 67.99732160702115
Out:  (1195175, 'move_arm_and_grasp', 0.0) 68.00644004301284
In:  (
In:  (
In:  move_grasped_object
In:  right_gripper
In:  M_blk3
In:  false
In:  )
In:  )
Out:  (1234330, '~~~~~~~~~~~~~~~~~~~~~~~~~~~~~~~~~~~~~~~~~~~~~~~', 0.0) 70.20802335001645
Out:  (1239775, '=====-PROCESS_ACTION-=====', 0.0) 70.51482013400528
Out:  (1239938, 'move_grasped_object', 0.0) 70.523882952024
In:  (
In:  (
In:  release
In:  right_gripper
In:  )
In:  (
In:  right_gripper
In:  gripping
In:  none
In:  )
In:  )
Out:  (1267033, '~~~~~~~~~~~~~~~~~~~~~~~~~~~~~~~~~~~~~~~~~~~~~~~', 0.0) 72.04809887800366
Out:  (1272478, '=====-PROCESS_ACTION-=====', 0.0) 72.35515763302101
Out:  (1272641, 'release', 0.0) 72.3642688190157
Out:  (1287561, '=====-PROCESS_ACTION-=====', 0.0) 73.20493862600415
Out:  (1287724, 'put_down_grasped_object', 0.0) 73.21411876700586
Out:  (1305860, '=====-PROCESS_ACTION-=====', 0.0) 74.23457035300089
Out:  (1306023, 'move_object', 0.0) 74.24366813202505
In:  (
In:  (
In:  move_arm_and_grasp
In:  right_gripper
In:  I_blk2
In:  )
In:  (
In:  right_gripper
In:  gripping
In:  I_blk2
In:  )
In:  )
Out:  (1327607, '~~~~~~~~~~~~~~~~~~~~~~~~~~~~~~~~~~~~~~~~~~~~~~~', 0.0) 75.45582169701811
Out:  (1333052, '=====-PROCESS_ACTION-=====', 0.0) 75.76175672200043
Out:  (1333215, 'move_arm_and_grasp', 0.0) 75.7708081290184
In:  (
In:  (
In:  move_grasped_object
In:  right_gripper
In:  M_blk4
In:  false
In:  )
In:  )
Out:  (1372448, '~~~~~~~~~~~~~~~~~~~~~~~~~~~~~~~~~~~~~~~~~~~~~~~', 0.0) 77.97391869701096
Out:  (1377893, '=====-PROCESS_ACTION-=====', 0.0) 78.28162777901161
Out:  (1378056, 'move_grasped_object', 0.0) 78.29073183500441
In:  (
In:  (
In:  release
In:  right_gripper
In:  )
In:  (
In:  right_gripper
In:  gripping
In:  none
In:  )
In:  )
Out:  (1405203, '~~~~~~~~~~~~~~~~~~~~~~~~~~~~~~~~~~~~~~~~~~~~~~~', 0.0) 79.81878488601069
Out:  (1410648, '=====-PROCESS_ACTION-=====', 0.0) 80.12537263100967
Out:  (1410811, 'release', 0.0) 80.13448005900136
Out:  (1425777, '=====-PROCESS_ACTION-=====', 0.0) 80.97576225400553
Out:  (1425940, 'put_down_grasped_object', 0.0) 80.98493944300571
Out:  (1444122, '=====-PROCESS_ACTION-=====', 0.0) 82.00731770999846
Out:  (1444285, 'move_object', 0.0) 82.01645076400018
In:  NIL
Out:  (1458294, '___', 0.0) 82.80271337000886
Out:  (1458455, 'EXPLANATION', 0.0) 82.81175661701127
Out:  (1458616, '___', 0.0) 82.82078486902174
Out:  (1469334, 'move_object', 0.0) 83.42599928402342
Out:  (1469440, '(', 0.0) 83.43198177902377
Out:  (1469462, 'U_blk3', 0.0) 83.43324922700413
Out:  (1469507, 'table', 0.0) 83.4357551310095
Out:  (1469552, 'true', 0.0) 83.43827295000665
Out:  (1469580, ')', 0.0) 83.43981219700072
Out:  (1469957, '+-->', 0.0) 83.46093547501368
Out:  (1471814, 'move_arm_and_grasp', 0.0) 83.5659428720246
Out:  (1471920, '(', 0.0) 83.57191878301091
Out:  (1471942, 'right_gripper', 0.0) 83.57318801802467
Out:  (1471987, 'U_blk3', 0.0) 83.57568969301064
Out:  (1472015, ')', 0.0) 83.57723554901895
Out:  (1473137, 'put_down_grasped_object', 0.0) 83.64053757500369
Out:  (1473243, '(', 0.0) 83.64647970400983
Out:  (1473265, 'right_gripper', 0.0) 83.64773285001866
Out:  (1473310, 'table', 0.0) 83.65023321402259
Out:  (1473355, 'true', 0.0) 83.65275401901454
Out:  (1473383, ')', 0.0) 83.65428634901764
Out:  (1473760, '+-->', 0.0) 83.67523836501641
Out:  (1475617, 'move_grasped_object', 0.0) 83.78022461401997
Out:  (1475723, '(', 0.0) 83.78621276200283
Out:  (1475745, 'right_gripper', 0.0) 83.78745931602316
Out:  (1475790, 'table', 0.0) 83.78998371300986
Out:  (1475835, 'true', 0.0) 83.79248607502086
Out:  (1475863, ')', 0.0) 83.79401820502244
Out:  (1476985, 'release', 0.0) 83.85744898801204
Out:  (1477091, '(', 0.0) 83.86342139000772
Out:  (1477113, 'right_gripper', 0.0) 83.86470154201379
Out:  (1477141, ')', 0.0) 83.86624248500448
Out:  (1477547, '+--<', 0.0) 83.88878812800976
Out:  (1477765, '+--<', 0.0) 83.90095280401874
Out:  (1478718, 'move_object', 0.0) 83.954962807009
Out:  (1478824, '(', 0.0) 83.9609777200094
Out:  (1478846, 'U_blk4', 0.0) 83.9622423260007
Out:  (1478891, 'table', 0.0) 83.96476012602216
Out:  (1478936, 'true', 0.0) 83.96726630500052
Out:  (1478964, ')', 0.0) 83.96881607800606
Out:  (1479341, '+-->', 0.0) 83.98993410001276
Out:  (1481198, 'move_arm_and_grasp', 0.0) 84.09471804101486
Out:  (1481304, '(', 0.0) 84.10072164202575
Out:  (1481326, 'right_gripper', 0.0) 84.1019802520168
Out:  (1481371, 'U_blk4', 0.0) 84.10449887701543
Out:  (1481399, ')', 0.0) 84.1060282200051
Out:  (1482521, 'put_down_grasped_object', 0.0) 84.16916005400708
Out:  (1482627, '(', 0.0) 84.17511268801172
Out:  (1482649, 'right_gripper', 0.0) 84.17638622701634
Out:  (1482694, 'table', 0.0) 84.17887709802017
Out:  (1482739, 'true', 0.0) 84.18137681900407
Out:  (1482767, ')', 0.0) 84.18291326900362
Out:  (1483144, '+-->', 0.0) 84.2039616300026
Out:  (1485001, 'move_grasped_object', 0.0) 84.30895240500104
Out:  (1485107, '(', 0.0) 84.31490046501858
Out:  (1485129, 'right_gripper', 0.0) 84.31617205200018
Out:  (1485174, 'table', 0.0) 84.3186860679998
Out:  (1485219, 'true', 0.0) 84.32119134400273
Out:  (1485247, ')', 0.0) 84.32272202899912
Out:  (1486369, 'release', 0.0) 84.38585974302259
Out:  (1486475, '(', 0.0) 84.39182909601368
Out:  (1486497, 'right_gripper', 0.0) 84.39310938102426
Out:  (1486525, ')', 0.0) 84.39465224402375
Out:  (1486931, '+--<', 0.0) 84.41717804802465
Out:  (1487149, '+--<', 0.0) 84.429308219027
Out:  (1488102, 'move_object', 0.0) 84.4829382020107
Out:  (1488208, '(', 0.0) 84.48896277599852
Out:  (1488230, 'A_blk2', 0.0) 84.49021889001597
Out:  (1488275, 'table', 0.0) 84.4927321790019
Out:  (1488320, 'true', 0.0) 84.49521759001072
Out:  (1488348, ')', 0.0) 84.49675799201941
Out:  (1488725, '+-->', 0.0) 84.51771111000562
Out:  (1490582, 'move_arm_and_grasp', 0.0) 84.62226217600983
Out:  (1490688, '(', 0.0) 84.6282504350238
Out:  (1490710, 'right_gripper', 0.0) 84.62951406600769
Out:  (1490755, 'A_blk2', 0.0) 84.63202644602279
Out:  (1490783, ')', 0.0) 84.63357319202623
Out:  (1491905, 'put_down_grasped_object', 0.0) 84.6966361119994
Out:  (1492011, '(', 0.0) 84.70287141701556
Out:  (1492033, 'right_gripper', 0.0) 84.7042683980253
Out:  (1492078, 'table', 0.0) 84.7070793400053
Out:  (1492123, 'true', 0.0) 84.70991150802001
Out:  (1492151, ')', 0.0) 84.71164037199924
Out:  (1492528, '+-->', 0.0) 84.7328469370259
Out:  (1494385, 'move_grasped_object', 0.0) 84.83781091100536
Out:  (1494491, '(', 0.0) 84.84375648602145
Out:  (1494513, 'right_gripper', 0.0) 84.84501522302162
Out:  (1494558, 'table', 0.0) 84.84750593401259
Out:  (1494603, 'true', 0.0) 84.85002161501325
Out:  (1494631, ')', 0.0) 84.85155291200499
Out:  (1495753, 'release', 0.0) 84.91466177001712
Out:  (1495859, '(', 0.0) 84.92060683801537
Out:  (1495881, 'right_gripper', 0.0) 84.92186764502549
Out:  (1495909, ')', 0.0) 84.92339280701708
Out:  (1496315, '+--<', 0.0) 84.94597658401472
Out:  (1496533, '+--<', 0.0) 84.9581220500113
Out:  (1497486, 'move_object', 0.0) 85.01241582102375
Out:  (1497592, '(', 0.0) 85.01839322902379
Out:  (1497614, 'M_blk6', 0.0) 85.01965006501996
Out:  (1497659, 'A_blk2', 0.0) 85.02216681701248
Out:  (1497704, 'false', 0.0) 85.02466096301214
Out:  (1497732, ')', 0.0) 85.02619767401484
Out:  (1498109, '+-->', 0.0) 85.04715441400185
Out:  (1499966, 'move_arm_and_grasp', 0.0) 85.15210326301167
Out:  (1500072, '(', 0.0) 85.15809001101297
Out:  (1500094, 'right_gripper', 0.0) 85.15934073500102
Out:  (1500139, 'M_blk6', 0.0) 85.16198092501145
Out:  (1500167, ')', 0.0) 85.16352700200514
Out:  (1501289, 'put_down_grasped_object', 0.0) 85.22678344399901
Out:  (1501395, '(', 0.0) 85.23280416702619
Out:  (1501417, 'right_gripper', 0.0) 85.23406585102202
Out:  (1501462, 'A_blk2', 0.0) 85.23658761501429
Out:  (1501507, 'false', 0.0) 85.23909760301467
Out:  (1501535, ')', 0.0) 85.24067513502087
Out:  (1501912, '+-->', 0.0) 85.26179336800124
Out:  (1503769, 'move_grasped_object', 0.0) 85.36671979102539
Out:  (1503875, '(', 0.0) 85.37268625502475
Out:  (1503897, 'right_gripper', 0.0) 85.37394404000952
Out:  (1503942, 'A_blk2', 0.0) 85.37644768101745
Out:  (1503987, 'false', 0.0) 85.37894733800204
Out:  (1504015, ')', 0.0) 85.38051033302327
Out:  (1505137, 'release', 0.0) 85.44353029600461
Out:  (1505243, '(', 0.0) 85.44946722002351
Out:  (1505265, 'right_gripper', 0.0) 85.45072393701412
Out:  (1505293, ')', 0.0) 85.45235543401213
Out:  (1505699, '+--<', 0.0) 85.47495953799807
Out:  (1505917, '+--<', 0.0) 85.48708390802494
Out:  (1506870, 'move_object', 0.0) 85.54091177301598
Out:  (1506976, '(', 0.0) 85.54688115901081
Out:  (1506998, 'U_blk5', 0.0) 85.54813748202287
Out:  (1507043, 'A_blk2', 0.0) 85.55065363901667
Out:  (1507088, 'false', 0.0) 85.55316051701084
Out:  (1507116, ')', 0.0) 85.55469180300133
Out:  (1507493, '+-->', 0.0) 85.57565649101161
Out:  (1509350, 'move_arm_and_grasp', 0.0) 85.68028435501037
Out:  (1509456, '(', 0.0) 85.68625014502322
Out:  (1509478, 'right_gripper', 0.0) 85.68750193301821
Out:  (1509523, 'U_blk5', 0.0) 85.6900375370169
Out:  (1509551, ')', 0.0) 85.6915720620018
Out:  (1510673, 'put_down_grasped_object', 0.0) 85.75478098602616
Out:  (1510779, '(', 0.0) 85.76078206402599
Out:  (1510801, 'right_gripper', 0.0) 85.76203548602643
Out:  (1510846, 'A_blk2', 0.0) 85.76454498802195
Out:  (1510891, 'false', 0.0) 85.7670284420019
Out:  (1510919, ')', 0.0) 85.76856661299826
Out:  (1511296, '+-->', 0.0) 85.7902894889994
Out:  (1513153, 'move_grasped_object', 0.0) 85.8953626260045
Out:  (1513259, '(', 0.0) 85.90137340401998
Out:  (1513281, 'right_gripper', 0.0) 85.90263239701744
Out:  (1513326, 'A_blk2', 0.0) 85.90516415500315
Out:  (1513371, 'false', 0.0) 85.90767264500028
Out:  (1513399, ')', 0.0) 85.90923054300947
Out:  (1514521, 'release', 0.0) 85.97234534501331
Out:  (1514627, '(', 0.0) 85.97834434499964
Out:  (1514649, 'right_gripper', 0.0) 85.97961350000696
Out:  (1514677, ')', 0.0) 85.98119302501436
Out:  (1515083, '+--<', 0.0) 86.00387398101157
Out:  (1515301, '+--<', 0.0) 86.0160865560174
Out:  (1516254, 'move_object', 0.0) 86.06991770601599
Out:  (1516360, '(', 0.0) 86.07593682801235
Out:  (1516382, 'A_blk1', 0.0) 86.07722386400565
Out:  (1516427, 'A_blk2', 0.0) 86.07975217900821
Out:  (1516472, 'true', 0.0) 86.08229099400342
Out:  (1516500, ')', 0.0) 86.08384182001464
Out:  (1516877, '+-->', 0.0) 86.10511158400914
Out:  (1518734, 'move_arm_and_grasp', 0.0) 86.21054783000727
Out:  (1518840, '(', 0.0) 86.21653566602618
Out:  (1518862, 'right_gripper', 0.0) 86.21778994600754
Out:  (1518907, 'A_blk1', 0.0) 86.22030697599985
Out:  (1518935, ')', 0.0) 86.22185571902082
Out:  (1520057, 'put_down_grasped_object', 0.0) 86.2850898920151
Out:  (1520163, '(', 0.0) 86.29104674101109
Out:  (1520185, 'right_gripper', 0.0) 86.29230660700705
Out:  (1520230, 'A_blk2', 0.0) 86.29480748102651
Out:  (1520275, 'true', 0.0) 86.29733003102592
Out:  (1520303, ')', 0.0) 86.29887303500436
Out:  (1520680, '+-->', 0.0) 86.31987552900682
Out:  (1522537, 'move_grasped_object', 0.0) 86.42508693301352
Out:  (1522643, '(', 0.0) 86.43107980201603
Out:  (1522665, 'right_gripper', 0.0) 86.43235123201157
Out:  (1522710, 'A_blk2', 0.0) 86.43490331800422
Out:  (1522755, 'true', 0.0) 86.43743067001924
Out:  (1522783, ')', 0.0) 86.43897865799954
Out:  (1523905, 'release', 0.0) 86.50226130700321
Out:  (1524011, '(', 0.0) 86.50825206399895
Out:  (1524033, 'right_gripper', 0.0) 86.5095214160101
Out:  (1524061, ')', 0.0) 86.51106791201164
Out:  (1524467, '+--<', 0.0) 86.53362691600341
Out:  (1524685, '+--<', 0.0) 86.54582622702583
Out:  (1525638, 'move_object', 0.0) 86.5995402780245
Out:  (1525744, '(', 0.0) 86.60555394901894
Out:  (1525766, 'I_blk1', 0.0) 86.6068117810064
Out:  (1525811, 'table', 0.0) 86.60933763501816
Out:  (1525856, 'true', 0.0) 86.61184310200042
Out:  (1525884, ')', 0.0) 86.61341162901954
Out:  (1526261, '+-->', 0.0) 86.63446169201052
Out:  (1528118, 'move_arm_and_grasp', 0.0) 86.73990286199842
Out:  (1528224, '(', 0.0) 86.74590816500131
Out:  (1528246, 'right_gripper', 0.0) 86.74717753499863
Out:  (1528291, 'I_blk1', 0.0) 86.74972482101293
Out:  (1528319, ')', 0.0) 86.75126618501963
Out:  (1529441, 'put_down_grasped_object', 0.0) 86.8145138840191
Out:  (1529547, '(', 0.0) 86.82047798600979
Out:  (1529569, 'right_gripper', 0.0) 86.82173434001743
Out:  (1529614, 'table', 0.0) 86.82424236400402
Out:  (1529659, 'true', 0.0) 86.82680892202188
Out:  (1529687, ')', 0.0) 86.82835214701481
Out:  (1530064, '+-->', 0.0) 86.84933764699963
Out:  (1531921, 'move_grasped_object', 0.0) 86.95412825301173
Out:  (1532027, '(', 0.0) 86.9600850190036
Out:  (1532049, 'right_gripper', 0.0) 86.96135414400487
Out:  (1532094, 'table', 0.0) 86.96384455100633
Out:  (1532139, 'true', 0.0) 86.96633989101974
Out:  (1532167, ')', 0.0) 86.9678680570214
Out:  (1533289, 'release', 0.0) 87.0309750570159
Out:  (1533395, '(', 0.0) 87.03696018501068
Out:  (1533417, 'right_gripper', 0.0) 87.03822044702247
Out:  (1533445, ')', 0.0) 87.03975728602381
Out:  (1533851, '+--<', 0.0) 87.0623738450231
Out:  (1534069, '+--<', 0.0) 87.07447500000126
Out:  (1535022, 'move_object', 0.0) 87.12813481100602
Out:  (1535128, '(', 0.0) 87.13408494301257
Out:  (1535150, 'M_blk3', 0.0) 87.1353904910211
Out:  (1535195, 'I_blk1', 0.0) 87.13791527799913
Out:  (1535240, 'false', 0.0) 87.14042241702555
Out:  (1535268, ')', 0.0) 87.14196100001573
Out:  (1535645, '+-->', 0.0) 87.16300977801438
Out:  (1537502, 'move_arm_and_grasp', 0.0) 87.26799951001885
Out:  (1537608, '(', 0.0) 87.27399161702488
Out:  (1537630, 'right_gripper', 0.0) 87.27524949100916
Out:  (1537675, 'M_blk3', 0.0) 87.27775375402416
Out:  (1537703, ')', 0.0) 87.27930812400882
Out:  (1538825, 'put_down_grasped_object', 0.0) 87.3427576990216
Out:  (1538931, '(', 0.0) 87.34877315501217
Out:  (1538953, 'right_gripper', 0.0) 87.3500363320054
Out:  (1538998, 'I_blk1', 0.0) 87.35259296000004
Out:  (1539043, 'false', 0.0) 87.35510644601891
Out:  (1539071, ')', 0.0) 87.3566796000232
Out:  (1539448, '+-->', 0.0) 87.37793303400395
Out:  (1541305, 'move_grasped_object', 0.0) 87.61216460302239
Out:  (1541411, '(', 0.0) 87.61819806499989
Out:  (1541433, 'right_gripper', 0.0) 87.61946817699936
Out:  (1541478, 'I_blk1', 0.0) 87.6220270890044
Out:  (1541523, 'false', 0.0) 87.62456270999974
Out:  (1541551, ')', 0.0) 87.62611272800132
Out:  (1542673, 'release', 0.0) 87.69000901901745
Out:  (1542779, '(', 0.0) 87.69603636401007
Out:  (1542801, 'right_gripper', 0.0) 87.69732115001534
Out:  (1542829, ')', 0.0) 87.69887659902452
Out:  (1543235, '+--<', 0.0) 87.7217836700147
Out:  (1543453, '+--<', 0.0) 87.73405447101686
Out:  (1544406, 'move_object', 0.0) 87.78822458500508
Out:  (1544512, '(', 0.0) 87.7942388119991
Out:  (1544534, 'M_blk4', 0.0) 87.79550702800043
Out:  (1544579, 'M_blk3', 0.0) 87.79803730000276
Out:  (1544624, 'false', 0.0) 87.80056779901497
Out:  (1544652, ')', 0.0) 87.80212637700606
Out:  (1545029, '+-->', 0.0) 87.82336688099895
Out:  (1546886, 'move_arm_and_grasp', 0.0) 87.92922499700217
Out:  (1546992, '(', 0.0) 87.935283481027
Out:  (1547014, 'right_gripper', 0.0) 87.93655281202518
Out:  (1547059, 'M_blk4', 0.0) 87.93910532500013
Out:  (1547087, ')', 0.0) 87.94073151401244
Out:  (1548209, 'put_down_grasped_object', 0.0) 88.00428208900848
Out:  (1548315, '(', 0.0) 88.0112705270003
Out:  (1548337, 'right_gripper', 0.0) 88.01256370000192
Out:  (1548382, 'M_blk3', 0.0) 88.01508777801064
Out:  (1548427, 'false', 0.0) 88.01760780002223
Out:  (1548455, ')', 0.0) 88.01915248701698
Out:  (1548832, '+-->', 0.0) 88.04042781400494
Out:  (1550689, 'move_grasped_object', 0.0) 88.14621549102594
Out:  (1550795, '(', 0.0) 88.15220144501654
Out:  (1550817, 'right_gripper', 0.0) 88.15347671200288
Out:  (1550862, 'M_blk3', 0.0) 88.15600259101484
Out:  (1550907, 'false', 0.0) 88.15853920200607
Out:  (1550935, ')', 0.0) 88.16008846802288
Out:  (1552057, 'release', 0.0) 88.22355673499987
Out:  (1552163, '(', 0.0) 88.22959670002456
Out:  (1552185, 'right_gripper', 0.0) 88.23085858000559
Out:  (1552213, ')', 0.0) 88.23240921102115
Out:  (1552619, '+--<', 0.0) 88.25518192400341
Out:  (1552837, '+--<', 0.0) 88.26746857402031
Out:  (1553790, 'move_object', 0.0) 88.32167789002415
Out:  (1553896, '(', 0.0) 88.32766659601475
Out:  (1553918, 'I_blk2', 0.0) 88.3289317630115
Out:  (1553963, 'M_blk4', 0.0) 88.33143683400704
Out:  (1554008, 'false', 0.0) 88.33394146701903
Out:  (1554036, ')', 0.0) 88.33548381802393
Out:  (1554413, '+-->', 0.0) 88.35658241802594
Out:  (1556270, 'move_arm_and_grasp', 0.0) 88.46196651502396
Out:  (1556376, '(', 0.0) 88.46801808400778
Out:  (1556398, 'right_gripper', 0.0) 88.46929659802117
Out:  (1556443, 'I_blk2', 0.0) 88.47179536000476
Out:  (1556471, ')', 0.0) 88.4733303070243
Out:  (1557593, 'put_down_grasped_object', 0.0) 88.53668047400424
Out:  (1557699, '(', 0.0) 88.54263153902139
Out:  (1557721, 'right_gripper', 0.0) 88.54389862102107
Out:  (1557766, 'M_blk4', 0.0) 88.54642144602258
Out:  (1557811, 'false', 0.0) 88.54892653602292
Out:  (1557839, ')', 0.0) 88.55046327202581
Out:  (1558216, '+-->', 0.0) 88.57153014402138
Out:  (1560073, 'move_grasped_object', 0.0) 88.67658691800898
Out:  (1560179, '(', 0.0) 88.68258594401414
Out:  (1560201, 'right_gripper', 0.0) 88.68391801801044
Out:  (1560246, 'M_blk4', 0.0) 88.68651793000754
Out:  (1560291, 'false', 0.0) 88.6890389060136
Out:  (1560319, ')', 0.0) 88.69057920601335
Out:  (1561441, 'release', 0.0) 88.7538264990144
Out:  (1561547, '(', 0.0) 88.75983926502522
Out:  (1561569, 'right_gripper', 0.0) 88.76112676001503
Out:  (1561597, ')', 0.0) 88.76269396400312
Out:  (1562003, '+--<', 0.0) 88.78547039901605
Out:  (1562221, '+--<', 0.0) 88.79774283900042
Out:  (1562560, 'done', 0.0) 88.81689297599951
output:
(94334, '~~~~~~~~~~~~~~~~~~~~~~~~~~~~~~~~~~~~~~~~~~~~~~~', 0.0)
(99779, '=====-PROCESS_ACTION-=====', 0.0)
(99942, 'move_arm_and_grasp', 0.0)
(138473, '~~~~~~~~~~~~~~~~~~~~~~~~~~~~~~~~~~~~~~~~~~~~~~~', 0.0)
(143918, '=====-PROCESS_ACTION-=====', 0.0)
(144081, 'move_grasped_object', 0.0)
(170760, '~~~~~~~~~~~~~~~~~~~~~~~~~~~~~~~~~~~~~~~~~~~~~~~', 0.0)
(176205, '=====-PROCESS_ACTION-=====', 0.0)
(176368, 'release', 0.0)
(190920, '=====-PROCESS_ACTION-=====', 0.0)
(191083, 'put_down_grasped_object', 0.0)
(208692, '=====-PROCESS_ACTION-=====', 0.0)
(208855, 'move_object', 0.0)
(230231, '~~~~~~~~~~~~~~~~~~~~~~~~~~~~~~~~~~~~~~~~~~~~~~~', 0.0)
(235676, '=====-PROCESS_ACTION-=====', 0.0)
(235839, 'move_arm_and_grasp', 0.0)
(274448, '~~~~~~~~~~~~~~~~~~~~~~~~~~~~~~~~~~~~~~~~~~~~~~~', 0.0)
(279893, '=====-PROCESS_ACTION-=====', 0.0)
(280056, 'move_grasped_object', 0.0)
(306787, '~~~~~~~~~~~~~~~~~~~~~~~~~~~~~~~~~~~~~~~~~~~~~~~', 0.0)
(312232, '=====-PROCESS_ACTION-=====', 0.0)
(312395, 'release', 0.0)
(326993, '=====-PROCESS_ACTION-=====', 0.0)
(327156, 'put_down_grasped_object', 0.0)
(344970, '=====-PROCESS_ACTION-=====', 0.0)
(345133, 'move_object', 0.0)
(366535, '~~~~~~~~~~~~~~~~~~~~~~~~~~~~~~~~~~~~~~~~~~~~~~~', 0.0)
(371980, '=====-PROCESS_ACTION-=====', 0.0)
(372143, 'move_arm_and_grasp', 0.0)
(410830, '~~~~~~~~~~~~~~~~~~~~~~~~~~~~~~~~~~~~~~~~~~~~~~~', 0.0)
(416275, '=====-PROCESS_ACTION-=====', 0.0)
(416438, 'move_grasped_object', 0.0)
(443221, '~~~~~~~~~~~~~~~~~~~~~~~~~~~~~~~~~~~~~~~~~~~~~~~', 0.0)
(448666, '=====-PROCESS_ACTION-=====', 0.0)
(448829, 'release', 0.0)
(463473, '=====-PROCESS_ACTION-=====', 0.0)
(463636, 'put_down_grasped_object', 0.0)
(481496, '=====-PROCESS_ACTION-=====', 0.0)
(481659, 'move_object', 0.0)
(503087, '~~~~~~~~~~~~~~~~~~~~~~~~~~~~~~~~~~~~~~~~~~~~~~~', 0.0)
(508532, '=====-PROCESS_ACTION-=====', 0.0)
(508695, 'move_arm_and_grasp', 0.0)
(547460, '~~~~~~~~~~~~~~~~~~~~~~~~~~~~~~~~~~~~~~~~~~~~~~~', 0.0)
(552905, '=====-PROCESS_ACTION-=====', 0.0)
(553068, 'move_grasped_object', 0.0)
(579903, '~~~~~~~~~~~~~~~~~~~~~~~~~~~~~~~~~~~~~~~~~~~~~~~', 0.0)
(585348, '=====-PROCESS_ACTION-=====', 0.0)
(585511, 'release', 0.0)
(600201, '=====-PROCESS_ACTION-=====', 0.0)
(600364, 'put_down_grasped_object', 0.0)
(618270, '=====-PROCESS_ACTION-=====', 0.0)
(618433, 'move_object', 0.0)
(639887, '~~~~~~~~~~~~~~~~~~~~~~~~~~~~~~~~~~~~~~~~~~~~~~~', 0.0)
(645332, '=====-PROCESS_ACTION-=====', 0.0)
(645495, 'move_arm_and_grasp', 0.0)
(684338, '~~~~~~~~~~~~~~~~~~~~~~~~~~~~~~~~~~~~~~~~~~~~~~~', 0.0)
(689783, '=====-PROCESS_ACTION-=====', 0.0)
(689946, 'move_grasped_object', 0.0)
(716833, '~~~~~~~~~~~~~~~~~~~~~~~~~~~~~~~~~~~~~~~~~~~~~~~', 0.0)
(722278, '=====-PROCESS_ACTION-=====', 0.0)
(722441, 'release', 0.0)
(737177, '=====-PROCESS_ACTION-=====', 0.0)
(737340, 'put_down_grasped_object', 0.0)
(755292, '=====-PROCESS_ACTION-=====', 0.0)
(755455, 'move_object', 0.0)
(776935, '~~~~~~~~~~~~~~~~~~~~~~~~~~~~~~~~~~~~~~~~~~~~~~~', 0.0)
(782380, '=====-PROCESS_ACTION-=====', 0.0)
(782543, 'move_arm_and_grasp', 0.0)
(821464, '~~~~~~~~~~~~~~~~~~~~~~~~~~~~~~~~~~~~~~~~~~~~~~~', 0.0)
(826909, '=====-PROCESS_ACTION-=====', 0.0)
(827072, 'move_grasped_object', 0.0)
(854011, '~~~~~~~~~~~~~~~~~~~~~~~~~~~~~~~~~~~~~~~~~~~~~~~', 0.0)
(859456, '=====-PROCESS_ACTION-=====', 0.0)
(859619, 'release', 0.0)
(874401, '=====-PROCESS_ACTION-=====', 0.0)
(874564, 'put_down_grasped_object', 0.0)
(892562, '=====-PROCESS_ACTION-=====', 0.0)
(892725, 'move_object', 0.0)
(914231, '~~~~~~~~~~~~~~~~~~~~~~~~~~~~~~~~~~~~~~~~~~~~~~~', 0.0)
(919676, '=====-PROCESS_ACTION-=====', 0.0)
(919839, 'move_arm_and_grasp', 0.0)
(958838, '~~~~~~~~~~~~~~~~~~~~~~~~~~~~~~~~~~~~~~~~~~~~~~~', 0.0)
(964283, '=====-PROCESS_ACTION-=====', 0.0)
(964446, 'move_grasped_object', 0.0)
(991437, '~~~~~~~~~~~~~~~~~~~~~~~~~~~~~~~~~~~~~~~~~~~~~~~', 0.0)
(996882, '=====-PROCESS_ACTION-=====', 0.0)
(997045, 'release', 0.0)
(1011873, '=====-PROCESS_ACTION-=====', 0.0)
(1012036, 'put_down_grasped_object', 0.0)
(1030080, '=====-PROCESS_ACTION-=====', 0.0)
(1030243, 'move_object', 0.0)
(1051775, '~~~~~~~~~~~~~~~~~~~~~~~~~~~~~~~~~~~~~~~~~~~~~~~', 0.0)
(1057220, '=====-PROCESS_ACTION-=====', 0.0)
(1057383, 'move_arm_and_grasp', 0.0)
(1096460, '~~~~~~~~~~~~~~~~~~~~~~~~~~~~~~~~~~~~~~~~~~~~~~~', 0.0)
(1101905, '=====-PROCESS_ACTION-=====', 0.0)
(1102068, 'move_grasped_object', 0.0)
(1129111, '~~~~~~~~~~~~~~~~~~~~~~~~~~~~~~~~~~~~~~~~~~~~~~~', 0.0)
(1134556, '=====-PROCESS_ACTION-=====', 0.0)
(1134719, 'release', 0.0)
(1149593, '=====-PROCESS_ACTION-=====', 0.0)
(1149756, 'put_down_grasped_object', 0.0)
(1167846, '=====-PROCESS_ACTION-=====', 0.0)
(1168009, 'move_object', 0.0)
(1189567, '~~~~~~~~~~~~~~~~~~~~~~~~~~~~~~~~~~~~~~~~~~~~~~~', 0.0)
(1195012, '=====-PROCESS_ACTION-=====', 0.0)
(1195175, 'move_arm_and_grasp', 0.0)
(1234330, '~~~~~~~~~~~~~~~~~~~~~~~~~~~~~~~~~~~~~~~~~~~~~~~', 0.0)
(1239775, '=====-PROCESS_ACTION-=====', 0.0)
(1239938, 'move_grasped_object', 0.0)
(1267033, '~~~~~~~~~~~~~~~~~~~~~~~~~~~~~~~~~~~~~~~~~~~~~~~', 0.0)
(1272478, '=====-PROCESS_ACTION-=====', 0.0)
(1272641, 'release', 0.0)
(1287561, '=====-PROCESS_ACTION-=====', 0.0)
(1287724, 'put_down_grasped_object', 0.0)
(1305860, '=====-PROCESS_ACTION-=====', 0.0)
(1306023, 'move_object', 0.0)
(1327607, '~~~~~~~~~~~~~~~~~~~~~~~~~~~~~~~~~~~~~~~~~~~~~~~', 0.0)
(1333052, '=====-PROCESS_ACTION-=====', 0.0)
(1333215, 'move_arm_and_grasp', 0.0)
(1372448, '~~~~~~~~~~~~~~~~~~~~~~~~~~~~~~~~~~~~~~~~~~~~~~~', 0.0)
(1377893, '=====-PROCESS_ACTION-=====', 0.0)
(1378056, 'move_grasped_object', 0.0)
(1405203, '~~~~~~~~~~~~~~~~~~~~~~~~~~~~~~~~~~~~~~~~~~~~~~~', 0.0)
(1410648, '=====-PROCESS_ACTION-=====', 0.0)
(1410811, 'release', 0.0)
(1425777, '=====-PROCESS_ACTION-=====', 0.0)
(1425940, 'put_down_grasped_object', 0.0)
(1444122, '=====-PROCESS_ACTION-=====', 0.0)
(1444285, 'move_object', 0.0)
(1458294, '___', 0.0)
(1458455, 'EXPLANATION', 0.0)
(1458616, '___', 0.0)
(1469334, 'move_object', 0.0)
(1469440, '(', 0.0)
(1469462, 'U_blk3', 0.0)
(1469507, 'table', 0.0)
(1469552, 'true', 0.0)
(1469580, ')', 0.0)
(1469957, '+-->', 0.0)
(1471814, 'move_arm_and_grasp', 0.0)
(1471920, '(', 0.0)
(1471942, 'right_gripper', 0.0)
(1471987, 'U_blk3', 0.0)
(1472015, ')', 0.0)
(1473137, 'put_down_grasped_object', 0.0)
(1473243, '(', 0.0)
(1473265, 'right_gripper', 0.0)
(1473310, 'table', 0.0)
(1473355, 'true', 0.0)
(1473383, ')', 0.0)
(1473760, '+-->', 0.0)
(1475617, 'move_grasped_object', 0.0)
(1475723, '(', 0.0)
(1475745, 'right_gripper', 0.0)
(1475790, 'table', 0.0)
(1475835, 'true', 0.0)
(1475863, ')', 0.0)
(1476985, 'release', 0.0)
(1477091, '(', 0.0)
(1477113, 'right_gripper', 0.0)
(1477141, ')', 0.0)
(1477547, '+--<', 0.0)
(1477765, '+--<', 0.0)
(1478718, 'move_object', 0.0)
(1478824, '(', 0.0)
(1478846, 'U_blk4', 0.0)
(1478891, 'table', 0.0)
(1478936, 'true', 0.0)
(1478964, ')', 0.0)
(1479341, '+-->', 0.0)
(1481198, 'move_arm_and_grasp', 0.0)
(1481304, '(', 0.0)
(1481326, 'right_gripper', 0.0)
(1481371, 'U_blk4', 0.0)
(1481399, ')', 0.0)
(1482521, 'put_down_grasped_object', 0.0)
(1482627, '(', 0.0)
(1482649, 'right_gripper', 0.0)
(1482694, 'table', 0.0)
(1482739, 'true', 0.0)
(1482767, ')', 0.0)
(1483144, '+-->', 0.0)
(1485001, 'move_grasped_object', 0.0)
(1485107, '(', 0.0)
(1485129, 'right_gripper', 0.0)
(1485174, 'table', 0.0)
(1485219, 'true', 0.0)
(1485247, ')', 0.0)
(1486369, 'release', 0.0)
(1486475, '(', 0.0)
(1486497, 'right_gripper', 0.0)
(1486525, ')', 0.0)
(1486931, '+--<', 0.0)
(1487149, '+--<', 0.0)
(1488102, 'move_object', 0.0)
(1488208, '(', 0.0)
(1488230, 'A_blk2', 0.0)
(1488275, 'table', 0.0)
(1488320, 'true', 0.0)
(1488348, ')', 0.0)
(1488725, '+-->', 0.0)
(1490582, 'move_arm_and_grasp', 0.0)
(1490688, '(', 0.0)
(1490710, 'right_gripper', 0.0)
(1490755, 'A_blk2', 0.0)
(1490783, ')', 0.0)
(1491905, 'put_down_grasped_object', 0.0)
(1492011, '(', 0.0)
(1492033, 'right_gripper', 0.0)
(1492078, 'table', 0.0)
(1492123, 'true', 0.0)
(1492151, ')', 0.0)
(1492528, '+-->', 0.0)
(1494385, 'move_grasped_object', 0.0)
(1494491, '(', 0.0)
(1494513, 'right_gripper', 0.0)
(1494558, 'table', 0.0)
(1494603, 'true', 0.0)
(1494631, ')', 0.0)
(1495753, 'release', 0.0)
(1495859, '(', 0.0)
(1495881, 'right_gripper', 0.0)
(1495909, ')', 0.0)
(1496315, '+--<', 0.0)
(1496533, '+--<', 0.0)
(1497486, 'move_object', 0.0)
(1497592, '(', 0.0)
(1497614, 'M_blk6', 0.0)
(1497659, 'A_blk2', 0.0)
(1497704, 'false', 0.0)
(1497732, ')', 0.0)
(1498109, '+-->', 0.0)
(1499966, 'move_arm_and_grasp', 0.0)
(1500072, '(', 0.0)
(1500094, 'right_gripper', 0.0)
(1500139, 'M_blk6', 0.0)
(1500167, ')', 0.0)
(1501289, 'put_down_grasped_object', 0.0)
(1501395, '(', 0.0)
(1501417, 'right_gripper', 0.0)
(1501462, 'A_blk2', 0.0)
(1501507, 'false', 0.0)
(1501535, ')', 0.0)
(1501912, '+-->', 0.0)
(1503769, 'move_grasped_object', 0.0)
(1503875, '(', 0.0)
(1503897, 'right_gripper', 0.0)
(1503942, 'A_blk2', 0.0)
(1503987, 'false', 0.0)
(1504015, ')', 0.0)
(1505137, 'release', 0.0)
(1505243, '(', 0.0)
(1505265, 'right_gripper', 0.0)
(1505293, ')', 0.0)
(1505699, '+--<', 0.0)
(1505917, '+--<', 0.0)
(1506870, 'move_object', 0.0)
(1506976, '(', 0.0)
(1506998, 'U_blk5', 0.0)
(1507043, 'A_blk2', 0.0)
(1507088, 'false', 0.0)
(1507116, ')', 0.0)
(1507493, '+-->', 0.0)
(1509350, 'move_arm_and_grasp', 0.0)
(1509456, '(', 0.0)
(1509478, 'right_gripper', 0.0)
(1509523, 'U_blk5', 0.0)
(1509551, ')', 0.0)
(1510673, 'put_down_grasped_object', 0.0)
(1510779, '(', 0.0)
(1510801, 'right_gripper', 0.0)
(1510846, 'A_blk2', 0.0)
(1510891, 'false', 0.0)
(1510919, ')', 0.0)
(1511296, '+-->', 0.0)
(1513153, 'move_grasped_object', 0.0)
(1513259, '(', 0.0)
(1513281, 'right_gripper', 0.0)
(1513326, 'A_blk2', 0.0)
(1513371, 'false', 0.0)
(1513399, ')', 0.0)
(1514521, 'release', 0.0)
(1514627, '(', 0.0)
(1514649, 'right_gripper', 0.0)
(1514677, ')', 0.0)
(1515083, '+--<', 0.0)
(1515301, '+--<', 0.0)
(1516254, 'move_object', 0.0)
(1516360, '(', 0.0)
(1516382, 'A_blk1', 0.0)
(1516427, 'A_blk2', 0.0)
(1516472, 'true', 0.0)
(1516500, ')', 0.0)
(1516877, '+-->', 0.0)
(1518734, 'move_arm_and_grasp', 0.0)
(1518840, '(', 0.0)
(1518862, 'right_gripper', 0.0)
(1518907, 'A_blk1', 0.0)
(1518935, ')', 0.0)
(1520057, 'put_down_grasped_object', 0.0)
(1520163, '(', 0.0)
(1520185, 'right_gripper', 0.0)
(1520230, 'A_blk2', 0.0)
(1520275, 'true', 0.0)
(1520303, ')', 0.0)
(1520680, '+-->', 0.0)
(1522537, 'move_grasped_object', 0.0)
(1522643, '(', 0.0)
(1522665, 'right_gripper', 0.0)
(1522710, 'A_blk2', 0.0)
(1522755, 'true', 0.0)
(1522783, ')', 0.0)
(1523905, 'release', 0.0)
(1524011, '(', 0.0)
(1524033, 'right_gripper', 0.0)
(1524061, ')', 0.0)
(1524467, '+--<', 0.0)
(1524685, '+--<', 0.0)
(1525638, 'move_object', 0.0)
(1525744, '(', 0.0)
(1525766, 'I_blk1', 0.0)
(1525811, 'table', 0.0)
(1525856, 'true', 0.0)
(1525884, ')', 0.0)
(1526261, '+-->', 0.0)
(1528118, 'move_arm_and_grasp', 0.0)
(1528224, '(', 0.0)
(1528246, 'right_gripper', 0.0)
(1528291, 'I_blk1', 0.0)
(1528319, ')', 0.0)
(1529441, 'put_down_grasped_object', 0.0)
(1529547, '(', 0.0)
(1529569, 'right_gripper', 0.0)
(1529614, 'table', 0.0)
(1529659, 'true', 0.0)
(1529687, ')', 0.0)
(1530064, '+-->', 0.0)
(1531921, 'move_grasped_object', 0.0)
(1532027, '(', 0.0)
(1532049, 'right_gripper', 0.0)
(1532094, 'table', 0.0)
(1532139, 'true', 0.0)
(1532167, ')', 0.0)
(1533289, 'release', 0.0)
(1533395, '(', 0.0)
(1533417, 'right_gripper', 0.0)
(1533445, ')', 0.0)
(1533851, '+--<', 0.0)
(1534069, '+--<', 0.0)
(1535022, 'move_object', 0.0)
(1535128, '(', 0.0)
(1535150, 'M_blk3', 0.0)
(1535195, 'I_blk1', 0.0)
(1535240, 'false', 0.0)
(1535268, ')', 0.0)
(1535645, '+-->', 0.0)
(1537502, 'move_arm_and_grasp', 0.0)
(1537608, '(', 0.0)
(1537630, 'right_gripper', 0.0)
(1537675, 'M_blk3', 0.0)
(1537703, ')', 0.0)
(1538825, 'put_down_grasped_object', 0.0)
(1538931, '(', 0.0)
(1538953, 'right_gripper', 0.0)
(1538998, 'I_blk1', 0.0)
(1539043, 'false', 0.0)
(1539071, ')', 0.0)
(1539448, '+-->', 0.0)
(1541305, 'move_grasped_object', 0.0)
(1541411, '(', 0.0)
(1541433, 'right_gripper', 0.0)
(1541478, 'I_blk1', 0.0)
(1541523, 'false', 0.0)
(1541551, ')', 0.0)
(1542673, 'release', 0.0)
(1542779, '(', 0.0)
(1542801, 'right_gripper', 0.0)
(1542829, ')', 0.0)
(1543235, '+--<', 0.0)
(1543453, '+--<', 0.0)
(1544406, 'move_object', 0.0)
(1544512, '(', 0.0)
(1544534, 'M_blk4', 0.0)
(1544579, 'M_blk3', 0.0)
(1544624, 'false', 0.0)
(1544652, ')', 0.0)
(1545029, '+-->', 0.0)
(1546886, 'move_arm_and_grasp', 0.0)
(1546992, '(', 0.0)
(1547014, 'right_gripper', 0.0)
(1547059, 'M_blk4', 0.0)
(1547087, ')', 0.0)
(1548209, 'put_down_grasped_object', 0.0)
(1548315, '(', 0.0)
(1548337, 'right_gripper', 0.0)
(1548382, 'M_blk3', 0.0)
(1548427, 'false', 0.0)
(1548455, ')', 0.0)
(1548832, '+-->', 0.0)
(1550689, 'move_grasped_object', 0.0)
(1550795, '(', 0.0)
(1550817, 'right_gripper', 0.0)
(1550862, 'M_blk3', 0.0)
(1550907, 'false', 0.0)
(1550935, ')', 0.0)
(1552057, 'release', 0.0)
(1552163, '(', 0.0)
(1552185, 'right_gripper', 0.0)
(1552213, ')', 0.0)
(1552619, '+--<', 0.0)
(1552837, '+--<', 0.0)
(1553790, 'move_object', 0.0)
(1553896, '(', 0.0)
(1553918, 'I_blk2', 0.0)
(1553963, 'M_blk4', 0.0)
(1554008, 'false', 0.0)
(1554036, ')', 0.0)
(1554413, '+-->', 0.0)
(1556270, 'move_arm_and_grasp', 0.0)
(1556376, '(', 0.0)
(1556398, 'right_gripper', 0.0)
(1556443, 'I_blk2', 0.0)
(1556471, ')', 0.0)
(1557593, 'put_down_grasped_object', 0.0)
(1557699, '(', 0.0)
(1557721, 'right_gripper', 0.0)
(1557766, 'M_blk4', 0.0)
(1557811, 'false', 0.0)
(1557839, ')', 0.0)
(1558216, '+-->', 0.0)
(1560073, 'move_grasped_object', 0.0)
(1560179, '(', 0.0)
(1560201, 'right_gripper', 0.0)
(1560246, 'M_blk4', 0.0)
(1560291, 'false', 0.0)
(1560319, ')', 0.0)
(1561441, 'release', 0.0)
(1561547, '(', 0.0)
(1561569, 'right_gripper', 0.0)
(1561597, ')', 0.0)
(1562003, '+--<', 0.0)
(1562221, '+--<', 0.0)
(1562560, 'done', 0.0)

learned:
             gh            bind          hetero   |   online:  7611 / 23152 |  flashed:     0 /     0 |  activ_count:  22851
            mem             mem          hetero   |   online:  1520 /  1520 |  flashed:  1601 /  1601 |  activ_count:  95723
           bind            bind            auto   |   online:  2964 /  3582 |  flashed:     0 /     0 |  activ_count:  15392
            mem            bind          hetero   |   online:  2964 /  3582 |  flashed:     0 /     0 |  activ_count:   7530
            mem             mem            auto   |   online:   778 /   778 |  flashed:   925 /   925 |  activ_count:  127704
            lex             mem          hetero   |   online:   778 /   778 |  flashed:   925 /   925 |  activ_count:  95061
        mem_ctx             mem          hetero   |   online:   778 /   778 |  flashed:   925 /   925 |  activ_count:  66160
           bind            bind          hetero   |   online:  1557 /  1617 |  flashed:     1 /     1 |  activ_count:   7760
             gh              op          hetero   |   online:     0 /     0 |  flashed:   617 /   617 |  activ_count:  426392
             op              op          hetero   |   online:     0 /     0 |  flashed:   615 /   615 |  activ_count:  344485
            mem           stack          hetero   |   online:   368 / 31094 |  flashed:     0 /     0 |  activ_count:  36455
           bind             mem          hetero   |   online:   340 /   362 |  flashed:     0 /     0 |  activ_count:   3961
            lex              op          hetero   |   online:     0 /     0 |  flashed:   300 /   300 |  activ_count:  143570
            mem             lex          hetero   |   online:    18 /    18 |  flashed:   125 /   125 |  activ_count:   2736
        mem_ctx             lex          hetero   |   online:    18 /    18 |  flashed:   125 /   125 |  activ_count:  35563
       bind_ctx             lex          hetero   |   online:    18 /    18 |  flashed:   125 /   125 |  activ_count:  18974
     data_stack      data_stack             fwd   |   online:     0 /     0 |  flashed:   128 /   128 |  activ_count:   9496
     data_stack      data_stack             bwd   |   online:     0 /     0 |  flashed:   128 /   128 |  activ_count:   9495
          stack           stack             bwd   |   online:     0 /     0 |  flashed:   128 /   128 |  activ_count:  33536
          stack           stack             fwd   |   online:     0 /     0 |  flashed:   128 /   128 |  activ_count:  34195
          stack           stack            auto   |   online:     0 /     0 |  flashed:   128 /   128 |  activ_count:  24451
             gh             lex          hetero   |   online:   106 / 59622 |  flashed:     0 /     0 |  activ_count:  59622
             op             lex          hetero   |   online:     0 /     0 |  flashed:   101 /   146 |  activ_count:  81906
             gh              gh          hetero   |   online:     0 /     0 |  flashed:    96 /    96 |  activ_count:  1053256
           bind           stack          hetero   |   online:    70 / 42256 |  flashed:     0 /     0 |  activ_count:  29563
             op           stack          hetero   |   online:    70 / 34195 |  flashed:     0 /     0 |  activ_count:  33536
            lex             lex            auto   |   online:     0 /     0 |  flashed:    45 /    45 |  activ_count:  16662
            mem      data_stack          hetero   |   online:    41 / 12984 |  flashed:     0 /     0 |  activ_count:  14400
      exc_stack       exc_stack             bwd   |   online:     0 /     0 |  flashed:    32 /    32 |  activ_count:    499
      exc_stack       exc_stack             fwd   |   online:     0 /     0 |  flashed:    32 /    32 |  activ_count:    499
      stack_ctx             lex          hetero   |   online:     0 /     0 |  flashed:    11 /    11 |  activ_count:  24451
             gh             mem          hetero   |   online:     7 /   270 |  flashed:     0 /     0 |  activ_count:    270
             op       exc_stack          hetero   |   online:     3 /   499 |  flashed:     0 /     0 |  activ_count:    227
     data_stack       exc_stack          hetero   |   online:     3 /   499 |  flashed:     0 /     0 |  activ_count:    227
          stack       exc_stack          hetero   |   online:     3 /   499 |  flashed:     0 /     0 |  activ_count:    227
             gh       exc_stack          hetero   |   online:     1 /     1 |  flashed:     0 /     0 |  activ_count:    226

Final activity states:
             op :                 halt  0.000000
           bind :              def_env  0.000000
            mem :                 done  0.000000
      exc_stack :                    0  0.000000
     data_stack :                    0  0.000000
             gh :                 halt  0.000000
            lex :            progn_end  0.000000
          stack :                    0  0.000000
        mem_ctx :              main795  0.000000
      stack_ctx :                 inst  0.000000
       bind_ctx :           source_hyp  0.000000

Gate history:
          gh       learn   exc_stack      hetero :          1                 0.0000   0.000006634014425799
    bind_ctx       stash                         :         18                 0.0000   0.000000602556004499
    bind_ctx       noise                         :         18                 0.0000   0.000001855498541974
         mem       learn         lex      hetero :         18                 0.0001   0.000003237945040584
    bind_ctx       learn         lex      hetero :         18                 0.0001   0.000003339609571008
     mem_ctx       learn         lex      hetero :         18                 0.0001   0.000003685330739245
  data_stack       stash                         :        499                 0.0003   0.000000672290551444
       stack       stash                         :        499                 0.0006   0.000001230054497178
     mem_ctx       stash                         :        778                 0.0006   0.000000828419248502
          op    activate   exc_stack      hetero :        227                 0.0009   0.000003843272996180
  data_stack    activate   exc_stack      hetero :        227                 0.0009   0.000003934031817036
          gh    activate   exc_stack      hetero :        226                 0.0012   0.000005438872453328
       stack    activate   exc_stack      hetero :        227                 0.0012   0.000005424744629051
          gh       learn         mem      hetero :        270                 0.0013   0.000004919714518581
         lex       stash                         :       1145                 0.0014   0.000001207474485959
          gh    activate         mem      hetero :        270                 0.0015   0.000005527426536126
  data_stack       learn   exc_stack      hetero :        499                 0.0016   0.000003142760684415
          op       learn   exc_stack      hetero :        499                 0.0016   0.000003302456376671
        bind       learn         mem      hetero :        362                 0.0017   0.000004609004634263
   exc_stack    activate   exc_stack         bwd :        499                 0.0020   0.000003955706782296
   exc_stack    activate   exc_stack         fwd :        499                 0.0022   0.000004329897413396
       stack       learn   exc_stack      hetero :        499                 0.0024   0.000004813395149424
     mem_ctx       noise                         :        778                 0.0031   0.000003951081443772
         mem       noise                         :        778                 0.0032   0.000004105883857575
         lex       learn         mem      hetero :        778                 0.0036   0.000004575142909528
     mem_ctx       learn         mem      hetero :        778                 0.0036   0.000004642447462703
         mem       learn         mem        auto :        778                 0.0041   0.000005227628081395
        bind       noise                         :       1557                 0.0066   0.000004245179910039
        bind       learn        bind      hetero :       1617                 0.0084   0.000005216894978882
         mem       learn         mem      hetero :       1520                 0.0089   0.000005869320011698
         mem    activate         lex      hetero :       2736                 0.0149   0.000005450842971250
        bind    activate         mem      hetero :       3961                 0.0168   0.000004251942868991
        bind       learn        bind        auto :       3582                 0.0176   0.000004907907224024
         mem       learn        bind      hetero :       3582                 0.0224   0.000006265272249547
        bind    activate        bind      hetero :       7760                 0.0312   0.000004024875917971
  data_stack    activate  data_stack         fwd :       9496                 0.0383   0.000004035759682262
  data_stack    activate  data_stack         bwd :       9495                 0.0385   0.000004056686555217
        bind       stash                         :      47817                 0.0400   0.000000837544864226
          op       stash                         :      34694                 0.0413   0.000001188980942389
         mem    activate        bind      hetero :       7530                 0.0510   0.000006776548916496
         mem       learn  data_stack      hetero :      12984                 0.0587   0.000004519782110791
         mem       stash                         :      49958                 0.0610   0.000001220862239308
       stack     context   stack_ctx             :      24451                 0.0674   0.000002755463720382
    bind_ctx    activate         lex      hetero :      18974                 0.0756   0.000003984317759460
         mem    activate  data_stack      hetero :      14400                 0.0779   0.000005412702590143
        bind     context    bind_ctx             :      34366                 0.0950   0.000002763813652120
          gh        bias       false             :      82969                 0.1077   0.000001298186166723
         lex    activate         lex        auto :      16662                 0.1120   0.000006720163872241
          gh       learn        bind      hetero :      23152                 0.1126   0.000004862024280394
        bind    activate        bind        auto :      15392                 0.1168   0.000007585409020938
        bind    activate       stack      hetero :      29563                 0.1253   0.000004236857649313
   stack_ctx    activate         lex      hetero :      24451                 0.1257   0.000005139390345542
          gh    activate        bind      hetero :      22851                 0.1293   0.000005657033835579
       stack    converge                         :      24451                 0.1313   0.000005368909733649
          op       learn       stack      hetero :      34195                 0.1512   0.000004423058783692
     mem_ctx    activate         lex      hetero :      35563                 0.1519   0.000004272571803167
         mem       learn       stack      hetero :      31094                 0.1584   0.000005095802740225
        bind       learn       stack      hetero :      42256                 0.1761   0.000004166402929738
          op    activate       stack      hetero :      33536                 0.1842   0.000005492622413729
       stack    activate       stack         bwd :      33536                 0.1850   0.000005516227604108
       stack    activate       stack         fwd :      34195                 0.1898   0.000005550063607219
         mem    activate       stack      hetero :      36455                 0.2016   0.000005529299586445
          gh       learn         lex      hetero :      59622                 0.2582   0.000004330531002208
          gh    activate         lex      hetero :      59622                 0.3220   0.000005399886159966
     mem_ctx    activate         mem      hetero :      66160                 0.3570   0.000005395309296448
          op    activate         lex      hetero :      81906                 0.4330   0.000005286060087422
         lex    activate         mem      hetero :      95061                 0.4988   0.000005247291409681
         mem    converge                         :     127704                 0.6358   0.000004978478279441
         mem    activate         mem      hetero :      95723                 0.6500   0.000006790328195579
         mem     context     mem_ctx             :     240443                 0.6505   0.000002705285663364
         lex    activate          op      hetero :     143570                 0.6931   0.000004827310505420
          op    activate          op      hetero :     344485                 1.7000   0.000004935037212803
    bind_ctx       cycle                         :    1562617                 1.9647   0.000001257285847319
   stack_ctx       cycle                         :    1562617                 1.9863   0.000001271123942772
     mem_ctx       cycle                         :    1562617                 2.0059   0.000001283667625476
   exc_stack       cycle                         :    1562617                 2.0284   0.000001298066767502
  data_stack       cycle                         :    1562617                 2.0298   0.000001298951540286
       stack       cycle                         :    1562617                 2.0396   0.000001305240463422
         lex       cycle                         :    1562617                 2.1139   0.000001352818775654
          gh    activate          op      hetero :     426392                 2.1392   0.000005016946834304
        bind       cycle                         :    1562617                 2.1590   0.000001381685981207
          gh       cycle                         :    1562617                 2.1685   0.000001387746947840
         mem       cycle                         :    1562617                 2.2883   0.000001464382533642
          op       cycle                         :    1562617                 2.8305   0.000001811406681802
          gh    activate          gh      hetero :    1053256                 4.2712   0.000004055235833501
          go    activate          gh      hetero :    1562618                 5.7089   0.000003653414965121
          go       cycle                         :    1562618                11.1640   0.000007144406207287

Executed 1562617 timesteps in 88.820059s

Ran test 'imitate' in 1562617 timesteps
Output:
~~~~~~~~~~~~~~~~~~~~~~~~~~~~~~~~~~~~~~~~~~~~~~~ =====-PROCESS_ACTION-===== move_arm_and_grasp ~~~~~~~~~~~~~~~~~~~~~~~~~~~~~~~~~~~~~~~~~~~~~~~ =====-PROCESS_ACTION-===== move_grasped_object ~~~~~~~~~~~~~~~~~~~~~~~~~~~~~~~~~~~~~~~~~~~~~~~ =====-PROCESS_ACTION-===== release =====-PROCESS_ACTION-===== put_down_grasped_object =====-PROCESS_ACTION-===== move_object ~~~~~~~~~~~~~~~~~~~~~~~~~~~~~~~~~~~~~~~~~~~~~~~ =====-PROCESS_ACTION-===== move_arm_and_grasp ~~~~~~~~~~~~~~~~~~~~~~~~~~~~~~~~~~~~~~~~~~~~~~~ =====-PROCESS_ACTION-===== move_grasped_object ~~~~~~~~~~~~~~~~~~~~~~~~~~~~~~~~~~~~~~~~~~~~~~~ =====-PROCESS_ACTION-===== release =====-PROCESS_ACTION-===== put_down_grasped_object =====-PROCESS_ACTION-===== move_object ~~~~~~~~~~~~~~~~~~~~~~~~~~~~~~~~~~~~~~~~~~~~~~~ =====-PROCESS_ACTION-===== move_arm_and_grasp ~~~~~~~~~~~~~~~~~~~~~~~~~~~~~~~~~~~~~~~~~~~~~~~ =====-PROCESS_ACTION-===== move_grasped_object ~~~~~~~~~~~~~~~~~~~~~~~~~~~~~~~~~~~~~~~~~~~~~~~ =====-PROCESS_ACTION-===== release =====-PROCESS_ACTION-===== put_down_grasped_object =====-PROCESS_ACTION-===== move_object ~~~~~~~~~~~~~~~~~~~~~~~~~~~~~~~~~~~~~~~~~~~~~~~ =====-PROCESS_ACTION-===== move_arm_and_grasp ~~~~~~~~~~~~~~~~~~~~~~~~~~~~~~~~~~~~~~~~~~~~~~~ =====-PROCESS_ACTION-===== move_grasped_object ~~~~~~~~~~~~~~~~~~~~~~~~~~~~~~~~~~~~~~~~~~~~~~~ =====-PROCESS_ACTION-===== release =====-PROCESS_ACTION-===== put_down_grasped_object =====-PROCESS_ACTION-===== move_object ~~~~~~~~~~~~~~~~~~~~~~~~~~~~~~~~~~~~~~~~~~~~~~~ =====-PROCESS_ACTION-===== move_arm_and_grasp ~~~~~~~~~~~~~~~~~~~~~~~~~~~~~~~~~~~~~~~~~~~~~~~ =====-PROCESS_ACTION-===== move_grasped_object ~~~~~~~~~~~~~~~~~~~~~~~~~~~~~~~~~~~~~~~~~~~~~~~ =====-PROCESS_ACTION-===== release =====-PROCESS_ACTION-===== put_down_grasped_object =====-PROCESS_ACTION-===== move_object ~~~~~~~~~~~~~~~~~~~~~~~~~~~~~~~~~~~~~~~~~~~~~~~ =====-PROCESS_ACTION-===== move_arm_and_grasp ~~~~~~~~~~~~~~~~~~~~~~~~~~~~~~~~~~~~~~~~~~~~~~~ =====-PROCESS_ACTION-===== move_grasped_object ~~~~~~~~~~~~~~~~~~~~~~~~~~~~~~~~~~~~~~~~~~~~~~~ =====-PROCESS_ACTION-===== release =====-PROCESS_ACTION-===== put_down_grasped_object =====-PROCESS_ACTION-===== move_object ~~~~~~~~~~~~~~~~~~~~~~~~~~~~~~~~~~~~~~~~~~~~~~~ =====-PROCESS_ACTION-===== move_arm_and_grasp ~~~~~~~~~~~~~~~~~~~~~~~~~~~~~~~~~~~~~~~~~~~~~~~ =====-PROCESS_ACTION-===== move_grasped_object ~~~~~~~~~~~~~~~~~~~~~~~~~~~~~~~~~~~~~~~~~~~~~~~ =====-PROCESS_ACTION-===== release =====-PROCESS_ACTION-===== put_down_grasped_object =====-PROCESS_ACTION-===== move_object ~~~~~~~~~~~~~~~~~~~~~~~~~~~~~~~~~~~~~~~~~~~~~~~ =====-PROCESS_ACTION-===== move_arm_and_grasp ~~~~~~~~~~~~~~~~~~~~~~~~~~~~~~~~~~~~~~~~~~~~~~~ =====-PROCESS_ACTION-===== move_grasped_object ~~~~~~~~~~~~~~~~~~~~~~~~~~~~~~~~~~~~~~~~~~~~~~~ =====-PROCESS_ACTION-===== release =====-PROCESS_ACTION-===== put_down_grasped_object =====-PROCESS_ACTION-===== move_object ~~~~~~~~~~~~~~~~~~~~~~~~~~~~~~~~~~~~~~~~~~~~~~~ =====-PROCESS_ACTION-===== move_arm_and_grasp ~~~~~~~~~~~~~~~~~~~~~~~~~~~~~~~~~~~~~~~~~~~~~~~ =====-PROCESS_ACTION-===== move_grasped_object ~~~~~~~~~~~~~~~~~~~~~~~~~~~~~~~~~~~~~~~~~~~~~~~ =====-PROCESS_ACTION-===== release =====-PROCESS_ACTION-===== put_down_grasped_object =====-PROCESS_ACTION-===== move_object ~~~~~~~~~~~~~~~~~~~~~~~~~~~~~~~~~~~~~~~~~~~~~~~ =====-PROCESS_ACTION-===== move_arm_and_grasp ~~~~~~~~~~~~~~~~~~~~~~~~~~~~~~~~~~~~~~~~~~~~~~~ =====-PROCESS_ACTION-===== move_grasped_object ~~~~~~~~~~~~~~~~~~~~~~~~~~~~~~~~~~~~~~~~~~~~~~~ =====-PROCESS_ACTION-===== release =====-PROCESS_ACTION-===== put_down_grasped_object =====-PROCESS_ACTION-===== move_object ___ EXPLANATION ___ move_object ( U_blk3 table true ) +--> move_arm_and_grasp ( right_gripper U_blk3 ) put_down_grasped_object ( right_gripper table true ) +--> move_grasped_object ( right_gripper table true ) release ( right_gripper ) +--< +--< move_object ( U_blk4 table true ) +--> move_arm_and_grasp ( right_gripper U_blk4 ) put_down_grasped_object ( right_gripper table true ) +--> move_grasped_object ( right_gripper table true ) release ( right_gripper ) +--< +--< move_object ( A_blk2 table true ) +--> move_arm_and_grasp ( right_gripper A_blk2 ) put_down_grasped_object ( right_gripper table true ) +--> move_grasped_object ( right_gripper table true ) release ( right_gripper ) +--< +--< move_object ( M_blk6 A_blk2 false ) +--> move_arm_and_grasp ( right_gripper M_blk6 ) put_down_grasped_object ( right_gripper A_blk2 false ) +--> move_grasped_object ( right_gripper A_blk2 false ) release ( right_gripper ) +--< +--< move_object ( U_blk5 A_blk2 false ) +--> move_arm_and_grasp ( right_gripper U_blk5 ) put_down_grasped_object ( right_gripper A_blk2 false ) +--> move_grasped_object ( right_gripper A_blk2 false ) release ( right_gripper ) +--< +--< move_object ( A_blk1 A_blk2 true ) +--> move_arm_and_grasp ( right_gripper A_blk1 ) put_down_grasped_object ( right_gripper A_blk2 true ) +--> move_grasped_object ( right_gripper A_blk2 true ) release ( right_gripper ) +--< +--< move_object ( I_blk1 table true ) +--> move_arm_and_grasp ( right_gripper I_blk1 ) put_down_grasped_object ( right_gripper table true ) +--> move_grasped_object ( right_gripper table true ) release ( right_gripper ) +--< +--< move_object ( M_blk3 I_blk1 false ) +--> move_arm_and_grasp ( right_gripper M_blk3 ) put_down_grasped_object ( right_gripper I_blk1 false ) +--> move_grasped_object ( right_gripper I_blk1 false ) release ( right_gripper ) +--< +--< move_object ( M_blk4 M_blk3 false ) +--> move_arm_and_grasp ( right_gripper M_blk4 ) put_down_grasped_object ( right_gripper M_blk3 false ) +--> move_grasped_object ( right_gripper M_blk3 false ) release ( right_gripper ) +--< +--< move_object ( I_blk2 M_blk4 false ) +--> move_arm_and_grasp ( right_gripper I_blk2 ) put_down_grasped_object ( right_gripper M_blk4 false ) +--> move_grasped_object ( right_gripper M_blk4 false ) release ( right_gripper ) +--< +--< done
_26 ListMap 135 4
_29 Recipe 109 3
_31 Recipe 179 3
_33 Recipe 179 3
_35 Recipe 109 3
_37 Recipe 109 3
_121 Environment 187 16
_122 Environment 15 4
_123 Environment 21 4
_124 Environment 15 4
_125 Environment 23 4
_126 Environment 23 4
_127 Environment 23 4
_128 Environment 23 4
_129 Environment 23 4
_130 Environment 23 4
_131 Environment 23 4
_132 Environment 23 4
_133 Environment 23 4
_134 Environment 23 4
_135 Timepoint 65 5
_136 ListMap 15 1
_146 Environment 47 4
_147 Environment 25 4
_148 Action 61 7
_149 Timepoint 57 5
_150 ListMap 20 2
_152 Hypothesis 17 7
_153 Environment 22 6
_154 Hypothesis 17 7
_155 Environment 22 6
_156 Hypothesis 38 7
_157 Environment 28 6
_158 Hypothesis 40 7
_165 Action 45 7
_166 Timepoint 36 5
_167 ListMap 18 2
_169 Hypothesis 38 7
_170 Environment 32 7
_171 Hypothesis 40 7
_180 Environment 58 4
_181 Environment 23 4
_182 Action 45 7
_183 Timepoint 89 5
_184 ListMap 15 1
_186 Environment 18 4
_187 Action 45 7
_193 Environment 26 6
_194 Action 61 7
_200 Hypothesis 17 7
_201 Environment 26 7
_210 Environment 47 4
_211 Environment 25 4
_212 Action 63 7
_213 Timepoint 57 5
_214 ListMap 20 2
_216 Hypothesis 17 7
_217 Environment 22 6
_218 Hypothesis 17 7
_219 Environment 22 6
_220 Hypothesis 38 7
_221 Environment 28 6
_222 Hypothesis 40 7
_229 Action 45 7
_230 Timepoint 36 5
_231 ListMap 18 2
_233 Hypothesis 38 7
_234 Environment 32 7
_235 Hypothesis 40 7
_244 Environment 58 4
_245 Environment 23 4
_246 Action 45 7
_247 Timepoint 89 5
_248 ListMap 15 1
_250 Environment 18 4
_251 Action 46 7
_257 Environment 26 6
_258 Action 75 7
_264 Hypothesis 17 7
_265 Environment 26 7
_274 Environment 47 4
_275 Environment 25 4
_276 Action 63 7
_277 Timepoint 57 5
_278 ListMap 20 2
_280 Hypothesis 17 7
_281 Environment 22 6
_282 Hypothesis 17 7
_283 Environment 22 6
_284 Hypothesis 38 7
_285 Environment 28 6
_286 Hypothesis 40 7
_293 Action 45 7
_294 Timepoint 36 5
_295 ListMap 18 2
_297 Hypothesis 38 7
_298 Environment 32 7
_299 Hypothesis 40 7
_308 Environment 58 4
_309 Environment 23 4
_310 Action 45 7
_311 Timepoint 89 5
_312 ListMap 15 1
_314 Environment 18 4
_315 Action 46 7
_321 Environment 26 6
_322 Action 71 7
_328 Hypothesis 17 7
_329 Environment 26 7
_338 Environment 47 4
_339 Environment 25 4
_340 Action 63 7
_341 Timepoint 57 5
_342 ListMap 20 2
_344 Hypothesis 17 7
_345 Environment 22 6
_346 Hypothesis 17 7
_347 Environment 22 6
_348 Hypothesis 38 7
_349 Environment 28 6
_350 Hypothesis 40 7
_357 Action 45 7
_358 Timepoint 36 5
_359 ListMap 18 2
_361 Hypothesis 38 7
_362 Environment 32 7
_363 Hypothesis 40 7
_372 Environment 58 4
_373 Environment 23 4
_374 Action 45 7
_375 Timepoint 89 5
_376 ListMap 15 1
_378 Environment 18 4
_379 Action 46 7
_385 Environment 26 6
_386 Action 67 7
_392 Hypothesis 17 7
_393 Environment 26 7
_402 Environment 47 4
_403 Environment 25 4
_404 Action 63 7
_405 Timepoint 57 5
_406 ListMap 20 2
_408 Hypothesis 17 7
_409 Environment 22 6
_410 Hypothesis 17 7
_411 Environment 22 6
_412 Hypothesis 38 7
_413 Environment 28 6
_414 Hypothesis 40 7
_421 Action 45 7
_422 Timepoint 36 5
_423 ListMap 18 2
_425 Hypothesis 38 7
_426 Environment 32 7
_427 Hypothesis 40 7
_436 Environment 58 4
_437 Environment 23 4
_438 Action 45 7
_439 Timepoint 89 5
_440 ListMap 15 1
_442 Environment 18 4
_443 Action 46 7
_449 Environment 26 6
_450 Action 63 7
_456 Hypothesis 17 7
_457 Environment 26 7
_466 Environment 47 4
_467 Environment 25 4
_468 Action 63 7
_469 Timepoint 57 5
_470 ListMap 20 2
_472 Hypothesis 17 7
_473 Environment 22 6
_474 Hypothesis 17 7
_475 Environment 22 6
_476 Hypothesis 38 7
_477 Environment 28 6
_478 Hypothesis 40 7
_485 Action 45 7
_486 Timepoint 36 5
_487 ListMap 18 2
_489 Hypothesis 38 7
_490 Environment 32 7
_491 Hypothesis 40 7
_500 Environment 58 4
_501 Environment 23 4
_502 Action 45 7
_503 Timepoint 89 5
_504 ListMap 15 1
_506 Environment 18 4
_507 Action 46 7
_513 Environment 26 6
_514 Action 59 7
_520 Hypothesis 17 7
_521 Environment 26 7
_530 Environment 47 4
_531 Environment 25 4
_532 Action 63 7
_533 Timepoint 57 5
_534 ListMap 20 2
_536 Hypothesis 17 7
_537 Environment 22 6
_538 Hypothesis 17 7
_539 Environment 22 6
_540 Hypothesis 38 7
_541 Environment 28 6
_542 Hypothesis 40 7
_549 Action 45 7
_550 Timepoint 36 5
_551 ListMap 18 2
_553 Hypothesis 38 7
_554 Environment 32 7
_555 Hypothesis 40 7
_564 Environment 58 4
_565 Environment 23 4
_566 Action 45 7
_567 Timepoint 89 5
_568 ListMap 15 1
_570 Environment 18 4
_571 Action 46 7
_577 Environment 26 6
_578 Action 55 7
_584 Hypothesis 17 7
_585 Environment 26 7
_594 Environment 47 4
_595 Environment 25 4
_596 Action 63 7
_597 Timepoint 57 5
_598 ListMap 20 2
_600 Hypothesis 17 7
_601 Environment 22 6
_602 Hypothesis 17 7
_603 Environment 22 6
_604 Hypothesis 38 7
_605 Environment 28 6
_606 Hypothesis 40 7
_613 Action 45 7
_614 Timepoint 36 5
_615 ListMap 18 2
_617 Hypothesis 38 7
_618 Environment 32 7
_619 Hypothesis 40 7
_628 Environment 58 4
_629 Environment 23 4
_630 Action 45 7
_631 Timepoint 89 5
_632 ListMap 15 1
_634 Environment 18 4
_635 Action 46 7
_641 Environment 26 6
_642 Action 51 7
_648 Hypothesis 17 7
_649 Environment 26 7
_658 Environment 47 4
_659 Environment 25 4
_660 Action 63 7
_661 Timepoint 57 5
_662 ListMap 20 2
_664 Hypothesis 17 7
_665 Environment 22 6
_666 Hypothesis 17 7
_667 Environment 22 6
_668 Hypothesis 38 7
_669 Environment 28 6
_670 Hypothesis 40 7
_677 Action 45 7
_678 Timepoint 36 5
_679 ListMap 18 2
_681 Hypothesis 38 7
_682 Environment 32 7
_683 Hypothesis 40 7
_692 Environment 58 4
_693 Environment 23 4
_694 Action 45 7
_695 Timepoint 89 5
_696 ListMap 15 1
_698 Environment 18 4
_699 Action 46 7
_705 Environment 26 6
_706 Action 47 7
_712 Hypothesis 17 7
_713 Environment 26 7
_722 Environment 47 4
_723 Environment 25 4
_724 Action 63 7
_725 Timepoint 57 5
_726 ListMap 20 2
_728 Hypothesis 17 7
_729 Environment 22 6
_730 Hypothesis 17 7
_731 Environment 22 6
_732 Hypothesis 38 7
_733 Environment 28 6
_734 Hypothesis 40 7
_741 Action 45 7
_742 Timepoint 36 5
_743 ListMap 18 2
_745 Hypothesis 38 7
_746 Environment 32 7
_747 Hypothesis 40 7
_756 Environment 26 4
_757 Environment 17 4
_758 Action 45 7
_759 Timepoint 39 5
_760 ListMap 11 1
_762 Environment 18 4
_763 Action 46 7
_769 Environment 26 6
_770 Action 43 7
_776 Hypothesis 17 7
_777 Environment 26 7
Objects:  312
  Action: 50
  Environment: 124
  Hypothesis: 70
  ListMap: 32
  Recipe: 5
  Timepoint: 31
Properties:  1713
Non-objects:
  #CLASS: 6 (Flashed: 0)
  #FUNCTION: 22 (Flashed: 0)
  #LIST: 1220 (Flashed: 800)
Symbols:  143
