test:  imitate
args: 
           t : imitate
     kb_name : kb_il_streamlined
   demo_name : demo_um
     verbose : True
       debug : False
     emulate : True
   integrity : False
       check : False
       ortho : True
        draw : True
       decay : 1.0
      wasted : False

Name  N  W
------------------------------------------------------------
       lex       4816  221776800   0.413091
------------------------------------------------------------
                  ('op', 'hetero')  0.011070 0
                   ('lex', 'auto')  0.043202 0
                 ('mem', 'hetero')  0.358820 0

------------------------------------------------------------
        op       1234   10071908   0.018760
------------------------------------------------------------
                  ('op', 'hetero')  0.002836 0
               ('stack', 'hetero')  0.004707 0
                 ('lex', 'hetero')  0.011070 0
           ('exc_stack', 'hetero')  0.000147 0

------------------------------------------------------------
        gh        240   19524960   0.036368
------------------------------------------------------------
                ('bind', 'hetero')  0.015646 0
                  ('gh', 'hetero')  0.000107 0
           ('exc_stack', 'hetero')  0.000029 0
                 ('mem', 'hetero')  0.017881 0
                 ('lex', 'hetero')  0.002153 0
                  ('op', 'hetero')  0.000552 0

------------------------------------------------------------
      bind      35000 3921680000   7.304698
------------------------------------------------------------
                ('bind', 'hetero')  2.281740 0
                  ('bind', 'auto')  2.281740 1
               ('stack', 'hetero')  0.133514 0
                 ('mem', 'hetero')  2.607703 0

------------------------------------------------------------
data_stack        256     147456   0.000275
------------------------------------------------------------
             ('data_stack', 'bwd')  0.000122 0
           ('exc_stack', 'hetero')  0.000031 0
             ('data_stack', 'fwd')  0.000122 0

------------------------------------------------------------
 exc_stack         64       8192   0.000015
------------------------------------------------------------
              ('exc_stack', 'fwd')  0.000008 0
              ('exc_stack', 'bwd')  0.000008 0

------------------------------------------------------------
       mem      40000 4884800000   9.098649
------------------------------------------------------------
                   ('mem', 'auto')  2.980232 1
          ('data_stack', 'hetero')  0.019073 0
                ('bind', 'hetero')  2.607703 1
               ('stack', 'hetero')  0.152588 0
                 ('lex', 'hetero')  0.358820 0
                 ('mem', 'hetero')  2.980232 0

------------------------------------------------------------
     stack       2048   12713984   0.023682
------------------------------------------------------------
                  ('stack', 'fwd')  0.007812 0
                  ('stack', 'bwd')  0.007812 0
           ('exc_stack', 'hetero')  0.000244 0
                 ('stack', 'auto')  0.007812 0

------------------------------------------------------------
   mem_ctx      40000 1792640000   3.339052   lam = 0.250000
------------------------------------------------------------
                 ('lex', 'hetero')  0.358820 0
                 ('mem', 'hetero')  2.980232 1

------------------------------------------------------------
 stack_ctx       2048    9863168   0.018372   lam = 0.250000
------------------------------------------------------------
                 ('lex', 'hetero')  0.018372 0

------------------------------------------------------------
  bind_ctx      35000  168560000   0.313967   lam = 0.125000
------------------------------------------------------------
                 ('lex', 'hetero')  0.313967 0

Total:      160706 11041786468
Device allocation:
0:      5216786468     10433572936 (9.7170 GB)
1:      5825000000     11650000000 (10.8499 GB)

Flashing gates...
Flashing mappings...
      bind       bind     hetero            1
 stack_ctx        lex     hetero            11
 exc_stack  exc_stack        fwd            32
 exc_stack  exc_stack        bwd            32
       lex        lex       auto            45
        gh         gh     hetero            96
       mem        lex     hetero            125
  bind_ctx        lex     hetero            125
   mem_ctx        lex     hetero            125
     stack      stack        fwd            128
     stack      stack        bwd            128
     stack      stack       auto            128
data_stack data_stack        fwd            128
data_stack data_stack        bwd            128
        op        lex     hetero            146
       lex         op     hetero            300
        op         op     hetero            615
        gh         op     hetero            617
   mem_ctx        mem     hetero            925
       mem        mem       auto            925
       lex        mem     hetero            925
       mem        mem     hetero    mem_ctx 1601

... flashed in 1.024386s

Running network...
In:  (
In:  new
In:  Environment
In:  '
In:  NIL
In:  '
In:  (
In:  (
In:  left_gripper
In:  gripping
In:  none
In:  )
In:  (
In:  right_gripper
In:  gripping
In:  none
In:  )
In:  (
In:  table
In:  identity
In:  Block
In:  )
In:  (
In:  M_blk1
In:  identity
In:  Block
In:  )
In:  (
In:  M_blk2
In:  identity
In:  Block
In:  )
In:  (
In:  M_blk3
In:  identity
In:  Block
In:  )
In:  (
In:  M_blk4
In:  identity
In:  Block
In:  )
In:  (
In:  M_blk5
In:  identity
In:  Block
In:  )
In:  (
In:  M_blk6
In:  identity
In:  Block
In:  )
In:  (
In:  M_blk7
In:  identity
In:  Block
In:  )
In:  (
In:  M_blk8
In:  identity
In:  Block
In:  )
In:  (
In:  U_blk1
In:  identity
In:  Block
In:  )
In:  (
In:  U_blk2
In:  identity
In:  Block
In:  )
In:  (
In:  U_blk3
In:  identity
In:  Block
In:  )
In:  (
In:  U_blk4
In:  identity
In:  Block
In:  )
In:  (
In:  U_blk5
In:  identity
In:  Block
In:  )
In:  )
In:  )
In:  (
In:  (
In:  move_arm_and_grasp
In:  right_gripper
In:  U_blk1
In:  )
In:  (
In:  right_gripper
In:  gripping
In:  U_blk1
In:  )
In:  )
Out:  (109721, '~~~~~~~~~~~~~~~~~~~~~~~~~~~~~~~~~~~~~~~~~~~~~~~', 0.0) 6.344211579998955
Out:  (115166, '=====-PROCESS_ACTION-=====', 0.0) 6.657679722004104
Out:  (115329, 'move_arm_and_grasp', 0.0) 6.66711645500618
In:  (
In:  (
In:  move_grasped_object
In:  right_gripper
In:  table
In:  true
In:  )
In:  )
Out:  (153860, '~~~~~~~~~~~~~~~~~~~~~~~~~~~~~~~~~~~~~~~~~~~~~~~', 0.0) 8.88186347100418
Out:  (159305, '=====-PROCESS_ACTION-=====', 0.0) 9.195591096999124
Out:  (159468, 'move_grasped_object', 0.0) 9.20499205699889
In:  (
In:  (
In:  release
In:  right_gripper
In:  )
In:  (
In:  right_gripper
In:  gripping
In:  none
In:  )
In:  )
Out:  (186147, '~~~~~~~~~~~~~~~~~~~~~~~~~~~~~~~~~~~~~~~~~~~~~~~', 0.0) 10.782391966989962
Out:  (191592, '=====-PROCESS_ACTION-=====', 0.0) 11.097404494008515
Out:  (191755, 'release', 0.0) 11.106682245008415
Out:  (206307, '=====-PROCESS_ACTION-=====', 0.0) 11.944165257998975
Out:  (206470, 'put_down_grasped_object', 0.0) 11.953599822998513
Out:  (224079, '=====-PROCESS_ACTION-=====', 0.0) 12.965901074989233
Out:  (224242, 'move_object', 0.0) 12.975211067008786
In:  (
In:  (
In:  move_arm_and_grasp
In:  right_gripper
In:  U_blk4
In:  )
In:  (
In:  right_gripper
In:  gripping
In:  U_blk4
In:  )
In:  )
Out:  (245618, '~~~~~~~~~~~~~~~~~~~~~~~~~~~~~~~~~~~~~~~~~~~~~~~', 0.0) 14.202843667997513
Out:  (251063, '=====-PROCESS_ACTION-=====', 0.0) 14.516862838005181
Out:  (251226, 'move_arm_and_grasp', 0.0) 14.52626078898902
In:  (
In:  (
In:  move_grasped_object
In:  right_gripper
In:  U_blk1
In:  true
In:  )
In:  )
Out:  (289835, '~~~~~~~~~~~~~~~~~~~~~~~~~~~~~~~~~~~~~~~~~~~~~~~', 0.0) 16.7492399099865
Out:  (295280, '=====-PROCESS_ACTION-=====', 0.0) 17.06375053199008
Out:  (295443, 'move_grasped_object', 0.0) 17.0729996660084
In:  (
In:  (
In:  release
In:  right_gripper
In:  )
In:  (
In:  right_gripper
In:  gripping
In:  none
In:  )
In:  )
Out:  (322174, '~~~~~~~~~~~~~~~~~~~~~~~~~~~~~~~~~~~~~~~~~~~~~~~', 0.0) 18.608900268009165
Out:  (327619, '=====-PROCESS_ACTION-=====', 0.0) 18.92310645399266
Out:  (327782, 'release', 0.0) 18.93243234200054
Out:  (342380, '=====-PROCESS_ACTION-=====', 0.0) 19.770485618995735
Out:  (342543, 'put_down_grasped_object', 0.0) 19.779879943991546
Out:  (360357, '=====-PROCESS_ACTION-=====', 0.0) 20.80475043898332
Out:  (360520, 'move_object', 0.0) 20.81413779599825
In:  (
In:  (
In:  move_arm_and_grasp
In:  right_gripper
In:  U_blk3
In:  )
In:  (
In:  right_gripper
In:  gripping
In:  U_blk3
In:  )
In:  )
Out:  (381922, '~~~~~~~~~~~~~~~~~~~~~~~~~~~~~~~~~~~~~~~~~~~~~~~', 0.0) 22.10014212000533
Out:  (387367, '=====-PROCESS_ACTION-=====', 0.0) 22.414460473984946
Out:  (387530, 'move_arm_and_grasp', 0.0) 22.42378099798225
In:  (
In:  (
In:  move_grasped_object
In:  right_gripper
In:  U_blk4
In:  true
In:  )
In:  )
Out:  (426217, '~~~~~~~~~~~~~~~~~~~~~~~~~~~~~~~~~~~~~~~~~~~~~~~', 0.0) 24.648730524990242
Out:  (431662, '=====-PROCESS_ACTION-=====', 0.0) 24.963128225994296
Out:  (431825, 'move_grasped_object', 0.0) 24.97242044599261
In:  (
In:  (
In:  release
In:  right_gripper
In:  )
In:  (
In:  right_gripper
In:  gripping
In:  none
In:  )
In:  )
Out:  (458608, '~~~~~~~~~~~~~~~~~~~~~~~~~~~~~~~~~~~~~~~~~~~~~~~', 0.0) 26.512094087986043
Out:  (464053, '=====-PROCESS_ACTION-=====', 0.0) 26.82679293298861
Out:  (464216, 'release', 0.0) 26.83640210298472
Out:  (478860, '=====-PROCESS_ACTION-=====', 0.0) 27.678977192001184
Out:  (479023, 'put_down_grasped_object', 0.0) 27.688415429001907
Out:  (496883, '=====-PROCESS_ACTION-=====', 0.0) 28.71570775998407
Out:  (497046, 'move_object', 0.0) 28.725188723008614
In:  (
In:  (
In:  move_arm_and_grasp
In:  right_gripper
In:  U_blk2
In:  )
In:  (
In:  right_gripper
In:  gripping
In:  U_blk2
In:  )
In:  )
Out:  (518474, '~~~~~~~~~~~~~~~~~~~~~~~~~~~~~~~~~~~~~~~~~~~~~~~', 0.0) 29.958943145989906
Out:  (523919, '=====-PROCESS_ACTION-=====', 0.0) 30.27383848899626
Out:  (524082, 'move_arm_and_grasp', 0.0) 30.283184080995852
In:  (
In:  (
In:  move_grasped_object
In:  right_gripper
In:  U_blk1
In:  true
In:  )
In:  )
Out:  (562847, '~~~~~~~~~~~~~~~~~~~~~~~~~~~~~~~~~~~~~~~~~~~~~~~', 0.0) 32.51481105998391
Out:  (568292, '=====-PROCESS_ACTION-=====', 0.0) 32.89409879798768
Out:  (568455, 'move_grasped_object', 0.0) 32.903547341004014
In:  (
In:  (
In:  release
In:  right_gripper
In:  )
In:  (
In:  right_gripper
In:  gripping
In:  none
In:  )
In:  )
Out:  (595290, '~~~~~~~~~~~~~~~~~~~~~~~~~~~~~~~~~~~~~~~~~~~~~~~', 0.0) 34.449371422990225
Out:  (600735, '=====-PROCESS_ACTION-=====', 0.0) 34.76314462898881
Out:  (600898, 'release', 0.0) 34.77241027200944
Out:  (615588, '=====-PROCESS_ACTION-=====', 0.0) 35.61791824401007
Out:  (615751, 'put_down_grasped_object', 0.0) 35.62716528199962
Out:  (633657, '=====-PROCESS_ACTION-=====', 0.0) 36.65720060799504
Out:  (633820, 'move_object', 0.0) 36.666497447993606
In:  (
In:  (
In:  move_arm_and_grasp
In:  right_gripper
In:  U_blk5
In:  )
In:  (
In:  right_gripper
In:  gripping
In:  U_blk5
In:  )
In:  )
Out:  (655274, '~~~~~~~~~~~~~~~~~~~~~~~~~~~~~~~~~~~~~~~~~~~~~~~', 0.0) 37.90246115499758
Out:  (660719, '=====-PROCESS_ACTION-=====', 0.0) 38.21709298499627
Out:  (660882, 'move_arm_and_grasp', 0.0) 38.22653481899761
In:  (
In:  (
In:  move_grasped_object
In:  right_gripper
In:  U_blk2
In:  true
In:  )
In:  )
Out:  (699725, '~~~~~~~~~~~~~~~~~~~~~~~~~~~~~~~~~~~~~~~~~~~~~~~', 0.0) 40.45775589198456
Out:  (705170, '=====-PROCESS_ACTION-=====', 0.0) 40.771838726999704
Out:  (705333, 'move_grasped_object', 0.0) 40.78120177000528
In:  (
In:  (
In:  release
In:  right_gripper
In:  )
In:  (
In:  right_gripper
In:  gripping
In:  none
In:  )
In:  )
Out:  (732220, '~~~~~~~~~~~~~~~~~~~~~~~~~~~~~~~~~~~~~~~~~~~~~~~', 0.0) 42.327602670004126
Out:  (737665, '=====-PROCESS_ACTION-=====', 0.0) 42.64085306998459
Out:  (737828, 'release', 0.0) 42.650164875987684
Out:  (752564, '=====-PROCESS_ACTION-=====', 0.0) 43.497089098993456
Out:  (752727, 'put_down_grasped_object', 0.0) 43.50638506098767
Out:  (770679, '=====-PROCESS_ACTION-=====', 0.0) 44.53848722198745
Out:  (770842, 'move_object', 0.0) 44.5478885610064
In:  (
In:  (
In:  move_arm_and_grasp
In:  right_gripper
In:  M_blk3
In:  )
In:  (
In:  right_gripper
In:  gripping
In:  M_blk3
In:  )
In:  )
Out:  (792322, '~~~~~~~~~~~~~~~~~~~~~~~~~~~~~~~~~~~~~~~~~~~~~~~', 0.0) 45.78366785400431
Out:  (797767, '=====-PROCESS_ACTION-=====', 0.0) 46.097200446994975
Out:  (797930, 'move_arm_and_grasp', 0.0) 46.106703108991496
In:  (
In:  (
In:  move_grasped_object
In:  right_gripper
In:  table
In:  true
In:  )
In:  )
Out:  (836851, '~~~~~~~~~~~~~~~~~~~~~~~~~~~~~~~~~~~~~~~~~~~~~~~', 0.0) 48.4311139670026
Out:  (842296, '=====-PROCESS_ACTION-=====', 0.0) 48.74459788299282
Out:  (842459, 'move_grasped_object', 0.0) 48.7538980130048
In:  (
In:  (
In:  release
In:  right_gripper
In:  )
In:  (
In:  right_gripper
In:  gripping
In:  none
In:  )
In:  )
Out:  (869398, '~~~~~~~~~~~~~~~~~~~~~~~~~~~~~~~~~~~~~~~~~~~~~~~', 0.0) 50.30421816100716
Out:  (874843, '=====-PROCESS_ACTION-=====', 0.0) 50.617377290996956
Out:  (875006, 'release', 0.0) 50.62671596600558
Out:  (889788, '=====-PROCESS_ACTION-=====', 0.0) 51.47765769099351
Out:  (889951, 'put_down_grasped_object', 0.0) 51.48707676399499
Out:  (907949, '=====-PROCESS_ACTION-=====', 0.0) 52.52928752699518
Out:  (908112, 'move_object', 0.0) 52.538720866985386
In:  (
In:  (
In:  move_arm_and_grasp
In:  right_gripper
In:  M_blk6
In:  )
In:  (
In:  right_gripper
In:  gripping
In:  M_blk6
In:  )
In:  )
Out:  (929618, '~~~~~~~~~~~~~~~~~~~~~~~~~~~~~~~~~~~~~~~~~~~~~~~', 0.0) 53.777359892992536
Out:  (935063, '=====-PROCESS_ACTION-=====', 0.0) 54.09141582099255
Out:  (935226, 'move_arm_and_grasp', 0.0) 54.10075902999961
In:  (
In:  (
In:  move_grasped_object
In:  right_gripper
In:  M_blk3
In:  true
In:  )
In:  )
Out:  (974225, '~~~~~~~~~~~~~~~~~~~~~~~~~~~~~~~~~~~~~~~~~~~~~~~', 0.0) 56.34528243998648
Out:  (979670, '=====-PROCESS_ACTION-=====', 0.0) 56.659884433000116
Out:  (979833, 'move_grasped_object', 0.0) 56.669214027002454
In:  (
In:  (
In:  release
In:  right_gripper
In:  )
In:  (
In:  right_gripper
In:  gripping
In:  none
In:  )
In:  )
Out:  (1006824, '~~~~~~~~~~~~~~~~~~~~~~~~~~~~~~~~~~~~~~~~~~~~~~~', 0.0) 58.21964784100419
Out:  (1012269, '=====-PROCESS_ACTION-=====', 0.0) 58.534239092987264
Out:  (1012432, 'release', 0.0) 58.54359338100767
Out:  (1027260, '=====-PROCESS_ACTION-=====', 0.0) 59.3959597729845
Out:  (1027423, 'put_down_grasped_object', 0.0) 59.40520932900836
Out:  (1045467, '=====-PROCESS_ACTION-=====', 0.0) 60.44434985300177
Out:  (1045630, 'move_object', 0.0) 60.453710832982324
In:  (
In:  (
In:  move_arm_and_grasp
In:  right_gripper
In:  M_blk4
In:  )
In:  (
In:  right_gripper
In:  gripping
In:  M_blk4
In:  )
In:  )
Out:  (1067162, '~~~~~~~~~~~~~~~~~~~~~~~~~~~~~~~~~~~~~~~~~~~~~~~', 0.0) 61.69186509298743
Out:  (1072607, '=====-PROCESS_ACTION-=====', 0.0) 62.0065934729937
Out:  (1072770, 'move_arm_and_grasp', 0.0) 62.01598992498475
In:  (
In:  (
In:  move_grasped_object
In:  right_gripper
In:  table
In:  true
In:  )
In:  )
Out:  (1111847, '~~~~~~~~~~~~~~~~~~~~~~~~~~~~~~~~~~~~~~~~~~~~~~~', 0.0) 64.26676011699601
Out:  (1117292, '=====-PROCESS_ACTION-=====', 0.0) 64.58156311500352
Out:  (1117455, 'move_grasped_object', 0.0) 64.59081578298355
In:  (
In:  (
In:  release
In:  right_gripper
In:  )
In:  (
In:  right_gripper
In:  gripping
In:  none
In:  )
In:  )
Out:  (1144498, '~~~~~~~~~~~~~~~~~~~~~~~~~~~~~~~~~~~~~~~~~~~~~~~', 0.0) 66.25666586900479
Out:  (1149943, '=====-PROCESS_ACTION-=====', 0.0) 66.5730564679834
Out:  (1150106, 'release', 0.0) 66.58238152498961
Out:  (1164980, '=====-PROCESS_ACTION-=====', 0.0) 67.43918657398899
Out:  (1165143, 'put_down_grasped_object', 0.0) 67.44842705398332
Out:  (1183233, '=====-PROCESS_ACTION-=====', 0.0) 68.49178682800266
Out:  (1183396, 'move_object', 0.0) 68.50121268600924
In:  (
In:  (
In:  move_arm_and_grasp
In:  right_gripper
In:  M_blk7
In:  )
In:  (
In:  right_gripper
In:  gripping
In:  M_blk7
In:  )
In:  )
Out:  (1204954, '~~~~~~~~~~~~~~~~~~~~~~~~~~~~~~~~~~~~~~~~~~~~~~~', 0.0) 69.7418367319915
Out:  (1210399, '=====-PROCESS_ACTION-=====', 0.0) 70.05637250700966
Out:  (1210562, 'move_arm_and_grasp', 0.0) 70.06594372398104
In:  (
In:  (
In:  move_grasped_object
In:  right_gripper
In:  M_blk4
In:  true
In:  )
In:  )
Out:  (1249717, '~~~~~~~~~~~~~~~~~~~~~~~~~~~~~~~~~~~~~~~~~~~~~~~', 0.0) 72.33011872699717
Out:  (1255162, '=====-PROCESS_ACTION-=====', 0.0) 72.64584045900847
Out:  (1255325, 'move_grasped_object', 0.0) 72.65515911599505
In:  (
In:  (
In:  release
In:  right_gripper
In:  )
In:  (
In:  right_gripper
In:  gripping
In:  none
In:  )
In:  )
Out:  (1282420, '~~~~~~~~~~~~~~~~~~~~~~~~~~~~~~~~~~~~~~~~~~~~~~~', 0.0) 74.2233223799849
Out:  (1287865, '=====-PROCESS_ACTION-=====', 0.0) 74.5384457159962
Out:  (1288028, 'release', 0.0) 74.54785132798133
Out:  (1302948, '=====-PROCESS_ACTION-=====', 0.0) 75.40915083000436
Out:  (1303111, 'put_down_grasped_object', 0.0) 75.4184390869923
Out:  (1321247, '=====-PROCESS_ACTION-=====', 0.0) 76.46367443300551
Out:  (1321410, 'move_object', 0.0) 76.47304595899186
In:  (
In:  (
In:  move_arm_and_grasp
In:  right_gripper
In:  M_blk1
In:  )
In:  (
In:  right_gripper
In:  gripping
In:  M_blk1
In:  )
In:  )
Out:  (1342994, '~~~~~~~~~~~~~~~~~~~~~~~~~~~~~~~~~~~~~~~~~~~~~~~', 0.0) 77.71688735598582
Out:  (1348439, '=====-PROCESS_ACTION-=====', 0.0) 78.03268227598164
Out:  (1348602, 'move_arm_and_grasp', 0.0) 78.04199403399252
In:  (
In:  (
In:  move_grasped_object
In:  right_gripper
In:  M_blk6
In:  true
In:  )
In:  )
Out:  (1387835, '~~~~~~~~~~~~~~~~~~~~~~~~~~~~~~~~~~~~~~~~~~~~~~~', 0.0) 80.30344749399228
Out:  (1393280, '=====-PROCESS_ACTION-=====', 0.0) 80.61825383198448
Out:  (1393443, 'move_grasped_object', 0.0) 80.62773227499565
In:  (
In:  (
In:  release
In:  right_gripper
In:  )
In:  (
In:  right_gripper
In:  gripping
In:  none
In:  )
In:  )
Out:  (1420590, '~~~~~~~~~~~~~~~~~~~~~~~~~~~~~~~~~~~~~~~~~~~~~~~', 0.0) 82.19370986000285
Out:  (1426035, '=====-PROCESS_ACTION-=====', 0.0) 82.50813272499363
Out:  (1426198, 'release', 0.0) 82.51767441598349
Out:  (1441164, '=====-PROCESS_ACTION-=====', 0.0) 83.38234387699049
Out:  (1441327, 'put_down_grasped_object', 0.0) 83.39160671000718
Out:  (1459509, '=====-PROCESS_ACTION-=====', 0.0) 84.4412009799853
Out:  (1459672, 'move_object', 0.0) 84.45062193699414
In:  (
In:  (
In:  move_arm_and_grasp
In:  right_gripper
In:  M_blk5
In:  )
In:  (
In:  right_gripper
In:  gripping
In:  M_blk5
In:  )
In:  )
Out:  (1481282, '~~~~~~~~~~~~~~~~~~~~~~~~~~~~~~~~~~~~~~~~~~~~~~~', 0.0) 85.69830461899983
Out:  (1486727, '=====-PROCESS_ACTION-=====', 0.0) 86.0140797609929
Out:  (1486890, 'move_arm_and_grasp', 0.0) 86.02351017200272
In:  (
In:  (
In:  move_grasped_object
In:  right_gripper
In:  table
In:  true
In:  )
In:  )
Out:  (1526201, '~~~~~~~~~~~~~~~~~~~~~~~~~~~~~~~~~~~~~~~~~~~~~~~', 0.0) 88.29030622699065
Out:  (1531646, '=====-PROCESS_ACTION-=====', 0.0) 88.60484510898823
Out:  (1531809, 'move_grasped_object', 0.0) 88.61454418199719
In:  (
In:  (
In:  release
In:  right_gripper
In:  )
In:  (
In:  right_gripper
In:  gripping
In:  none
In:  )
In:  )
Out:  (1559008, '~~~~~~~~~~~~~~~~~~~~~~~~~~~~~~~~~~~~~~~~~~~~~~~', 0.0) 90.32275446099811
Out:  (1564453, '=====-PROCESS_ACTION-=====', 0.0) 90.63900118498714
Out:  (1564616, 'release', 0.0) 90.64823885899386
Out:  (1579628, '=====-PROCESS_ACTION-=====', 0.0) 91.5151648199826
Out:  (1579791, 'put_down_grasped_object', 0.0) 91.52461658898392
Out:  (1598019, '=====-PROCESS_ACTION-=====', 0.0) 92.57644497498404
Out:  (1598182, 'move_object', 0.0) 92.58584439000697
In:  (
In:  (
In:  move_arm_and_grasp
In:  right_gripper
In:  M_blk8
In:  )
In:  (
In:  right_gripper
In:  gripping
In:  M_blk8
In:  )
In:  )
Out:  (1619818, '~~~~~~~~~~~~~~~~~~~~~~~~~~~~~~~~~~~~~~~~~~~~~~~', 0.0) 93.83511212200392
Out:  (1625263, '=====-PROCESS_ACTION-=====', 0.0) 94.14637274798588
Out:  (1625426, 'move_arm_and_grasp', 0.0) 94.15562256900012
In:  (
In:  (
In:  move_grasped_object
In:  right_gripper
In:  M_blk5
In:  true
In:  )
In:  )
Out:  (1664815, '~~~~~~~~~~~~~~~~~~~~~~~~~~~~~~~~~~~~~~~~~~~~~~~', 0.0) 96.4049255370046
Out:  (1670260, '=====-PROCESS_ACTION-=====', 0.0) 96.7167254560045
Out:  (1670423, 'move_grasped_object', 0.0) 96.7259209860058
In:  (
In:  (
In:  release
In:  right_gripper
In:  )
In:  (
In:  right_gripper
In:  gripping
In:  none
In:  )
In:  )
Out:  (1697674, '~~~~~~~~~~~~~~~~~~~~~~~~~~~~~~~~~~~~~~~~~~~~~~~', 0.0) 98.2828470460081
Out:  (1703119, '=====-PROCESS_ACTION-=====', 0.0) 98.593996281008
Out:  (1703282, 'release', 0.0) 98.60323533098563
Out:  (1718340, '=====-PROCESS_ACTION-=====', 0.0) 99.46518767400994
Out:  (1718503, 'put_down_grasped_object', 0.0) 99.4744158090034
Out:  (1736777, '=====-PROCESS_ACTION-=====', 0.0) 100.52147223599604
Out:  (1736940, 'move_object', 0.0) 100.53070843400201
In:  (
In:  (
In:  move_arm_and_grasp
In:  right_gripper
In:  M_blk2
In:  )
In:  (
In:  right_gripper
In:  gripping
In:  M_blk2
In:  )
In:  )
Out:  (1758602, '~~~~~~~~~~~~~~~~~~~~~~~~~~~~~~~~~~~~~~~~~~~~~~~', 0.0) 101.76771253399784
Out:  (1764047, '=====-PROCESS_ACTION-=====', 0.0) 102.07928201099276
Out:  (1764210, 'move_arm_and_grasp', 0.0) 102.0885384909925
In:  (
In:  (
In:  move_grasped_object
In:  right_gripper
In:  M_blk8
In:  true
In:  )
In:  )
Out:  (1803677, '~~~~~~~~~~~~~~~~~~~~~~~~~~~~~~~~~~~~~~~~~~~~~~~', 0.0) 104.34239531698404
Out:  (1809122, '=====-PROCESS_ACTION-=====', 0.0) 104.65418649298954
Out:  (1809285, 'move_grasped_object', 0.0) 104.66347997100092
In:  (
In:  (
In:  release
In:  right_gripper
In:  )
In:  (
In:  right_gripper
In:  gripping
In:  none
In:  )
In:  )
Out:  (1836588, '~~~~~~~~~~~~~~~~~~~~~~~~~~~~~~~~~~~~~~~~~~~~~~~', 0.0) 106.22639607999008
Out:  (1842033, '=====-PROCESS_ACTION-=====', 0.0) 106.54068890400231
Out:  (1842196, 'release', 0.0) 106.54996212999686
Out:  (1857300, '=====-PROCESS_ACTION-=====', 0.0) 107.41536523899413
Out:  (1857463, 'put_down_grasped_object', 0.0) 107.42468338599429
Out:  (1875783, '=====-PROCESS_ACTION-=====', 0.0) 108.47273209798732
Out:  (1875946, 'move_object', 0.0) 108.48208155998145
In:  NIL
Out:  (1889955, '___', 0.0) 109.28156327400939
Out:  (1890116, 'EXPLANATION', 0.0) 109.29073719700682
Out:  (1890277, '___', 0.0) 109.29993282299256
Out:  (1903731, 'move_object', 0.0) 110.07008515798952
Out:  (1903837, '(', 0.0) 110.07622363098199
Out:  (1903859, 'U_blk1', 0.0) 110.07753354898887
Out:  (1903904, 'table', 0.0) 110.08010371198179
Out:  (1903949, 'true', 0.0) 110.08267623800202
Out:  (1903977, ')', 0.0) 110.08424489299068
Out:  (1904354, '+-->', 0.0) 110.10567155299941
Out:  (1906211, 'move_arm_and_grasp', 0.0) 110.21203522998258
Out:  (1906317, '(', 0.0) 110.21818996500224
Out:  (1906339, 'right_gripper', 0.0) 110.21961456298595
Out:  (1906384, 'U_blk1', 0.0) 110.22224375099177
Out:  (1906412, ')', 0.0) 110.22380853700452
Out:  (1907534, 'put_down_grasped_object', 0.0) 110.28758318000473
Out:  (1907640, '(', 0.0) 110.293616267998
Out:  (1907662, 'right_gripper', 0.0) 110.29489511399879
Out:  (1907707, 'table', 0.0) 110.29743970098207
Out:  (1907752, 'true', 0.0) 110.29997029301012
Out:  (1907780, ')', 0.0) 110.3015318030084
Out:  (1908157, '+-->', 0.0) 110.32280709198676
Out:  (1910014, 'move_grasped_object', 0.0) 110.42912322399206
Out:  (1910120, '(', 0.0) 110.43519534100778
Out:  (1910142, 'right_gripper', 0.0) 110.43648066898459
Out:  (1910187, 'table', 0.0) 110.43901778099826
Out:  (1910232, 'true', 0.0) 110.44159268899239
Out:  (1910260, ')', 0.0) 110.44315400300547
Out:  (1911382, 'release', 0.0) 110.50727492198348
Out:  (1911488, '(', 0.0) 110.51335680900957
Out:  (1911510, 'right_gripper', 0.0) 110.51462428199011
Out:  (1911538, ')', 0.0) 110.51618857699214
Out:  (1911944, '+--<', 0.0) 110.53908151300857
Out:  (1912162, '+--<', 0.0) 110.5513617300021
Out:  (1913115, 'move_object', 0.0) 110.60572468399187
Out:  (1913221, '(', 0.0) 110.61181050498271
Out:  (1913243, 'U_blk4', 0.0) 110.61310780298663
Out:  (1913288, 'U_blk1', 0.0) 110.61563308199402
Out:  (1913333, 'true', 0.0) 110.6181729939999
Out:  (1913361, ')', 0.0) 110.61973123700591
Out:  (1913738, '+-->', 0.0) 110.64104259599117
Out:  (1915595, 'move_arm_and_grasp', 0.0) 110.74743799399585
Out:  (1915701, '(', 0.0) 110.75351152400253
Out:  (1915723, 'right_gripper', 0.0) 110.75478422400192
Out:  (1915768, 'U_blk4', 0.0) 110.75743355500163
Out:  (1915796, ')', 0.0) 110.75900924598682
Out:  (1916918, 'put_down_grasped_object', 0.0) 110.82297330498113
Out:  (1917024, '(', 0.0) 110.8290285319963
Out:  (1917046, 'right_gripper', 0.0) 110.83031290999497
Out:  (1917091, 'U_blk1', 0.0) 110.83287092900719
Out:  (1917136, 'true', 0.0) 110.83541369700106
Out:  (1917164, ')', 0.0) 110.83698336800444
Out:  (1917541, '+-->', 0.0) 110.85835894400952
Out:  (1919398, 'move_grasped_object', 0.0) 110.96490224599256
Out:  (1919504, '(', 0.0) 110.97093199298251
Out:  (1919526, 'right_gripper', 0.0) 110.97219777098508
Out:  (1919571, 'U_blk1', 0.0) 110.9748085589963
Out:  (1919616, 'true', 0.0) 110.9775486169965
Out:  (1919644, ')', 0.0) 110.97911533899605
Out:  (1920766, 'release', 0.0) 111.04322018299717
Out:  (1920872, '(', 0.0) 111.04928602499422
Out:  (1920894, 'right_gripper', 0.0) 111.05056867800886
Out:  (1920922, ')', 0.0) 111.05213224000181
Out:  (1921328, '+--<', 0.0) 111.07498625500011
Out:  (1921546, '+--<', 0.0) 111.08736445999239
Out:  (1922499, 'move_object', 0.0) 111.14208028500434
Out:  (1922605, '(', 0.0) 111.14816179900663
Out:  (1922627, 'U_blk3', 0.0) 111.14944964900496
Out:  (1922672, 'U_blk4', 0.0) 111.15198262399645
Out:  (1922717, 'true', 0.0) 111.15455385498353
Out:  (1922745, ')', 0.0) 111.15612717100885
Out:  (1923122, '+-->', 0.0) 111.17750868998701
Out:  (1924979, 'move_arm_and_grasp', 0.0) 111.28405034600291
Out:  (1925085, '(', 0.0) 111.29014793000533
Out:  (1925107, 'right_gripper', 0.0) 111.29143009000109
Out:  (1925152, 'U_blk3', 0.0) 111.29399440498673
Out:  (1925180, ')', 0.0) 111.29555550098303
Out:  (1926302, 'put_down_grasped_object', 0.0) 111.35965122198104
Out:  (1926408, '(', 0.0) 111.36576215198147
Out:  (1926430, 'right_gripper', 0.0) 111.36704403700423
Out:  (1926475, 'U_blk4', 0.0) 111.36959442700027
Out:  (1926520, 'true', 0.0) 111.37218149000546
Out:  (1926548, ')', 0.0) 111.37377363900305
Out:  (1926925, '+-->', 0.0) 111.39514910100843
Out:  (1928782, 'move_grasped_object', 0.0) 111.50168614499853
Out:  (1928888, '(', 0.0) 111.50772554398281
Out:  (1928910, 'right_gripper', 0.0) 111.50900027999887
Out:  (1928955, 'U_blk4', 0.0) 111.51151963998564
Out:  (1929000, 'true', 0.0) 111.51407239600667
Out:  (1929028, ')', 0.0) 111.515633581992
Out:  (1930150, 'release', 0.0) 111.58004686498316
Out:  (1930256, '(', 0.0) 111.58610400100588
Out:  (1930278, 'right_gripper', 0.0) 111.5873871849908
Out:  (1930306, ')', 0.0) 111.5889811149973
Out:  (1930712, '+--<', 0.0) 111.61183147199336
Out:  (1930930, '+--<', 0.0) 111.62417671998264
Out:  (1931883, 'move_object', 0.0) 111.67865633999463
Out:  (1931989, '(', 0.0) 111.684727165004
Out:  (1932011, 'U_blk2', 0.0) 111.68600335798692
Out:  (1932056, 'U_blk1', 0.0) 111.68855270100175
Out:  (1932101, 'true', 0.0) 111.6910942629911
Out:  (1932129, ')', 0.0) 111.6926597779966
Out:  (1932506, '+-->', 0.0) 111.71393499799888
Out:  (1934363, 'move_arm_and_grasp', 0.0) 111.82046678999905
Out:  (1934469, '(', 0.0) 111.82649862600374
Out:  (1934491, 'right_gripper', 0.0) 111.82776920200558
Out:  (1934536, 'U_blk2', 0.0) 111.83032274700236
Out:  (1934564, ')', 0.0) 111.83187360598822
Out:  (1935686, 'put_down_grasped_object', 0.0) 111.89596945900121
Out:  (1935792, '(', 0.0) 111.90205125499051
Out:  (1935814, 'right_gripper', 0.0) 111.90332225599559
Out:  (1935859, 'U_blk1', 0.0) 111.9058854279865
Out:  (1935904, 'true', 0.0) 111.90842242800863
Out:  (1935932, ')', 0.0) 111.90999581699725
Out:  (1936309, '+-->', 0.0) 111.93128466399503
Out:  (1938166, 'move_grasped_object', 0.0) 112.0376183000044
Out:  (1938272, '(', 0.0) 112.04370488898712
Out:  (1938294, 'right_gripper', 0.0) 112.04500838500098
Out:  (1938339, 'U_blk1', 0.0) 112.04757139598951
Out:  (1938384, 'true', 0.0) 112.05013369498192
Out:  (1938412, ')', 0.0) 112.05169070599368
Out:  (1939534, 'release', 0.0) 112.11643059799098
Out:  (1939640, '(', 0.0) 112.12252487198566
Out:  (1939662, 'right_gripper', 0.0) 112.12382622298901
Out:  (1939690, ')', 0.0) 112.12542287699762
Out:  (1940096, '+--<', 0.0) 112.14851582498522
Out:  (1940314, '+--<', 0.0) 112.1609446729999
Out:  (1941267, 'move_object', 0.0) 112.21559800900286
Out:  (1941373, '(', 0.0) 112.22169714400661
Out:  (1941395, 'U_blk5', 0.0) 112.22298477799632
Out:  (1941440, 'U_blk2', 0.0) 112.22556251499918
Out:  (1941485, 'true', 0.0) 112.22811387499678
Out:  (1941513, ')', 0.0) 112.22972123199725
Out:  (1941890, '+-->', 0.0) 112.25123380700825
Out:  (1943747, 'move_arm_and_grasp', 0.0) 112.35769072198309
Out:  (1943853, '(', 0.0) 112.36376392599777
Out:  (1943875, 'right_gripper', 0.0) 112.36504628698458
Out:  (1943920, 'U_blk5', 0.0) 112.36758187398664
Out:  (1943948, ')', 0.0) 112.36917426498258
Out:  (1945070, 'put_down_grasped_object', 0.0) 112.43312348698964
Out:  (1945176, '(', 0.0) 112.43921175898868
Out:  (1945198, 'right_gripper', 0.0) 112.44048807900981
Out:  (1945243, 'U_blk2', 0.0) 112.44301349800662
Out:  (1945288, 'true', 0.0) 112.44557367099333
Out:  (1945316, ')', 0.0) 112.44713061099174
Out:  (1945693, '+-->', 0.0) 112.4684258220077
Out:  (1947550, 'move_grasped_object', 0.0) 112.57466009599739
Out:  (1947656, '(', 0.0) 112.58074789398233
Out:  (1947678, 'right_gripper', 0.0) 112.58202597300988
Out:  (1947723, 'U_blk2', 0.0) 112.58457774799899
Out:  (1947768, 'true', 0.0) 112.58710946299834
Out:  (1947796, ')', 0.0) 112.58867911598645
Out:  (1948918, 'release', 0.0) 112.65255149098812
Out:  (1949024, '(', 0.0) 112.65864533200511
Out:  (1949046, 'right_gripper', 0.0) 112.65993859700393
Out:  (1949074, ')', 0.0) 112.66152715100907
Out:  (1949480, '+--<', 0.0) 112.68455956998514
Out:  (1949698, '+--<', 0.0) 112.69681647399557
Out:  (1950651, 'move_object', 0.0) 112.75114034200669
Out:  (1950757, '(', 0.0) 112.75721049500862
Out:  (1950779, 'M_blk3', 0.0) 112.75849497498712
Out:  (1950824, 'table', 0.0) 112.7614292629878
Out:  (1950869, 'true', 0.0) 112.76397264798288
Out:  (1950897, ')', 0.0) 112.7655487319862
Out:  (1951274, '+-->', 0.0) 112.78695545598748
Out:  (1953131, 'move_arm_and_grasp', 0.0) 112.8934249059821
Out:  (1953237, '(', 0.0) 112.89951278199442
Out:  (1953259, 'right_gripper', 0.0) 112.90080517999013
Out:  (1953304, 'M_blk3', 0.0) 112.90336218499579
Out:  (1953332, ')', 0.0) 112.9049395339971
Out:  (1954454, 'put_down_grasped_object', 0.0) 112.96873739198782
Out:  (1954560, '(', 0.0) 112.9747614049993
Out:  (1954582, 'right_gripper', 0.0) 112.97602657400421
Out:  (1954627, 'table', 0.0) 112.97857542600832
Out:  (1954672, 'true', 0.0) 112.98112838499947
Out:  (1954700, ')', 0.0) 112.98269732299377
Out:  (1955077, '+-->', 0.0) 113.00401232100558
Out:  (1956934, 'move_grasped_object', 0.0) 113.1106862979941
Out:  (1957040, '(', 0.0) 113.11673198998324
Out:  (1957062, 'right_gripper', 0.0) 113.11799244198482
Out:  (1957107, 'table', 0.0) 113.12054167399765
Out:  (1957152, 'true', 0.0) 113.1230659679859
Out:  (1957180, ')', 0.0) 113.12462793500163
Out:  (1958302, 'release', 0.0) 113.18882716898224
Out:  (1958408, '(', 0.0) 113.19489917400642
Out:  (1958430, 'right_gripper', 0.0) 113.1961791839858
Out:  (1958458, ')', 0.0) 113.19774495600723
Out:  (1958864, '+--<', 0.0) 113.22069576199283
Out:  (1959082, '+--<', 0.0) 113.2330452259921
Out:  (1960035, 'move_object', 0.0) 113.28757039399352
Out:  (1960141, '(', 0.0) 113.29366635699989
Out:  (1960163, 'M_blk6', 0.0) 113.2949521279952
Out:  (1960208, 'M_blk3', 0.0) 113.29751114398823
Out:  (1960253, 'true', 0.0) 113.30007604998536
Out:  (1960281, ')', 0.0) 113.30167762399651
Out:  (1960658, '+-->', 0.0) 113.32315342698712
Out:  (1962515, 'move_arm_and_grasp', 0.0) 113.42948673100909
Out:  (1962621, '(', 0.0) 113.43556947799516
Out:  (1962643, 'right_gripper', 0.0) 113.43686269200407
Out:  (1962688, 'M_blk6', 0.0) 113.43941044298117
Out:  (1962716, ')', 0.0) 113.44099758198718
Out:  (1963838, 'put_down_grasped_object', 0.0) 113.5050776139833
Out:  (1963944, '(', 0.0) 113.51118467198103
Out:  (1963966, 'right_gripper', 0.0) 113.51248404500075
Out:  (1964011, 'M_blk3', 0.0) 113.51503636100097
Out:  (1964056, 'true', 0.0) 113.51760367798852
Out:  (1964084, ')', 0.0) 113.51922309500515
Out:  (1964461, '+-->', 0.0) 113.54066183199757
Out:  (1966318, 'move_grasped_object', 0.0) 113.64673402000335
Out:  (1966424, '(', 0.0) 113.6527803610079
Out:  (1966446, 'right_gripper', 0.0) 113.6540468739986
Out:  (1966491, 'M_blk3', 0.0) 113.65657828800613
Out:  (1966536, 'true', 0.0) 113.65908205500455
Out:  (1966564, ')', 0.0) 113.66065484899445
Out:  (1967686, 'release', 0.0) 113.7248265039816
Out:  (1967792, '(', 0.0) 113.73088665798423
Out:  (1967814, 'right_gripper', 0.0) 113.7321652440005
Out:  (1967842, ')', 0.0) 113.73374292100198
Out:  (1968248, '+--<', 0.0) 113.75670087800245
Out:  (1968466, '+--<', 0.0) 113.76899867699831
Out:  (1969419, 'move_object', 0.0) 113.82345987699227
Out:  (1969525, '(', 0.0) 113.82953498899587
Out:  (1969547, 'M_blk4', 0.0) 113.83082922300673
Out:  (1969592, 'table', 0.0) 113.83339361799881
Out:  (1969637, 'true', 0.0) 113.83594605899998
Out:  (1969665, ')', 0.0) 113.83752786699915
Out:  (1970042, '+-->', 0.0) 113.85889055699226
Out:  (1971899, 'move_arm_and_grasp', 0.0) 113.96539260298596
Out:  (1972005, '(', 0.0) 113.97146800698829
Out:  (1972027, 'right_gripper', 0.0) 113.97277100599604
Out:  (1972072, 'M_blk4', 0.0) 113.97531372398953
Out:  (1972100, ')', 0.0) 113.97689845098648
Out:  (1973222, 'put_down_grasped_object', 0.0) 114.04082051300793
Out:  (1973328, '(', 0.0) 114.04691662598634
Out:  (1973350, 'right_gripper', 0.0) 114.0482057229965
Out:  (1973395, 'table', 0.0) 114.05074904998764
Out:  (1973440, 'true', 0.0) 114.05332330198144
Out:  (1973468, ')', 0.0) 114.05488773598336
Out:  (1973845, '+-->', 0.0) 114.07621327898232
Out:  (1975702, 'move_grasped_object', 0.0) 114.18253389099846
Out:  (1975808, '(', 0.0) 114.18868349399418
Out:  (1975830, 'right_gripper', 0.0) 114.18996573300683
Out:  (1975875, 'table', 0.0) 114.19254621400614
Out:  (1975920, 'true', 0.0) 114.19510671799071
Out:  (1975948, ')', 0.0) 114.19667831700644
Out:  (1977070, 'release', 0.0) 114.26137269099127
Out:  (1977176, '(', 0.0) 114.26743240698124
Out:  (1977198, 'right_gripper', 0.0) 114.26872433099197
Out:  (1977226, ')', 0.0) 114.27029585998389
Out:  (1977632, '+--<', 0.0) 114.29319498498808
Out:  (1977850, '+--<', 0.0) 114.30556256001
Out:  (1978803, 'move_object', 0.0) 114.3601059759967
Out:  (1978909, '(', 0.0) 114.3661707599822
Out:  (1978931, 'M_blk7', 0.0) 114.36744981299853
Out:  (1978976, 'M_blk4', 0.0) 114.37000214800355
Out:  (1979021, 'true', 0.0) 114.37254347998532
Out:  (1979049, ')', 0.0) 114.37413780900533
Out:  (1979426, '+-->', 0.0) 114.39549827799783
Out:  (1981283, 'move_arm_and_grasp', 0.0) 114.50179956801003
Out:  (1981389, '(', 0.0) 114.50782874599099
Out:  (1981411, 'right_gripper', 0.0) 114.50912161800079
Out:  (1981456, 'M_blk7', 0.0) 114.51166286499938
Out:  (1981484, ')', 0.0) 114.51323609499377
Out:  (1982606, 'put_down_grasped_object', 0.0) 114.5776548050053
Out:  (1982712, '(', 0.0) 114.58370421998552
Out:  (1982734, 'right_gripper', 0.0) 114.58499542300706
Out:  (1982779, 'M_blk4', 0.0) 114.58752070000628
Out:  (1982824, 'true', 0.0) 114.59005023801001
Out:  (1982852, ')', 0.0) 114.59159553100471
Out:  (1983229, '+-->', 0.0) 114.61281278499519
Out:  (1985086, 'move_grasped_object', 0.0) 114.71915831699152
Out:  (1985192, '(', 0.0) 114.72526091898908
Out:  (1985214, 'right_gripper', 0.0) 114.72654818900628
Out:  (1985259, 'M_blk4', 0.0) 114.72910840899567
Out:  (1985304, 'true', 0.0) 114.73165425899788
Out:  (1985332, ')', 0.0) 114.73321742098778
Out:  (1986454, 'release', 0.0) 114.79765359999146
Out:  (1986560, '(', 0.0) 114.80369390599662
Out:  (1986582, 'right_gripper', 0.0) 114.8049846549984
Out:  (1986610, ')', 0.0) 114.80655397998635
Out:  (1987016, '+--<', 0.0) 114.82941575400764
Out:  (1987234, '+--<', 0.0) 114.84172075998504
Out:  (1988187, 'move_object', 0.0) 114.89612838299945
Out:  (1988293, '(', 0.0) 114.90222690399969
Out:  (1988315, 'M_blk1', 0.0) 114.90350659799878
Out:  (1988360, 'M_blk6', 0.0) 114.90608963900013
Out:  (1988405, 'true', 0.0) 114.90866990698851
Out:  (1988433, ')', 0.0) 114.91024745299364
Out:  (1988810, '+-->', 0.0) 114.93176818199572
Out:  (1990667, 'move_arm_and_grasp', 0.0) 115.03799514600541
Out:  (1990773, '(', 0.0) 115.04405292999581
Out:  (1990795, 'right_gripper', 0.0) 115.04534348798916
Out:  (1990840, 'M_blk1', 0.0) 115.0478644100076
Out:  (1990868, ')', 0.0) 115.04942041600589
Out:  (1991990, 'put_down_grasped_object', 0.0) 115.11351524398196
Out:  (1992096, '(', 0.0) 115.11954671898275
Out:  (1992118, 'right_gripper', 0.0) 115.12085232898244
Out:  (1992163, 'M_blk6', 0.0) 115.1233914619952
Out:  (1992208, 'true', 0.0) 115.12594795800396
Out:  (1992236, ')', 0.0) 115.12750409799628
Out:  (1992613, '+-->', 0.0) 115.14906175099895
Out:  (1994470, 'move_grasped_object', 0.0) 115.2549693690089
Out:  (1994576, '(', 0.0) 115.26100883600884
Out:  (1994598, 'right_gripper', 0.0) 115.26228082799935
Out:  (1994643, 'M_blk6', 0.0) 115.26483070498216
Out:  (1994688, 'true', 0.0) 115.26737752900226
Out:  (1994716, ')', 0.0) 115.2689700339979
Out:  (1995838, 'release', 0.0) 115.33276738799759
Out:  (1995944, '(', 0.0) 115.33886724800686
Out:  (1995966, 'right_gripper', 0.0) 115.34013849499752
Out:  (1995994, ')', 0.0) 115.3417289799836
Out:  (1996400, '+--<', 0.0) 115.3647481869848
Out:  (1996618, '+--<', 0.0) 115.37707020700327
Out:  (1997571, 'move_object', 0.0) 115.43149211298442
Out:  (1997677, '(', 0.0) 115.43756275699707
Out:  (1997699, 'M_blk5', 0.0) 115.43884268100373
Out:  (1997744, 'table', 0.0) 115.4414036909875
Out:  (1997789, 'true', 0.0) 115.44393330998719
Out:  (1997817, ')', 0.0) 115.44556522398489
Out:  (1998194, '+-->', 0.0) 115.46698421100155
Out:  (2000051, 'move_arm_and_grasp', 0.0) 115.57378812800744
Out:  (2000157, '(', 0.0) 115.57989024699782
Out:  (2000179, 'right_gripper', 0.0) 115.58118641900364
Out:  (2000224, 'M_blk5', 0.0) 115.58374339199509
Out:  (2000252, ')', 0.0) 115.58535190898692
Out:  (2001374, 'put_down_grasped_object', 0.0) 115.64961136798956
Out:  (2001480, '(', 0.0) 115.65584997198312
Out:  (2001502, 'right_gripper', 0.0) 115.65712981499382
Out:  (2001547, 'table', 0.0) 115.6596606640087
Out:  (2001592, 'true', 0.0) 115.66221951099578
Out:  (2001620, ')', 0.0) 115.66378755998448
Out:  (2001997, '+-->', 0.0) 115.68521500800853
Out:  (2003854, 'move_grasped_object', 0.0) 115.79193395498442
Out:  (2003960, '(', 0.0) 115.79802028700942
Out:  (2003982, 'right_gripper', 0.0) 115.7992892570037
Out:  (2004027, 'table', 0.0) 115.80184652900789
Out:  (2004072, 'true', 0.0) 115.80437425899436
Out:  (2004100, ')', 0.0) 115.80593931899057
Out:  (2005222, 'release', 0.0) 115.87044301099377
Out:  (2005328, '(', 0.0) 115.87651058900519
Out:  (2005350, 'right_gripper', 0.0) 115.87778409200837
Out:  (2005378, ')', 0.0) 115.87933013899601
Out:  (2005784, '+--<', 0.0) 115.90217182799825
Out:  (2006002, '+--<', 0.0) 115.91446685700794
Out:  (2006955, 'move_object', 0.0) 115.96889555899543
Out:  (2007061, '(', 0.0) 115.97493352898164
Out:  (2007083, 'M_blk8', 0.0) 115.97620836299029
Out:  (2007128, 'M_blk5', 0.0) 115.97875280299922
Out:  (2007173, 'true', 0.0) 115.98131543400814
Out:  (2007201, ')', 0.0) 115.98288018698804
Out:  (2007578, '+-->', 0.0) 116.00413158899755
Out:  (2009435, 'move_arm_and_grasp', 0.0) 116.11036478800816
Out:  (2009541, '(', 0.0) 116.11647968800389
Out:  (2009563, 'right_gripper', 0.0) 116.11775721999584
Out:  (2009608, 'M_blk8', 0.0) 116.12031412799843
Out:  (2009636, ')', 0.0) 116.12190716699115
Out:  (2010758, 'put_down_grasped_object', 0.0) 116.18613515698235
Out:  (2010864, '(', 0.0) 116.19219265200081
Out:  (2010886, 'right_gripper', 0.0) 116.19349713099655
Out:  (2010931, 'M_blk5', 0.0) 116.19604489899939
Out:  (2010976, 'true', 0.0) 116.19858432299225
Out:  (2011004, ')', 0.0) 116.20015426998725
Out:  (2011381, '+-->', 0.0) 116.22153880199767
Out:  (2013238, 'move_grasped_object', 0.0) 116.32773658700171
Out:  (2013344, '(', 0.0) 116.33377372100949
Out:  (2013366, 'right_gripper', 0.0) 116.3350530359894
Out:  (2013411, 'M_blk5', 0.0) 116.33760973898461
Out:  (2013456, 'true', 0.0) 116.34013688200503
Out:  (2013484, ')', 0.0) 116.34170908699161
Out:  (2014606, 'release', 0.0) 116.40627889399184
Out:  (2014712, '(', 0.0) 116.41230339900358
Out:  (2014734, 'right_gripper', 0.0) 116.41360379499383
Out:  (2014762, ')', 0.0) 116.41517083198414
Out:  (2015168, '+--<', 0.0) 116.43809769500513
Out:  (2015386, '+--<', 0.0) 116.45039782498498
Out:  (2016339, 'move_object', 0.0) 116.5049826480099
Out:  (2016445, '(', 0.0) 116.51101201400161
Out:  (2016467, 'M_blk2', 0.0) 116.51228632198763
Out:  (2016512, 'M_blk8', 0.0) 116.51484575500945
Out:  (2016557, 'true', 0.0) 116.51741495999158
Out:  (2016585, ')', 0.0) 116.518985445
Out:  (2016962, '+-->', 0.0) 116.54036173998611
Out:  (2018819, 'move_arm_and_grasp', 0.0) 116.64724431998911
Out:  (2018925, '(', 0.0) 116.65331949599204
Out:  (2018947, 'right_gripper', 0.0) 116.65459966700291
Out:  (2018992, 'M_blk2', 0.0) 116.65721048699925
Out:  (2019020, ')', 0.0) 116.6587979120086
Out:  (2020142, 'put_down_grasped_object', 0.0) 116.72313995999866
Out:  (2020248, '(', 0.0) 116.72926409498905
Out:  (2020270, 'right_gripper', 0.0) 116.73055629298324
Out:  (2020315, 'M_blk8', 0.0) 116.73311987399939
Out:  (2020360, 'true', 0.0) 116.7356784339936
Out:  (2020388, ')', 0.0) 116.73727928398876
Out:  (2020765, '+-->', 0.0) 116.75870893400861
Out:  (2022622, 'move_grasped_object', 0.0) 116.86528281998471
Out:  (2022728, '(', 0.0) 116.87138214698643
Out:  (2022750, 'right_gripper', 0.0) 116.87268998898799
Out:  (2022795, 'M_blk8', 0.0) 116.87522583198734
Out:  (2022840, 'true', 0.0) 116.87778452600469
Out:  (2022868, ')', 0.0) 116.87935519500752
Out:  (2023990, 'release', 0.0) 116.94347780899261
Out:  (2024096, '(', 0.0) 116.94954070600215
Out:  (2024118, 'right_gripper', 0.0) 116.95081758601009
Out:  (2024146, ')', 0.0) 116.9523803810007
Out:  (2024552, '+--<', 0.0) 116.97559375400306
Out:  (2024770, '+--<', 0.0) 116.98796644899994
Out:  (2025109, 'done', 0.0) 117.00710521999281
output:
(109721, '~~~~~~~~~~~~~~~~~~~~~~~~~~~~~~~~~~~~~~~~~~~~~~~', 0.0)
(115166, '=====-PROCESS_ACTION-=====', 0.0)
(115329, 'move_arm_and_grasp', 0.0)
(153860, '~~~~~~~~~~~~~~~~~~~~~~~~~~~~~~~~~~~~~~~~~~~~~~~', 0.0)
(159305, '=====-PROCESS_ACTION-=====', 0.0)
(159468, 'move_grasped_object', 0.0)
(186147, '~~~~~~~~~~~~~~~~~~~~~~~~~~~~~~~~~~~~~~~~~~~~~~~', 0.0)
(191592, '=====-PROCESS_ACTION-=====', 0.0)
(191755, 'release', 0.0)
(206307, '=====-PROCESS_ACTION-=====', 0.0)
(206470, 'put_down_grasped_object', 0.0)
(224079, '=====-PROCESS_ACTION-=====', 0.0)
(224242, 'move_object', 0.0)
(245618, '~~~~~~~~~~~~~~~~~~~~~~~~~~~~~~~~~~~~~~~~~~~~~~~', 0.0)
(251063, '=====-PROCESS_ACTION-=====', 0.0)
(251226, 'move_arm_and_grasp', 0.0)
(289835, '~~~~~~~~~~~~~~~~~~~~~~~~~~~~~~~~~~~~~~~~~~~~~~~', 0.0)
(295280, '=====-PROCESS_ACTION-=====', 0.0)
(295443, 'move_grasped_object', 0.0)
(322174, '~~~~~~~~~~~~~~~~~~~~~~~~~~~~~~~~~~~~~~~~~~~~~~~', 0.0)
(327619, '=====-PROCESS_ACTION-=====', 0.0)
(327782, 'release', 0.0)
(342380, '=====-PROCESS_ACTION-=====', 0.0)
(342543, 'put_down_grasped_object', 0.0)
(360357, '=====-PROCESS_ACTION-=====', 0.0)
(360520, 'move_object', 0.0)
(381922, '~~~~~~~~~~~~~~~~~~~~~~~~~~~~~~~~~~~~~~~~~~~~~~~', 0.0)
(387367, '=====-PROCESS_ACTION-=====', 0.0)
(387530, 'move_arm_and_grasp', 0.0)
(426217, '~~~~~~~~~~~~~~~~~~~~~~~~~~~~~~~~~~~~~~~~~~~~~~~', 0.0)
(431662, '=====-PROCESS_ACTION-=====', 0.0)
(431825, 'move_grasped_object', 0.0)
(458608, '~~~~~~~~~~~~~~~~~~~~~~~~~~~~~~~~~~~~~~~~~~~~~~~', 0.0)
(464053, '=====-PROCESS_ACTION-=====', 0.0)
(464216, 'release', 0.0)
(478860, '=====-PROCESS_ACTION-=====', 0.0)
(479023, 'put_down_grasped_object', 0.0)
(496883, '=====-PROCESS_ACTION-=====', 0.0)
(497046, 'move_object', 0.0)
(518474, '~~~~~~~~~~~~~~~~~~~~~~~~~~~~~~~~~~~~~~~~~~~~~~~', 0.0)
(523919, '=====-PROCESS_ACTION-=====', 0.0)
(524082, 'move_arm_and_grasp', 0.0)
(562847, '~~~~~~~~~~~~~~~~~~~~~~~~~~~~~~~~~~~~~~~~~~~~~~~', 0.0)
(568292, '=====-PROCESS_ACTION-=====', 0.0)
(568455, 'move_grasped_object', 0.0)
(595290, '~~~~~~~~~~~~~~~~~~~~~~~~~~~~~~~~~~~~~~~~~~~~~~~', 0.0)
(600735, '=====-PROCESS_ACTION-=====', 0.0)
(600898, 'release', 0.0)
(615588, '=====-PROCESS_ACTION-=====', 0.0)
(615751, 'put_down_grasped_object', 0.0)
(633657, '=====-PROCESS_ACTION-=====', 0.0)
(633820, 'move_object', 0.0)
(655274, '~~~~~~~~~~~~~~~~~~~~~~~~~~~~~~~~~~~~~~~~~~~~~~~', 0.0)
(660719, '=====-PROCESS_ACTION-=====', 0.0)
(660882, 'move_arm_and_grasp', 0.0)
(699725, '~~~~~~~~~~~~~~~~~~~~~~~~~~~~~~~~~~~~~~~~~~~~~~~', 0.0)
(705170, '=====-PROCESS_ACTION-=====', 0.0)
(705333, 'move_grasped_object', 0.0)
(732220, '~~~~~~~~~~~~~~~~~~~~~~~~~~~~~~~~~~~~~~~~~~~~~~~', 0.0)
(737665, '=====-PROCESS_ACTION-=====', 0.0)
(737828, 'release', 0.0)
(752564, '=====-PROCESS_ACTION-=====', 0.0)
(752727, 'put_down_grasped_object', 0.0)
(770679, '=====-PROCESS_ACTION-=====', 0.0)
(770842, 'move_object', 0.0)
(792322, '~~~~~~~~~~~~~~~~~~~~~~~~~~~~~~~~~~~~~~~~~~~~~~~', 0.0)
(797767, '=====-PROCESS_ACTION-=====', 0.0)
(797930, 'move_arm_and_grasp', 0.0)
(836851, '~~~~~~~~~~~~~~~~~~~~~~~~~~~~~~~~~~~~~~~~~~~~~~~', 0.0)
(842296, '=====-PROCESS_ACTION-=====', 0.0)
(842459, 'move_grasped_object', 0.0)
(869398, '~~~~~~~~~~~~~~~~~~~~~~~~~~~~~~~~~~~~~~~~~~~~~~~', 0.0)
(874843, '=====-PROCESS_ACTION-=====', 0.0)
(875006, 'release', 0.0)
(889788, '=====-PROCESS_ACTION-=====', 0.0)
(889951, 'put_down_grasped_object', 0.0)
(907949, '=====-PROCESS_ACTION-=====', 0.0)
(908112, 'move_object', 0.0)
(929618, '~~~~~~~~~~~~~~~~~~~~~~~~~~~~~~~~~~~~~~~~~~~~~~~', 0.0)
(935063, '=====-PROCESS_ACTION-=====', 0.0)
(935226, 'move_arm_and_grasp', 0.0)
(974225, '~~~~~~~~~~~~~~~~~~~~~~~~~~~~~~~~~~~~~~~~~~~~~~~', 0.0)
(979670, '=====-PROCESS_ACTION-=====', 0.0)
(979833, 'move_grasped_object', 0.0)
(1006824, '~~~~~~~~~~~~~~~~~~~~~~~~~~~~~~~~~~~~~~~~~~~~~~~', 0.0)
(1012269, '=====-PROCESS_ACTION-=====', 0.0)
(1012432, 'release', 0.0)
(1027260, '=====-PROCESS_ACTION-=====', 0.0)
(1027423, 'put_down_grasped_object', 0.0)
(1045467, '=====-PROCESS_ACTION-=====', 0.0)
(1045630, 'move_object', 0.0)
(1067162, '~~~~~~~~~~~~~~~~~~~~~~~~~~~~~~~~~~~~~~~~~~~~~~~', 0.0)
(1072607, '=====-PROCESS_ACTION-=====', 0.0)
(1072770, 'move_arm_and_grasp', 0.0)
(1111847, '~~~~~~~~~~~~~~~~~~~~~~~~~~~~~~~~~~~~~~~~~~~~~~~', 0.0)
(1117292, '=====-PROCESS_ACTION-=====', 0.0)
(1117455, 'move_grasped_object', 0.0)
(1144498, '~~~~~~~~~~~~~~~~~~~~~~~~~~~~~~~~~~~~~~~~~~~~~~~', 0.0)
(1149943, '=====-PROCESS_ACTION-=====', 0.0)
(1150106, 'release', 0.0)
(1164980, '=====-PROCESS_ACTION-=====', 0.0)
(1165143, 'put_down_grasped_object', 0.0)
(1183233, '=====-PROCESS_ACTION-=====', 0.0)
(1183396, 'move_object', 0.0)
(1204954, '~~~~~~~~~~~~~~~~~~~~~~~~~~~~~~~~~~~~~~~~~~~~~~~', 0.0)
(1210399, '=====-PROCESS_ACTION-=====', 0.0)
(1210562, 'move_arm_and_grasp', 0.0)
(1249717, '~~~~~~~~~~~~~~~~~~~~~~~~~~~~~~~~~~~~~~~~~~~~~~~', 0.0)
(1255162, '=====-PROCESS_ACTION-=====', 0.0)
(1255325, 'move_grasped_object', 0.0)
(1282420, '~~~~~~~~~~~~~~~~~~~~~~~~~~~~~~~~~~~~~~~~~~~~~~~', 0.0)
(1287865, '=====-PROCESS_ACTION-=====', 0.0)
(1288028, 'release', 0.0)
(1302948, '=====-PROCESS_ACTION-=====', 0.0)
(1303111, 'put_down_grasped_object', 0.0)
(1321247, '=====-PROCESS_ACTION-=====', 0.0)
(1321410, 'move_object', 0.0)
(1342994, '~~~~~~~~~~~~~~~~~~~~~~~~~~~~~~~~~~~~~~~~~~~~~~~', 0.0)
(1348439, '=====-PROCESS_ACTION-=====', 0.0)
(1348602, 'move_arm_and_grasp', 0.0)
(1387835, '~~~~~~~~~~~~~~~~~~~~~~~~~~~~~~~~~~~~~~~~~~~~~~~', 0.0)
(1393280, '=====-PROCESS_ACTION-=====', 0.0)
(1393443, 'move_grasped_object', 0.0)
(1420590, '~~~~~~~~~~~~~~~~~~~~~~~~~~~~~~~~~~~~~~~~~~~~~~~', 0.0)
(1426035, '=====-PROCESS_ACTION-=====', 0.0)
(1426198, 'release', 0.0)
(1441164, '=====-PROCESS_ACTION-=====', 0.0)
(1441327, 'put_down_grasped_object', 0.0)
(1459509, '=====-PROCESS_ACTION-=====', 0.0)
(1459672, 'move_object', 0.0)
(1481282, '~~~~~~~~~~~~~~~~~~~~~~~~~~~~~~~~~~~~~~~~~~~~~~~', 0.0)
(1486727, '=====-PROCESS_ACTION-=====', 0.0)
(1486890, 'move_arm_and_grasp', 0.0)
(1526201, '~~~~~~~~~~~~~~~~~~~~~~~~~~~~~~~~~~~~~~~~~~~~~~~', 0.0)
(1531646, '=====-PROCESS_ACTION-=====', 0.0)
(1531809, 'move_grasped_object', 0.0)
(1559008, '~~~~~~~~~~~~~~~~~~~~~~~~~~~~~~~~~~~~~~~~~~~~~~~', 0.0)
(1564453, '=====-PROCESS_ACTION-=====', 0.0)
(1564616, 'release', 0.0)
(1579628, '=====-PROCESS_ACTION-=====', 0.0)
(1579791, 'put_down_grasped_object', 0.0)
(1598019, '=====-PROCESS_ACTION-=====', 0.0)
(1598182, 'move_object', 0.0)
(1619818, '~~~~~~~~~~~~~~~~~~~~~~~~~~~~~~~~~~~~~~~~~~~~~~~', 0.0)
(1625263, '=====-PROCESS_ACTION-=====', 0.0)
(1625426, 'move_arm_and_grasp', 0.0)
(1664815, '~~~~~~~~~~~~~~~~~~~~~~~~~~~~~~~~~~~~~~~~~~~~~~~', 0.0)
(1670260, '=====-PROCESS_ACTION-=====', 0.0)
(1670423, 'move_grasped_object', 0.0)
(1697674, '~~~~~~~~~~~~~~~~~~~~~~~~~~~~~~~~~~~~~~~~~~~~~~~', 0.0)
(1703119, '=====-PROCESS_ACTION-=====', 0.0)
(1703282, 'release', 0.0)
(1718340, '=====-PROCESS_ACTION-=====', 0.0)
(1718503, 'put_down_grasped_object', 0.0)
(1736777, '=====-PROCESS_ACTION-=====', 0.0)
(1736940, 'move_object', 0.0)
(1758602, '~~~~~~~~~~~~~~~~~~~~~~~~~~~~~~~~~~~~~~~~~~~~~~~', 0.0)
(1764047, '=====-PROCESS_ACTION-=====', 0.0)
(1764210, 'move_arm_and_grasp', 0.0)
(1803677, '~~~~~~~~~~~~~~~~~~~~~~~~~~~~~~~~~~~~~~~~~~~~~~~', 0.0)
(1809122, '=====-PROCESS_ACTION-=====', 0.0)
(1809285, 'move_grasped_object', 0.0)
(1836588, '~~~~~~~~~~~~~~~~~~~~~~~~~~~~~~~~~~~~~~~~~~~~~~~', 0.0)
(1842033, '=====-PROCESS_ACTION-=====', 0.0)
(1842196, 'release', 0.0)
(1857300, '=====-PROCESS_ACTION-=====', 0.0)
(1857463, 'put_down_grasped_object', 0.0)
(1875783, '=====-PROCESS_ACTION-=====', 0.0)
(1875946, 'move_object', 0.0)
(1889955, '___', 0.0)
(1890116, 'EXPLANATION', 0.0)
(1890277, '___', 0.0)
(1903731, 'move_object', 0.0)
(1903837, '(', 0.0)
(1903859, 'U_blk1', 0.0)
(1903904, 'table', 0.0)
(1903949, 'true', 0.0)
(1903977, ')', 0.0)
(1904354, '+-->', 0.0)
(1906211, 'move_arm_and_grasp', 0.0)
(1906317, '(', 0.0)
(1906339, 'right_gripper', 0.0)
(1906384, 'U_blk1', 0.0)
(1906412, ')', 0.0)
(1907534, 'put_down_grasped_object', 0.0)
(1907640, '(', 0.0)
(1907662, 'right_gripper', 0.0)
(1907707, 'table', 0.0)
(1907752, 'true', 0.0)
(1907780, ')', 0.0)
(1908157, '+-->', 0.0)
(1910014, 'move_grasped_object', 0.0)
(1910120, '(', 0.0)
(1910142, 'right_gripper', 0.0)
(1910187, 'table', 0.0)
(1910232, 'true', 0.0)
(1910260, ')', 0.0)
(1911382, 'release', 0.0)
(1911488, '(', 0.0)
(1911510, 'right_gripper', 0.0)
(1911538, ')', 0.0)
(1911944, '+--<', 0.0)
(1912162, '+--<', 0.0)
(1913115, 'move_object', 0.0)
(1913221, '(', 0.0)
(1913243, 'U_blk4', 0.0)
(1913288, 'U_blk1', 0.0)
(1913333, 'true', 0.0)
(1913361, ')', 0.0)
(1913738, '+-->', 0.0)
(1915595, 'move_arm_and_grasp', 0.0)
(1915701, '(', 0.0)
(1915723, 'right_gripper', 0.0)
(1915768, 'U_blk4', 0.0)
(1915796, ')', 0.0)
(1916918, 'put_down_grasped_object', 0.0)
(1917024, '(', 0.0)
(1917046, 'right_gripper', 0.0)
(1917091, 'U_blk1', 0.0)
(1917136, 'true', 0.0)
(1917164, ')', 0.0)
(1917541, '+-->', 0.0)
(1919398, 'move_grasped_object', 0.0)
(1919504, '(', 0.0)
(1919526, 'right_gripper', 0.0)
(1919571, 'U_blk1', 0.0)
(1919616, 'true', 0.0)
(1919644, ')', 0.0)
(1920766, 'release', 0.0)
(1920872, '(', 0.0)
(1920894, 'right_gripper', 0.0)
(1920922, ')', 0.0)
(1921328, '+--<', 0.0)
(1921546, '+--<', 0.0)
(1922499, 'move_object', 0.0)
(1922605, '(', 0.0)
(1922627, 'U_blk3', 0.0)
(1922672, 'U_blk4', 0.0)
(1922717, 'true', 0.0)
(1922745, ')', 0.0)
(1923122, '+-->', 0.0)
(1924979, 'move_arm_and_grasp', 0.0)
(1925085, '(', 0.0)
(1925107, 'right_gripper', 0.0)
(1925152, 'U_blk3', 0.0)
(1925180, ')', 0.0)
(1926302, 'put_down_grasped_object', 0.0)
(1926408, '(', 0.0)
(1926430, 'right_gripper', 0.0)
(1926475, 'U_blk4', 0.0)
(1926520, 'true', 0.0)
(1926548, ')', 0.0)
(1926925, '+-->', 0.0)
(1928782, 'move_grasped_object', 0.0)
(1928888, '(', 0.0)
(1928910, 'right_gripper', 0.0)
(1928955, 'U_blk4', 0.0)
(1929000, 'true', 0.0)
(1929028, ')', 0.0)
(1930150, 'release', 0.0)
(1930256, '(', 0.0)
(1930278, 'right_gripper', 0.0)
(1930306, ')', 0.0)
(1930712, '+--<', 0.0)
(1930930, '+--<', 0.0)
(1931883, 'move_object', 0.0)
(1931989, '(', 0.0)
(1932011, 'U_blk2', 0.0)
(1932056, 'U_blk1', 0.0)
(1932101, 'true', 0.0)
(1932129, ')', 0.0)
(1932506, '+-->', 0.0)
(1934363, 'move_arm_and_grasp', 0.0)
(1934469, '(', 0.0)
(1934491, 'right_gripper', 0.0)
(1934536, 'U_blk2', 0.0)
(1934564, ')', 0.0)
(1935686, 'put_down_grasped_object', 0.0)
(1935792, '(', 0.0)
(1935814, 'right_gripper', 0.0)
(1935859, 'U_blk1', 0.0)
(1935904, 'true', 0.0)
(1935932, ')', 0.0)
(1936309, '+-->', 0.0)
(1938166, 'move_grasped_object', 0.0)
(1938272, '(', 0.0)
(1938294, 'right_gripper', 0.0)
(1938339, 'U_blk1', 0.0)
(1938384, 'true', 0.0)
(1938412, ')', 0.0)
(1939534, 'release', 0.0)
(1939640, '(', 0.0)
(1939662, 'right_gripper', 0.0)
(1939690, ')', 0.0)
(1940096, '+--<', 0.0)
(1940314, '+--<', 0.0)
(1941267, 'move_object', 0.0)
(1941373, '(', 0.0)
(1941395, 'U_blk5', 0.0)
(1941440, 'U_blk2', 0.0)
(1941485, 'true', 0.0)
(1941513, ')', 0.0)
(1941890, '+-->', 0.0)
(1943747, 'move_arm_and_grasp', 0.0)
(1943853, '(', 0.0)
(1943875, 'right_gripper', 0.0)
(1943920, 'U_blk5', 0.0)
(1943948, ')', 0.0)
(1945070, 'put_down_grasped_object', 0.0)
(1945176, '(', 0.0)
(1945198, 'right_gripper', 0.0)
(1945243, 'U_blk2', 0.0)
(1945288, 'true', 0.0)
(1945316, ')', 0.0)
(1945693, '+-->', 0.0)
(1947550, 'move_grasped_object', 0.0)
(1947656, '(', 0.0)
(1947678, 'right_gripper', 0.0)
(1947723, 'U_blk2', 0.0)
(1947768, 'true', 0.0)
(1947796, ')', 0.0)
(1948918, 'release', 0.0)
(1949024, '(', 0.0)
(1949046, 'right_gripper', 0.0)
(1949074, ')', 0.0)
(1949480, '+--<', 0.0)
(1949698, '+--<', 0.0)
(1950651, 'move_object', 0.0)
(1950757, '(', 0.0)
(1950779, 'M_blk3', 0.0)
(1950824, 'table', 0.0)
(1950869, 'true', 0.0)
(1950897, ')', 0.0)
(1951274, '+-->', 0.0)
(1953131, 'move_arm_and_grasp', 0.0)
(1953237, '(', 0.0)
(1953259, 'right_gripper', 0.0)
(1953304, 'M_blk3', 0.0)
(1953332, ')', 0.0)
(1954454, 'put_down_grasped_object', 0.0)
(1954560, '(', 0.0)
(1954582, 'right_gripper', 0.0)
(1954627, 'table', 0.0)
(1954672, 'true', 0.0)
(1954700, ')', 0.0)
(1955077, '+-->', 0.0)
(1956934, 'move_grasped_object', 0.0)
(1957040, '(', 0.0)
(1957062, 'right_gripper', 0.0)
(1957107, 'table', 0.0)
(1957152, 'true', 0.0)
(1957180, ')', 0.0)
(1958302, 'release', 0.0)
(1958408, '(', 0.0)
(1958430, 'right_gripper', 0.0)
(1958458, ')', 0.0)
(1958864, '+--<', 0.0)
(1959082, '+--<', 0.0)
(1960035, 'move_object', 0.0)
(1960141, '(', 0.0)
(1960163, 'M_blk6', 0.0)
(1960208, 'M_blk3', 0.0)
(1960253, 'true', 0.0)
(1960281, ')', 0.0)
(1960658, '+-->', 0.0)
(1962515, 'move_arm_and_grasp', 0.0)
(1962621, '(', 0.0)
(1962643, 'right_gripper', 0.0)
(1962688, 'M_blk6', 0.0)
(1962716, ')', 0.0)
(1963838, 'put_down_grasped_object', 0.0)
(1963944, '(', 0.0)
(1963966, 'right_gripper', 0.0)
(1964011, 'M_blk3', 0.0)
(1964056, 'true', 0.0)
(1964084, ')', 0.0)
(1964461, '+-->', 0.0)
(1966318, 'move_grasped_object', 0.0)
(1966424, '(', 0.0)
(1966446, 'right_gripper', 0.0)
(1966491, 'M_blk3', 0.0)
(1966536, 'true', 0.0)
(1966564, ')', 0.0)
(1967686, 'release', 0.0)
(1967792, '(', 0.0)
(1967814, 'right_gripper', 0.0)
(1967842, ')', 0.0)
(1968248, '+--<', 0.0)
(1968466, '+--<', 0.0)
(1969419, 'move_object', 0.0)
(1969525, '(', 0.0)
(1969547, 'M_blk4', 0.0)
(1969592, 'table', 0.0)
(1969637, 'true', 0.0)
(1969665, ')', 0.0)
(1970042, '+-->', 0.0)
(1971899, 'move_arm_and_grasp', 0.0)
(1972005, '(', 0.0)
(1972027, 'right_gripper', 0.0)
(1972072, 'M_blk4', 0.0)
(1972100, ')', 0.0)
(1973222, 'put_down_grasped_object', 0.0)
(1973328, '(', 0.0)
(1973350, 'right_gripper', 0.0)
(1973395, 'table', 0.0)
(1973440, 'true', 0.0)
(1973468, ')', 0.0)
(1973845, '+-->', 0.0)
(1975702, 'move_grasped_object', 0.0)
(1975808, '(', 0.0)
(1975830, 'right_gripper', 0.0)
(1975875, 'table', 0.0)
(1975920, 'true', 0.0)
(1975948, ')', 0.0)
(1977070, 'release', 0.0)
(1977176, '(', 0.0)
(1977198, 'right_gripper', 0.0)
(1977226, ')', 0.0)
(1977632, '+--<', 0.0)
(1977850, '+--<', 0.0)
(1978803, 'move_object', 0.0)
(1978909, '(', 0.0)
(1978931, 'M_blk7', 0.0)
(1978976, 'M_blk4', 0.0)
(1979021, 'true', 0.0)
(1979049, ')', 0.0)
(1979426, '+-->', 0.0)
(1981283, 'move_arm_and_grasp', 0.0)
(1981389, '(', 0.0)
(1981411, 'right_gripper', 0.0)
(1981456, 'M_blk7', 0.0)
(1981484, ')', 0.0)
(1982606, 'put_down_grasped_object', 0.0)
(1982712, '(', 0.0)
(1982734, 'right_gripper', 0.0)
(1982779, 'M_blk4', 0.0)
(1982824, 'true', 0.0)
(1982852, ')', 0.0)
(1983229, '+-->', 0.0)
(1985086, 'move_grasped_object', 0.0)
(1985192, '(', 0.0)
(1985214, 'right_gripper', 0.0)
(1985259, 'M_blk4', 0.0)
(1985304, 'true', 0.0)
(1985332, ')', 0.0)
(1986454, 'release', 0.0)
(1986560, '(', 0.0)
(1986582, 'right_gripper', 0.0)
(1986610, ')', 0.0)
(1987016, '+--<', 0.0)
(1987234, '+--<', 0.0)
(1988187, 'move_object', 0.0)
(1988293, '(', 0.0)
(1988315, 'M_blk1', 0.0)
(1988360, 'M_blk6', 0.0)
(1988405, 'true', 0.0)
(1988433, ')', 0.0)
(1988810, '+-->', 0.0)
(1990667, 'move_arm_and_grasp', 0.0)
(1990773, '(', 0.0)
(1990795, 'right_gripper', 0.0)
(1990840, 'M_blk1', 0.0)
(1990868, ')', 0.0)
(1991990, 'put_down_grasped_object', 0.0)
(1992096, '(', 0.0)
(1992118, 'right_gripper', 0.0)
(1992163, 'M_blk6', 0.0)
(1992208, 'true', 0.0)
(1992236, ')', 0.0)
(1992613, '+-->', 0.0)
(1994470, 'move_grasped_object', 0.0)
(1994576, '(', 0.0)
(1994598, 'right_gripper', 0.0)
(1994643, 'M_blk6', 0.0)
(1994688, 'true', 0.0)
(1994716, ')', 0.0)
(1995838, 'release', 0.0)
(1995944, '(', 0.0)
(1995966, 'right_gripper', 0.0)
(1995994, ')', 0.0)
(1996400, '+--<', 0.0)
(1996618, '+--<', 0.0)
(1997571, 'move_object', 0.0)
(1997677, '(', 0.0)
(1997699, 'M_blk5', 0.0)
(1997744, 'table', 0.0)
(1997789, 'true', 0.0)
(1997817, ')', 0.0)
(1998194, '+-->', 0.0)
(2000051, 'move_arm_and_grasp', 0.0)
(2000157, '(', 0.0)
(2000179, 'right_gripper', 0.0)
(2000224, 'M_blk5', 0.0)
(2000252, ')', 0.0)
(2001374, 'put_down_grasped_object', 0.0)
(2001480, '(', 0.0)
(2001502, 'right_gripper', 0.0)
(2001547, 'table', 0.0)
(2001592, 'true', 0.0)
(2001620, ')', 0.0)
(2001997, '+-->', 0.0)
(2003854, 'move_grasped_object', 0.0)
(2003960, '(', 0.0)
(2003982, 'right_gripper', 0.0)
(2004027, 'table', 0.0)
(2004072, 'true', 0.0)
(2004100, ')', 0.0)
(2005222, 'release', 0.0)
(2005328, '(', 0.0)
(2005350, 'right_gripper', 0.0)
(2005378, ')', 0.0)
(2005784, '+--<', 0.0)
(2006002, '+--<', 0.0)
(2006955, 'move_object', 0.0)
(2007061, '(', 0.0)
(2007083, 'M_blk8', 0.0)
(2007128, 'M_blk5', 0.0)
(2007173, 'true', 0.0)
(2007201, ')', 0.0)
(2007578, '+-->', 0.0)
(2009435, 'move_arm_and_grasp', 0.0)
(2009541, '(', 0.0)
(2009563, 'right_gripper', 0.0)
(2009608, 'M_blk8', 0.0)
(2009636, ')', 0.0)
(2010758, 'put_down_grasped_object', 0.0)
(2010864, '(', 0.0)
(2010886, 'right_gripper', 0.0)
(2010931, 'M_blk5', 0.0)
(2010976, 'true', 0.0)
(2011004, ')', 0.0)
(2011381, '+-->', 0.0)
(2013238, 'move_grasped_object', 0.0)
(2013344, '(', 0.0)
(2013366, 'right_gripper', 0.0)
(2013411, 'M_blk5', 0.0)
(2013456, 'true', 0.0)
(2013484, ')', 0.0)
(2014606, 'release', 0.0)
(2014712, '(', 0.0)
(2014734, 'right_gripper', 0.0)
(2014762, ')', 0.0)
(2015168, '+--<', 0.0)
(2015386, '+--<', 0.0)
(2016339, 'move_object', 0.0)
(2016445, '(', 0.0)
(2016467, 'M_blk2', 0.0)
(2016512, 'M_blk8', 0.0)
(2016557, 'true', 0.0)
(2016585, ')', 0.0)
(2016962, '+-->', 0.0)
(2018819, 'move_arm_and_grasp', 0.0)
(2018925, '(', 0.0)
(2018947, 'right_gripper', 0.0)
(2018992, 'M_blk2', 0.0)
(2019020, ')', 0.0)
(2020142, 'put_down_grasped_object', 0.0)
(2020248, '(', 0.0)
(2020270, 'right_gripper', 0.0)
(2020315, 'M_blk8', 0.0)
(2020360, 'true', 0.0)
(2020388, ')', 0.0)
(2020765, '+-->', 0.0)
(2022622, 'move_grasped_object', 0.0)
(2022728, '(', 0.0)
(2022750, 'right_gripper', 0.0)
(2022795, 'M_blk8', 0.0)
(2022840, 'true', 0.0)
(2022868, ')', 0.0)
(2023990, 'release', 0.0)
(2024096, '(', 0.0)
(2024118, 'right_gripper', 0.0)
(2024146, ')', 0.0)
(2024552, '+--<', 0.0)
(2024770, '+--<', 0.0)
(2025109, 'done', 0.0)

learned:
             gh            bind          hetero   |   online:  9873 / 30457 |  flashed:     0 /     0 |  activ_count:  30069
           bind            bind            auto   |   online:  3822 /  4623 |  flashed:     0 /     0 |  activ_count:  20168
            mem            bind          hetero   |   online:  3822 /  4623 |  flashed:     0 /     0 |  activ_count:   9744
            mem             mem          hetero   |   online:  1934 /  1934 |  flashed:  1601 /  1601 |  activ_count:  123869
           bind            bind          hetero   |   online:  2010 /  2088 |  flashed:     1 /     1 |  activ_count:  10289
            lex             mem          hetero   |   online:   988 /   988 |  flashed:   925 /   925 |  activ_count:  123282
            mem             mem            auto   |   online:   988 /   988 |  flashed:   925 /   925 |  activ_count:  165360
        mem_ctx             mem          hetero   |   online:   988 /   988 |  flashed:   925 /   925 |  activ_count:  85594
             gh              op          hetero   |   online:     0 /     0 |  flashed:   617 /   617 |  activ_count:  552671
             op              op          hetero   |   online:     0 /     0 |  flashed:   615 /   615 |  activ_count:  446761
            mem           stack          hetero   |   online:   446 / 40274 |  flashed:     0 /     0 |  activ_count:  47195
           bind             mem          hetero   |   online:   430 /   452 |  flashed:     0 /     0 |  activ_count:   5122
            lex              op          hetero   |   online:     0 /     0 |  flashed:   300 /   300 |  activ_count:  185855
            mem             lex          hetero   |   online:    21 /    21 |  flashed:   125 /   125 |  activ_count:   3534
        mem_ctx             lex          hetero   |   online:    21 /    21 |  flashed:   125 /   125 |  activ_count:  46114
       bind_ctx             lex          hetero   |   online:    21 /    21 |  flashed:   125 /   125 |  activ_count:  24791
     data_stack      data_stack             bwd   |   online:     0 /     0 |  flashed:   128 /   128 |  activ_count:  12240
     data_stack      data_stack             fwd   |   online:     0 /     0 |  flashed:   128 /   128 |  activ_count:  12241
          stack           stack             fwd   |   online:     0 /     0 |  flashed:   128 /   128 |  activ_count:  44212
          stack           stack             bwd   |   online:     0 /     0 |  flashed:   128 /   128 |  activ_count:  43361
          stack           stack            auto   |   online:     0 /     0 |  flashed:   128 /   128 |  activ_count:  31747
             gh             lex          hetero   |   online:   109 / 77196 |  flashed:     0 /     0 |  activ_count:  77196
             op             lex          hetero   |   online:     0 /     0 |  flashed:   101 /   146 |  activ_count:  105909
             gh              gh          hetero   |   online:     0 /     0 |  flashed:    96 /    96 |  activ_count:  1364587
           bind           stack          hetero   |   online:    85 / 54889 |  flashed:     0 /     0 |  activ_count:  38494
             op           stack          hetero   |   online:    85 / 44212 |  flashed:     0 /     0 |  activ_count:  43361
            mem      data_stack          hetero   |   online:    50 / 16749 |  flashed:     0 /     0 |  activ_count:  18558
            lex             lex            auto   |   online:     0 /     0 |  flashed:    45 /    45 |  activ_count:  21558
      exc_stack       exc_stack             fwd   |   online:     0 /     0 |  flashed:    32 /    32 |  activ_count:    646
      exc_stack       exc_stack             bwd   |   online:     0 /     0 |  flashed:    32 /    32 |  activ_count:    646
      stack_ctx             lex          hetero   |   online:     0 /     0 |  flashed:    11 /    11 |  activ_count:  31747
             gh             mem          hetero   |   online:     7 /   351 |  flashed:     0 /     0 |  activ_count:    351
             op       exc_stack          hetero   |   online:     3 /   646 |  flashed:     0 /     0 |  activ_count:    293
     data_stack       exc_stack          hetero   |   online:     3 /   646 |  flashed:     0 /     0 |  activ_count:    293
          stack       exc_stack          hetero   |   online:     3 /   646 |  flashed:     0 /     0 |  activ_count:    293
             gh       exc_stack          hetero   |   online:     1 /     1 |  flashed:     0 /     0 |  activ_count:    292

Final activity states:
            lex :            progn_end  0.000000
             op :                 halt  0.000000
             gh :                 halt  0.000000
           bind :              def_env  0.000000
     data_stack :                    0  0.000000
      exc_stack :                    0  0.000000
            mem :                 done  0.000000
          stack :                    0  0.000000
        mem_ctx :              main795  0.000000
      stack_ctx :                 inst  0.000000
       bind_ctx :           source_hyp  0.000000

Gate history:
          gh       learn   exc_stack      hetero :          1                 0.0000   0.000005819980287924
    bind_ctx       stash                         :         21                 0.0000   0.000000704290522706
    bind_ctx       noise                         :         21                 0.0000   0.000001866431418984
    bind_ctx       learn         lex      hetero :         21                 0.0001   0.000003096378696639
         mem       learn         lex      hetero :         21                 0.0001   0.000003194957528086
     mem_ctx       learn         lex      hetero :         21                 0.0001   0.000003822710520277
  data_stack       stash                         :        646                 0.0004   0.000000657712238417
     mem_ctx       stash                         :        988                 0.0007   0.000000746485620251
       stack       stash                         :        646                 0.0008   0.000001237873581235
  data_stack    activate   exc_stack      hetero :        293                 0.0011   0.000003743801923920
          op    activate   exc_stack      hetero :        293                 0.0012   0.000003997068621739
       stack    activate   exc_stack      hetero :        293                 0.0016   0.000005431962656429
          gh    activate   exc_stack      hetero :        292                 0.0016   0.000005514160725958
          gh       learn         mem      hetero :        351                 0.0017   0.000004886131898826
         lex       stash                         :       1460                 0.0018   0.000001221664261060
          gh    activate         mem      hetero :        351                 0.0020   0.000005637623563388
  data_stack       learn   exc_stack      hetero :        646                 0.0021   0.000003211518712472
          op       learn   exc_stack      hetero :        646                 0.0021   0.000003246188898291
        bind       learn         mem      hetero :        452                 0.0022   0.000004847287519761
   exc_stack    activate   exc_stack         bwd :        646                 0.0027   0.000004203867469266
   exc_stack    activate   exc_stack         fwd :        646                 0.0029   0.000004470046822648
       stack       learn   exc_stack      hetero :        646                 0.0030   0.000004572982790998
     mem_ctx       noise                         :        988                 0.0038   0.000003869350311942
         mem       noise                         :        988                 0.0041   0.000004142293840155
         lex       learn         mem      hetero :        988                 0.0045   0.000004557396736758
     mem_ctx       learn         mem      hetero :        988                 0.0046   0.000004661355206747
         mem       learn         mem        auto :        988                 0.0053   0.000005370230842401
        bind       noise                         :       2010                 0.0083   0.000004128313409651
        bind       learn        bind      hetero :       2088                 0.0114   0.000005457370618485
         mem       learn         mem      hetero :       1934                 0.0119   0.000006136011755197
         mem    activate         lex      hetero :       3534                 0.0193   0.000005472371128786
        bind       learn        bind        auto :       4623                 0.0225   0.000004857593393936
        bind    activate         mem      hetero :       5122                 0.0226   0.000004407733432941
         mem       learn        bind      hetero :       4623                 0.0292   0.000006322997931223
        bind    activate        bind      hetero :      10289                 0.0419   0.000004070372818008
  data_stack    activate  data_stack         bwd :      12240                 0.0491   0.000004012201216207
  data_stack    activate  data_stack         fwd :      12241                 0.0509   0.000004157037118721
        bind       stash                         :      62052                 0.0521   0.000000839688733390
          op       stash                         :      44858                 0.0521   0.000001162469495695
         mem    activate        bind      hetero :       9744                 0.0664   0.000006813024413730
         mem       stash                         :      64568                 0.0759   0.000001176115520478
         mem       learn  data_stack      hetero :      16749                 0.0772   0.000004612139153195
       stack     context   stack_ctx             :      31747                 0.0892   0.000002810156801273
         mem    activate  data_stack      hetero :      18558                 0.1010   0.000005442143436413
    bind_ctx    activate         lex      hetero :      24791                 0.1023   0.000004125035702985
        bind     context    bind_ctx             :      44959                 0.1240   0.000002758201151457
          gh        bias       false             :     107908                 0.1338   0.000001239556569993
         lex    activate         lex        auto :      21558                 0.1464   0.000006790315604950
          gh       learn        bind      hetero :      30457                 0.1507   0.000004947054804736
        bind    activate        bind        auto :      20168                 0.1571   0.000007788574102026
   stack_ctx    activate         lex      hetero :      31747                 0.1643   0.000005176663158006
        bind    activate       stack      hetero :      38494                 0.1668   0.000004332736886871
       stack    converge                         :      31747                 0.1679   0.000005289073607763
          gh    activate        bind      hetero :      30069                 0.1736   0.000005774603592064
     mem_ctx    activate         lex      hetero :      46114                 0.1978   0.000004289627729109
          op       learn       stack      hetero :      44212                 0.1981   0.000004479726796308
         mem       learn       stack      hetero :      40274                 0.2078   0.000005159417438749
        bind       learn       stack      hetero :      54889                 0.2297   0.000004184376326376
       stack    activate       stack         bwd :      43361                 0.2379   0.000005485908010963
          op    activate       stack      hetero :      43361                 0.2396   0.000005525683387320
       stack    activate       stack         fwd :      44212                 0.2415   0.000005461873152016
         mem    activate       stack      hetero :      47195                 0.2704   0.000005729653281433
          gh       learn         lex      hetero :      77196                 0.3352   0.000004342594378746
          gh    activate         lex      hetero :      77196                 0.4283   0.000005548012118967
     mem_ctx    activate         mem      hetero :      85594                 0.4630   0.000005409015838995
          op    activate         lex      hetero :     105909                 0.5618   0.000005304903319196
         lex    activate         mem      hetero :     123282                 0.6464   0.000005243282046214
         mem    converge                         :     165360                 0.8135   0.000004919422589448
         mem     context     mem_ctx             :     311231                 0.8417   0.000002704290472991
         mem    activate         mem      hetero :     123869                 0.8637   0.000006972345251646
         lex    activate          op      hetero :     185855                 0.9019   0.000004852677264305
          op    activate          op      hetero :     446761                 2.2289   0.000004988917510126
    bind_ctx       cycle                         :    2025166                 2.5951   0.000001281402654216
   stack_ctx       cycle                         :    2025166                 2.6480   0.000001307524040084
   exc_stack       cycle                         :    2025166                 2.6610   0.000001313947544839
  data_stack       cycle                         :    2025166                 2.6631   0.000001315020945036
       stack       cycle                         :    2025166                 2.6716   0.000001319209549120
     mem_ctx       cycle                         :    2025166                 2.6755   0.000001321133182504
        bind       cycle                         :    2025166                 2.7780   0.000001371763772306
          gh    activate          op      hetero :     552671                 2.7998   0.000005065988168464
          gh       cycle                         :    2025166                 2.8999   0.000001431930207124
         mem       cycle                         :    2025166                 2.9322   0.000001447891104129
          op       cycle                         :    2025166                 3.0473   0.000001504719498744
         lex       cycle                         :    2025166                 3.7385   0.000001846027887000
          gh    activate          gh      hetero :    1364587                 5.5548   0.000004070653789985
          go    activate          gh      hetero :    2025167                 7.5395   0.000003722879372561
          go       cycle                         :    2025167                14.8296   0.000007322655311717

Executed 2025166 timesteps in 117.010338s

Ran test 'imitate' in 2025166 timesteps
Output:
~~~~~~~~~~~~~~~~~~~~~~~~~~~~~~~~~~~~~~~~~~~~~~~ =====-PROCESS_ACTION-===== move_arm_and_grasp ~~~~~~~~~~~~~~~~~~~~~~~~~~~~~~~~~~~~~~~~~~~~~~~ =====-PROCESS_ACTION-===== move_grasped_object ~~~~~~~~~~~~~~~~~~~~~~~~~~~~~~~~~~~~~~~~~~~~~~~ =====-PROCESS_ACTION-===== release =====-PROCESS_ACTION-===== put_down_grasped_object =====-PROCESS_ACTION-===== move_object ~~~~~~~~~~~~~~~~~~~~~~~~~~~~~~~~~~~~~~~~~~~~~~~ =====-PROCESS_ACTION-===== move_arm_and_grasp ~~~~~~~~~~~~~~~~~~~~~~~~~~~~~~~~~~~~~~~~~~~~~~~ =====-PROCESS_ACTION-===== move_grasped_object ~~~~~~~~~~~~~~~~~~~~~~~~~~~~~~~~~~~~~~~~~~~~~~~ =====-PROCESS_ACTION-===== release =====-PROCESS_ACTION-===== put_down_grasped_object =====-PROCESS_ACTION-===== move_object ~~~~~~~~~~~~~~~~~~~~~~~~~~~~~~~~~~~~~~~~~~~~~~~ =====-PROCESS_ACTION-===== move_arm_and_grasp ~~~~~~~~~~~~~~~~~~~~~~~~~~~~~~~~~~~~~~~~~~~~~~~ =====-PROCESS_ACTION-===== move_grasped_object ~~~~~~~~~~~~~~~~~~~~~~~~~~~~~~~~~~~~~~~~~~~~~~~ =====-PROCESS_ACTION-===== release =====-PROCESS_ACTION-===== put_down_grasped_object =====-PROCESS_ACTION-===== move_object ~~~~~~~~~~~~~~~~~~~~~~~~~~~~~~~~~~~~~~~~~~~~~~~ =====-PROCESS_ACTION-===== move_arm_and_grasp ~~~~~~~~~~~~~~~~~~~~~~~~~~~~~~~~~~~~~~~~~~~~~~~ =====-PROCESS_ACTION-===== move_grasped_object ~~~~~~~~~~~~~~~~~~~~~~~~~~~~~~~~~~~~~~~~~~~~~~~ =====-PROCESS_ACTION-===== release =====-PROCESS_ACTION-===== put_down_grasped_object =====-PROCESS_ACTION-===== move_object ~~~~~~~~~~~~~~~~~~~~~~~~~~~~~~~~~~~~~~~~~~~~~~~ =====-PROCESS_ACTION-===== move_arm_and_grasp ~~~~~~~~~~~~~~~~~~~~~~~~~~~~~~~~~~~~~~~~~~~~~~~ =====-PROCESS_ACTION-===== move_grasped_object ~~~~~~~~~~~~~~~~~~~~~~~~~~~~~~~~~~~~~~~~~~~~~~~ =====-PROCESS_ACTION-===== release =====-PROCESS_ACTION-===== put_down_grasped_object =====-PROCESS_ACTION-===== move_object ~~~~~~~~~~~~~~~~~~~~~~~~~~~~~~~~~~~~~~~~~~~~~~~ =====-PROCESS_ACTION-===== move_arm_and_grasp ~~~~~~~~~~~~~~~~~~~~~~~~~~~~~~~~~~~~~~~~~~~~~~~ =====-PROCESS_ACTION-===== move_grasped_object ~~~~~~~~~~~~~~~~~~~~~~~~~~~~~~~~~~~~~~~~~~~~~~~ =====-PROCESS_ACTION-===== release =====-PROCESS_ACTION-===== put_down_grasped_object =====-PROCESS_ACTION-===== move_object ~~~~~~~~~~~~~~~~~~~~~~~~~~~~~~~~~~~~~~~~~~~~~~~ =====-PROCESS_ACTION-===== move_arm_and_grasp ~~~~~~~~~~~~~~~~~~~~~~~~~~~~~~~~~~~~~~~~~~~~~~~ =====-PROCESS_ACTION-===== move_grasped_object ~~~~~~~~~~~~~~~~~~~~~~~~~~~~~~~~~~~~~~~~~~~~~~~ =====-PROCESS_ACTION-===== release =====-PROCESS_ACTION-===== put_down_grasped_object =====-PROCESS_ACTION-===== move_object ~~~~~~~~~~~~~~~~~~~~~~~~~~~~~~~~~~~~~~~~~~~~~~~ =====-PROCESS_ACTION-===== move_arm_and_grasp ~~~~~~~~~~~~~~~~~~~~~~~~~~~~~~~~~~~~~~~~~~~~~~~ =====-PROCESS_ACTION-===== move_grasped_object ~~~~~~~~~~~~~~~~~~~~~~~~~~~~~~~~~~~~~~~~~~~~~~~ =====-PROCESS_ACTION-===== release =====-PROCESS_ACTION-===== put_down_grasped_object =====-PROCESS_ACTION-===== move_object ~~~~~~~~~~~~~~~~~~~~~~~~~~~~~~~~~~~~~~~~~~~~~~~ =====-PROCESS_ACTION-===== move_arm_and_grasp ~~~~~~~~~~~~~~~~~~~~~~~~~~~~~~~~~~~~~~~~~~~~~~~ =====-PROCESS_ACTION-===== move_grasped_object ~~~~~~~~~~~~~~~~~~~~~~~~~~~~~~~~~~~~~~~~~~~~~~~ =====-PROCESS_ACTION-===== release =====-PROCESS_ACTION-===== put_down_grasped_object =====-PROCESS_ACTION-===== move_object ~~~~~~~~~~~~~~~~~~~~~~~~~~~~~~~~~~~~~~~~~~~~~~~ =====-PROCESS_ACTION-===== move_arm_and_grasp ~~~~~~~~~~~~~~~~~~~~~~~~~~~~~~~~~~~~~~~~~~~~~~~ =====-PROCESS_ACTION-===== move_grasped_object ~~~~~~~~~~~~~~~~~~~~~~~~~~~~~~~~~~~~~~~~~~~~~~~ =====-PROCESS_ACTION-===== release =====-PROCESS_ACTION-===== put_down_grasped_object =====-PROCESS_ACTION-===== move_object ~~~~~~~~~~~~~~~~~~~~~~~~~~~~~~~~~~~~~~~~~~~~~~~ =====-PROCESS_ACTION-===== move_arm_and_grasp ~~~~~~~~~~~~~~~~~~~~~~~~~~~~~~~~~~~~~~~~~~~~~~~ =====-PROCESS_ACTION-===== move_grasped_object ~~~~~~~~~~~~~~~~~~~~~~~~~~~~~~~~~~~~~~~~~~~~~~~ =====-PROCESS_ACTION-===== release =====-PROCESS_ACTION-===== put_down_grasped_object =====-PROCESS_ACTION-===== move_object ~~~~~~~~~~~~~~~~~~~~~~~~~~~~~~~~~~~~~~~~~~~~~~~ =====-PROCESS_ACTION-===== move_arm_and_grasp ~~~~~~~~~~~~~~~~~~~~~~~~~~~~~~~~~~~~~~~~~~~~~~~ =====-PROCESS_ACTION-===== move_grasped_object ~~~~~~~~~~~~~~~~~~~~~~~~~~~~~~~~~~~~~~~~~~~~~~~ =====-PROCESS_ACTION-===== release =====-PROCESS_ACTION-===== put_down_grasped_object =====-PROCESS_ACTION-===== move_object ~~~~~~~~~~~~~~~~~~~~~~~~~~~~~~~~~~~~~~~~~~~~~~~ =====-PROCESS_ACTION-===== move_arm_and_grasp ~~~~~~~~~~~~~~~~~~~~~~~~~~~~~~~~~~~~~~~~~~~~~~~ =====-PROCESS_ACTION-===== move_grasped_object ~~~~~~~~~~~~~~~~~~~~~~~~~~~~~~~~~~~~~~~~~~~~~~~ =====-PROCESS_ACTION-===== release =====-PROCESS_ACTION-===== put_down_grasped_object =====-PROCESS_ACTION-===== move_object ___ EXPLANATION ___ move_object ( U_blk1 table true ) +--> move_arm_and_grasp ( right_gripper U_blk1 ) put_down_grasped_object ( right_gripper table true ) +--> move_grasped_object ( right_gripper table true ) release ( right_gripper ) +--< +--< move_object ( U_blk4 U_blk1 true ) +--> move_arm_and_grasp ( right_gripper U_blk4 ) put_down_grasped_object ( right_gripper U_blk1 true ) +--> move_grasped_object ( right_gripper U_blk1 true ) release ( right_gripper ) +--< +--< move_object ( U_blk3 U_blk4 true ) +--> move_arm_and_grasp ( right_gripper U_blk3 ) put_down_grasped_object ( right_gripper U_blk4 true ) +--> move_grasped_object ( right_gripper U_blk4 true ) release ( right_gripper ) +--< +--< move_object ( U_blk2 U_blk1 true ) +--> move_arm_and_grasp ( right_gripper U_blk2 ) put_down_grasped_object ( right_gripper U_blk1 true ) +--> move_grasped_object ( right_gripper U_blk1 true ) release ( right_gripper ) +--< +--< move_object ( U_blk5 U_blk2 true ) +--> move_arm_and_grasp ( right_gripper U_blk5 ) put_down_grasped_object ( right_gripper U_blk2 true ) +--> move_grasped_object ( right_gripper U_blk2 true ) release ( right_gripper ) +--< +--< move_object ( M_blk3 table true ) +--> move_arm_and_grasp ( right_gripper M_blk3 ) put_down_grasped_object ( right_gripper table true ) +--> move_grasped_object ( right_gripper table true ) release ( right_gripper ) +--< +--< move_object ( M_blk6 M_blk3 true ) +--> move_arm_and_grasp ( right_gripper M_blk6 ) put_down_grasped_object ( right_gripper M_blk3 true ) +--> move_grasped_object ( right_gripper M_blk3 true ) release ( right_gripper ) +--< +--< move_object ( M_blk4 table true ) +--> move_arm_and_grasp ( right_gripper M_blk4 ) put_down_grasped_object ( right_gripper table true ) +--> move_grasped_object ( right_gripper table true ) release ( right_gripper ) +--< +--< move_object ( M_blk7 M_blk4 true ) +--> move_arm_and_grasp ( right_gripper M_blk7 ) put_down_grasped_object ( right_gripper M_blk4 true ) +--> move_grasped_object ( right_gripper M_blk4 true ) release ( right_gripper ) +--< +--< move_object ( M_blk1 M_blk6 true ) +--> move_arm_and_grasp ( right_gripper M_blk1 ) put_down_grasped_object ( right_gripper M_blk6 true ) +--> move_grasped_object ( right_gripper M_blk6 true ) release ( right_gripper ) +--< +--< move_object ( M_blk5 table true ) +--> move_arm_and_grasp ( right_gripper M_blk5 ) put_down_grasped_object ( right_gripper table true ) +--> move_grasped_object ( right_gripper table true ) release ( right_gripper ) +--< +--< move_object ( M_blk8 M_blk5 true ) +--> move_arm_and_grasp ( right_gripper M_blk8 ) put_down_grasped_object ( right_gripper M_blk5 true ) +--> move_grasped_object ( right_gripper M_blk5 true ) release ( right_gripper ) +--< +--< move_object ( M_blk2 M_blk8 true ) +--> move_arm_and_grasp ( right_gripper M_blk2 ) put_down_grasped_object ( right_gripper M_blk8 true ) +--> move_grasped_object ( right_gripper M_blk8 true ) release ( right_gripper ) +--< +--< done
_26 ListMap 165 4
_29 Recipe 136 3
_31 Recipe 227 3
_33 Recipe 227 3
_35 Recipe 136 3
_37 Recipe 136 3
_136 Environment 220 19
_137 Environment 15 4
_138 Environment 21 4
_139 Environment 15 4
_140 Environment 23 4
_141 Environment 23 4
_142 Environment 23 4
_143 Environment 23 4
_144 Environment 23 4
_145 Environment 23 4
_146 Environment 23 4
_147 Environment 23 4
_148 Environment 23 4
_149 Environment 23 4
_150 Environment 23 4
_151 Environment 23 4
_152 Environment 23 4
_153 Timepoint 65 5
_154 ListMap 15 1
_164 Environment 47 4
_165 Environment 25 4
_166 Action 61 7
_167 Timepoint 57 5
_168 ListMap 20 2
_170 Hypothesis 17 7
_171 Environment 22 6
_172 Hypothesis 17 7
_173 Environment 22 6
_174 Hypothesis 38 7
_175 Environment 28 6
_176 Hypothesis 40 7
_183 Action 45 7
_184 Timepoint 36 5
_185 ListMap 18 2
_187 Hypothesis 38 7
_188 Environment 32 7
_189 Hypothesis 40 7
_198 Environment 58 4
_199 Environment 23 4
_200 Action 45 7
_201 Timepoint 89 5
_202 ListMap 15 1
_204 Environment 18 4
_205 Action 45 7
_211 Environment 26 6
_212 Action 67 7
_218 Hypothesis 17 7
_219 Environment 26 7
_228 Environment 47 4
_229 Environment 25 4
_230 Action 63 7
_231 Timepoint 57 5
_232 ListMap 20 2
_234 Hypothesis 17 7
_235 Environment 22 6
_236 Hypothesis 17 7
_237 Environment 22 6
_238 Hypothesis 38 7
_239 Environment 28 6
_240 Hypothesis 40 7
_247 Action 45 7
_248 Timepoint 36 5
_249 ListMap 18 2
_251 Hypothesis 38 7
_252 Environment 32 7
_253 Hypothesis 40 7
_262 Environment 58 4
_263 Environment 23 4
_264 Action 45 7
_265 Timepoint 89 5
_266 ListMap 15 1
_268 Environment 18 4
_269 Action 46 7
_275 Environment 26 6
_276 Action 87 7
_282 Hypothesis 17 7
_283 Environment 26 7
_292 Environment 47 4
_293 Environment 25 4
_294 Action 63 7
_295 Timepoint 57 5
_296 ListMap 20 2
_298 Hypothesis 17 7
_299 Environment 22 6
_300 Hypothesis 17 7
_301 Environment 22 6
_302 Hypothesis 38 7
_303 Environment 28 6
_304 Hypothesis 40 7
_311 Action 45 7
_312 Timepoint 36 5
_313 ListMap 18 2
_315 Hypothesis 38 7
_316 Environment 32 7
_317 Hypothesis 40 7
_326 Environment 58 4
_327 Environment 23 4
_328 Action 45 7
_329 Timepoint 89 5
_330 ListMap 15 1
_332 Environment 18 4
_333 Action 46 7
_339 Environment 26 6
_340 Action 83 7
_346 Hypothesis 17 7
_347 Environment 26 7
_356 Environment 47 4
_357 Environment 25 4
_358 Action 63 7
_359 Timepoint 57 5
_360 ListMap 20 2
_362 Hypothesis 17 7
_363 Environment 22 6
_364 Hypothesis 17 7
_365 Environment 22 6
_366 Hypothesis 38 7
_367 Environment 28 6
_368 Hypothesis 40 7
_375 Action 45 7
_376 Timepoint 36 5
_377 ListMap 18 2
_379 Hypothesis 38 7
_380 Environment 32 7
_381 Hypothesis 40 7
_390 Environment 58 4
_391 Environment 23 4
_392 Action 45 7
_393 Timepoint 89 5
_394 ListMap 15 1
_396 Environment 18 4
_397 Action 46 7
_403 Environment 26 6
_404 Action 79 7
_410 Hypothesis 17 7
_411 Environment 26 7
_420 Environment 47 4
_421 Environment 25 4
_422 Action 63 7
_423 Timepoint 57 5
_424 ListMap 20 2
_426 Hypothesis 17 7
_427 Environment 22 6
_428 Hypothesis 17 7
_429 Environment 22 6
_430 Hypothesis 38 7
_431 Environment 28 6
_432 Hypothesis 40 7
_439 Action 45 7
_440 Timepoint 36 5
_441 ListMap 18 2
_443 Hypothesis 38 7
_444 Environment 32 7
_445 Hypothesis 40 7
_454 Environment 58 4
_455 Environment 23 4
_456 Action 45 7
_457 Timepoint 89 5
_458 ListMap 15 1
_460 Environment 18 4
_461 Action 46 7
_467 Environment 26 6
_468 Action 75 7
_474 Hypothesis 17 7
_475 Environment 26 7
_484 Environment 47 4
_485 Environment 25 4
_486 Action 63 7
_487 Timepoint 57 5
_488 ListMap 20 2
_490 Hypothesis 17 7
_491 Environment 22 6
_492 Hypothesis 17 7
_493 Environment 22 6
_494 Hypothesis 38 7
_495 Environment 28 6
_496 Hypothesis 40 7
_503 Action 45 7
_504 Timepoint 36 5
_505 ListMap 18 2
_507 Hypothesis 38 7
_508 Environment 32 7
_509 Hypothesis 40 7
_518 Environment 58 4
_519 Environment 23 4
_520 Action 45 7
_521 Timepoint 89 5
_522 ListMap 15 1
_524 Environment 18 4
_525 Action 46 7
_531 Environment 26 6
_532 Action 71 7
_538 Hypothesis 17 7
_539 Environment 26 7
_548 Environment 47 4
_549 Environment 25 4
_550 Action 63 7
_551 Timepoint 57 5
_552 ListMap 20 2
_554 Hypothesis 17 7
_555 Environment 22 6
_556 Hypothesis 17 7
_557 Environment 22 6
_558 Hypothesis 38 7
_559 Environment 28 6
_560 Hypothesis 40 7
_567 Action 45 7
_568 Timepoint 36 5
_569 ListMap 18 2
_571 Hypothesis 38 7
_572 Environment 32 7
_573 Hypothesis 40 7
_582 Environment 58 4
_583 Environment 23 4
_584 Action 45 7
_585 Timepoint 89 5
_586 ListMap 15 1
_588 Environment 18 4
_589 Action 46 7
_595 Environment 26 6
_596 Action 67 7
_602 Hypothesis 17 7
_603 Environment 26 7
_612 Environment 47 4
_613 Environment 25 4
_614 Action 63 7
_615 Timepoint 57 5
_616 ListMap 20 2
_618 Hypothesis 17 7
_619 Environment 22 6
_620 Hypothesis 17 7
_621 Environment 22 6
_622 Hypothesis 38 7
_623 Environment 28 6
_624 Hypothesis 40 7
_631 Action 45 7
_632 Timepoint 36 5
_633 ListMap 18 2
_635 Hypothesis 38 7
_636 Environment 32 7
_637 Hypothesis 40 7
_646 Environment 58 4
_647 Environment 23 4
_648 Action 45 7
_649 Timepoint 89 5
_650 ListMap 15 1
_652 Environment 18 4
_653 Action 46 7
_659 Environment 26 6
_660 Action 63 7
_666 Hypothesis 17 7
_667 Environment 26 7
_676 Environment 47 4
_677 Environment 25 4
_678 Action 63 7
_679 Timepoint 57 5
_680 ListMap 20 2
_682 Hypothesis 17 7
_683 Environment 22 6
_684 Hypothesis 17 7
_685 Environment 22 6
_686 Hypothesis 38 7
_687 Environment 28 6
_688 Hypothesis 40 7
_695 Action 45 7
_696 Timepoint 36 5
_697 ListMap 18 2
_699 Hypothesis 38 7
_700 Environment 32 7
_701 Hypothesis 40 7
_710 Environment 58 4
_711 Environment 23 4
_712 Action 45 7
_713 Timepoint 89 5
_714 ListMap 15 1
_716 Environment 18 4
_717 Action 46 7
_723 Environment 26 6
_724 Action 59 7
_730 Hypothesis 17 7
_731 Environment 26 7
_740 Environment 47 4
_741 Environment 25 4
_742 Action 63 7
_743 Timepoint 57 5
_744 ListMap 20 2
_746 Hypothesis 17 7
_747 Environment 22 6
_748 Hypothesis 17 7
_749 Environment 22 6
_750 Hypothesis 38 7
_751 Environment 28 6
_752 Hypothesis 40 7
_759 Action 45 7
_760 Timepoint 36 5
_761 ListMap 18 2
_763 Hypothesis 38 7
_764 Environment 32 7
_765 Hypothesis 40 7
_774 Environment 58 4
_775 Environment 23 4
_776 Action 45 7
_777 Timepoint 89 5
_778 ListMap 15 1
_780 Environment 18 4
_781 Action 46 7
_787 Environment 26 6
_788 Action 55 7
_794 Hypothesis 17 7
_795 Environment 26 7
_804 Environment 47 4
_805 Environment 25 4
_806 Action 63 7
_807 Timepoint 57 5
_808 ListMap 20 2
_810 Hypothesis 17 7
_811 Environment 22 6
_812 Hypothesis 17 7
_813 Environment 22 6
_814 Hypothesis 38 7
_815 Environment 28 6
_816 Hypothesis 40 7
_823 Action 45 7
_824 Timepoint 36 5
_825 ListMap 18 2
_827 Hypothesis 38 7
_828 Environment 32 7
_829 Hypothesis 40 7
_838 Environment 58 4
_839 Environment 23 4
_840 Action 45 7
_841 Timepoint 89 5
_842 ListMap 15 1
_844 Environment 18 4
_845 Action 46 7
_851 Environment 26 6
_852 Action 51 7
_858 Hypothesis 17 7
_859 Environment 26 7
_868 Environment 47 4
_869 Environment 25 4
_870 Action 63 7
_871 Timepoint 57 5
_872 ListMap 20 2
_874 Hypothesis 17 7
_875 Environment 22 6
_876 Hypothesis 17 7
_877 Environment 22 6
_878 Hypothesis 38 7
_879 Environment 28 6
_880 Hypothesis 40 7
_887 Action 45 7
_888 Timepoint 36 5
_889 ListMap 18 2
_891 Hypothesis 38 7
_892 Environment 32 7
_893 Hypothesis 40 7
_902 Environment 58 4
_903 Environment 23 4
_904 Action 45 7
_905 Timepoint 89 5
_906 ListMap 15 1
_908 Environment 18 4
_909 Action 46 7
_915 Environment 26 6
_916 Action 47 7
_922 Hypothesis 17 7
_923 Environment 26 7
_932 Environment 47 4
_933 Environment 25 4
_934 Action 63 7
_935 Timepoint 57 5
_936 ListMap 20 2
_938 Hypothesis 17 7
_939 Environment 22 6
_940 Hypothesis 17 7
_941 Environment 22 6
_942 Hypothesis 38 7
_943 Environment 28 6
_944 Hypothesis 40 7
_951 Action 45 7
_952 Timepoint 36 5
_953 ListMap 18 2
_955 Hypothesis 38 7
_956 Environment 32 7
_957 Hypothesis 40 7
_966 Environment 26 4
_967 Environment 17 4
_968 Action 45 7
_969 Timepoint 39 5
_970 ListMap 11 1
_972 Environment 18 4
_973 Action 46 7
_979 Environment 26 6
_980 Action 43 7
_986 Hypothesis 17 7
_987 Environment 26 7
Objects:  402
  Action: 65
  Environment: 160
  Hypothesis: 91
  ListMap: 41
  Recipe: 5
  Timepoint: 40
Properties:  2214
Non-objects:
  #CLASS: 6 (Flashed: 0)
  #FUNCTION: 22 (Flashed: 0)
  #LIST: 1337 (Flashed: 800)
Symbols:  146
