test:  imitate
args: 
           t : imitate
     kb_name : kb_nlp
   demo_name : demo_garden_path
     verbose : True
       debug : False
     emulate : True
   integrity : False
       check : False
       ortho : True
        draw : True
       decay : 1.0
      wasted : False

Name  N  W
------------------------------------------------------------
        gh        240   19524960   0.036368
------------------------------------------------------------
                  ('op', 'hetero')  0.000552 0
                 ('lex', 'hetero')  0.002153 0
           ('exc_stack', 'hetero')  0.000029 0
                  ('gh', 'hetero')  0.000107 0
                ('bind', 'hetero')  0.015646 0
                 ('mem', 'hetero')  0.017881 0

------------------------------------------------------------
        op       1234   10071908   0.018760
------------------------------------------------------------
                 ('lex', 'hetero')  0.011070 0
           ('exc_stack', 'hetero')  0.000147 0
               ('stack', 'hetero')  0.004707 0
                  ('op', 'hetero')  0.002836 0

------------------------------------------------------------
       lex       4816  221776800   0.413091
------------------------------------------------------------
                 ('mem', 'hetero')  0.358820 0
                  ('op', 'hetero')  0.011070 0
                   ('lex', 'auto')  0.043202 0

------------------------------------------------------------
       mem      40000 4884800000   9.098649
------------------------------------------------------------
                 ('lex', 'hetero')  0.358820 0
                ('bind', 'hetero')  2.607703 0
               ('stack', 'hetero')  0.152588 0
                 ('mem', 'hetero')  2.980232 1
          ('data_stack', 'hetero')  0.019073 0
                   ('mem', 'auto')  2.980232 0

------------------------------------------------------------
   mem_ctx      40000 1792640000   3.339052   lam = 0.250000
------------------------------------------------------------
                 ('mem', 'hetero')  2.980232 1
                 ('lex', 'hetero')  0.358820 0

------------------------------------------------------------
 exc_stack         64       8192   0.000015
------------------------------------------------------------
              ('exc_stack', 'fwd')  0.000008 0
              ('exc_stack', 'bwd')  0.000008 0

------------------------------------------------------------
 stack_ctx       2048    9863168   0.018372   lam = 0.250000
------------------------------------------------------------
                 ('lex', 'hetero')  0.018372 0

------------------------------------------------------------
     stack       2048   12713984   0.023682
------------------------------------------------------------
                 ('stack', 'auto')  0.007812 0
           ('exc_stack', 'hetero')  0.000244 0
                  ('stack', 'fwd')  0.007812 0
                  ('stack', 'bwd')  0.007812 0

------------------------------------------------------------
      bind      35000 3921680000   7.304698
------------------------------------------------------------
                ('bind', 'hetero')  2.281740 0
               ('stack', 'hetero')  0.133514 0
                 ('mem', 'hetero')  2.607703 1
                  ('bind', 'auto')  2.281740 1

------------------------------------------------------------
data_stack        256     147456   0.000275
------------------------------------------------------------
             ('data_stack', 'fwd')  0.000122 0
             ('data_stack', 'bwd')  0.000122 0
           ('exc_stack', 'hetero')  0.000031 0

------------------------------------------------------------
  bind_ctx      35000  168560000   0.313967   lam = 0.125000
------------------------------------------------------------
                 ('lex', 'hetero')  0.313967 0

Total:      160706 11041786468
Device allocation:
0:      5216786468     10433572936 (9.7170 GB)
1:      5825000000     11650000000 (10.8499 GB)

Flashing gates...
Flashing mappings...
      bind       bind     hetero            1
 stack_ctx        lex     hetero            11
 exc_stack  exc_stack        fwd            32
 exc_stack  exc_stack        bwd            32
       lex        lex       auto            45
        gh         gh     hetero            96
       mem        lex     hetero            119
  bind_ctx        lex     hetero            119
   mem_ctx        lex     hetero            119
     stack      stack        fwd            128
     stack      stack        bwd            128
     stack      stack       auto            128
data_stack data_stack        fwd            128
data_stack data_stack        bwd            128
        op        lex     hetero            146
       lex         op     hetero            300
        op         op     hetero            615
        gh         op     hetero            617
   mem_ctx        mem     hetero            909
       mem        mem       auto            909
       lex        mem     hetero            909
       mem        mem     hetero    mem_ctx 1581

... flashed in 0.994912s

Running network...
Out:  (30692, '~~~~~~~~~~~~~~~~~~~~~~~~~~~~~~~~~~~~~~~~~~~~~~~', 0.0) 1.8669886449351907
Out:  (36098, '=====-PROCESS_ACTION-=====', 0.0) 2.191767242969945
Out:  (36261, 'the', 0.0) 2.201410167850554
Out:  (49310, '=====-PROCESS_ACTION-=====', 0.0) 2.9845266388729215
Out:  (49473, 'DET', 0.0) 2.994199977023527
Out:  (74367, '~~~~~~~~~~~~~~~~~~~~~~~~~~~~~~~~~~~~~~~~~~~~~~~', 0.0) 4.479480053996667
Out:  (79773, '=====-PROCESS_ACTION-=====', 0.0) 4.810656182002276
Out:  (79936, 'old', 0.0) 4.820083991857246
Out:  (93190, '=====-PROCESS_ACTION-=====', 0.0) 5.591620916966349
Out:  (93353, 'ADJ', 0.0) 5.6010990960057825
Out:  (117047, '=====-PROCESS_ACTION-=====', 0.0) 6.982522592879832
Out:  (117210, 'N', 0.0) 6.9918775339610875
Out:  (129686, '=====-PROCESS_ACTION-=====', 0.0) 7.718428942840546
Out:  (129849, 'NP', 0.0) 7.727792483987287
Out:  (144014, '~~~~~~~~~~~~~~~~~~~~~~~~~~~~~~~~~~~~~~~~~~~~~~~', 0.0) 8.554249049862847
Out:  (149420, '=====-PROCESS_ACTION-=====', 0.0) 8.869705682853237
Out:  (149583, 'man', 0.0) 8.879125369945541
Out:  (162837, '=====-PROCESS_ACTION-=====', 0.0) 9.653615237912163
Out:  (163000, 'V', 0.0) 9.663104751845822
Out:  (187925, '=====-PROCESS_ACTION-=====', 0.0) 11.151039656018838
Out:  (188088, 'N', 0.0) 11.160527328960598
Out:  (200564, '=====-PROCESS_ACTION-=====', 0.0) 11.889903450850397
Out:  (200727, 'NP', 0.0) 11.899359495844692
Out:  (214892, '~~~~~~~~~~~~~~~~~~~~~~~~~~~~~~~~~~~~~~~~~~~~~~~', 0.0) 12.721978840883821
Out:  (220298, '=====-PROCESS_ACTION-=====', 0.0) 13.035602941876277
Out:  (220461, 'the', 0.0) 13.045028172899038
Out:  (233715, '=====-PROCESS_ACTION-=====', 0.0) 13.816408806014806
Out:  (233878, 'DET', 0.0) 13.825851554051042
Out:  (258772, '~~~~~~~~~~~~~~~~~~~~~~~~~~~~~~~~~~~~~~~~~~~~~~~', 0.0) 15.273651375900954
Out:  (264178, '=====-PROCESS_ACTION-=====', 0.0) 15.588530394947156
Out:  (264341, 'boat', 0.0) 15.597916625905782
Out:  (277641, '=====-PROCESS_ACTION-=====', 0.0) 16.37135097803548
Out:  (277804, 'N', 0.0) 16.380806028842926
Out:  (290485, '=====-PROCESS_ACTION-=====', 0.0) 17.117460530018434
Out:  (290648, 'NP', 0.0) 17.126870654989034
Out:  (314152, '=====-PROCESS_ACTION-=====', 0.0) 18.49530944903381
Out:  (314315, 'VP', 0.0) 18.504750546999276
Out:  (326791, '=====-PROCESS_ACTION-=====', 0.0) 19.23062090598978
Out:  (326954, 'S', 0.0) 19.240076994989067
Out:  (330126, '___', 0.0) 19.422712178900838
Out:  (330287, 'EXPLANATION', 0.0) 19.431996444007382
Out:  (330448, '___', 0.0) 19.4413195468951
Out:  (332958, 'S', 0.0) 19.58661838900298
Out:  (333061, 'NIL', 0.0) 19.592572233872488
Out:  (333436, '+-->', 0.0) 19.614141470985487
Out:  (335293, 'NP', 0.0) 19.721852521877736
Out:  (335396, 'NIL', 0.0) 19.72777566802688
Out:  (335771, '+-->', 0.0) 19.749188060872257
Out:  (337628, 'DET', 0.0) 19.856885937973857
Out:  (337731, 'NIL', 0.0) 19.862847978947684
Out:  (338106, '+-->', 0.0) 19.884797465987504
Out:  (339459, 'the', 0.0) 19.96338107995689
Out:  (339562, 'NIL', 0.0) 19.969342211959884
Out:  (339966, '+--<', 0.0) 19.992396109970286
Out:  (340900, 'N', 0.0) 20.04666332504712
Out:  (341003, 'NIL', 0.0) 20.052620614878833
Out:  (341378, '+-->', 0.0) 20.0740951099433
Out:  (342731, 'old', 0.0) 20.15280019189231
Out:  (342834, 'NIL', 0.0) 20.15875117504038
Out:  (343238, '+--<', 0.0) 20.182023752946407
Out:  (343456, '+--<', 0.0) 20.1945287368726
Out:  (344390, 'VP', 0.0) 20.248672786867246
Out:  (344493, 'NIL', 0.0) 20.25463926489465
Out:  (344868, '+-->', 0.0) 20.27621117886156
Out:  (346725, 'V', 0.0) 20.38400673493743
Out:  (346828, 'NIL', 0.0) 20.389948243973777
Out:  (347203, '+-->', 0.0) 20.411435144022107
Out:  (348556, 'man', 0.0) 20.490239487960935
Out:  (348659, 'NIL', 0.0) 20.496237023966387
Out:  (349063, '+--<', 0.0) 20.51945790904574
Out:  (349997, 'NP', 0.0) 20.573638933012262
Out:  (350100, 'NIL', 0.0) 20.57957630092278
Out:  (350475, '+-->', 0.0) 20.601269468897954
Out:  (352332, 'DET', 0.0) 20.709047505864874
Out:  (352435, 'NIL', 0.0) 20.71499513904564
Out:  (352810, '+-->', 0.0) 20.736488397000358
Out:  (354163, 'the', 0.0) 20.815307748969644
Out:  (354266, 'NIL', 0.0) 20.821315987966955
Out:  (354670, '+--<', 0.0) 20.844533219002187
Out:  (355604, 'N', 0.0) 20.89864302193746
Out:  (355707, 'NIL', 0.0) 20.904648242983967
Out:  (356082, '+-->', 0.0) 20.92632452188991
Out:  (357435, 'boat', 0.0) 21.005062281852588
Out:  (357538, 'NIL', 0.0) 21.011064663995057
Out:  (357942, '+--<', 0.0) 21.034288430819288
Out:  (358160, '+--<', 0.0) 21.04677893500775
Out:  (358378, '+--<', 0.0) 21.0592610349413
Out:  (358596, '+--<', 0.0) 21.071734966011718
Out:  (358903, 'done', 0.0) 21.08925633598119
output:
(30692, '~~~~~~~~~~~~~~~~~~~~~~~~~~~~~~~~~~~~~~~~~~~~~~~', 0.0)
(36098, '=====-PROCESS_ACTION-=====', 0.0)
(36261, 'the', 0.0)
(49310, '=====-PROCESS_ACTION-=====', 0.0)
(49473, 'DET', 0.0)
(74367, '~~~~~~~~~~~~~~~~~~~~~~~~~~~~~~~~~~~~~~~~~~~~~~~', 0.0)
(79773, '=====-PROCESS_ACTION-=====', 0.0)
(79936, 'old', 0.0)
(93190, '=====-PROCESS_ACTION-=====', 0.0)
(93353, 'ADJ', 0.0)
(117047, '=====-PROCESS_ACTION-=====', 0.0)
(117210, 'N', 0.0)
(129686, '=====-PROCESS_ACTION-=====', 0.0)
(129849, 'NP', 0.0)
(144014, '~~~~~~~~~~~~~~~~~~~~~~~~~~~~~~~~~~~~~~~~~~~~~~~', 0.0)
(149420, '=====-PROCESS_ACTION-=====', 0.0)
(149583, 'man', 0.0)
(162837, '=====-PROCESS_ACTION-=====', 0.0)
(163000, 'V', 0.0)
(187925, '=====-PROCESS_ACTION-=====', 0.0)
(188088, 'N', 0.0)
(200564, '=====-PROCESS_ACTION-=====', 0.0)
(200727, 'NP', 0.0)
(214892, '~~~~~~~~~~~~~~~~~~~~~~~~~~~~~~~~~~~~~~~~~~~~~~~', 0.0)
(220298, '=====-PROCESS_ACTION-=====', 0.0)
(220461, 'the', 0.0)
(233715, '=====-PROCESS_ACTION-=====', 0.0)
(233878, 'DET', 0.0)
(258772, '~~~~~~~~~~~~~~~~~~~~~~~~~~~~~~~~~~~~~~~~~~~~~~~', 0.0)
(264178, '=====-PROCESS_ACTION-=====', 0.0)
(264341, 'boat', 0.0)
(277641, '=====-PROCESS_ACTION-=====', 0.0)
(277804, 'N', 0.0)
(290485, '=====-PROCESS_ACTION-=====', 0.0)
(290648, 'NP', 0.0)
(314152, '=====-PROCESS_ACTION-=====', 0.0)
(314315, 'VP', 0.0)
(326791, '=====-PROCESS_ACTION-=====', 0.0)
(326954, 'S', 0.0)
(330126, '___', 0.0)
(330287, 'EXPLANATION', 0.0)
(330448, '___', 0.0)
(332958, 'S', 0.0)
(333061, 'NIL', 0.0)
(333436, '+-->', 0.0)
(335293, 'NP', 0.0)
(335396, 'NIL', 0.0)
(335771, '+-->', 0.0)
(337628, 'DET', 0.0)
(337731, 'NIL', 0.0)
(338106, '+-->', 0.0)
(339459, 'the', 0.0)
(339562, 'NIL', 0.0)
(339966, '+--<', 0.0)
(340900, 'N', 0.0)
(341003, 'NIL', 0.0)
(341378, '+-->', 0.0)
(342731, 'old', 0.0)
(342834, 'NIL', 0.0)
(343238, '+--<', 0.0)
(343456, '+--<', 0.0)
(344390, 'VP', 0.0)
(344493, 'NIL', 0.0)
(344868, '+-->', 0.0)
(346725, 'V', 0.0)
(346828, 'NIL', 0.0)
(347203, '+-->', 0.0)
(348556, 'man', 0.0)
(348659, 'NIL', 0.0)
(349063, '+--<', 0.0)
(349997, 'NP', 0.0)
(350100, 'NIL', 0.0)
(350475, '+-->', 0.0)
(352332, 'DET', 0.0)
(352435, 'NIL', 0.0)
(352810, '+-->', 0.0)
(354163, 'the', 0.0)
(354266, 'NIL', 0.0)
(354670, '+--<', 0.0)
(355604, 'N', 0.0)
(355707, 'NIL', 0.0)
(356082, '+-->', 0.0)
(357435, 'boat', 0.0)
(357538, 'NIL', 0.0)
(357942, '+--<', 0.0)
(358160, '+--<', 0.0)
(358378, '+--<', 0.0)
(358596, '+--<', 0.0)
(358903, 'done', 0.0)

learned:
            mem             mem          hetero   |   online:   342 /   342 |  flashed:  1581 /  1581 |  activ_count:  22542
             gh            bind          hetero   |   online:  1879 /  4122 |  flashed:     0 /     0 |  activ_count:   4037
            lex             mem          hetero   |   online:   171 /   171 |  flashed:   909 /   909 |  activ_count:  21324
            mem             mem            auto   |   online:   171 /   171 |  flashed:   909 /   909 |  activ_count:  30755
        mem_ctx             mem          hetero   |   online:   171 /   171 |  flashed:   909 /   909 |  activ_count:  15602
            mem            bind          hetero   |   online:   802 /   865 |  flashed:     0 /     0 |  activ_count:   1756
           bind            bind            auto   |   online:   802 /   865 |  flashed:     0 /     0 |  activ_count:   2899
             gh              op          hetero   |   online:     0 /     0 |  flashed:   617 /   617 |  activ_count:  97475
             op              op          hetero   |   online:     0 /     0 |  flashed:   615 /   615 |  activ_count:  78607
           bind            bind          hetero   |   online:   426 /   432 |  flashed:     1 /     1 |  activ_count:   1223
            lex              op          hetero   |   online:     0 /     0 |  flashed:   300 /   300 |  activ_count:  33949
            mem           stack          hetero   |   online:   229 /  7591 |  flashed:     0 /     0 |  activ_count:   8852
          stack           stack            auto   |   online:     0 /     0 |  flashed:   128 /   128 |  activ_count:   6457
          stack           stack             fwd   |   online:     0 /     0 |  flashed:   128 /   128 |  activ_count:   7864
          stack           stack             bwd   |   online:     0 /     0 |  flashed:   128 /   128 |  activ_count:   7781
     data_stack      data_stack             fwd   |   online:     0 /     0 |  flashed:   128 /   128 |  activ_count:   2181
     data_stack      data_stack             bwd   |   online:     0 /     0 |  flashed:   128 /   128 |  activ_count:   2181
            mem             lex          hetero   |   online:     0 /     0 |  flashed:   119 /   119 |  activ_count:    503
        mem_ctx             lex          hetero   |   online:     0 /     0 |  flashed:   119 /   119 |  activ_count:   9078
       bind_ctx             lex          hetero   |   online:     0 /     0 |  flashed:   119 /   119 |  activ_count:   3764
           bind             mem          hetero   |   online:   113 /   134 |  flashed:     0 /     0 |  activ_count:   1033
             op             lex          hetero   |   online:     0 /     0 |  flashed:   101 /   146 |  activ_count:  18867
             gh              gh          hetero   |   online:     0 /     0 |  flashed:    96 /    96 |  activ_count:  243647
             gh             lex          hetero   |   online:    79 / 13747 |  flashed:     0 /     0 |  activ_count:  13747
            lex             lex            auto   |   online:     0 /     0 |  flashed:    45 /    45 |  activ_count:   3828
           bind           stack          hetero   |   online:    43 /  9172 |  flashed:     0 /     0 |  activ_count:   6305
             op           stack          hetero   |   online:    43 /  7864 |  flashed:     0 /     0 |  activ_count:   7781
      exc_stack       exc_stack             fwd   |   online:     0 /     0 |  flashed:    32 /    32 |  activ_count:     95
      exc_stack       exc_stack             bwd   |   online:     0 /     0 |  flashed:    32 /    32 |  activ_count:     95
            mem      data_stack          hetero   |   online:    24 /  3068 |  flashed:     0 /     0 |  activ_count:   3332
      stack_ctx             lex          hetero   |   online:     0 /     0 |  flashed:    11 /    11 |  activ_count:   6457
             gh             mem          hetero   |   online:     5 /    21 |  flashed:     0 /     0 |  activ_count:     21
             op       exc_stack          hetero   |   online:     1 /    95 |  flashed:     0 /     0 |  activ_count:     33
          stack       exc_stack          hetero   |   online:     1 /    95 |  flashed:     0 /     0 |  activ_count:     33
     data_stack       exc_stack          hetero   |   online:     1 /    95 |  flashed:     0 /     0 |  activ_count:     33
             gh       exc_stack          hetero   |   online:     1 /     1 |  flashed:     0 /     0 |  activ_count:     33

Final activity states:
             gh :                 halt  0.000000
             op :                 halt  0.000000
            lex :            progn_end  0.000000
            mem :                 done  0.000000
        mem_ctx :              main785  0.000000
      exc_stack :                    0  0.000000
      stack_ctx :                 inst  0.000000
          stack :                    0  0.000000
           bind :              def_env  0.000000
     data_stack :                    0  0.000000
       bind_ctx :           source_hyp  0.000000

Gate history:
          gh       learn   exc_stack      hetero :          1                 0.0000   0.000005790032446384
  data_stack       stash                         :         95                 0.0001   0.000000682946196512
          gh       learn         mem      hetero :         21                 0.0001   0.000004980513559920
       stack       stash                         :         95                 0.0001   0.000001116545478764
          gh    activate         mem      hetero :         21                 0.0001   0.000005909075428333
  data_stack    activate   exc_stack      hetero :         33                 0.0001   0.000003925200100198
          op    activate   exc_stack      hetero :         33                 0.0001   0.000004011615546364
     mem_ctx       stash                         :        171                 0.0001   0.000000779089457982
       stack    activate   exc_stack      hetero :         33                 0.0002   0.000005549737111186
         lex       stash                         :        171                 0.0002   0.000001091318074287
          gh    activate   exc_stack      hetero :         33                 0.0002   0.000005839343154521
  data_stack       learn   exc_stack      hetero :         95                 0.0003   0.000003226672446257
          op       learn   exc_stack      hetero :         95                 0.0003   0.000003370686777328
   exc_stack    activate   exc_stack         bwd :         95                 0.0004   0.000004163313362943
   exc_stack    activate   exc_stack         fwd :         95                 0.0004   0.000004544415462174
       stack       learn   exc_stack      hetero :         95                 0.0004   0.000004725226838338
        bind       learn         mem      hetero :        134                 0.0006   0.000004637491222082
     mem_ctx       noise                         :        171                 0.0007   0.000003943106769557
         mem       noise                         :        171                 0.0007   0.000004187336583671
     mem_ctx       learn         mem      hetero :        171                 0.0008   0.000004468497967249
         lex       learn         mem      hetero :        171                 0.0008   0.000004503799722209
         mem       learn         mem        auto :        171                 0.0009   0.000005395807957614
        bind       noise                         :        426                 0.0018   0.000004223816232327
         mem       learn         mem      hetero :        342                 0.0020   0.000005944497197082
        bind       learn        bind      hetero :        432                 0.0022   0.000005074661371678
         mem    activate         lex      hetero :        503                 0.0028   0.000005574172981098
        bind       learn        bind        auto :        865                 0.0042   0.000004827264276457
        bind    activate         mem      hetero :       1033                 0.0045   0.000004398579270167
        bind    activate        bind      hetero :       1223                 0.0050   0.000004113353301488
         mem       learn        bind      hetero :        865                 0.0053   0.000006090956766998
          op       stash                         :       7959                 0.0086   0.000001080029099133
        bind       stash                         :      10603                 0.0086   0.000000814087481630
  data_stack    activate  data_stack         bwd :       2181                 0.0089   0.000004091165239886
  data_stack    activate  data_stack         fwd :       2181                 0.0091   0.000004165372668207
         mem    activate        bind      hetero :       1756                 0.0120   0.000006809704968863
         mem       stash                         :      12037                 0.0130   0.000001076118127867
         mem       learn  data_stack      hetero :       3068                 0.0141   0.000004599298741498
    bind_ctx    activate         lex      hetero :       3764                 0.0154   0.000004078457889114
         mem    activate  data_stack      hetero :       3332                 0.0180   0.000005393306359130
       stack     context   stack_ctx             :       6457                 0.0184   0.000002853189245563
        bind     context    bind_ctx             :       6663                 0.0186   0.000002796523584410
          gh       learn        bind      hetero :       4122                 0.0201   0.000004886782062518
          gh        bias       false             :      17838                 0.0209   0.000001170891432119
        bind    activate        bind        auto :       2899                 0.0228   0.000007871968804037
          gh    activate        bind      hetero :       4037                 0.0246   0.000006103146118097
         lex    activate         lex        auto :       3828                 0.0268   0.000007002431057032
        bind    activate       stack      hetero :       6305                 0.0270   0.000004287031652741
   stack_ctx    activate         lex      hetero :       6457                 0.0347   0.000005371966004771
       stack    converge                         :       6457                 0.0348   0.000005392868477671
          op       learn       stack      hetero :       7864                 0.0355   0.000004517953993993
        bind       learn       stack      hetero :       9172                 0.0388   0.000004227958483328
         mem       learn       stack      hetero :       7591                 0.0393   0.000005176866765927
     mem_ctx    activate         lex      hetero :       9078                 0.0399   0.000004395935628017
       stack    activate       stack         fwd :       7864                 0.0432   0.000005498831598552
          op    activate       stack      hetero :       7781                 0.0436   0.000005598036545287
       stack    activate       stack         bwd :       7781                 0.0441   0.000005661804223515
         mem    activate       stack      hetero :       8852                 0.0501   0.000005663209447492
          gh       learn         lex      hetero :      13747                 0.0605   0.000004403300398683
          gh    activate         lex      hetero :      13747                 0.0788   0.000005730956264673
     mem_ctx    activate         mem      hetero :      15602                 0.0846   0.000005422692009080
          op    activate         lex      hetero :      18867                 0.0996   0.000005280821339179
         lex    activate         mem      hetero :      21324                 0.1128   0.000005287507792110
         mem    converge                         :      30755                 0.1532   0.000004979792707985
         mem     context     mem_ctx             :      57591                 0.1578   0.000002740068454698
         mem    activate         mem      hetero :      22542                 0.1585   0.000007030765256045
         lex    activate          op      hetero :      33949                 0.1662   0.000004894343357351
          op    activate          op      hetero :      78607                 0.3941   0.000005014005079454
    bind_ctx       cycle                         :     358960                 0.4590   0.000001278664288210
  data_stack       cycle                         :     358960                 0.4613   0.000001285048357740
   exc_stack       cycle                         :     358960                 0.4686   0.000001305406084347
   stack_ctx       cycle                         :     358960                 0.4697   0.000001308588197411
        bind       cycle                         :     358960                 0.4700   0.000001309387361872
       stack       cycle                         :     358960                 0.4796   0.000001336027512541
     mem_ctx       cycle                         :     358960                 0.4797   0.000001336234997491
         lex       cycle                         :     358960                 0.4920   0.000001370747529334
          gh    activate          op      hetero :      97475                 0.4986   0.000005115623387386
          op       cycle                         :     358960                 0.5183   0.000001443935716620
         mem       cycle                         :     358960                 0.5197   0.000001447871713592
          gh       cycle                         :     358960                 0.6043   0.000001683461591718
          gh    activate          gh      hetero :     243647                 0.9997   0.000004102958145927
          go    activate          gh      hetero :     358961                 1.3636   0.000003798622646056
          go       cycle                         :     358961                 2.8360   0.000007900689380867

Executed 358960 timesteps in 21.092506s

Ran test 'imitate' in 358960 timesteps
Output:
~~~~~~~~~~~~~~~~~~~~~~~~~~~~~~~~~~~~~~~~~~~~~~~ =====-PROCESS_ACTION-===== the =====-PROCESS_ACTION-===== DET ~~~~~~~~~~~~~~~~~~~~~~~~~~~~~~~~~~~~~~~~~~~~~~~ =====-PROCESS_ACTION-===== old =====-PROCESS_ACTION-===== ADJ =====-PROCESS_ACTION-===== N =====-PROCESS_ACTION-===== NP ~~~~~~~~~~~~~~~~~~~~~~~~~~~~~~~~~~~~~~~~~~~~~~~ =====-PROCESS_ACTION-===== man =====-PROCESS_ACTION-===== V =====-PROCESS_ACTION-===== N =====-PROCESS_ACTION-===== NP ~~~~~~~~~~~~~~~~~~~~~~~~~~~~~~~~~~~~~~~~~~~~~~~ =====-PROCESS_ACTION-===== the =====-PROCESS_ACTION-===== DET ~~~~~~~~~~~~~~~~~~~~~~~~~~~~~~~~~~~~~~~~~~~~~~~ =====-PROCESS_ACTION-===== boat =====-PROCESS_ACTION-===== N =====-PROCESS_ACTION-===== NP =====-PROCESS_ACTION-===== VP =====-PROCESS_ACTION-===== S ___ EXPLANATION ___ S NIL +--> NP NIL +--> DET NIL +--> the NIL +--< N NIL +--> old NIL +--< +--< VP NIL +--> V NIL +--> man NIL +--< NP NIL +--> DET NIL +--> the NIL +--< N NIL +--> boat NIL +--< +--< +--< +--< done
_26 ListMap 94 8
_29 Recipe 45 3
_31 Recipe 32 3
_33 Recipe 32 3
_35 Recipe 32 3
_37 Recipe 32 3
_39 Recipe 32 3
_41 Recipe 51 3
_43 Recipe 50 3
_45 Recipe 35 3
_47 Recipe 59 3
_58 Environment 112 3
_59 Timepoint 122 5
_60 ListMap 21 1
_61 Action 44 7
_62 Timepoint 78 5
_63 ListMap 27 3
_65 Hypothesis 30 7
_66 Environment 14 4
_67 Action 65 7
_70 Hypothesis 34 7
_71 Environment 18 4
_72 Hypothesis 44 7
_74 Hypothesis 38 7
_75 Environment 18 4
_76 Hypothesis 40 7
_78 Action 61 7
_79 Timepoint 115 5
_80 ListMap 29 3
_82 Hypothesis 26 7
_83 Environment 14 4
_84 Action 40 7
_87 Environment 20 4
_88 Hypothesis 36 7
_90 Hypothesis 30 7
_91 Environment 14 4
_92 Action 45 7
_95 Environment 16 4
_96 Action 50 7
_99 Hypothesis 38 7
_100 Environment 18 4
_101 Hypothesis 40 7
_103 Action 61 7
_104 Timepoint 115 5
_105 ListMap 27 3
_107 Hypothesis 30 7
_108 Environment 14 4
_109 Action 46 7
_112 Hypothesis 38 7
_113 Environment 18 4
_114 Hypothesis 40 7
_116 Hypothesis 26 7
_117 Environment 14 4
_118 Action 39 7
_121 Environment 16 4
_122 Action 45 7
_125 Hypothesis 32 7
_126 Environment 12 4
_127 Hypothesis 15 7
_129 Action 45 7
_130 Timepoint 62 5
_131 ListMap 25 3
_133 Hypothesis 30 7
_134 Environment 14 4
_135 Action 64 7
_138 Hypothesis 32 7
_139 Environment 12 4
_140 Hypothesis 15 7
_142 Hypothesis 38 7
_143 Environment 18 4
_144 Hypothesis 40 7
_146 Action 45 7
_147 Timepoint 57 5
_148 ListMap 16 2
_150 Hypothesis 30 7
_151 Environment 14 4
_152 Action 46 7
_155 Environment 16 4
_156 Action 62 7
_159 Hypothesis 32 7
_160 Environment 12 4
_161 Hypothesis 15 7
_163 Environment 16 4
_164 Action 45 7
_167 Environment 16 4
_168 Action 35 7
Objects:  86
  Action: 17
  Environment: 22
  Hypothesis: 24
  ListMap: 7
  Recipe: 10
  Timepoint: 6
Properties:  457
Non-objects:
  #CLASS: 6 (Flashed: 0)
  #FUNCTION: 21 (Flashed: 0)
  #LIST: 848 (Flashed: 790)
Symbols:  119
