test:  imitate
args: 
           t : imitate
     kb_name : kb_il_streamlined
   demo_name : demo_um
     verbose : True
       debug : False
     emulate : False
   integrity : False
       check : False
       ortho : True
        draw : False
       decay : 1.0
      wasted : False

Name  N  W
------------------------------------------------------------
        op       1234   10071908   0.018760
------------------------------------------------------------
                 ('lex', 'hetero')  0.011070 0
               ('stack', 'hetero')  0.004707 0
                  ('op', 'hetero')  0.002836 0
           ('exc_stack', 'hetero')  0.000147 0

------------------------------------------------------------
       lex       4816  221776800   0.413091
------------------------------------------------------------
                   ('lex', 'auto')  0.043202 0
                 ('mem', 'hetero')  0.358820 0
                  ('op', 'hetero')  0.011070 0

------------------------------------------------------------
     stack       2048   12713984   0.023682
------------------------------------------------------------
                  ('stack', 'fwd')  0.007812 0
                 ('stack', 'auto')  0.007812 0
           ('exc_stack', 'hetero')  0.000244 0
                  ('stack', 'bwd')  0.007812 0

------------------------------------------------------------
      bind      35000 3921680000   7.304698
------------------------------------------------------------
                  ('bind', 'auto')  2.281740 0
                 ('mem', 'hetero')  2.607703 0
               ('stack', 'hetero')  0.133514 0
                ('bind', 'hetero')  2.281740 1

------------------------------------------------------------
       mem      40000 4884800000   9.098649
------------------------------------------------------------
                   ('mem', 'auto')  2.980232 1
                ('bind', 'hetero')  2.607703 1
          ('data_stack', 'hetero')  0.019073 0
                 ('lex', 'hetero')  0.358820 0
               ('stack', 'hetero')  0.152588 0
                 ('mem', 'hetero')  2.980232 0

------------------------------------------------------------
 exc_stack         64       8192   0.000015
------------------------------------------------------------
              ('exc_stack', 'bwd')  0.000008 0
              ('exc_stack', 'fwd')  0.000008 0

------------------------------------------------------------
data_stack        256     147456   0.000275
------------------------------------------------------------
             ('data_stack', 'bwd')  0.000122 0
             ('data_stack', 'fwd')  0.000122 0
           ('exc_stack', 'hetero')  0.000031 0

------------------------------------------------------------
        gh        240   19524960   0.036368
------------------------------------------------------------
                ('bind', 'hetero')  0.015646 0
                  ('gh', 'hetero')  0.000107 0
           ('exc_stack', 'hetero')  0.000029 0
                 ('mem', 'hetero')  0.017881 0
                 ('lex', 'hetero')  0.002153 0
                  ('op', 'hetero')  0.000552 0

------------------------------------------------------------
  bind_ctx      35000  168560000   0.313967   lam = 0.125000
------------------------------------------------------------
                 ('lex', 'hetero')  0.313967 0

------------------------------------------------------------
   mem_ctx      40000 1792640000   3.339052   lam = 0.250000
------------------------------------------------------------
                 ('lex', 'hetero')  0.358820 0
                 ('mem', 'hetero')  2.980232 1

------------------------------------------------------------
 stack_ctx       2048    9863168   0.018372   lam = 0.250000
------------------------------------------------------------
                 ('lex', 'hetero')  0.018372 0

Total:      160706 11041786468
Device allocation:
0:      5216786468     10433572936 (9.7170 GB)
1:      5825000000     11650000000 (10.8499 GB)

Flashing gates...
Flashing                   ('go', 'gh', 'hetero')        122
  --> 0.003211
Flashing mappings...
      bind       bind     hetero            1
 stack_ctx        lex     hetero            11
 exc_stack  exc_stack        fwd            32
 exc_stack  exc_stack        bwd            32
       lex        lex       auto            45
        gh         gh     hetero            96
       mem        lex     hetero            125
  bind_ctx        lex     hetero            125
   mem_ctx        lex     hetero            125
     stack      stack        fwd            128
     stack      stack        bwd            128
     stack      stack       auto            128
data_stack data_stack        fwd            128
data_stack data_stack        bwd            128
        op        lex     hetero            146
       lex         op     hetero            300
        op         op     hetero            615
        gh         op     hetero            617
   mem_ctx        mem     hetero            925
       mem        mem       auto            925
       lex        mem     hetero            925
       mem        mem     hetero    mem_ctx 1601
Flashing                   ('gh', 'gh', 'hetero')         96
  --> 0.006622
Flashing                   ('op', 'op', 'hetero')        615
  --> 0.652440
Flashing                  ('op', 'lex', 'hetero')        146
  --> 0.746697
Flashing                   ('gh', 'op', 'hetero')        617
  --> 0.374052
Flashing                  ('lex', 'op', 'hetero')        300
  --> 0.431714
Flashing                   ('lex', 'lex', 'auto')         45
  --> 0.266101
Flashing               ('bind', 'bind', 'hetero')          1
  --> 0.659245
Flashing             ('mem_ctx', 'mem', 'hetero')        925
  --> 230.630237
Flashing                 ('mem', 'mem', 'hetero')       1601
  --> 53.419027
Flashing                   ('mem', 'mem', 'auto')        925
  --> 229.599576
Flashing                 ('lex', 'mem', 'hetero')        925
  --> 41.972499
Flashing                 ('mem', 'lex', 'hetero')        125
  --> 1.891395
Flashing            ('bind_ctx', 'lex', 'hetero')        125
  --> 2.368516
Flashing             ('mem_ctx', 'lex', 'hetero')        125
  --> 1.907232
Flashing           ('stack_ctx', 'lex', 'hetero')         11
  --> 0.064454
Flashing                ('stack', 'stack', 'fwd')        128
  --> 0.271576
Flashing                ('stack', 'stack', 'bwd')        128
  --> 0.272375
Flashing               ('stack', 'stack', 'auto')        128
  --> 0.271500
Flashing      ('data_stack', 'data_stack', 'fwd')        128
  --> 0.007858
Flashing      ('data_stack', 'data_stack', 'bwd')        128
  --> 0.007340
Flashing        ('exc_stack', 'exc_stack', 'fwd')         32
  --> 0.001728
Flashing        ('exc_stack', 'exc_stack', 'bwd')         32
  --> 0.001842

... flashed in 571.606383s

Running network...
In:  (
In:  new
In:  Environment
In:  '
In:  NIL
In:  '
In:  (
In:  (
In:  left_gripper
In:  gripping
In:  none
In:  )
In:  (
In:  right_gripper
In:  gripping
In:  none
In:  )
In:  (
In:  table
In:  identity
In:  Block
In:  )
In:  (
In:  M_blk1
In:  identity
In:  Block
In:  )
In:  (
In:  M_blk2
In:  identity
In:  Block
In:  )
In:  (
In:  M_blk3
In:  identity
In:  Block
In:  )
In:  (
In:  M_blk4
In:  identity
In:  Block
In:  )
In:  (
In:  M_blk5
In:  identity
In:  Block
In:  )
In:  (
In:  M_blk6
In:  identity
In:  Block
In:  )
In:  (
In:  M_blk7
In:  identity
In:  Block
In:  )
In:  (
In:  M_blk8
In:  identity
In:  Block
In:  )
In:  (
In:  U_blk1
In:  identity
In:  Block
In:  )
In:  (
In:  U_blk2
In:  identity
In:  Block
In:  )
In:  (
In:  U_blk3
In:  identity
In:  Block
In:  )
In:  (
In:  U_blk4
In:  identity
In:  Block
In:  )
In:  (
In:  U_blk5
In:  identity
In:  Block
In:  )
In:  )
In:  )
In:  (
In:  (
In:  move_arm_and_grasp
In:  right_gripper
In:  U_blk1
In:  )
In:  (
In:  right_gripper
In:  gripping
In:  U_blk1
In:  )
In:  )
Out:  (109721, '~~~~~~~~~~~~~~~~~~~~~~~~~~~~~~~~~~~~~~~~~~~~~~~', 1.0) 1014.3679188450042
Out:  (115166, '=====-PROCESS_ACTION-=====', 1.0) 1064.9380163590104
Out:  (115329, 'move_arm_and_grasp', 1.0) 1066.234325152007
In:  (
In:  (
In:  move_grasped_object
In:  right_gripper
In:  table
In:  true
In:  )
In:  )
Out:  (153860, '~~~~~~~~~~~~~~~~~~~~~~~~~~~~~~~~~~~~~~~~~~~~~~~', 1.0) 1423.162592831999
Out:  (159305, '=====-PROCESS_ACTION-=====', 1.0) 1473.9453081920074
Out:  (159468, 'move_grasped_object', 1.0) 1475.2305605930014
In:  (
In:  (
In:  release
In:  right_gripper
In:  )
In:  (
In:  right_gripper
In:  gripping
In:  none
In:  )
In:  )
Out:  (186147, '~~~~~~~~~~~~~~~~~~~~~~~~~~~~~~~~~~~~~~~~~~~~~~~', 1.0) 1719.3954549199989
Out:  (191592, '=====-PROCESS_ACTION-=====', 1.0) 1770.186758987009
Out:  (191755, 'release', 1.0) 1771.4689823030058
Out:  (206307, '=====-PROCESS_ACTION-=====', 1.0) 1904.6179796330107
Out:  (206470, 'put_down_grasped_object', 1.0) 1905.9131151140027
Out:  (224079, '=====-PROCESS_ACTION-=====', 1.0) 2066.2284494800115
Out:  (224242, 'move_object', 1.0) 2067.5253495320067
In:  (
In:  (
In:  move_arm_and_grasp
In:  right_gripper
In:  U_blk4
In:  )
In:  (
In:  right_gripper
In:  gripping
In:  U_blk4
In:  )
In:  )
Out:  (245618, '~~~~~~~~~~~~~~~~~~~~~~~~~~~~~~~~~~~~~~~~~~~~~~~', 1.0) 2261.622794875002
Out:  (251063, '=====-PROCESS_ACTION-=====', 1.0) 2312.4328398070065
Out:  (251226, 'move_arm_and_grasp', 1.0) 2313.7371287999995
In:  (
In:  (
In:  move_grasped_object
In:  right_gripper
In:  U_blk1
In:  true
In:  )
In:  )
Out:  (289835, '~~~~~~~~~~~~~~~~~~~~~~~~~~~~~~~~~~~~~~~~~~~~~~~', 1.0) 2671.420796492006
Out:  (295280, '=====-PROCESS_ACTION-=====', 1.0) 2722.1338962790032
Out:  (295443, 'move_grasped_object', 1.0) 2723.4313336400082
In:  (
In:  (
In:  release
In:  right_gripper
In:  )
In:  (
In:  right_gripper
In:  gripping
In:  none
In:  )
In:  )
Out:  (322174, '~~~~~~~~~~~~~~~~~~~~~~~~~~~~~~~~~~~~~~~~~~~~~~~', 1.0) 2967.3724787310057
Out:  (327619, '=====-PROCESS_ACTION-=====', 1.0) 3018.2624996899976
Out:  (327782, 'release', 1.0) 3019.559198325005
Out:  (342380, '=====-PROCESS_ACTION-=====', 1.0) 3153.2861508750066
Out:  (342543, 'put_down_grasped_object', 1.0) 3154.5787975389976
Out:  (360357, '=====-PROCESS_ACTION-=====', 1.0) 3316.9400233260094
Out:  (360520, 'move_object', 1.0) 3318.2349249539984
In:  (
In:  (
In:  move_arm_and_grasp
In:  right_gripper
In:  U_blk3
In:  )
In:  (
In:  right_gripper
In:  gripping
In:  U_blk3
In:  )
In:  )
Out:  (381922, '~~~~~~~~~~~~~~~~~~~~~~~~~~~~~~~~~~~~~~~~~~~~~~~', 1.0) 3512.570438742012
Out:  (387367, '=====-PROCESS_ACTION-=====', 1.0) 3563.292744227001
Out:  (387530, 'move_arm_and_grasp', 1.0) 3564.584711717005
In:  (
In:  (
In:  move_grasped_object
In:  right_gripper
In:  U_blk4
In:  true
In:  )
In:  )
Out:  (426217, '~~~~~~~~~~~~~~~~~~~~~~~~~~~~~~~~~~~~~~~~~~~~~~~', 1.0) 3922.2789649540064
Out:  (431662, '=====-PROCESS_ACTION-=====', 1.0) 3973.038358856007
Out:  (431825, 'move_grasped_object', 1.0) 3974.322875473008
In:  (
In:  (
In:  release
In:  right_gripper
In:  )
In:  (
In:  right_gripper
In:  gripping
In:  none
In:  )
In:  )
Out:  (458608, '~~~~~~~~~~~~~~~~~~~~~~~~~~~~~~~~~~~~~~~~~~~~~~~', 1.0) 4218.679137503001
Out:  (464053, '=====-PROCESS_ACTION-=====', 1.0) 4269.443017586003
Out:  (464216, 'release', 1.0) 4270.739251638006
Out:  (478860, '=====-PROCESS_ACTION-=====', 1.0) 4405.120365815004
Out:  (479023, 'put_down_grasped_object', 1.0) 4406.4139223920065
Out:  (496883, '=====-PROCESS_ACTION-=====', 1.0) 4569.62469877
Out:  (497046, 'move_object', 1.0) 4570.918306528998
In:  (
In:  (
In:  move_arm_and_grasp
In:  right_gripper
In:  U_blk2
In:  )
In:  (
In:  right_gripper
In:  gripping
In:  U_blk2
In:  )
In:  )
Out:  (518474, '~~~~~~~~~~~~~~~~~~~~~~~~~~~~~~~~~~~~~~~~~~~~~~~', 1.0) 4765.043243888009
Out:  (523919, '=====-PROCESS_ACTION-=====', 1.0) 4815.807755878006
Out:  (524082, 'move_arm_and_grasp', 1.0) 4817.10428002401
In:  (
In:  (
In:  move_grasped_object
In:  right_gripper
In:  U_blk1
In:  true
In:  )
In:  )
Out:  (562847, '~~~~~~~~~~~~~~~~~~~~~~~~~~~~~~~~~~~~~~~~~~~~~~~', 1.0) 5175.70028411501
Out:  (568292, '=====-PROCESS_ACTION-=====', 1.0) 5226.341419463002
Out:  (568455, 'move_grasped_object', 1.0) 5227.637694941004
In:  (
In:  (
In:  release
In:  right_gripper
In:  )
In:  (
In:  right_gripper
In:  gripping
In:  none
In:  )
In:  )
Out:  (595290, '~~~~~~~~~~~~~~~~~~~~~~~~~~~~~~~~~~~~~~~~~~~~~~~', 1.0) 5472.644681475998
Out:  (600735, '=====-PROCESS_ACTION-=====', 1.0) 5523.490816190009
Out:  (600898, 'release', 1.0) 5524.781303068012
Out:  (615588, '=====-PROCESS_ACTION-=====', 1.0) 5660.109319001
Out:  (615751, 'put_down_grasped_object', 1.0) 5661.405374308
Out:  (633657, '=====-PROCESS_ACTION-=====', 1.0) 5825.295130538012
Out:  (633820, 'move_object', 1.0) 5826.588971848003
In:  (
In:  (
In:  move_arm_and_grasp
In:  right_gripper
In:  U_blk5
In:  )
In:  (
In:  right_gripper
In:  gripping
In:  U_blk5
In:  )
In:  )
Out:  (655274, '~~~~~~~~~~~~~~~~~~~~~~~~~~~~~~~~~~~~~~~~~~~~~~~', 1.0) 6021.038331510004
Out:  (660719, '=====-PROCESS_ACTION-=====', 1.0) 6071.877120078003
Out:  (660882, 'move_arm_and_grasp', 1.0) 6073.161678432007
In:  (
In:  (
In:  move_grasped_object
In:  right_gripper
In:  U_blk2
In:  true
In:  )
In:  )
Out:  (699725, '~~~~~~~~~~~~~~~~~~~~~~~~~~~~~~~~~~~~~~~~~~~~~~~', 1.0) 6432.099768355009
Out:  (705170, '=====-PROCESS_ACTION-=====', 1.0) 6482.889341597009
Out:  (705333, 'move_grasped_object', 1.0) 6484.177285747006
In:  (
In:  (
In:  release
In:  right_gripper
In:  )
In:  (
In:  right_gripper
In:  gripping
In:  none
In:  )
In:  )
Out:  (732220, '~~~~~~~~~~~~~~~~~~~~~~~~~~~~~~~~~~~~~~~~~~~~~~~', 1.0) 6729.183472490011
Out:  (737665, '=====-PROCESS_ACTION-=====', 1.0) 6779.977100239004
Out:  (737828, 'release', 1.0) 6781.270648345002
Out:  (752564, '=====-PROCESS_ACTION-=====', 1.0) 6916.822050572009
Out:  (752727, 'put_down_grasped_object', 1.0) 6918.116577875
Out:  (770679, '=====-PROCESS_ACTION-=====', 1.0) 7082.5820997020055
Out:  (770842, 'move_object', 1.0) 7083.876144577007
In:  (
In:  (
In:  move_arm_and_grasp
In:  right_gripper
In:  M_blk3
In:  )
In:  (
In:  right_gripper
In:  gripping
In:  M_blk3
In:  )
In:  )
Out:  (792322, '~~~~~~~~~~~~~~~~~~~~~~~~~~~~~~~~~~~~~~~~~~~~~~~', 1.0) 7278.346161563008
Out:  (797767, '=====-PROCESS_ACTION-=====', 1.0) 7329.066991208005
Out:  (797930, 'move_arm_and_grasp', 1.0) 7330.364773759007
In:  (
In:  (
In:  move_grasped_object
In:  right_gripper
In:  table
In:  true
In:  )
In:  )
Out:  (836851, '~~~~~~~~~~~~~~~~~~~~~~~~~~~~~~~~~~~~~~~~~~~~~~~', 1.0) 7689.2715638640075
Out:  (842296, '=====-PROCESS_ACTION-=====', 1.0) 7740.030381314005
Out:  (842459, 'move_grasped_object', 1.0) 7741.329280075006
In:  (
In:  (
In:  release
In:  right_gripper
In:  )
In:  (
In:  right_gripper
In:  gripping
In:  none
In:  )
In:  )
Out:  (869398, '~~~~~~~~~~~~~~~~~~~~~~~~~~~~~~~~~~~~~~~~~~~~~~~', 1.0) 7986.352885764005
Out:  (874843, '=====-PROCESS_ACTION-=====', 1.0) 8036.979694531008
Out:  (875006, 'release', 1.0) 8038.2740298889985
Out:  (889788, '=====-PROCESS_ACTION-=====', 1.0) 8174.98322833101
Out:  (889951, 'put_down_grasped_object', 1.0) 8176.270732571007
Out:  (907949, '=====-PROCESS_ACTION-=====', 1.0) 8341.282334397009
Out:  (908112, 'move_object', 1.0) 8342.568421886011
In:  (
In:  (
In:  move_arm_and_grasp
In:  right_gripper
In:  M_blk6
In:  )
In:  (
In:  right_gripper
In:  gripping
In:  M_blk6
In:  )
In:  )
Out:  (929618, '~~~~~~~~~~~~~~~~~~~~~~~~~~~~~~~~~~~~~~~~~~~~~~~', 1.0) 8537.062776609004
Out:  (935063, '=====-PROCESS_ACTION-=====', 1.0) 8587.752566847004
Out:  (935226, 'move_arm_and_grasp', 1.0) 8589.046075639999
In:  (
In:  (
In:  move_grasped_object
In:  right_gripper
In:  M_blk3
In:  true
In:  )
In:  )
Out:  (974225, '~~~~~~~~~~~~~~~~~~~~~~~~~~~~~~~~~~~~~~~~~~~~~~~', 1.0) 8948.564492370017
Out:  (979670, '=====-PROCESS_ACTION-=====', 1.0) 8999.258818759015
Out:  (979833, 'move_grasped_object', 1.0) 9000.55377584901
In:  (
In:  (
In:  release
In:  right_gripper
In:  )
In:  (
In:  right_gripper
In:  gripping
In:  none
In:  )
In:  )
Out:  (1006824, '~~~~~~~~~~~~~~~~~~~~~~~~~~~~~~~~~~~~~~~~~~~~~~~', 1.0) 9245.747099278015
Out:  (1012269, '=====-PROCESS_ACTION-=====', 1.0) 9296.33345792799
Out:  (1012432, 'release', 1.0) 9297.621253194011
Out:  (1027260, '=====-PROCESS_ACTION-=====', 1.0) 9434.490375078996
Out:  (1027423, 'put_down_grasped_object', 1.0) 9435.774688259015
Out:  (1045467, '=====-PROCESS_ACTION-=====', 1.0) 9601.71576295
Out:  (1045630, 'move_object', 1.0) 9602.998627041015
In:  (
In:  (
In:  move_arm_and_grasp
In:  right_gripper
In:  M_blk4
In:  )
In:  (
In:  right_gripper
In:  gripping
In:  M_blk4
In:  )
In:  )
Out:  (1067162, '~~~~~~~~~~~~~~~~~~~~~~~~~~~~~~~~~~~~~~~~~~~~~~~', 1.0) 9797.574380924998
Out:  (1072607, '=====-PROCESS_ACTION-=====', 1.0) 9848.244415747016
Out:  (1072770, 'move_arm_and_grasp', 1.0) 9849.541719570014
In:  (
In:  (
In:  move_grasped_object
In:  right_gripper
In:  table
In:  true
In:  )
In:  )
Out:  (1111847, '~~~~~~~~~~~~~~~~~~~~~~~~~~~~~~~~~~~~~~~~~~~~~~~', 1.0) 10208.898777020993
Out:  (1117292, '=====-PROCESS_ACTION-=====', 1.0) 10259.550792262002
Out:  (1117455, 'move_grasped_object', 1.0) 10260.840416990002
In:  (
In:  (
In:  release
In:  right_gripper
In:  )
In:  (
In:  right_gripper
In:  gripping
In:  none
In:  )
In:  )
Out:  (1144498, '~~~~~~~~~~~~~~~~~~~~~~~~~~~~~~~~~~~~~~~~~~~~~~~', 1.0) 10506.63722278901
Out:  (1149943, '=====-PROCESS_ACTION-=====', 1.0) 10557.425442574997
Out:  (1150106, 'release', 1.0) 10558.721402654002
Out:  (1164980, '=====-PROCESS_ACTION-=====', 1.0) 10696.380811999014
Out:  (1165143, 'put_down_grasped_object', 1.0) 10697.672018772995
Out:  (1183233, '=====-PROCESS_ACTION-=====', 1.0) 10864.327715506995
Out:  (1183396, 'move_object', 1.0) 10865.622516702002
In:  (
In:  (
In:  move_arm_and_grasp
In:  right_gripper
In:  M_blk7
In:  )
In:  (
In:  right_gripper
In:  gripping
In:  M_blk7
In:  )
In:  )
Out:  (1204954, '~~~~~~~~~~~~~~~~~~~~~~~~~~~~~~~~~~~~~~~~~~~~~~~', 1.0) 11060.176350893002
Out:  (1210399, '=====-PROCESS_ACTION-=====', 1.0) 11110.869334160016
Out:  (1210562, 'move_arm_and_grasp', 1.0) 11112.162366699005
In:  (
In:  (
In:  move_grasped_object
In:  right_gripper
In:  M_blk4
In:  true
In:  )
In:  )
Out:  (1249717, '~~~~~~~~~~~~~~~~~~~~~~~~~~~~~~~~~~~~~~~~~~~~~~~', 1.0) 11472.574663972002
Out:  (1255162, '=====-PROCESS_ACTION-=====', 1.0) 11523.29484500199
Out:  (1255325, 'move_grasped_object', 1.0) 11524.586764902007
In:  (
In:  (
In:  release
In:  right_gripper
In:  )
In:  (
In:  right_gripper
In:  gripping
In:  none
In:  )
In:  )
Out:  (1282420, '~~~~~~~~~~~~~~~~~~~~~~~~~~~~~~~~~~~~~~~~~~~~~~~', 1.0) 11770.348247353992
Out:  (1287865, '=====-PROCESS_ACTION-=====', 1.0) 11821.077902489007
Out:  (1288028, 'release', 1.0) 11822.366551144994
Out:  (1302948, '=====-PROCESS_ACTION-=====', 1.0) 11961.41076639101
Out:  (1303111, 'put_down_grasped_object', 1.0) 11962.699067494003
Out:  (1321247, '=====-PROCESS_ACTION-=====', 1.0) 12130.085752482017
Out:  (1321410, 'move_object', 1.0) 12131.37875848201
In:  (
In:  (
In:  move_arm_and_grasp
In:  right_gripper
In:  M_blk1
In:  )
In:  (
In:  right_gripper
In:  gripping
In:  M_blk1
In:  )
In:  )
Out:  (1342994, '~~~~~~~~~~~~~~~~~~~~~~~~~~~~~~~~~~~~~~~~~~~~~~~', 1.0) 12326.044608532
Out:  (1348439, '=====-PROCESS_ACTION-=====', 1.0) 12376.837212375001
Out:  (1348602, 'move_arm_and_grasp', 1.0) 12378.131588995006
In:  (
In:  (
In:  move_grasped_object
In:  right_gripper
In:  M_blk6
In:  true
In:  )
In:  )
Out:  (1387835, '~~~~~~~~~~~~~~~~~~~~~~~~~~~~~~~~~~~~~~~~~~~~~~~', 1.0) 12738.388017670004
Out:  (1393280, '=====-PROCESS_ACTION-=====', 1.0) 12789.143367850003
Out:  (1393443, 'move_grasped_object', 1.0) 12790.443127785999
In:  (
In:  (
In:  release
In:  right_gripper
In:  )
In:  (
In:  right_gripper
In:  gripping
In:  none
In:  )
In:  )
Out:  (1420590, '~~~~~~~~~~~~~~~~~~~~~~~~~~~~~~~~~~~~~~~~~~~~~~~', 1.0) 13036.597579726993
Out:  (1426035, '=====-PROCESS_ACTION-=====', 1.0) 13087.322768254016
Out:  (1426198, 'release', 1.0) 13088.619699115006
Out:  (1441164, '=====-PROCESS_ACTION-=====', 1.0) 13228.112621560009
Out:  (1441327, 'put_down_grasped_object', 1.0) 13229.404513010013
Out:  (1459509, '=====-PROCESS_ACTION-=====', 1.0) 13397.664993069993
Out:  (1459672, 'move_object', 1.0) 13398.960149741019
In:  (
In:  (
In:  move_arm_and_grasp
In:  right_gripper
In:  M_blk5
In:  )
In:  (
In:  right_gripper
In:  gripping
In:  M_blk5
In:  )
In:  )
Out:  (1481282, '~~~~~~~~~~~~~~~~~~~~~~~~~~~~~~~~~~~~~~~~~~~~~~~', 1.0) 13593.856003023
Out:  (1486727, '=====-PROCESS_ACTION-=====', 1.0) 13644.565674439
Out:  (1486890, 'move_arm_and_grasp', 1.0) 13645.855143000997
In:  (
In:  (
In:  move_grasped_object
In:  right_gripper
In:  table
In:  true
In:  )
In:  )
Out:  (1526201, '~~~~~~~~~~~~~~~~~~~~~~~~~~~~~~~~~~~~~~~~~~~~~~~', 1.0) 14007.093489177016
Out:  (1531646, '=====-PROCESS_ACTION-=====', 1.0) 14057.813746745014
Out:  (1531809, 'move_grasped_object', 1.0) 14059.102515852996
In:  (
In:  (
In:  release
In:  right_gripper
In:  )
In:  (
In:  right_gripper
In:  gripping
In:  none
In:  )
In:  )
Out:  (1559008, '~~~~~~~~~~~~~~~~~~~~~~~~~~~~~~~~~~~~~~~~~~~~~~~', 1.0) 14305.183641318014
Out:  (1564453, '=====-PROCESS_ACTION-=====', 1.0) 14355.990781762011
Out:  (1564616, 'release', 1.0) 14357.274367298014
Out:  (1579628, '=====-PROCESS_ACTION-=====', 1.0) 14497.511596067008
Out:  (1579791, 'put_down_grasped_object', 1.0) 14498.805173173998
Out:  (1598019, '=====-PROCESS_ACTION-=====', 1.0) 14667.662361937008
Out:  (1598182, 'move_object', 1.0) 14668.959140325009
In:  (
In:  (
In:  move_arm_and_grasp
In:  right_gripper
In:  M_blk8
In:  )
In:  (
In:  right_gripper
In:  gripping
In:  M_blk8
In:  )
In:  )
Out:  (1619818, '~~~~~~~~~~~~~~~~~~~~~~~~~~~~~~~~~~~~~~~~~~~~~~~', 1.0) 14863.893095480002
Out:  (1625263, '=====-PROCESS_ACTION-=====', 1.0) 14914.68084003801
Out:  (1625426, 'move_arm_and_grasp', 1.0) 14915.981575778991
In:  (
In:  (
In:  move_grasped_object
In:  right_gripper
In:  M_blk5
In:  true
In:  )
In:  )
Out:  (1664815, '~~~~~~~~~~~~~~~~~~~~~~~~~~~~~~~~~~~~~~~~~~~~~~~', 1.0) 15277.115085735
Out:  (1670260, '=====-PROCESS_ACTION-=====', 1.0) 15327.742975496993
Out:  (1670423, 'move_grasped_object', 1.0) 15329.034075592019
In:  (
In:  (
In:  release
In:  right_gripper
In:  )
In:  (
In:  right_gripper
In:  gripping
In:  none
In:  )
In:  )
Out:  (1697674, '~~~~~~~~~~~~~~~~~~~~~~~~~~~~~~~~~~~~~~~~~~~~~~~', 1.0) 15575.622471376017
Out:  (1703119, '=====-PROCESS_ACTION-=====', 1.0) 15626.327898397009
Out:  (1703282, 'release', 1.0) 15627.625059963015
Out:  (1718340, '=====-PROCESS_ACTION-=====', 1.0) 15768.546528788997
Out:  (1718503, 'put_down_grasped_object', 1.0) 15769.84536536601
Out:  (1736777, '=====-PROCESS_ACTION-=====', 1.0) 15939.505741560992
Out:  (1736940, 'move_object', 1.0) 15940.789173501005
In:  (
In:  (
In:  move_arm_and_grasp
In:  right_gripper
In:  M_blk2
In:  )
In:  (
In:  right_gripper
In:  gripping
In:  M_blk2
In:  )
In:  )
Out:  (1758602, '~~~~~~~~~~~~~~~~~~~~~~~~~~~~~~~~~~~~~~~~~~~~~~~', 1.0) 16136.150000044014
Out:  (1764047, '=====-PROCESS_ACTION-=====', 1.0) 16186.892832374011
Out:  (1764210, 'move_arm_and_grasp', 1.0) 16188.18084905301
In:  (
In:  (
In:  move_grasped_object
In:  right_gripper
In:  M_blk8
In:  true
In:  )
In:  )
Out:  (1803677, '~~~~~~~~~~~~~~~~~~~~~~~~~~~~~~~~~~~~~~~~~~~~~~~', 1.0) 16550.922798361004
Out:  (1809122, '=====-PROCESS_ACTION-=====', 1.0) 16601.66961595301
Out:  (1809285, 'move_grasped_object', 1.0) 16602.958375870003
In:  (
In:  (
In:  release
In:  right_gripper
In:  )
In:  (
In:  right_gripper
In:  gripping
In:  none
In:  )
In:  )
Out:  (1836588, '~~~~~~~~~~~~~~~~~~~~~~~~~~~~~~~~~~~~~~~~~~~~~~~', 1.0) 16849.794628682997
Out:  (1842033, '=====-PROCESS_ACTION-=====', 1.0) 16900.480514487004
Out:  (1842196, 'release', 1.0) 16901.767207743003
Out:  (1857300, '=====-PROCESS_ACTION-=====', 1.0) 17043.540886902003
Out:  (1857463, 'put_down_grasped_object', 1.0) 17044.838783347004
Out:  (1875783, '=====-PROCESS_ACTION-=====', 1.0) 17215.351738732003
Out:  (1875946, 'move_object', 1.0) 17216.639844378005
In:  NIL
Out:  (1889955, '___', 1.0) 17347.080563248004
Out:  (1890116, 'EXPLANATION', 1.0) 17348.719831331007
Out:  (1890277, '___', 1.0) 17350.325741313005
Out:  (1903731, 'move_object', 1.0) 17481.396302741006
Out:  (1903837, '(', 1.0) 17482.089377851007
Out:  (1903859, 'U_blk1', 1.0) 17482.233557476007
Out:  (1903904, 'table', 1.0) 17482.57917963002
Out:  (1903949, 'true', 1.0) 17482.927980927998
Out:  (1903977, ')', 1.0) 17483.139099417996
Out:  (1904354, '+-->', 1.0) 17486.386342558006
Out:  (1906211, 'move_arm_and_grasp', 1.0) 17503.866952277996
Out:  (1906317, '(', 1.0) 17504.55710664102
Out:  (1906339, 'right_gripper', 1.0) 17504.703431738002
Out:  (1906384, 'U_blk1', 1.0) 17505.04986818401
Out:  (1906412, ')', 1.0) 17505.262388270014
Out:  (1907534, 'put_down_grasped_object', 1.0) 17515.418083626995
Out:  (1907640, '(', 1.0) 17516.113146297997
Out:  (1907662, 'right_gripper', 1.0) 17516.258334180995
Out:  (1907707, 'table', 1.0) 17516.605577244
Out:  (1907752, 'true', 1.0) 17516.951850913014
Out:  (1907780, ')', 1.0) 17517.163112180002
Out:  (1908157, '+-->', 1.0) 17520.406099041007
Out:  (1910014, 'move_grasped_object', 1.0) 17537.972984203006
Out:  (1910120, '(', 1.0) 17538.67079068
Out:  (1910142, 'right_gripper', 1.0) 17538.814742300994
Out:  (1910187, 'table', 1.0) 17539.166402674004
Out:  (1910232, 'true', 1.0) 17539.514940926005
Out:  (1910260, ')', 1.0) 17539.727471931998
Out:  (1911382, 'release', 1.0) 17549.900286217002
Out:  (1911488, '(', 1.0) 17550.599525854006
Out:  (1911510, 'right_gripper', 1.0) 17550.745494527
Out:  (1911538, ')', 1.0) 17550.957372790013
Out:  (1911944, '+--<', 1.0) 17554.379651729992
Out:  (1912162, '+--<', 1.0) 17556.403848192
Out:  (1913115, 'move_object', 1.0) 17565.334670953
Out:  (1913221, '(', 1.0) 17566.02584134
Out:  (1913243, 'U_blk4', 1.0) 17566.172151534018
Out:  (1913288, 'U_blk1', 1.0) 17566.519802661016
Out:  (1913333, 'true', 1.0) 17566.865370393018
Out:  (1913361, ')', 1.0) 17567.078682834006
Out:  (1913738, '+-->', 1.0) 17570.332172033013
Out:  (1915595, 'move_arm_and_grasp', 1.0) 17587.894002361005
Out:  (1915701, '(', 1.0) 17588.580880801994
Out:  (1915723, 'right_gripper', 1.0) 17588.725834194993
Out:  (1915768, 'U_blk4', 1.0) 17589.07045216301
Out:  (1915796, ')', 1.0) 17589.277926957016
Out:  (1916918, 'put_down_grasped_object', 1.0) 17599.461539872005
Out:  (1917024, '(', 1.0) 17600.158864525016
Out:  (1917046, 'right_gripper', 1.0) 17600.30418161901
Out:  (1917091, 'U_blk1', 1.0) 17600.653423427997
Out:  (1917136, 'true', 1.0) 17601.002664806016
Out:  (1917164, ')', 1.0) 17601.21345793501
Out:  (1917541, '+-->', 1.0) 17604.466121674006
Out:  (1919398, 'move_grasped_object', 1.0) 17621.990404366996
Out:  (1919504, '(', 1.0) 17622.68717920799
Out:  (1919526, 'right_gripper', 1.0) 17622.834256955
Out:  (1919571, 'U_blk1', 1.0) 17623.18462991102
Out:  (1919616, 'true', 1.0) 17623.532739495
Out:  (1919644, ')', 1.0) 17623.746349683017
Out:  (1920766, 'release', 1.0) 17633.933760886008
Out:  (1920872, '(', 1.0) 17634.630968997997
Out:  (1920894, 'right_gripper', 1.0) 17634.777078556
Out:  (1920922, ')', 1.0) 17634.987315341
Out:  (1921328, '+--<', 1.0) 17638.414844446015
Out:  (1921546, '+--<', 1.0) 17640.440346524018
Out:  (1922499, 'move_object', 1.0) 17649.376053547996
Out:  (1922605, '(', 1.0) 17650.069617200017
Out:  (1922627, 'U_blk3', 1.0) 17650.21593415299
Out:  (1922672, 'U_blk4', 1.0) 17650.564664671998
Out:  (1922717, 'true', 1.0) 17650.910862717006
Out:  (1922745, ')', 1.0) 17651.12243505301
Out:  (1923122, '+-->', 1.0) 17654.383788688006
Out:  (1924979, 'move_arm_and_grasp', 1.0) 17671.927963306007
Out:  (1925085, '(', 1.0) 17672.619014854994
Out:  (1925107, 'right_gripper', 1.0) 17672.765375511008
Out:  (1925152, 'U_blk3', 1.0) 17673.11468145401
Out:  (1925180, ')', 1.0) 17673.325594101
Out:  (1926302, 'put_down_grasped_object', 1.0) 17683.49475728099
Out:  (1926408, '(', 1.0) 17684.184312815996
Out:  (1926430, 'right_gripper', 1.0) 17684.328960228
Out:  (1926475, 'U_blk4', 1.0) 17684.678828243996
Out:  (1926520, 'true', 1.0) 17685.025832764994
Out:  (1926548, ')', 1.0) 17685.23724671801
Out:  (1926925, '+-->', 1.0) 17688.482446038994
Out:  (1928782, 'move_grasped_object', 1.0) 17706.075631168016
Out:  (1928888, '(', 1.0) 17706.765759517017
Out:  (1928910, 'right_gripper', 1.0) 17706.91050277
Out:  (1928955, 'U_blk4', 1.0) 17707.257083532997
Out:  (1929000, 'true', 1.0) 17707.60418121099
Out:  (1929028, ')', 1.0) 17707.814547097005
Out:  (1930150, 'release', 1.0) 17718.003914418005
Out:  (1930256, '(', 1.0) 17718.698788063004
Out:  (1930278, 'right_gripper', 1.0) 17718.844004539
Out:  (1930306, ')', 1.0) 17719.057234294
Out:  (1930712, '+--<', 1.0) 17722.484083403004
Out:  (1930930, '+--<', 1.0) 17724.511758730994
Out:  (1931883, 'move_object', 1.0) 17733.424891560004
Out:  (1931989, '(', 1.0) 17734.117184506016
Out:  (1932011, 'U_blk2', 1.0) 17734.26184789701
Out:  (1932056, 'U_blk1', 1.0) 17734.61082830401
Out:  (1932101, 'true', 1.0) 17734.961123414992
Out:  (1932129, ')', 1.0) 17735.17287246701
Out:  (1932506, '+-->', 1.0) 17738.408848469015
Out:  (1934363, 'move_arm_and_grasp', 1.0) 17755.894121595004
Out:  (1934469, '(', 1.0) 17756.583344158993
Out:  (1934491, 'right_gripper', 1.0) 17756.72748693799
Out:  (1934536, 'U_blk2', 1.0) 17757.07626043902
Out:  (1934564, ')', 1.0) 17757.287103918017
Out:  (1935686, 'put_down_grasped_object', 1.0) 17767.426112060013
Out:  (1935792, '(', 1.0) 17768.120327396013
Out:  (1935814, 'right_gripper', 1.0) 17768.264249782995
Out:  (1935859, 'U_blk1', 1.0) 17768.610523276016
Out:  (1935904, 'true', 1.0) 17768.958135328998
Out:  (1935932, ')', 1.0) 17769.170189714016
Out:  (1936309, '+-->', 1.0) 17772.420192619014
Out:  (1938166, 'move_grasped_object', 1.0) 17789.993757936012
Out:  (1938272, '(', 1.0) 17790.688877907014
Out:  (1938294, 'right_gripper', 1.0) 17790.833584159016
Out:  (1938339, 'U_blk1', 1.0) 17791.18176983802
Out:  (1938384, 'true', 1.0) 17791.527574752996
Out:  (1938412, ')', 1.0) 17791.739027000018
Out:  (1939534, 'release', 1.0) 17801.88159487101
Out:  (1939640, '(', 1.0) 17802.578587112002
Out:  (1939662, 'right_gripper', 1.0) 17802.720961892992
Out:  (1939690, ')', 1.0) 17802.930669604
Out:  (1940096, '+--<', 1.0) 17806.314402036005
Out:  (1940314, '+--<', 1.0) 17808.331043154016
Out:  (1941267, 'move_object', 1.0) 17817.27380012801
Out:  (1941373, '(', 1.0) 17817.966451734
Out:  (1941395, 'U_blk5', 1.0) 17818.109851889007
Out:  (1941440, 'U_blk2', 1.0) 17818.456276052995
Out:  (1941485, 'true', 1.0) 17818.800778135992
Out:  (1941513, ')', 1.0) 17819.01064181399
Out:  (1941890, '+-->', 1.0) 17822.242888259017
Out:  (1943747, 'move_arm_and_grasp', 1.0) 17839.734570478016
Out:  (1943853, '(', 1.0) 17840.42214567501
Out:  (1943875, 'right_gripper', 1.0) 17840.567186217013
Out:  (1943920, 'U_blk5', 1.0) 17840.911643415006
Out:  (1943948, ')', 1.0) 17841.122763976993
Out:  (1945070, 'put_down_grasped_object', 1.0) 17851.250969781002
Out:  (1945176, '(', 1.0) 17851.941891865994
Out:  (1945198, 'right_gripper', 1.0) 17852.089680524005
Out:  (1945243, 'U_blk2', 1.0) 17852.44038551599
Out:  (1945288, 'true', 1.0) 17852.788785163997
Out:  (1945316, ')', 1.0) 17852.999608885017
Out:  (1945693, '+-->', 1.0) 17856.25068115302
Out:  (1947550, 'move_grasped_object', 1.0) 17873.822164671015
Out:  (1947656, '(', 1.0) 17874.508415941018
Out:  (1947678, 'right_gripper', 1.0) 17874.654634874998
Out:  (1947723, 'U_blk2', 1.0) 17875.003766501017
Out:  (1947768, 'true', 1.0) 17875.351619943
Out:  (1947796, ')', 1.0) 17875.565825118
Out:  (1948918, 'release', 1.0) 17885.739052256
Out:  (1949024, '(', 1.0) 17886.426431888
Out:  (1949046, 'right_gripper', 1.0) 17886.573745415997
Out:  (1949074, ')', 1.0) 17886.78362084001
Out:  (1949480, '+--<', 1.0) 17890.195929165013
Out:  (1949698, '+--<', 1.0) 17892.229312224008
Out:  (1950651, 'move_object', 1.0) 17901.161020218
Out:  (1950757, '(', 1.0) 17901.847936869992
Out:  (1950779, 'M_blk3', 1.0) 17901.991641918008
Out:  (1950824, 'table', 1.0) 17902.33886381499
Out:  (1950869, 'true', 1.0) 17902.683337445997
Out:  (1950897, ')', 1.0) 17902.894955851007
Out:  (1951274, '+-->', 1.0) 17906.141455918012
Out:  (1953131, 'move_arm_and_grasp', 1.0) 17923.675882527008
Out:  (1953237, '(', 1.0) 17924.363576858
Out:  (1953259, 'right_gripper', 1.0) 17924.509002669
Out:  (1953304, 'M_blk3', 1.0) 17924.85496447202
Out:  (1953332, ')', 1.0) 17925.06679907402
Out:  (1954454, 'put_down_grasped_object', 1.0) 17935.237713864
Out:  (1954560, '(', 1.0) 17935.932269774014
Out:  (1954582, 'right_gripper', 1.0) 17936.078466032995
Out:  (1954627, 'table', 1.0) 17936.42775399699
Out:  (1954672, 'true', 1.0) 17936.778677205017
Out:  (1954700, ')', 1.0) 17936.990901394995
Out:  (1955077, '+-->', 1.0) 17940.251860689998
Out:  (1956934, 'move_grasped_object', 1.0) 17957.866363565015
Out:  (1957040, '(', 1.0) 17958.563803893005
Out:  (1957062, 'right_gripper', 1.0) 17958.709419959006
Out:  (1957107, 'table', 1.0) 17959.061554524014
Out:  (1957152, 'true', 1.0) 17959.411593422017
Out:  (1957180, ')', 1.0) 17959.623514780993
Out:  (1958302, 'release', 1.0) 17969.808476348015
Out:  (1958408, '(', 1.0) 17970.49941010801
Out:  (1958430, 'right_gripper', 1.0) 17970.644148912994
Out:  (1958458, ')', 1.0) 17970.855482980012
Out:  (1958864, '+--<', 1.0) 17974.26808304501
Out:  (1959082, '+--<', 1.0) 17976.284139640993
Out:  (1960035, 'move_object', 1.0) 17985.237359834005
Out:  (1960141, '(', 1.0) 17985.93047062801
Out:  (1960163, 'M_blk6', 1.0) 17986.07797636201
Out:  (1960208, 'M_blk3', 1.0) 17986.42714831799
Out:  (1960253, 'true', 1.0) 17986.775997236997
Out:  (1960281, ')', 1.0) 17986.986390760998
Out:  (1960658, '+-->', 1.0) 17990.241699320017
Out:  (1962515, 'move_arm_and_grasp', 1.0) 18007.778073429
Out:  (1962621, '(', 1.0) 18008.46581473401
Out:  (1962643, 'right_gripper', 1.0) 18008.609801016995
Out:  (1962688, 'M_blk6', 1.0) 18008.960419533003
Out:  (1962716, ')', 1.0) 18009.172039101002
Out:  (1963838, 'put_down_grasped_object', 1.0) 18019.341676446013
Out:  (1963944, '(', 1.0) 18020.03009005
Out:  (1963966, 'right_gripper', 1.0) 18020.17630191399
Out:  (1964011, 'M_blk3', 1.0) 18020.52614167299
Out:  (1964056, 'true', 1.0) 18020.872796566007
Out:  (1964084, ')', 1.0) 18021.082475874995
Out:  (1964461, '+-->', 1.0) 18024.33214219501
Out:  (1966318, 'move_grasped_object', 1.0) 18041.84587388202
Out:  (1966424, '(', 1.0) 18042.540068870017
Out:  (1966446, 'right_gripper', 1.0) 18042.682791724
Out:  (1966491, 'M_blk3', 1.0) 18043.03032303501
Out:  (1966536, 'true', 1.0) 18043.379987537992
Out:  (1966564, ')', 1.0) 18043.590704018003
Out:  (1967686, 'release', 1.0) 18053.70929191001
Out:  (1967792, '(', 1.0) 18054.402636278
Out:  (1967814, 'right_gripper', 1.0) 18054.546680860003
Out:  (1967842, ')', 1.0) 18054.758306067015
Out:  (1968248, '+--<', 1.0) 18058.179294446003
Out:  (1968466, '+--<', 1.0) 18060.20484702599
Out:  (1969419, 'move_object', 1.0) 18069.13617707799
Out:  (1969525, '(', 1.0) 18069.824669315
Out:  (1969547, 'M_blk4', 1.0) 18069.970475996015
Out:  (1969592, 'table', 1.0) 18070.314110355
Out:  (1969637, 'true', 1.0) 18070.65971942201
Out:  (1969665, ')', 1.0) 18070.869961328994
Out:  (1970042, '+-->', 1.0) 18074.134745858013
Out:  (1971899, 'move_arm_and_grasp', 1.0) 18091.690333210005
Out:  (1972005, '(', 1.0) 18092.386280619
Out:  (1972027, 'right_gripper', 1.0) 18092.53054803201
Out:  (1972072, 'M_blk4', 1.0) 18092.880415725012
Out:  (1972100, ')', 1.0) 18093.09113660401
Out:  (1973222, 'put_down_grasped_object', 1.0) 18103.274927358012
Out:  (1973328, '(', 1.0) 18103.970436132004
Out:  (1973350, 'right_gripper', 1.0) 18104.116147871
Out:  (1973395, 'table', 1.0) 18104.462244315
Out:  (1973440, 'true', 1.0) 18104.812574483003
Out:  (1973468, ')', 1.0) 18105.02419660399
Out:  (1973845, '+-->', 1.0) 18108.286632845018
Out:  (1975702, 'move_grasped_object', 1.0) 18125.87226725802
Out:  (1975808, '(', 1.0) 18126.559026448012
Out:  (1975830, 'right_gripper', 1.0) 18126.703837458
Out:  (1975875, 'table', 1.0) 18127.050885841003
Out:  (1975920, 'true', 1.0) 18127.397398479006
Out:  (1975948, ')', 1.0) 18127.60574011701
Out:  (1977070, 'release', 1.0) 18137.76591363699
Out:  (1977176, '(', 1.0) 18138.457538378992
Out:  (1977198, 'right_gripper', 1.0) 18138.60406319202
Out:  (1977226, ')', 1.0) 18138.815301776995
Out:  (1977632, '+--<', 1.0) 18142.220560489004
Out:  (1977850, '+--<', 1.0) 18144.230316356014
Out:  (1978803, 'move_object', 1.0) 18153.150795992013
Out:  (1978909, '(', 1.0) 18153.842584820013
Out:  (1978931, 'M_blk7', 1.0) 18153.988368573002
Out:  (1978976, 'M_blk4', 1.0) 18154.33894316999
Out:  (1979021, 'true', 1.0) 18154.684669071998
Out:  (1979049, ')', 1.0) 18154.895012276
Out:  (1979426, '+-->', 1.0) 18158.148328555995
Out:  (1981283, 'move_arm_and_grasp', 1.0) 18175.64014209401
Out:  (1981389, '(', 1.0) 18176.329217887003
Out:  (1981411, 'right_gripper', 1.0) 18176.474698042017
Out:  (1981456, 'M_blk7', 1.0) 18176.82207223201
Out:  (1981484, ')', 1.0) 18177.034618034013
Out:  (1982606, 'put_down_grasped_object', 1.0) 18187.196769157992
Out:  (1982712, '(', 1.0) 18187.888935020994
Out:  (1982734, 'right_gripper', 1.0) 18188.034454038003
Out:  (1982779, 'M_blk4', 1.0) 18188.380693950996
Out:  (1982824, 'true', 1.0) 18188.726308746016
Out:  (1982852, ')', 1.0) 18188.936864745003
Out:  (1983229, '+-->', 1.0) 18192.185087773003
Out:  (1985086, 'move_grasped_object', 1.0) 18209.718074374003
Out:  (1985192, '(', 1.0) 18210.414037071998
Out:  (1985214, 'right_gripper', 1.0) 18210.559638833
Out:  (1985259, 'M_blk4', 1.0) 18210.907510047997
Out:  (1985304, 'true', 1.0) 18211.256252406994
Out:  (1985332, ')', 1.0) 18211.469845075
Out:  (1986454, 'release', 1.0) 18221.621338943994
Out:  (1986560, '(', 1.0) 18222.31416067602
Out:  (1986582, 'right_gripper', 1.0) 18222.460263232017
Out:  (1986610, ')', 1.0) 18222.672213469996
Out:  (1987016, '+--<', 1.0) 18226.073658839
Out:  (1987234, '+--<', 1.0) 18228.10063105401
Out:  (1988187, 'move_object', 1.0) 18237.02000109
Out:  (1988293, '(', 1.0) 18237.709883410003
Out:  (1988315, 'M_blk1', 1.0) 18237.856150844003
Out:  (1988360, 'M_blk6', 1.0) 18238.20680149102
Out:  (1988405, 'true', 1.0) 18238.55666822901
Out:  (1988433, ')', 1.0) 18238.76828436101
Out:  (1988810, '+-->', 1.0) 18242.027344485992
Out:  (1990667, 'move_arm_and_grasp', 1.0) 18259.574114033006
Out:  (1990773, '(', 1.0) 18260.26579246302
Out:  (1990795, 'right_gripper', 1.0) 18260.411728067018
Out:  (1990840, 'M_blk1', 1.0) 18260.761185566997
Out:  (1990868, ')', 1.0) 18260.972474675
Out:  (1991990, 'put_down_grasped_object', 1.0) 18271.161692141017
Out:  (1992096, '(', 1.0) 18271.853395347003
Out:  (1992118, 'right_gripper', 1.0) 18271.99826628501
Out:  (1992163, 'M_blk6', 1.0) 18272.345797400994
Out:  (1992208, 'true', 1.0) 18272.698690781996
Out:  (1992236, ')', 1.0) 18272.91060988001
Out:  (1992613, '+-->', 1.0) 18276.154385924994
Out:  (1994470, 'move_grasped_object', 1.0) 18293.753917978014
Out:  (1994576, '(', 1.0) 18294.447409047003
Out:  (1994598, 'right_gripper', 1.0) 18294.59163395701
Out:  (1994643, 'M_blk6', 1.0) 18294.938386430018
Out:  (1994688, 'true', 1.0) 18295.286313564007
Out:  (1994716, ')', 1.0) 18295.49758406401
Out:  (1995838, 'release', 1.0) 18305.64369181801
Out:  (1995944, '(', 1.0) 18306.339650814
Out:  (1995966, 'right_gripper', 1.0) 18306.485679862017
Out:  (1995994, ')', 1.0) 18306.69863119202
Out:  (1996400, '+--<', 1.0) 18310.11108735499
Out:  (1996618, '+--<', 1.0) 18312.142461708994
Out:  (1997571, 'move_object', 1.0) 18321.05556776501
Out:  (1997677, '(', 1.0) 18321.74819810201
Out:  (1997699, 'M_blk5', 1.0) 18321.89380838799
Out:  (1997744, 'table', 1.0) 18322.24406986001
Out:  (1997789, 'true', 1.0) 18322.591996634015
Out:  (1997817, ')', 1.0) 18322.80413063201
Out:  (1998194, '+-->', 1.0) 18326.042495667018
Out:  (2000051, 'move_arm_and_grasp', 1.0) 18343.575575579
Out:  (2000157, '(', 1.0) 18344.261959312993
Out:  (2000179, 'right_gripper', 1.0) 18344.408645864998
Out:  (2000224, 'M_blk5', 1.0) 18344.758460661003
Out:  (2000252, ')', 1.0) 18344.972182015
Out:  (2001374, 'put_down_grasped_object', 1.0) 18355.144560691013
Out:  (2001480, '(', 1.0) 18355.83610286801
Out:  (2001502, 'right_gripper', 1.0) 18355.980570931002
Out:  (2001547, 'table', 1.0) 18356.327504078
Out:  (2001592, 'true', 1.0) 18356.675926145996
Out:  (2001620, ')', 1.0) 18356.885573729014
Out:  (2001997, '+-->', 1.0) 18360.134612281006
Out:  (2003854, 'move_grasped_object', 1.0) 18377.71443619499
Out:  (2003960, '(', 1.0) 18378.404575837994
Out:  (2003982, 'right_gripper', 1.0) 18378.55091619199
Out:  (2004027, 'table', 1.0) 18378.899764256013
Out:  (2004072, 'true', 1.0) 18379.24967609202
Out:  (2004100, ')', 1.0) 18379.459871724
Out:  (2005222, 'release', 1.0) 18389.642373982017
Out:  (2005328, '(', 1.0) 18390.33406261301
Out:  (2005350, 'right_gripper', 1.0) 18390.481324367007
Out:  (2005378, ')', 1.0) 18390.69358048901
Out:  (2005784, '+--<', 1.0) 18394.118024131996
Out:  (2006002, '+--<', 1.0) 18396.135309054996
Out:  (2006955, 'move_object', 1.0) 18405.04758582999
Out:  (2007061, '(', 1.0) 18405.728068259006
Out:  (2007083, 'M_blk8', 1.0) 18405.870702763015
Out:  (2007128, 'M_blk5', 1.0) 18406.21413752802
Out:  (2007173, 'true', 1.0) 18406.560753771002
Out:  (2007201, ')', 1.0) 18406.770932057014
Out:  (2007578, '+-->', 1.0) 18410.029641464018
Out:  (2009435, 'move_arm_and_grasp', 1.0) 18427.58444169299
Out:  (2009541, '(', 1.0) 18428.27002876402
Out:  (2009563, 'right_gripper', 1.0) 18428.415415659998
Out:  (2009608, 'M_blk8', 1.0) 18428.764592665
Out:  (2009636, ')', 1.0) 18428.97643339001
Out:  (2010758, 'put_down_grasped_object', 1.0) 18439.15739606299
Out:  (2010864, '(', 1.0) 18439.84997064901
Out:  (2010886, 'right_gripper', 1.0) 18439.994508396005
Out:  (2010931, 'M_blk5', 1.0) 18440.34077385401
Out:  (2010976, 'true', 1.0) 18440.68845332302
Out:  (2011004, ')', 1.0) 18440.898879030006
Out:  (2011381, '+-->', 1.0) 18444.140902001018
Out:  (2013238, 'move_grasped_object', 1.0) 18461.717607503015
Out:  (2013344, '(', 1.0) 18462.41245686401
Out:  (2013366, 'right_gripper', 1.0) 18462.55720585202
Out:  (2013411, 'M_blk5', 1.0) 18462.905411144995
Out:  (2013456, 'true', 1.0) 18463.255311028
Out:  (2013484, ')', 1.0) 18463.467448427997
Out:  (2014606, 'release', 1.0) 18473.674303227992
Out:  (2014712, '(', 1.0) 18474.36917671001
Out:  (2014734, 'right_gripper', 1.0) 18474.513968228
Out:  (2014762, ')', 1.0) 18474.726488931003
Out:  (2015168, '+--<', 1.0) 18478.142791505015
Out:  (2015386, '+--<', 1.0) 18480.168832878015
Out:  (2016339, 'move_object', 1.0) 18489.112761895012
Out:  (2016445, '(', 1.0) 18489.800831710992
Out:  (2016467, 'M_blk2', 1.0) 18489.946912945
Out:  (2016512, 'M_blk8', 1.0) 18490.295519855004
Out:  (2016557, 'true', 1.0) 18490.644554818005
Out:  (2016585, ')', 1.0) 18490.855485321008
Out:  (2016962, '+-->', 1.0) 18494.12164627599
Out:  (2018819, 'move_arm_and_grasp', 1.0) 18511.696349569
Out:  (2018925, '(', 1.0) 18512.38717358101
Out:  (2018947, 'right_gripper', 1.0) 18512.532956302995
Out:  (2018992, 'M_blk2', 1.0) 18512.880947198995
Out:  (2019020, ')', 1.0) 18513.091821077003
Out:  (2020142, 'put_down_grasped_object', 1.0) 18523.256942358
Out:  (2020248, '(', 1.0) 18523.943442991018
Out:  (2020270, 'right_gripper', 1.0) 18524.088213213996
Out:  (2020315, 'M_blk8', 1.0) 18524.43329570601
Out:  (2020360, 'true', 1.0) 18524.778779147993
Out:  (2020388, ')', 1.0) 18524.989774155998
Out:  (2020765, '+-->', 1.0) 18528.23625154201
Out:  (2022622, 'move_grasped_object', 1.0) 18545.758792983994
Out:  (2022728, '(', 1.0) 18546.452549661
Out:  (2022750, 'right_gripper', 1.0) 18546.598836500998
Out:  (2022795, 'M_blk8', 1.0) 18546.950037295013
Out:  (2022840, 'true', 1.0) 18547.298662678993
Out:  (2022868, ')', 1.0) 18547.508714523996
Out:  (2023990, 'release', 1.0) 18557.674872218005
Out:  (2024096, '(', 1.0) 18558.36829223401
Out:  (2024118, 'right_gripper', 1.0) 18558.513112977016
Out:  (2024146, ')', 1.0) 18558.723506277005
Out:  (2024552, '+--<', 1.0) 18562.139768073
Out:  (2024770, '+--<', 1.0) 18564.172157183013
Out:  (2025109, 'done', 1.0) 18567.033324600998
output:
(109721, '~~~~~~~~~~~~~~~~~~~~~~~~~~~~~~~~~~~~~~~~~~~~~~~', 1.0)
(115166, '=====-PROCESS_ACTION-=====', 1.0)
(115329, 'move_arm_and_grasp', 1.0)
(153860, '~~~~~~~~~~~~~~~~~~~~~~~~~~~~~~~~~~~~~~~~~~~~~~~', 1.0)
(159305, '=====-PROCESS_ACTION-=====', 1.0)
(159468, 'move_grasped_object', 1.0)
(186147, '~~~~~~~~~~~~~~~~~~~~~~~~~~~~~~~~~~~~~~~~~~~~~~~', 1.0)
(191592, '=====-PROCESS_ACTION-=====', 1.0)
(191755, 'release', 1.0)
(206307, '=====-PROCESS_ACTION-=====', 1.0)
(206470, 'put_down_grasped_object', 1.0)
(224079, '=====-PROCESS_ACTION-=====', 1.0)
(224242, 'move_object', 1.0)
(245618, '~~~~~~~~~~~~~~~~~~~~~~~~~~~~~~~~~~~~~~~~~~~~~~~', 1.0)
(251063, '=====-PROCESS_ACTION-=====', 1.0)
(251226, 'move_arm_and_grasp', 1.0)
(289835, '~~~~~~~~~~~~~~~~~~~~~~~~~~~~~~~~~~~~~~~~~~~~~~~', 1.0)
(295280, '=====-PROCESS_ACTION-=====', 1.0)
(295443, 'move_grasped_object', 1.0)
(322174, '~~~~~~~~~~~~~~~~~~~~~~~~~~~~~~~~~~~~~~~~~~~~~~~', 1.0)
(327619, '=====-PROCESS_ACTION-=====', 1.0)
(327782, 'release', 1.0)
(342380, '=====-PROCESS_ACTION-=====', 1.0)
(342543, 'put_down_grasped_object', 1.0)
(360357, '=====-PROCESS_ACTION-=====', 1.0)
(360520, 'move_object', 1.0)
(381922, '~~~~~~~~~~~~~~~~~~~~~~~~~~~~~~~~~~~~~~~~~~~~~~~', 1.0)
(387367, '=====-PROCESS_ACTION-=====', 1.0)
(387530, 'move_arm_and_grasp', 1.0)
(426217, '~~~~~~~~~~~~~~~~~~~~~~~~~~~~~~~~~~~~~~~~~~~~~~~', 1.0)
(431662, '=====-PROCESS_ACTION-=====', 1.0)
(431825, 'move_grasped_object', 1.0)
(458608, '~~~~~~~~~~~~~~~~~~~~~~~~~~~~~~~~~~~~~~~~~~~~~~~', 1.0)
(464053, '=====-PROCESS_ACTION-=====', 1.0)
(464216, 'release', 1.0)
(478860, '=====-PROCESS_ACTION-=====', 1.0)
(479023, 'put_down_grasped_object', 1.0)
(496883, '=====-PROCESS_ACTION-=====', 1.0)
(497046, 'move_object', 1.0)
(518474, '~~~~~~~~~~~~~~~~~~~~~~~~~~~~~~~~~~~~~~~~~~~~~~~', 1.0)
(523919, '=====-PROCESS_ACTION-=====', 1.0)
(524082, 'move_arm_and_grasp', 1.0)
(562847, '~~~~~~~~~~~~~~~~~~~~~~~~~~~~~~~~~~~~~~~~~~~~~~~', 1.0)
(568292, '=====-PROCESS_ACTION-=====', 1.0)
(568455, 'move_grasped_object', 1.0)
(595290, '~~~~~~~~~~~~~~~~~~~~~~~~~~~~~~~~~~~~~~~~~~~~~~~', 1.0)
(600735, '=====-PROCESS_ACTION-=====', 1.0)
(600898, 'release', 1.0)
(615588, '=====-PROCESS_ACTION-=====', 1.0)
(615751, 'put_down_grasped_object', 1.0)
(633657, '=====-PROCESS_ACTION-=====', 1.0)
(633820, 'move_object', 1.0)
(655274, '~~~~~~~~~~~~~~~~~~~~~~~~~~~~~~~~~~~~~~~~~~~~~~~', 1.0)
(660719, '=====-PROCESS_ACTION-=====', 1.0)
(660882, 'move_arm_and_grasp', 1.0)
(699725, '~~~~~~~~~~~~~~~~~~~~~~~~~~~~~~~~~~~~~~~~~~~~~~~', 1.0)
(705170, '=====-PROCESS_ACTION-=====', 1.0)
(705333, 'move_grasped_object', 1.0)
(732220, '~~~~~~~~~~~~~~~~~~~~~~~~~~~~~~~~~~~~~~~~~~~~~~~', 1.0)
(737665, '=====-PROCESS_ACTION-=====', 1.0)
(737828, 'release', 1.0)
(752564, '=====-PROCESS_ACTION-=====', 1.0)
(752727, 'put_down_grasped_object', 1.0)
(770679, '=====-PROCESS_ACTION-=====', 1.0)
(770842, 'move_object', 1.0)
(792322, '~~~~~~~~~~~~~~~~~~~~~~~~~~~~~~~~~~~~~~~~~~~~~~~', 1.0)
(797767, '=====-PROCESS_ACTION-=====', 1.0)
(797930, 'move_arm_and_grasp', 1.0)
(836851, '~~~~~~~~~~~~~~~~~~~~~~~~~~~~~~~~~~~~~~~~~~~~~~~', 1.0)
(842296, '=====-PROCESS_ACTION-=====', 1.0)
(842459, 'move_grasped_object', 1.0)
(869398, '~~~~~~~~~~~~~~~~~~~~~~~~~~~~~~~~~~~~~~~~~~~~~~~', 1.0)
(874843, '=====-PROCESS_ACTION-=====', 1.0)
(875006, 'release', 1.0)
(889788, '=====-PROCESS_ACTION-=====', 1.0)
(889951, 'put_down_grasped_object', 1.0)
(907949, '=====-PROCESS_ACTION-=====', 1.0)
(908112, 'move_object', 1.0)
(929618, '~~~~~~~~~~~~~~~~~~~~~~~~~~~~~~~~~~~~~~~~~~~~~~~', 1.0)
(935063, '=====-PROCESS_ACTION-=====', 1.0)
(935226, 'move_arm_and_grasp', 1.0)
(974225, '~~~~~~~~~~~~~~~~~~~~~~~~~~~~~~~~~~~~~~~~~~~~~~~', 1.0)
(979670, '=====-PROCESS_ACTION-=====', 1.0)
(979833, 'move_grasped_object', 1.0)
(1006824, '~~~~~~~~~~~~~~~~~~~~~~~~~~~~~~~~~~~~~~~~~~~~~~~', 1.0)
(1012269, '=====-PROCESS_ACTION-=====', 1.0)
(1012432, 'release', 1.0)
(1027260, '=====-PROCESS_ACTION-=====', 1.0)
(1027423, 'put_down_grasped_object', 1.0)
(1045467, '=====-PROCESS_ACTION-=====', 1.0)
(1045630, 'move_object', 1.0)
(1067162, '~~~~~~~~~~~~~~~~~~~~~~~~~~~~~~~~~~~~~~~~~~~~~~~', 1.0)
(1072607, '=====-PROCESS_ACTION-=====', 1.0)
(1072770, 'move_arm_and_grasp', 1.0)
(1111847, '~~~~~~~~~~~~~~~~~~~~~~~~~~~~~~~~~~~~~~~~~~~~~~~', 1.0)
(1117292, '=====-PROCESS_ACTION-=====', 1.0)
(1117455, 'move_grasped_object', 1.0)
(1144498, '~~~~~~~~~~~~~~~~~~~~~~~~~~~~~~~~~~~~~~~~~~~~~~~', 1.0)
(1149943, '=====-PROCESS_ACTION-=====', 1.0)
(1150106, 'release', 1.0)
(1164980, '=====-PROCESS_ACTION-=====', 1.0)
(1165143, 'put_down_grasped_object', 1.0)
(1183233, '=====-PROCESS_ACTION-=====', 1.0)
(1183396, 'move_object', 1.0)
(1204954, '~~~~~~~~~~~~~~~~~~~~~~~~~~~~~~~~~~~~~~~~~~~~~~~', 1.0)
(1210399, '=====-PROCESS_ACTION-=====', 1.0)
(1210562, 'move_arm_and_grasp', 1.0)
(1249717, '~~~~~~~~~~~~~~~~~~~~~~~~~~~~~~~~~~~~~~~~~~~~~~~', 1.0)
(1255162, '=====-PROCESS_ACTION-=====', 1.0)
(1255325, 'move_grasped_object', 1.0)
(1282420, '~~~~~~~~~~~~~~~~~~~~~~~~~~~~~~~~~~~~~~~~~~~~~~~', 1.0)
(1287865, '=====-PROCESS_ACTION-=====', 1.0)
(1288028, 'release', 1.0)
(1302948, '=====-PROCESS_ACTION-=====', 1.0)
(1303111, 'put_down_grasped_object', 1.0)
(1321247, '=====-PROCESS_ACTION-=====', 1.0)
(1321410, 'move_object', 1.0)
(1342994, '~~~~~~~~~~~~~~~~~~~~~~~~~~~~~~~~~~~~~~~~~~~~~~~', 1.0)
(1348439, '=====-PROCESS_ACTION-=====', 1.0)
(1348602, 'move_arm_and_grasp', 1.0)
(1387835, '~~~~~~~~~~~~~~~~~~~~~~~~~~~~~~~~~~~~~~~~~~~~~~~', 1.0)
(1393280, '=====-PROCESS_ACTION-=====', 1.0)
(1393443, 'move_grasped_object', 1.0)
(1420590, '~~~~~~~~~~~~~~~~~~~~~~~~~~~~~~~~~~~~~~~~~~~~~~~', 1.0)
(1426035, '=====-PROCESS_ACTION-=====', 1.0)
(1426198, 'release', 1.0)
(1441164, '=====-PROCESS_ACTION-=====', 1.0)
(1441327, 'put_down_grasped_object', 1.0)
(1459509, '=====-PROCESS_ACTION-=====', 1.0)
(1459672, 'move_object', 1.0)
(1481282, '~~~~~~~~~~~~~~~~~~~~~~~~~~~~~~~~~~~~~~~~~~~~~~~', 1.0)
(1486727, '=====-PROCESS_ACTION-=====', 1.0)
(1486890, 'move_arm_and_grasp', 1.0)
(1526201, '~~~~~~~~~~~~~~~~~~~~~~~~~~~~~~~~~~~~~~~~~~~~~~~', 1.0)
(1531646, '=====-PROCESS_ACTION-=====', 1.0)
(1531809, 'move_grasped_object', 1.0)
(1559008, '~~~~~~~~~~~~~~~~~~~~~~~~~~~~~~~~~~~~~~~~~~~~~~~', 1.0)
(1564453, '=====-PROCESS_ACTION-=====', 1.0)
(1564616, 'release', 1.0)
(1579628, '=====-PROCESS_ACTION-=====', 1.0)
(1579791, 'put_down_grasped_object', 1.0)
(1598019, '=====-PROCESS_ACTION-=====', 1.0)
(1598182, 'move_object', 1.0)
(1619818, '~~~~~~~~~~~~~~~~~~~~~~~~~~~~~~~~~~~~~~~~~~~~~~~', 1.0)
(1625263, '=====-PROCESS_ACTION-=====', 1.0)
(1625426, 'move_arm_and_grasp', 1.0)
(1664815, '~~~~~~~~~~~~~~~~~~~~~~~~~~~~~~~~~~~~~~~~~~~~~~~', 1.0)
(1670260, '=====-PROCESS_ACTION-=====', 1.0)
(1670423, 'move_grasped_object', 1.0)
(1697674, '~~~~~~~~~~~~~~~~~~~~~~~~~~~~~~~~~~~~~~~~~~~~~~~', 1.0)
(1703119, '=====-PROCESS_ACTION-=====', 1.0)
(1703282, 'release', 1.0)
(1718340, '=====-PROCESS_ACTION-=====', 1.0)
(1718503, 'put_down_grasped_object', 1.0)
(1736777, '=====-PROCESS_ACTION-=====', 1.0)
(1736940, 'move_object', 1.0)
(1758602, '~~~~~~~~~~~~~~~~~~~~~~~~~~~~~~~~~~~~~~~~~~~~~~~', 1.0)
(1764047, '=====-PROCESS_ACTION-=====', 1.0)
(1764210, 'move_arm_and_grasp', 1.0)
(1803677, '~~~~~~~~~~~~~~~~~~~~~~~~~~~~~~~~~~~~~~~~~~~~~~~', 1.0)
(1809122, '=====-PROCESS_ACTION-=====', 1.0)
(1809285, 'move_grasped_object', 1.0)
(1836588, '~~~~~~~~~~~~~~~~~~~~~~~~~~~~~~~~~~~~~~~~~~~~~~~', 1.0)
(1842033, '=====-PROCESS_ACTION-=====', 1.0)
(1842196, 'release', 1.0)
(1857300, '=====-PROCESS_ACTION-=====', 1.0)
(1857463, 'put_down_grasped_object', 1.0)
(1875783, '=====-PROCESS_ACTION-=====', 1.0)
(1875946, 'move_object', 1.0)
(1889955, '___', 1.0)
(1890116, 'EXPLANATION', 1.0)
(1890277, '___', 1.0)
(1903731, 'move_object', 1.0)
(1903837, '(', 1.0)
(1903859, 'U_blk1', 1.0)
(1903904, 'table', 1.0)
(1903949, 'true', 1.0)
(1903977, ')', 1.0)
(1904354, '+-->', 1.0)
(1906211, 'move_arm_and_grasp', 1.0)
(1906317, '(', 1.0)
(1906339, 'right_gripper', 1.0)
(1906384, 'U_blk1', 1.0)
(1906412, ')', 1.0)
(1907534, 'put_down_grasped_object', 1.0)
(1907640, '(', 1.0)
(1907662, 'right_gripper', 1.0)
(1907707, 'table', 1.0)
(1907752, 'true', 1.0)
(1907780, ')', 1.0)
(1908157, '+-->', 1.0)
(1910014, 'move_grasped_object', 1.0)
(1910120, '(', 1.0)
(1910142, 'right_gripper', 1.0)
(1910187, 'table', 1.0)
(1910232, 'true', 1.0)
(1910260, ')', 1.0)
(1911382, 'release', 1.0)
(1911488, '(', 1.0)
(1911510, 'right_gripper', 1.0)
(1911538, ')', 1.0)
(1911944, '+--<', 1.0)
(1912162, '+--<', 1.0)
(1913115, 'move_object', 1.0)
(1913221, '(', 1.0)
(1913243, 'U_blk4', 1.0)
(1913288, 'U_blk1', 1.0)
(1913333, 'true', 1.0)
(1913361, ')', 1.0)
(1913738, '+-->', 1.0)
(1915595, 'move_arm_and_grasp', 1.0)
(1915701, '(', 1.0)
(1915723, 'right_gripper', 1.0)
(1915768, 'U_blk4', 1.0)
(1915796, ')', 1.0)
(1916918, 'put_down_grasped_object', 1.0)
(1917024, '(', 1.0)
(1917046, 'right_gripper', 1.0)
(1917091, 'U_blk1', 1.0)
(1917136, 'true', 1.0)
(1917164, ')', 1.0)
(1917541, '+-->', 1.0)
(1919398, 'move_grasped_object', 1.0)
(1919504, '(', 1.0)
(1919526, 'right_gripper', 1.0)
(1919571, 'U_blk1', 1.0)
(1919616, 'true', 1.0)
(1919644, ')', 1.0)
(1920766, 'release', 1.0)
(1920872, '(', 1.0)
(1920894, 'right_gripper', 1.0)
(1920922, ')', 1.0)
(1921328, '+--<', 1.0)
(1921546, '+--<', 1.0)
(1922499, 'move_object', 1.0)
(1922605, '(', 1.0)
(1922627, 'U_blk3', 1.0)
(1922672, 'U_blk4', 1.0)
(1922717, 'true', 1.0)
(1922745, ')', 1.0)
(1923122, '+-->', 1.0)
(1924979, 'move_arm_and_grasp', 1.0)
(1925085, '(', 1.0)
(1925107, 'right_gripper', 1.0)
(1925152, 'U_blk3', 1.0)
(1925180, ')', 1.0)
(1926302, 'put_down_grasped_object', 1.0)
(1926408, '(', 1.0)
(1926430, 'right_gripper', 1.0)
(1926475, 'U_blk4', 1.0)
(1926520, 'true', 1.0)
(1926548, ')', 1.0)
(1926925, '+-->', 1.0)
(1928782, 'move_grasped_object', 1.0)
(1928888, '(', 1.0)
(1928910, 'right_gripper', 1.0)
(1928955, 'U_blk4', 1.0)
(1929000, 'true', 1.0)
(1929028, ')', 1.0)
(1930150, 'release', 1.0)
(1930256, '(', 1.0)
(1930278, 'right_gripper', 1.0)
(1930306, ')', 1.0)
(1930712, '+--<', 1.0)
(1930930, '+--<', 1.0)
(1931883, 'move_object', 1.0)
(1931989, '(', 1.0)
(1932011, 'U_blk2', 1.0)
(1932056, 'U_blk1', 1.0)
(1932101, 'true', 1.0)
(1932129, ')', 1.0)
(1932506, '+-->', 1.0)
(1934363, 'move_arm_and_grasp', 1.0)
(1934469, '(', 1.0)
(1934491, 'right_gripper', 1.0)
(1934536, 'U_blk2', 1.0)
(1934564, ')', 1.0)
(1935686, 'put_down_grasped_object', 1.0)
(1935792, '(', 1.0)
(1935814, 'right_gripper', 1.0)
(1935859, 'U_blk1', 1.0)
(1935904, 'true', 1.0)
(1935932, ')', 1.0)
(1936309, '+-->', 1.0)
(1938166, 'move_grasped_object', 1.0)
(1938272, '(', 1.0)
(1938294, 'right_gripper', 1.0)
(1938339, 'U_blk1', 1.0)
(1938384, 'true', 1.0)
(1938412, ')', 1.0)
(1939534, 'release', 1.0)
(1939640, '(', 1.0)
(1939662, 'right_gripper', 1.0)
(1939690, ')', 1.0)
(1940096, '+--<', 1.0)
(1940314, '+--<', 1.0)
(1941267, 'move_object', 1.0)
(1941373, '(', 1.0)
(1941395, 'U_blk5', 1.0)
(1941440, 'U_blk2', 1.0)
(1941485, 'true', 1.0)
(1941513, ')', 1.0)
(1941890, '+-->', 1.0)
(1943747, 'move_arm_and_grasp', 1.0)
(1943853, '(', 1.0)
(1943875, 'right_gripper', 1.0)
(1943920, 'U_blk5', 1.0)
(1943948, ')', 1.0)
(1945070, 'put_down_grasped_object', 1.0)
(1945176, '(', 1.0)
(1945198, 'right_gripper', 1.0)
(1945243, 'U_blk2', 1.0)
(1945288, 'true', 1.0)
(1945316, ')', 1.0)
(1945693, '+-->', 1.0)
(1947550, 'move_grasped_object', 1.0)
(1947656, '(', 1.0)
(1947678, 'right_gripper', 1.0)
(1947723, 'U_blk2', 1.0)
(1947768, 'true', 1.0)
(1947796, ')', 1.0)
(1948918, 'release', 1.0)
(1949024, '(', 1.0)
(1949046, 'right_gripper', 1.0)
(1949074, ')', 1.0)
(1949480, '+--<', 1.0)
(1949698, '+--<', 1.0)
(1950651, 'move_object', 1.0)
(1950757, '(', 1.0)
(1950779, 'M_blk3', 1.0)
(1950824, 'table', 1.0)
(1950869, 'true', 1.0)
(1950897, ')', 1.0)
(1951274, '+-->', 1.0)
(1953131, 'move_arm_and_grasp', 1.0)
(1953237, '(', 1.0)
(1953259, 'right_gripper', 1.0)
(1953304, 'M_blk3', 1.0)
(1953332, ')', 1.0)
(1954454, 'put_down_grasped_object', 1.0)
(1954560, '(', 1.0)
(1954582, 'right_gripper', 1.0)
(1954627, 'table', 1.0)
(1954672, 'true', 1.0)
(1954700, ')', 1.0)
(1955077, '+-->', 1.0)
(1956934, 'move_grasped_object', 1.0)
(1957040, '(', 1.0)
(1957062, 'right_gripper', 1.0)
(1957107, 'table', 1.0)
(1957152, 'true', 1.0)
(1957180, ')', 1.0)
(1958302, 'release', 1.0)
(1958408, '(', 1.0)
(1958430, 'right_gripper', 1.0)
(1958458, ')', 1.0)
(1958864, '+--<', 1.0)
(1959082, '+--<', 1.0)
(1960035, 'move_object', 1.0)
(1960141, '(', 1.0)
(1960163, 'M_blk6', 1.0)
(1960208, 'M_blk3', 1.0)
(1960253, 'true', 1.0)
(1960281, ')', 1.0)
(1960658, '+-->', 1.0)
(1962515, 'move_arm_and_grasp', 1.0)
(1962621, '(', 1.0)
(1962643, 'right_gripper', 1.0)
(1962688, 'M_blk6', 1.0)
(1962716, ')', 1.0)
(1963838, 'put_down_grasped_object', 1.0)
(1963944, '(', 1.0)
(1963966, 'right_gripper', 1.0)
(1964011, 'M_blk3', 1.0)
(1964056, 'true', 1.0)
(1964084, ')', 1.0)
(1964461, '+-->', 1.0)
(1966318, 'move_grasped_object', 1.0)
(1966424, '(', 1.0)
(1966446, 'right_gripper', 1.0)
(1966491, 'M_blk3', 1.0)
(1966536, 'true', 1.0)
(1966564, ')', 1.0)
(1967686, 'release', 1.0)
(1967792, '(', 1.0)
(1967814, 'right_gripper', 1.0)
(1967842, ')', 1.0)
(1968248, '+--<', 1.0)
(1968466, '+--<', 1.0)
(1969419, 'move_object', 1.0)
(1969525, '(', 1.0)
(1969547, 'M_blk4', 1.0)
(1969592, 'table', 1.0)
(1969637, 'true', 1.0)
(1969665, ')', 1.0)
(1970042, '+-->', 1.0)
(1971899, 'move_arm_and_grasp', 1.0)
(1972005, '(', 1.0)
(1972027, 'right_gripper', 1.0)
(1972072, 'M_blk4', 1.0)
(1972100, ')', 1.0)
(1973222, 'put_down_grasped_object', 1.0)
(1973328, '(', 1.0)
(1973350, 'right_gripper', 1.0)
(1973395, 'table', 1.0)
(1973440, 'true', 1.0)
(1973468, ')', 1.0)
(1973845, '+-->', 1.0)
(1975702, 'move_grasped_object', 1.0)
(1975808, '(', 1.0)
(1975830, 'right_gripper', 1.0)
(1975875, 'table', 1.0)
(1975920, 'true', 1.0)
(1975948, ')', 1.0)
(1977070, 'release', 1.0)
(1977176, '(', 1.0)
(1977198, 'right_gripper', 1.0)
(1977226, ')', 1.0)
(1977632, '+--<', 1.0)
(1977850, '+--<', 1.0)
(1978803, 'move_object', 1.0)
(1978909, '(', 1.0)
(1978931, 'M_blk7', 1.0)
(1978976, 'M_blk4', 1.0)
(1979021, 'true', 1.0)
(1979049, ')', 1.0)
(1979426, '+-->', 1.0)
(1981283, 'move_arm_and_grasp', 1.0)
(1981389, '(', 1.0)
(1981411, 'right_gripper', 1.0)
(1981456, 'M_blk7', 1.0)
(1981484, ')', 1.0)
(1982606, 'put_down_grasped_object', 1.0)
(1982712, '(', 1.0)
(1982734, 'right_gripper', 1.0)
(1982779, 'M_blk4', 1.0)
(1982824, 'true', 1.0)
(1982852, ')', 1.0)
(1983229, '+-->', 1.0)
(1985086, 'move_grasped_object', 1.0)
(1985192, '(', 1.0)
(1985214, 'right_gripper', 1.0)
(1985259, 'M_blk4', 1.0)
(1985304, 'true', 1.0)
(1985332, ')', 1.0)
(1986454, 'release', 1.0)
(1986560, '(', 1.0)
(1986582, 'right_gripper', 1.0)
(1986610, ')', 1.0)
(1987016, '+--<', 1.0)
(1987234, '+--<', 1.0)
(1988187, 'move_object', 1.0)
(1988293, '(', 1.0)
(1988315, 'M_blk1', 1.0)
(1988360, 'M_blk6', 1.0)
(1988405, 'true', 1.0)
(1988433, ')', 1.0)
(1988810, '+-->', 1.0)
(1990667, 'move_arm_and_grasp', 1.0)
(1990773, '(', 1.0)
(1990795, 'right_gripper', 1.0)
(1990840, 'M_blk1', 1.0)
(1990868, ')', 1.0)
(1991990, 'put_down_grasped_object', 1.0)
(1992096, '(', 1.0)
(1992118, 'right_gripper', 1.0)
(1992163, 'M_blk6', 1.0)
(1992208, 'true', 1.0)
(1992236, ')', 1.0)
(1992613, '+-->', 1.0)
(1994470, 'move_grasped_object', 1.0)
(1994576, '(', 1.0)
(1994598, 'right_gripper', 1.0)
(1994643, 'M_blk6', 1.0)
(1994688, 'true', 1.0)
(1994716, ')', 1.0)
(1995838, 'release', 1.0)
(1995944, '(', 1.0)
(1995966, 'right_gripper', 1.0)
(1995994, ')', 1.0)
(1996400, '+--<', 1.0)
(1996618, '+--<', 1.0)
(1997571, 'move_object', 1.0)
(1997677, '(', 1.0)
(1997699, 'M_blk5', 1.0)
(1997744, 'table', 1.0)
(1997789, 'true', 1.0)
(1997817, ')', 1.0)
(1998194, '+-->', 1.0)
(2000051, 'move_arm_and_grasp', 1.0)
(2000157, '(', 1.0)
(2000179, 'right_gripper', 1.0)
(2000224, 'M_blk5', 1.0)
(2000252, ')', 1.0)
(2001374, 'put_down_grasped_object', 1.0)
(2001480, '(', 1.0)
(2001502, 'right_gripper', 1.0)
(2001547, 'table', 1.0)
(2001592, 'true', 1.0)
(2001620, ')', 1.0)
(2001997, '+-->', 1.0)
(2003854, 'move_grasped_object', 1.0)
(2003960, '(', 1.0)
(2003982, 'right_gripper', 1.0)
(2004027, 'table', 1.0)
(2004072, 'true', 1.0)
(2004100, ')', 1.0)
(2005222, 'release', 1.0)
(2005328, '(', 1.0)
(2005350, 'right_gripper', 1.0)
(2005378, ')', 1.0)
(2005784, '+--<', 1.0)
(2006002, '+--<', 1.0)
(2006955, 'move_object', 1.0)
(2007061, '(', 1.0)
(2007083, 'M_blk8', 1.0)
(2007128, 'M_blk5', 1.0)
(2007173, 'true', 1.0)
(2007201, ')', 1.0)
(2007578, '+-->', 1.0)
(2009435, 'move_arm_and_grasp', 1.0)
(2009541, '(', 1.0)
(2009563, 'right_gripper', 1.0)
(2009608, 'M_blk8', 1.0)
(2009636, ')', 1.0)
(2010758, 'put_down_grasped_object', 1.0)
(2010864, '(', 1.0)
(2010886, 'right_gripper', 1.0)
(2010931, 'M_blk5', 1.0)
(2010976, 'true', 1.0)
(2011004, ')', 1.0)
(2011381, '+-->', 1.0)
(2013238, 'move_grasped_object', 1.0)
(2013344, '(', 1.0)
(2013366, 'right_gripper', 1.0)
(2013411, 'M_blk5', 1.0)
(2013456, 'true', 1.0)
(2013484, ')', 1.0)
(2014606, 'release', 1.0)
(2014712, '(', 1.0)
(2014734, 'right_gripper', 1.0)
(2014762, ')', 1.0)
(2015168, '+--<', 1.0)
(2015386, '+--<', 1.0)
(2016339, 'move_object', 1.0)
(2016445, '(', 1.0)
(2016467, 'M_blk2', 1.0)
(2016512, 'M_blk8', 1.0)
(2016557, 'true', 1.0)
(2016585, ')', 1.0)
(2016962, '+-->', 1.0)
(2018819, 'move_arm_and_grasp', 1.0)
(2018925, '(', 1.0)
(2018947, 'right_gripper', 1.0)
(2018992, 'M_blk2', 1.0)
(2019020, ')', 1.0)
(2020142, 'put_down_grasped_object', 1.0)
(2020248, '(', 1.0)
(2020270, 'right_gripper', 1.0)
(2020315, 'M_blk8', 1.0)
(2020360, 'true', 1.0)
(2020388, ')', 1.0)
(2020765, '+-->', 1.0)
(2022622, 'move_grasped_object', 1.0)
(2022728, '(', 1.0)
(2022750, 'right_gripper', 1.0)
(2022795, 'M_blk8', 1.0)
(2022840, 'true', 1.0)
(2022868, ')', 1.0)
(2023990, 'release', 1.0)
(2024096, '(', 1.0)
(2024118, 'right_gripper', 1.0)
(2024146, ')', 1.0)
(2024552, '+--<', 1.0)
(2024770, '+--<', 1.0)
(2025109, 'done', 1.0)

learned:
            mem             mem          hetero   |   online:     0 /     0 |  flashed:  1601 /  1601 |  activ_count:  123869
            lex             mem          hetero   |   online:     0 /     0 |  flashed:   925 /   925 |  activ_count:  123282
            mem             mem            auto   |   online:     0 /     0 |  flashed:   925 /   925 |  activ_count:  165360
        mem_ctx             mem          hetero   |   online:     0 /     0 |  flashed:   925 /   925 |  activ_count:  85594
             gh              op          hetero   |   online:     0 /     0 |  flashed:   617 /   617 |  activ_count:  552671
             op              op          hetero   |   online:     0 /     0 |  flashed:   615 /   615 |  activ_count:  446761
            lex              op          hetero   |   online:     0 /     0 |  flashed:   300 /   300 |  activ_count:  185855
          stack           stack             fwd   |   online:     0 /     0 |  flashed:   128 /   128 |  activ_count:  44212
          stack           stack            auto   |   online:     0 /     0 |  flashed:   128 /   128 |  activ_count:  31747
          stack           stack             bwd   |   online:     0 /     0 |  flashed:   128 /   128 |  activ_count:  43361
     data_stack      data_stack             bwd   |   online:     0 /     0 |  flashed:   128 /   128 |  activ_count:  12240
     data_stack      data_stack             fwd   |   online:     0 /     0 |  flashed:   128 /   128 |  activ_count:  12241
            mem             lex          hetero   |   online:     0 /     0 |  flashed:   125 /   125 |  activ_count:   3534
       bind_ctx             lex          hetero   |   online:     0 /     0 |  flashed:   125 /   125 |  activ_count:  24791
        mem_ctx             lex          hetero   |   online:     0 /     0 |  flashed:   125 /   125 |  activ_count:  46114
             op             lex          hetero   |   online:     0 /     0 |  flashed:   101 /   146 |  activ_count:  105909
             gh              gh          hetero   |   online:     0 /     0 |  flashed:    96 /    96 |  activ_count:  1364587
            lex             lex            auto   |   online:     0 /     0 |  flashed:    45 /    45 |  activ_count:  21558
      exc_stack       exc_stack             bwd   |   online:     0 /     0 |  flashed:    32 /    32 |  activ_count:    646
      exc_stack       exc_stack             fwd   |   online:     0 /     0 |  flashed:    32 /    32 |  activ_count:    646
      stack_ctx             lex          hetero   |   online:     0 /     0 |  flashed:    11 /    11 |  activ_count:  31747
           bind            bind          hetero   |   online:     0 /     0 |  flashed:     1 /     1 |  activ_count:  10289

Final activity states:
             op :                 halt  1.000000
            lex :            progn_end  1.000000
          stack :                    0  1.000000
           bind :              def_env  1.000000
            mem :                 done  1.000000
      exc_stack :                    0  1.000000
     data_stack :                    0  1.000000
             gh :                 halt  1.000000
       bind_ctx :           source_hyp  1.000000
        mem_ctx :              main795  1.000000
      stack_ctx :                 inst  1.000000

Gate history:
    bind_ctx       stash                         :         21                 0.0000   0.000000617808490504
          gh       learn   exc_stack      hetero :          1                 0.0002   0.000196377994143404
  data_stack       stash                         :        646                 0.0004   0.000000655447185507
       stack       stash                         :        646                 0.0011   0.000001774154749992
     mem_ctx       stash                         :        988                 0.0013   0.000001350699153683
         lex       stash                         :       1460                 0.0026   0.000001794461602240
    bind_ctx       noise                         :         21                 0.0208   0.000992592239830022
  data_stack    activate   exc_stack      hetero :        293                 0.0366   0.000124857797718101
        bind       stash                         :      62052                 0.0665   0.000001072075644235
          gh    activate   exc_stack      hetero :        292                 0.0710   0.000243049704793471
          op       stash                         :      44858                 0.0786   0.000001752532292123
  data_stack       learn   exc_stack      hetero :        646                 0.0843   0.000130424020006739
          op    activate   exc_stack      hetero :        293                 0.0998   0.000340529958431056
   exc_stack    activate   exc_stack         bwd :        646                 0.1005   0.000155545893754528
         mem       learn         lex      hetero :         21                 0.1019   0.004852971858261819
       stack    activate   exc_stack      hetero :        293                 0.1035   0.000353111839001369
     mem_ctx       learn         lex      hetero :         21                 0.1051   0.005006378429936289
         mem       stash                         :      64568                 0.1161   0.000001798424774107
       stack     context   stack_ctx             :      31747                 0.1184   0.000003730113293259
    bind_ctx       learn         lex      hetero :         21                 0.1207   0.005747598239048827
   exc_stack    activate   exc_stack         fwd :        646                 0.1346   0.000208425828684251
        bind     context    bind_ctx             :      44959                 0.1704   0.000003789501369983
       stack       learn   exc_stack      hetero :        646                 0.1977   0.000306029989081002
          op       learn   exc_stack      hetero :        646                 0.2244   0.000347292264560331
          gh    activate         mem      hetero :        351                 0.7563   0.002154782735739312
     mem_ctx       noise                         :        988                 1.0737   0.001086770554451623
         mem       noise                         :        988                 1.1838   0.001198177617567008
          gh       learn         mem      hetero :        351                 1.1862   0.003379449425382935
         mem     context     mem_ctx             :     311231                 1.8207   0.000005849985469007
        bind       noise                         :       2010                 2.0771   0.001033383288844408
  data_stack    activate  data_stack         bwd :      12240                 2.1289   0.000173928170296873
  data_stack       cycle                         :    2025166                 3.0348   0.000001498546941582
   exc_stack       cycle                         :    2025166                 3.2109   0.000001585513375626
   stack_ctx       cycle                         :    2025166                 3.4729   0.000001714889326872
          gh        bias       false             :     107908                 4.2067   0.000038984461525860
    bind_ctx       cycle                         :    2025166                 4.2077   0.000002077712786004
  data_stack    activate  data_stack         fwd :      12241                 4.7493   0.000387981985117150
       stack       cycle                         :    2025166                 5.2515   0.000002593099608918
         mem    activate         lex      hetero :       3534                 6.4188   0.001816290136709227
         mem    activate  data_stack      hetero :      18558                 8.0492   0.000433734076588775
          gh       cycle                         :    2025166                 8.9150   0.000004402095521029
         mem       learn  data_stack      hetero :      16749                 9.2985   0.000555168414759459
     mem_ctx       cycle                         :    2025166                10.8913   0.000005377954465961
         lex       cycle                         :    2025166                11.2603   0.000005560200711473
       stack    activate       stack         fwd :      44212                12.8360   0.000290327549495627
          op    activate       stack      hetero :      43361                12.8894   0.000297258686515339
         lex    activate         lex        auto :      21558                13.0577   0.000605700518060590
       stack    activate       stack         bwd :      43361                15.0911   0.000348033806091899
         lex       learn         mem      hetero :        988                16.3474   0.016545903872802706
          op       cycle                         :    2025166                16.6528   0.000008222954880208
   stack_ctx    activate         lex      hetero :      31747                17.9301   0.000564781658454141
         mem       learn         mem      hetero :       1934                22.6875   0.011730889207510446
         mem    activate        bind      hetero :       9744                23.2976   0.002390972187059786
        bind       learn         mem      hetero :        452                23.3379   0.051632534381432567
        bind       learn        bind        auto :       4623                25.6941   0.005557894029962863
          go       cycle                         :    2025167                26.0545   0.000012865373725781
        bind    activate       stack      hetero :      38494                31.9302   0.000829485268768538
         mem       learn        bind      hetero :       4623                32.5338   0.007037387931097785
          gh       learn         lex      hetero :      77196                33.3391   0.000431876133139118
          gh    activate        bind      hetero :      30069                40.3908   0.001343270988537387
          op       learn       stack      hetero :      44212                43.0243   0.000973135192965906
        bind    activate        bind        auto :      20168                43.6005   0.002161864528374604
    bind_ctx    activate         lex      hetero :      24791                43.9071   0.001771090501031691
       stack    converge                         :      31747                47.5125   0.001496597653616452
         mem    activate       stack      hetero :      47195                47.5830   0.001008221497164998
          gh    activate         lex      hetero :      77196                49.4511   0.000640591482606103
          op    activate         lex      hetero :     105909                51.1162   0.000482642655059229
        bind       cycle                         :    2025166                54.2136   0.000026769945493884
         lex    activate          op      hetero :     185855                61.2826   0.000329733186669018
        bind    activate         mem      hetero :       5122                78.2735   0.015281820806984972
     mem_ctx       learn         mem      hetero :        988                81.0907   0.082075638562373238
         mem       learn         mem        auto :        988                82.3225   0.083322329153690908
         mem       learn       stack      hetero :      40274                82.4948   0.002048340038976058
     mem_ctx    activate         lex      hetero :      46114                85.0219   0.001843733707723976
          gh       learn        bind      hetero :      30457                92.7187   0.003044248833350581
         mem       cycle                         :    2025166                98.1280   0.000048454314307441
          gh    activate          op      hetero :     552671               129.8486   0.000234947419750577
          op    activate          op      hetero :     446761               133.8408   0.000299580392182772
        bind       learn       stack      hetero :      54889               141.6009   0.002579768802229820
        bind       learn        bind      hetero :       2088               195.6661   0.093709798866849575
          gh    activate          gh      hetero :    1364587               246.6374   0.000180741447747536
        bind    activate        bind      hetero :      10289               324.5300   0.031541454612396998
          go    activate          gh      hetero :    2025167               336.7584   0.000166286720146336
         lex    activate         mem      hetero :     123282               346.8872   0.002813769727314237
         mem    activate         mem      hetero :     123869               472.8985   0.003817731221040729
     mem_ctx    activate         mem      hetero :      85594              2887.2444   0.033731855046761960
         mem    converge                         :     165360             11767.9871   0.071165862738459887

Executed 2025166 timesteps in 18567.521635s

Ran test 'imitate' in 2025166 timesteps
Output:
~~~~~~~~~~~~~~~~~~~~~~~~~~~~~~~~~~~~~~~~~~~~~~~ =====-PROCESS_ACTION-===== move_arm_and_grasp ~~~~~~~~~~~~~~~~~~~~~~~~~~~~~~~~~~~~~~~~~~~~~~~ =====-PROCESS_ACTION-===== move_grasped_object ~~~~~~~~~~~~~~~~~~~~~~~~~~~~~~~~~~~~~~~~~~~~~~~ =====-PROCESS_ACTION-===== release =====-PROCESS_ACTION-===== put_down_grasped_object =====-PROCESS_ACTION-===== move_object ~~~~~~~~~~~~~~~~~~~~~~~~~~~~~~~~~~~~~~~~~~~~~~~ =====-PROCESS_ACTION-===== move_arm_and_grasp ~~~~~~~~~~~~~~~~~~~~~~~~~~~~~~~~~~~~~~~~~~~~~~~ =====-PROCESS_ACTION-===== move_grasped_object ~~~~~~~~~~~~~~~~~~~~~~~~~~~~~~~~~~~~~~~~~~~~~~~ =====-PROCESS_ACTION-===== release =====-PROCESS_ACTION-===== put_down_grasped_object =====-PROCESS_ACTION-===== move_object ~~~~~~~~~~~~~~~~~~~~~~~~~~~~~~~~~~~~~~~~~~~~~~~ =====-PROCESS_ACTION-===== move_arm_and_grasp ~~~~~~~~~~~~~~~~~~~~~~~~~~~~~~~~~~~~~~~~~~~~~~~ =====-PROCESS_ACTION-===== move_grasped_object ~~~~~~~~~~~~~~~~~~~~~~~~~~~~~~~~~~~~~~~~~~~~~~~ =====-PROCESS_ACTION-===== release =====-PROCESS_ACTION-===== put_down_grasped_object =====-PROCESS_ACTION-===== move_object ~~~~~~~~~~~~~~~~~~~~~~~~~~~~~~~~~~~~~~~~~~~~~~~ =====-PROCESS_ACTION-===== move_arm_and_grasp ~~~~~~~~~~~~~~~~~~~~~~~~~~~~~~~~~~~~~~~~~~~~~~~ =====-PROCESS_ACTION-===== move_grasped_object ~~~~~~~~~~~~~~~~~~~~~~~~~~~~~~~~~~~~~~~~~~~~~~~ =====-PROCESS_ACTION-===== release =====-PROCESS_ACTION-===== put_down_grasped_object =====-PROCESS_ACTION-===== move_object ~~~~~~~~~~~~~~~~~~~~~~~~~~~~~~~~~~~~~~~~~~~~~~~ =====-PROCESS_ACTION-===== move_arm_and_grasp ~~~~~~~~~~~~~~~~~~~~~~~~~~~~~~~~~~~~~~~~~~~~~~~ =====-PROCESS_ACTION-===== move_grasped_object ~~~~~~~~~~~~~~~~~~~~~~~~~~~~~~~~~~~~~~~~~~~~~~~ =====-PROCESS_ACTION-===== release =====-PROCESS_ACTION-===== put_down_grasped_object =====-PROCESS_ACTION-===== move_object ~~~~~~~~~~~~~~~~~~~~~~~~~~~~~~~~~~~~~~~~~~~~~~~ =====-PROCESS_ACTION-===== move_arm_and_grasp ~~~~~~~~~~~~~~~~~~~~~~~~~~~~~~~~~~~~~~~~~~~~~~~ =====-PROCESS_ACTION-===== move_grasped_object ~~~~~~~~~~~~~~~~~~~~~~~~~~~~~~~~~~~~~~~~~~~~~~~ =====-PROCESS_ACTION-===== release =====-PROCESS_ACTION-===== put_down_grasped_object =====-PROCESS_ACTION-===== move_object ~~~~~~~~~~~~~~~~~~~~~~~~~~~~~~~~~~~~~~~~~~~~~~~ =====-PROCESS_ACTION-===== move_arm_and_grasp ~~~~~~~~~~~~~~~~~~~~~~~~~~~~~~~~~~~~~~~~~~~~~~~ =====-PROCESS_ACTION-===== move_grasped_object ~~~~~~~~~~~~~~~~~~~~~~~~~~~~~~~~~~~~~~~~~~~~~~~ =====-PROCESS_ACTION-===== release =====-PROCESS_ACTION-===== put_down_grasped_object =====-PROCESS_ACTION-===== move_object ~~~~~~~~~~~~~~~~~~~~~~~~~~~~~~~~~~~~~~~~~~~~~~~ =====-PROCESS_ACTION-===== move_arm_and_grasp ~~~~~~~~~~~~~~~~~~~~~~~~~~~~~~~~~~~~~~~~~~~~~~~ =====-PROCESS_ACTION-===== move_grasped_object ~~~~~~~~~~~~~~~~~~~~~~~~~~~~~~~~~~~~~~~~~~~~~~~ =====-PROCESS_ACTION-===== release =====-PROCESS_ACTION-===== put_down_grasped_object =====-PROCESS_ACTION-===== move_object ~~~~~~~~~~~~~~~~~~~~~~~~~~~~~~~~~~~~~~~~~~~~~~~ =====-PROCESS_ACTION-===== move_arm_and_grasp ~~~~~~~~~~~~~~~~~~~~~~~~~~~~~~~~~~~~~~~~~~~~~~~ =====-PROCESS_ACTION-===== move_grasped_object ~~~~~~~~~~~~~~~~~~~~~~~~~~~~~~~~~~~~~~~~~~~~~~~ =====-PROCESS_ACTION-===== release =====-PROCESS_ACTION-===== put_down_grasped_object =====-PROCESS_ACTION-===== move_object ~~~~~~~~~~~~~~~~~~~~~~~~~~~~~~~~~~~~~~~~~~~~~~~ =====-PROCESS_ACTION-===== move_arm_and_grasp ~~~~~~~~~~~~~~~~~~~~~~~~~~~~~~~~~~~~~~~~~~~~~~~ =====-PROCESS_ACTION-===== move_grasped_object ~~~~~~~~~~~~~~~~~~~~~~~~~~~~~~~~~~~~~~~~~~~~~~~ =====-PROCESS_ACTION-===== release =====-PROCESS_ACTION-===== put_down_grasped_object =====-PROCESS_ACTION-===== move_object ~~~~~~~~~~~~~~~~~~~~~~~~~~~~~~~~~~~~~~~~~~~~~~~ =====-PROCESS_ACTION-===== move_arm_and_grasp ~~~~~~~~~~~~~~~~~~~~~~~~~~~~~~~~~~~~~~~~~~~~~~~ =====-PROCESS_ACTION-===== move_grasped_object ~~~~~~~~~~~~~~~~~~~~~~~~~~~~~~~~~~~~~~~~~~~~~~~ =====-PROCESS_ACTION-===== release =====-PROCESS_ACTION-===== put_down_grasped_object =====-PROCESS_ACTION-===== move_object ~~~~~~~~~~~~~~~~~~~~~~~~~~~~~~~~~~~~~~~~~~~~~~~ =====-PROCESS_ACTION-===== move_arm_and_grasp ~~~~~~~~~~~~~~~~~~~~~~~~~~~~~~~~~~~~~~~~~~~~~~~ =====-PROCESS_ACTION-===== move_grasped_object ~~~~~~~~~~~~~~~~~~~~~~~~~~~~~~~~~~~~~~~~~~~~~~~ =====-PROCESS_ACTION-===== release =====-PROCESS_ACTION-===== put_down_grasped_object =====-PROCESS_ACTION-===== move_object ~~~~~~~~~~~~~~~~~~~~~~~~~~~~~~~~~~~~~~~~~~~~~~~ =====-PROCESS_ACTION-===== move_arm_and_grasp ~~~~~~~~~~~~~~~~~~~~~~~~~~~~~~~~~~~~~~~~~~~~~~~ =====-PROCESS_ACTION-===== move_grasped_object ~~~~~~~~~~~~~~~~~~~~~~~~~~~~~~~~~~~~~~~~~~~~~~~ =====-PROCESS_ACTION-===== release =====-PROCESS_ACTION-===== put_down_grasped_object =====-PROCESS_ACTION-===== move_object ___ EXPLANATION ___ move_object ( U_blk1 table true ) +--> move_arm_and_grasp ( right_gripper U_blk1 ) put_down_grasped_object ( right_gripper table true ) +--> move_grasped_object ( right_gripper table true ) release ( right_gripper ) +--< +--< move_object ( U_blk4 U_blk1 true ) +--> move_arm_and_grasp ( right_gripper U_blk4 ) put_down_grasped_object ( right_gripper U_blk1 true ) +--> move_grasped_object ( right_gripper U_blk1 true ) release ( right_gripper ) +--< +--< move_object ( U_blk3 U_blk4 true ) +--> move_arm_and_grasp ( right_gripper U_blk3 ) put_down_grasped_object ( right_gripper U_blk4 true ) +--> move_grasped_object ( right_gripper U_blk4 true ) release ( right_gripper ) +--< +--< move_object ( U_blk2 U_blk1 true ) +--> move_arm_and_grasp ( right_gripper U_blk2 ) put_down_grasped_object ( right_gripper U_blk1 true ) +--> move_grasped_object ( right_gripper U_blk1 true ) release ( right_gripper ) +--< +--< move_object ( U_blk5 U_blk2 true ) +--> move_arm_and_grasp ( right_gripper U_blk5 ) put_down_grasped_object ( right_gripper U_blk2 true ) +--> move_grasped_object ( right_gripper U_blk2 true ) release ( right_gripper ) +--< +--< move_object ( M_blk3 table true ) +--> move_arm_and_grasp ( right_gripper M_blk3 ) put_down_grasped_object ( right_gripper table true ) +--> move_grasped_object ( right_gripper table true ) release ( right_gripper ) +--< +--< move_object ( M_blk6 M_blk3 true ) +--> move_arm_and_grasp ( right_gripper M_blk6 ) put_down_grasped_object ( right_gripper M_blk3 true ) +--> move_grasped_object ( right_gripper M_blk3 true ) release ( right_gripper ) +--< +--< move_object ( M_blk4 table true ) +--> move_arm_and_grasp ( right_gripper M_blk4 ) put_down_grasped_object ( right_gripper table true ) +--> move_grasped_object ( right_gripper table true ) release ( right_gripper ) +--< +--< move_object ( M_blk7 M_blk4 true ) +--> move_arm_and_grasp ( right_gripper M_blk7 ) put_down_grasped_object ( right_gripper M_blk4 true ) +--> move_grasped_object ( right_gripper M_blk4 true ) release ( right_gripper ) +--< +--< move_object ( M_blk1 M_blk6 true ) +--> move_arm_and_grasp ( right_gripper M_blk1 ) put_down_grasped_object ( right_gripper M_blk6 true ) +--> move_grasped_object ( right_gripper M_blk6 true ) release ( right_gripper ) +--< +--< move_object ( M_blk5 table true ) +--> move_arm_and_grasp ( right_gripper M_blk5 ) put_down_grasped_object ( right_gripper table true ) +--> move_grasped_object ( right_gripper table true ) release ( right_gripper ) +--< +--< move_object ( M_blk8 M_blk5 true ) +--> move_arm_and_grasp ( right_gripper M_blk8 ) put_down_grasped_object ( right_gripper M_blk5 true ) +--> move_grasped_object ( right_gripper M_blk5 true ) release ( right_gripper ) +--< +--< move_object ( M_blk2 M_blk8 true ) +--> move_arm_and_grasp ( right_gripper M_blk2 ) put_down_grasped_object ( right_gripper M_blk8 true ) +--> move_grasped_object ( right_gripper M_blk8 true ) release ( right_gripper ) +--< +--< done
