test:  imitate
args: 
           t : imitate
     kb_name : kb_il_streamlined
   demo_name : demo_il
     verbose : True
       debug : False
     emulate : False
   integrity : False
       check : False
       ortho : True
        draw : False
       decay : 1.0
      wasted : False

Name  N  W
------------------------------------------------------------
   mem_ctx      40000 1792640000   3.339052   lam = 0.250000
------------------------------------------------------------
                 ('mem', 'hetero')  2.980232 1
                 ('lex', 'hetero')  0.358820 0

------------------------------------------------------------
       mem      40000 4884800000   9.098649
------------------------------------------------------------
                ('bind', 'hetero')  2.607703 0
                 ('lex', 'hetero')  0.358820 0
                   ('mem', 'auto')  2.980232 0
                 ('mem', 'hetero')  2.980232 1
               ('stack', 'hetero')  0.152588 0
          ('data_stack', 'hetero')  0.019073 0

------------------------------------------------------------
      bind      35000 3921680000   7.304698
------------------------------------------------------------
                 ('mem', 'hetero')  2.607703 1
               ('stack', 'hetero')  0.133514 0
                  ('bind', 'auto')  2.281740 0
                ('bind', 'hetero')  2.281740 1

------------------------------------------------------------
data_stack        256     147456   0.000275
------------------------------------------------------------
             ('data_stack', 'fwd')  0.000122 0
           ('exc_stack', 'hetero')  0.000031 0
             ('data_stack', 'bwd')  0.000122 0

------------------------------------------------------------
 exc_stack         64       8192   0.000015
------------------------------------------------------------
              ('exc_stack', 'bwd')  0.000008 0
              ('exc_stack', 'fwd')  0.000008 0

------------------------------------------------------------
        gh        240   19524960   0.036368
------------------------------------------------------------
                 ('mem', 'hetero')  0.017881 0
                  ('gh', 'hetero')  0.000107 0
           ('exc_stack', 'hetero')  0.000029 0
                ('bind', 'hetero')  0.015646 0
                 ('lex', 'hetero')  0.002153 0
                  ('op', 'hetero')  0.000552 0

------------------------------------------------------------
        op       1234   10071908   0.018760
------------------------------------------------------------
                 ('lex', 'hetero')  0.011070 0
                  ('op', 'hetero')  0.002836 0
           ('exc_stack', 'hetero')  0.000147 0
               ('stack', 'hetero')  0.004707 0

------------------------------------------------------------
       lex       4816  221776800   0.413091
------------------------------------------------------------
                  ('op', 'hetero')  0.011070 0
                 ('mem', 'hetero')  0.358820 0
                   ('lex', 'auto')  0.043202 0

------------------------------------------------------------
     stack       2048   12713984   0.023682
------------------------------------------------------------
                 ('stack', 'auto')  0.007812 0
                  ('stack', 'fwd')  0.007812 0
           ('exc_stack', 'hetero')  0.000244 0
                  ('stack', 'bwd')  0.007812 0

------------------------------------------------------------
  bind_ctx      35000  168560000   0.313967   lam = 0.125000
------------------------------------------------------------
                 ('lex', 'hetero')  0.313967 0

------------------------------------------------------------
 stack_ctx       2048    9863168   0.018372   lam = 0.250000
------------------------------------------------------------
                 ('lex', 'hetero')  0.018372 0

Total:      160706 11041786468
Device allocation:
0:      5216786468     10433572936 (9.7170 GB)
1:      5825000000     11650000000 (10.8499 GB)

Flashing gates...
Flashing                   ('go', 'gh', 'hetero')        122
  --> 0.003114
Flashing mappings...
      bind       bind     hetero            1
 stack_ctx        lex     hetero            11
 exc_stack  exc_stack        fwd            32
 exc_stack  exc_stack        bwd            32
       lex        lex       auto            45
        gh         gh     hetero            96
       mem        lex     hetero            125
  bind_ctx        lex     hetero            125
   mem_ctx        lex     hetero            125
     stack      stack        fwd            128
     stack      stack        bwd            128
     stack      stack       auto            128
data_stack data_stack        fwd            128
data_stack data_stack        bwd            128
        op        lex     hetero            146
       lex         op     hetero            300
        op         op     hetero            615
        gh         op     hetero            617
   mem_ctx        mem     hetero            925
       mem        mem       auto            925
       lex        mem     hetero            925
       mem        mem     hetero    mem_ctx 1601
Flashing                   ('gh', 'gh', 'hetero')         96
  --> 0.007044
Flashing                   ('op', 'op', 'hetero')        615
  --> 0.652524
Flashing                  ('op', 'lex', 'hetero')        146
  --> 0.744636
Flashing                   ('gh', 'op', 'hetero')        617
  --> 0.371537
Flashing                  ('lex', 'op', 'hetero')        300
  --> 0.430146
Flashing                   ('lex', 'lex', 'auto')         45
  --> 0.264539
Flashing               ('bind', 'bind', 'hetero')          1
  --> 0.753372
Flashing             ('mem_ctx', 'mem', 'hetero')        925
  --> 244.803844
Flashing                 ('mem', 'mem', 'hetero')       1601
  --> 76.984096
Flashing                   ('mem', 'mem', 'auto')        925
  --> 257.680514
Flashing                 ('lex', 'mem', 'hetero')        925
  --> 42.809671
Flashing                 ('mem', 'lex', 'hetero')        125
  --> 1.937303
Flashing            ('bind_ctx', 'lex', 'hetero')        125
  --> 2.441221
Flashing             ('mem_ctx', 'lex', 'hetero')        125
  --> 1.939267
Flashing           ('stack_ctx', 'lex', 'hetero')         11
  --> 0.063810
Flashing                ('stack', 'stack', 'fwd')        128
  --> 0.277400
Flashing                ('stack', 'stack', 'bwd')        128
  --> 0.276894
Flashing               ('stack', 'stack', 'auto')        128
  --> 0.279839
Flashing      ('data_stack', 'data_stack', 'fwd')        128
  --> 0.008055
Flashing      ('data_stack', 'data_stack', 'bwd')        128
  --> 0.007315
Flashing        ('exc_stack', 'exc_stack', 'fwd')         32
  --> 0.001749
Flashing        ('exc_stack', 'exc_stack', 'bwd')         32
  --> 0.001905

... flashed in 638.473237s

Running network...
In:  (
In:  new
In:  Environment
In:  '
In:  NIL
In:  '
In:  (
In:  (
In:  left_gripper
In:  gripping
In:  none
In:  )
In:  (
In:  right_gripper
In:  gripping
In:  none
In:  )
In:  (
In:  table
In:  identity
In:  Block
In:  )
In:  (
In:  A_blk2
In:  identity
In:  Block
In:  )
In:  (
In:  I_blk1
In:  identity
In:  Block
In:  )
In:  (
In:  I_blk2
In:  identity
In:  Block
In:  )
In:  (
In:  M_blk3
In:  identity
In:  Block
In:  )
In:  (
In:  M_blk4
In:  identity
In:  Block
In:  )
In:  (
In:  M_blk6
In:  identity
In:  Block
In:  )
In:  (
In:  U_blk4
In:  identity
In:  Block
In:  )
In:  (
In:  U_blk5
In:  identity
In:  Block
In:  )
In:  )
In:  )
In:  (
In:  (
In:  move_arm_and_grasp
In:  right_gripper
In:  I_blk1
In:  )
In:  (
In:  right_gripper
In:  gripping
In:  I_blk1
In:  )
In:  )
Out:  (84076, '~~~~~~~~~~~~~~~~~~~~~~~~~~~~~~~~~~~~~~~~~~~~~~~', 1.0) 605.1995927399839
Out:  (89521, '=====-PROCESS_ACTION-=====', 1.0) 651.6937116889749
Out:  (89684, 'move_arm_and_grasp', 1.0) 652.9086710589763
In:  (
In:  (
In:  move_grasped_object
In:  right_gripper
In:  table
In:  true
In:  )
In:  )
Out:  (128215, '~~~~~~~~~~~~~~~~~~~~~~~~~~~~~~~~~~~~~~~~~~~~~~~', 1.0) 978.3267116989882
Out:  (133660, '=====-PROCESS_ACTION-=====', 1.0) 1024.8000682729762
Out:  (133823, 'move_grasped_object', 1.0) 1026.0099803999765
In:  (
In:  (
In:  release
In:  right_gripper
In:  )
In:  (
In:  right_gripper
In:  gripping
In:  none
In:  )
In:  )
Out:  (160502, '~~~~~~~~~~~~~~~~~~~~~~~~~~~~~~~~~~~~~~~~~~~~~~~', 1.0) 1248.3924580269959
Out:  (165947, '=====-PROCESS_ACTION-=====', 1.0) 1294.9880297459895
Out:  (166110, 'release', 1.0) 1296.1939808719908
Out:  (180662, '=====-PROCESS_ACTION-=====', 1.0) 1417.5610917769955
Out:  (180825, 'put_down_grasped_object', 1.0) 1418.776557856996
Out:  (198434, '=====-PROCESS_ACTION-=====', 1.0) 1564.7608518989873
Out:  (198597, 'move_object', 1.0) 1565.9686638949788
In:  (
In:  (
In:  move_arm_and_grasp
In:  right_gripper
In:  M_blk3
In:  )
In:  (
In:  right_gripper
In:  gripping
In:  M_blk3
In:  )
In:  )
Out:  (219973, '~~~~~~~~~~~~~~~~~~~~~~~~~~~~~~~~~~~~~~~~~~~~~~~', 1.0) 1742.0363942119875
Out:  (225418, '=====-PROCESS_ACTION-=====', 1.0) 1788.5748875099816
Out:  (225581, 'move_arm_and_grasp', 1.0) 1789.7806129149976
In:  (
In:  (
In:  move_grasped_object
In:  right_gripper
In:  I_blk1
In:  false
In:  )
In:  )
Out:  (264190, '~~~~~~~~~~~~~~~~~~~~~~~~~~~~~~~~~~~~~~~~~~~~~~~', 1.0) 2115.52054079299
Out:  (269635, '=====-PROCESS_ACTION-=====', 1.0) 2162.0878440869856
Out:  (269798, 'move_grasped_object', 1.0) 2163.3028575729986
In:  (
In:  (
In:  release
In:  right_gripper
In:  )
In:  (
In:  right_gripper
In:  gripping
In:  none
In:  )
In:  )
Out:  (296529, '~~~~~~~~~~~~~~~~~~~~~~~~~~~~~~~~~~~~~~~~~~~~~~~', 1.0) 2385.9603092169855
Out:  (301974, '=====-PROCESS_ACTION-=====', 1.0) 2432.431449845986
Out:  (302137, 'release', 1.0) 2433.6279745919746
Out:  (316735, '=====-PROCESS_ACTION-=====', 1.0) 2555.5851511969813
Out:  (316898, 'put_down_grasped_object', 1.0) 2556.7997234879876
Out:  (334712, '=====-PROCESS_ACTION-=====', 1.0) 2704.8095686529996
Out:  (334875, 'move_object', 1.0) 2706.0155558359984
In:  (
In:  (
In:  move_arm_and_grasp
In:  right_gripper
In:  M_blk4
In:  )
In:  (
In:  right_gripper
In:  gripping
In:  M_blk4
In:  )
In:  )
Out:  (356277, '~~~~~~~~~~~~~~~~~~~~~~~~~~~~~~~~~~~~~~~~~~~~~~~', 1.0) 2882.4006469159795
Out:  (361722, '=====-PROCESS_ACTION-=====', 1.0) 2928.904811588989
Out:  (361885, 'move_arm_and_grasp', 1.0) 2930.113446216972
In:  (
In:  (
In:  move_grasped_object
In:  right_gripper
In:  M_blk3
In:  false
In:  )
In:  )
Out:  (400572, '~~~~~~~~~~~~~~~~~~~~~~~~~~~~~~~~~~~~~~~~~~~~~~~', 1.0) 3256.258178122982
Out:  (406017, '=====-PROCESS_ACTION-=====', 1.0) 3302.801445228979
Out:  (406180, 'move_grasped_object', 1.0) 3304.0105240119738
In:  (
In:  (
In:  release
In:  right_gripper
In:  )
In:  (
In:  right_gripper
In:  gripping
In:  none
In:  )
In:  )
Out:  (432963, '~~~~~~~~~~~~~~~~~~~~~~~~~~~~~~~~~~~~~~~~~~~~~~~', 1.0) 3526.589302472974
Out:  (438408, '=====-PROCESS_ACTION-=====', 1.0) 3573.088326733996
Out:  (438571, 'release', 1.0) 3574.3027748119785
Out:  (453215, '=====-PROCESS_ACTION-=====', 1.0) 3696.871868224989
Out:  (453378, 'put_down_grasped_object', 1.0) 3698.0797733779764
Out:  (471238, '=====-PROCESS_ACTION-=====', 1.0) 3846.8083646549785
Out:  (471401, 'move_object', 1.0) 3848.011610100977
In:  (
In:  (
In:  move_arm_and_grasp
In:  right_gripper
In:  I_blk2
In:  )
In:  (
In:  right_gripper
In:  gripping
In:  I_blk2
In:  )
In:  )
Out:  (492829, '~~~~~~~~~~~~~~~~~~~~~~~~~~~~~~~~~~~~~~~~~~~~~~~', 1.0) 4024.2023971589806
Out:  (498274, '=====-PROCESS_ACTION-=====', 1.0) 4070.641317643982
Out:  (498437, 'move_arm_and_grasp', 1.0) 4071.849783580983
In:  (
In:  (
In:  move_grasped_object
In:  right_gripper
In:  M_blk4
In:  false
In:  )
In:  )
Out:  (537202, '~~~~~~~~~~~~~~~~~~~~~~~~~~~~~~~~~~~~~~~~~~~~~~~', 1.0) 4398.106329602975
Out:  (542647, '=====-PROCESS_ACTION-=====', 1.0) 4444.660076310975
Out:  (542810, 'move_grasped_object', 1.0) 4445.866795187991
In:  (
In:  (
In:  release
In:  right_gripper
In:  )
In:  (
In:  right_gripper
In:  gripping
In:  none
In:  )
In:  )
Out:  (569645, '~~~~~~~~~~~~~~~~~~~~~~~~~~~~~~~~~~~~~~~~~~~~~~~', 1.0) 4668.513503767987
Out:  (575090, '=====-PROCESS_ACTION-=====', 1.0) 4715.087737511989
Out:  (575253, 'release', 1.0) 4716.302084383991
Out:  (589943, '=====-PROCESS_ACTION-=====', 1.0) 4839.853097377985
Out:  (590106, 'put_down_grasped_object', 1.0) 4841.063450984977
Out:  (608012, '=====-PROCESS_ACTION-=====', 1.0) 4990.422006389999
Out:  (608175, 'move_object', 1.0) 4991.636303540989
In:  (
In:  (
In:  move_arm_and_grasp
In:  right_gripper
In:  A_blk2
In:  )
In:  (
In:  right_gripper
In:  gripping
In:  A_blk2
In:  )
In:  )
Out:  (629629, '~~~~~~~~~~~~~~~~~~~~~~~~~~~~~~~~~~~~~~~~~~~~~~~', 1.0) 5168.131959104998
Out:  (635074, '=====-PROCESS_ACTION-=====', 1.0) 5214.64977136199
Out:  (635237, 'move_arm_and_grasp', 1.0) 5215.850284837972
In:  (
In:  (
In:  move_grasped_object
In:  right_gripper
In:  table
In:  true
In:  )
In:  )
Out:  (674080, '~~~~~~~~~~~~~~~~~~~~~~~~~~~~~~~~~~~~~~~~~~~~~~~', 1.0) 5542.175329171994
Out:  (679525, '=====-PROCESS_ACTION-=====', 1.0) 5588.6727701829805
Out:  (679688, 'move_grasped_object', 1.0) 5589.884546428977
In:  (
In:  (
In:  release
In:  right_gripper
In:  )
In:  (
In:  right_gripper
In:  gripping
In:  none
In:  )
In:  )
Out:  (706575, '~~~~~~~~~~~~~~~~~~~~~~~~~~~~~~~~~~~~~~~~~~~~~~~', 1.0) 5813.059097822988
Out:  (712020, '=====-PROCESS_ACTION-=====', 1.0) 5859.656632966973
Out:  (712183, 'release', 1.0) 5860.856131295994
Out:  (726919, '=====-PROCESS_ACTION-=====', 1.0) 5984.922226946976
Out:  (727082, 'put_down_grasped_object', 1.0) 5986.126767507987
Out:  (745034, '=====-PROCESS_ACTION-=====', 1.0) 6136.03344999798
Out:  (745197, 'move_object', 1.0) 6137.238206361973
In:  (
In:  (
In:  move_arm_and_grasp
In:  right_gripper
In:  M_blk6
In:  )
In:  (
In:  right_gripper
In:  gripping
In:  M_blk6
In:  )
In:  )
Out:  (766677, '~~~~~~~~~~~~~~~~~~~~~~~~~~~~~~~~~~~~~~~~~~~~~~~', 1.0) 6313.898062166991
Out:  (772122, '=====-PROCESS_ACTION-=====', 1.0) 6360.433314562979
Out:  (772285, 'move_arm_and_grasp', 1.0) 6361.645483695989
In:  (
In:  (
In:  move_grasped_object
In:  right_gripper
In:  A_blk2
In:  true
In:  )
In:  )
Out:  (811206, '~~~~~~~~~~~~~~~~~~~~~~~~~~~~~~~~~~~~~~~~~~~~~~~', 1.0) 6688.647844256979
Out:  (816651, '=====-PROCESS_ACTION-=====', 1.0) 6735.206919797987
Out:  (816814, 'move_grasped_object', 1.0) 6736.413518801972
In:  (
In:  (
In:  release
In:  right_gripper
In:  )
In:  (
In:  right_gripper
In:  gripping
In:  none
In:  )
In:  )
Out:  (843753, '~~~~~~~~~~~~~~~~~~~~~~~~~~~~~~~~~~~~~~~~~~~~~~~', 1.0) 6959.611964580981
Out:  (849198, '=====-PROCESS_ACTION-=====', 1.0) 7006.2372882089985
Out:  (849361, 'release', 1.0) 7007.444243022997
Out:  (864143, '=====-PROCESS_ACTION-=====', 1.0) 7132.175284868979
Out:  (864306, 'put_down_grasped_object', 1.0) 7133.379826527991
Out:  (882304, '=====-PROCESS_ACTION-=====', 1.0) 7284.121459929971
Out:  (882467, 'move_object', 1.0) 7285.333034587995
In:  (
In:  (
In:  move_arm_and_grasp
In:  right_gripper
In:  U_blk4
In:  )
In:  (
In:  right_gripper
In:  gripping
In:  U_blk4
In:  )
In:  )
Out:  (903973, '~~~~~~~~~~~~~~~~~~~~~~~~~~~~~~~~~~~~~~~~~~~~~~~', 1.0) 7461.919706013985
Out:  (909418, '=====-PROCESS_ACTION-=====', 1.0) 7508.384340095974
Out:  (909581, 'move_arm_and_grasp', 1.0) 7509.585697539995
In:  (
In:  (
In:  move_grasped_object
In:  right_gripper
In:  M_blk6
In:  false
In:  )
In:  )
Out:  (948580, '~~~~~~~~~~~~~~~~~~~~~~~~~~~~~~~~~~~~~~~~~~~~~~~', 1.0) 7836.63000908299
Out:  (954025, '=====-PROCESS_ACTION-=====', 1.0) 7883.204391823994
Out:  (954188, 'move_grasped_object', 1.0) 7884.406963946996
In:  (
In:  (
In:  release
In:  right_gripper
In:  )
In:  (
In:  right_gripper
In:  gripping
In:  none
In:  )
In:  )
Out:  (981179, '~~~~~~~~~~~~~~~~~~~~~~~~~~~~~~~~~~~~~~~~~~~~~~~', 1.0) 8107.532440426992
Out:  (986624, '=====-PROCESS_ACTION-=====', 1.0) 8154.103673815
Out:  (986787, 'release', 1.0) 8155.307371486997
Out:  (1001615, '=====-PROCESS_ACTION-=====', 1.0) 8280.921520481992
Out:  (1001778, 'put_down_grasped_object', 1.0) 8282.133591671998
Out:  (1019822, '=====-PROCESS_ACTION-=====', 1.0) 8433.476574522996
Out:  (1019985, 'move_object', 1.0) 8434.680028591974
In:  (
In:  (
In:  move_arm_and_grasp
In:  right_gripper
In:  U_blk5
In:  )
In:  (
In:  right_gripper
In:  gripping
In:  U_blk5
In:  )
In:  )
Out:  (1041517, '~~~~~~~~~~~~~~~~~~~~~~~~~~~~~~~~~~~~~~~~~~~~~~~', 1.0) 8611.471253028983
Out:  (1046962, '=====-PROCESS_ACTION-=====', 1.0) 8658.07996749098
Out:  (1047125, 'move_arm_and_grasp', 1.0) 8659.291044986981
In:  (
In:  (
In:  move_grasped_object
In:  right_gripper
In:  U_blk4
In:  false
In:  )
In:  )
Out:  (1086202, '~~~~~~~~~~~~~~~~~~~~~~~~~~~~~~~~~~~~~~~~~~~~~~~', 1.0) 8986.81304624799
Out:  (1091647, '=====-PROCESS_ACTION-=====', 1.0) 9033.324910615978
Out:  (1091810, 'move_grasped_object', 1.0) 9034.535119091976
In:  (
In:  (
In:  release
In:  right_gripper
In:  )
In:  NIL
In:  )
Out:  (1114974, '~~~~~~~~~~~~~~~~~~~~~~~~~~~~~~~~~~~~~~~~~~~~~~~', 1.0) 9227.944787029992
Out:  (1120419, '=====-PROCESS_ACTION-=====', 1.0) 9274.43623313299
Out:  (1120582, 'release', 1.0) 9275.641355155996
Out:  (1135456, '=====-PROCESS_ACTION-=====', 1.0) 9401.743999314
Out:  (1135619, 'put_down_grasped_object', 1.0) 9402.954944013996
Out:  (1153709, '=====-PROCESS_ACTION-=====', 1.0) 9554.971778761974
Out:  (1153872, 'move_object', 1.0) 9556.186566769
In:  NIL
Out:  (1167881, '___', 1.0) 9674.289268888999
Out:  (1168042, 'EXPLANATION', 1.0) 9675.74113629898
Out:  (1168203, '___', 1.0) 9677.195805195981
Out:  (1177097, 'move_object', 1.0) 9755.905945599981
Out:  (1177203, '(', 1.0) 9756.56411115799
Out:  (1177225, 'I_blk1', 1.0) 9756.695433765999
Out:  (1177270, 'table', 1.0) 9757.012441905972
Out:  (1177315, 'true', 1.0) 9757.327439882996
Out:  (1177343, ')', 1.0) 9757.51854401498
Out:  (1177720, '+-->', 1.0) 9760.454638141993
Out:  (1179577, 'move_arm_and_grasp', 1.0) 9776.528982526972
Out:  (1179683, '(', 1.0) 9777.182448312
Out:  (1179705, 'right_gripper', 1.0) 9777.315969087998
Out:  (1179750, 'I_blk1', 1.0) 9777.63498531899
Out:  (1179778, ')', 1.0) 9777.826468883984
Out:  (1180900, 'put_down_grasped_object', 1.0) 9787.146019687993
Out:  (1181006, '(', 1.0) 9787.802134697995
Out:  (1181028, 'right_gripper', 1.0) 9787.93368859298
Out:  (1181073, 'table', 1.0) 9788.250852938974
Out:  (1181118, 'true', 1.0) 9788.563244120975
Out:  (1181146, ')', 1.0) 9788.758356156992
Out:  (1181523, '+-->', 1.0) 9791.699232917977
Out:  (1183380, 'move_grasped_object', 1.0) 9807.776717784
Out:  (1183486, '(', 1.0) 9808.433222251973
Out:  (1183508, 'right_gripper', 1.0) 9808.565698565973
Out:  (1183553, 'table', 1.0) 9808.880684948992
Out:  (1183598, 'true', 1.0) 9809.197039754974
Out:  (1183626, ')', 1.0) 9809.387830654974
Out:  (1184748, 'release', 1.0) 9818.711636547989
Out:  (1184854, '(', 1.0) 9819.366886216972
Out:  (1184876, 'right_gripper', 1.0) 9819.498903409985
Out:  (1184904, ')', 1.0) 9819.690102964
Out:  (1185310, '+--<', 1.0) 9822.793138333975
Out:  (1185528, '+--<', 1.0) 9824.630986065982
Out:  (1186481, 'move_object', 1.0) 9832.843637504993
Out:  (1186587, '(', 1.0) 9833.498071871989
Out:  (1186609, 'M_blk3', 1.0) 9833.629287114978
Out:  (1186654, 'I_blk1', 1.0) 9833.946410508972
Out:  (1186699, 'false', 1.0) 9834.262102735986
Out:  (1186727, ')', 1.0) 9834.452414110972
Out:  (1187104, '+-->', 1.0) 9837.390492820996
Out:  (1188961, 'move_arm_and_grasp', 1.0) 9853.446021474985
Out:  (1189067, '(', 1.0) 9854.103525222978
Out:  (1189089, 'right_gripper', 1.0) 9854.235173499997
Out:  (1189134, 'M_blk3', 1.0) 9854.550292457978
Out:  (1189162, ')', 1.0) 9854.74301826299
Out:  (1190284, 'put_down_grasped_object', 1.0) 9864.075803505984
Out:  (1190390, '(', 1.0) 9864.729406482977
Out:  (1190412, 'right_gripper', 1.0) 9864.860356764984
Out:  (1190457, 'I_blk1', 1.0) 9865.175153732998
Out:  (1190502, 'false', 1.0) 9865.490588684974
Out:  (1190530, ')', 1.0) 9865.681961765978
Out:  (1190907, '+-->', 1.0) 9868.620078821987
Out:  (1192764, 'move_grasped_object', 1.0) 9884.702333728987
Out:  (1192870, '(', 1.0) 9885.356874283985
Out:  (1192892, 'right_gripper', 1.0) 9885.489741355996
Out:  (1192937, 'I_blk1', 1.0) 9885.802887963975
Out:  (1192982, 'false', 1.0) 9886.114918490988
Out:  (1193010, ')', 1.0) 9886.306302552985
Out:  (1194132, 'release', 1.0) 9895.625258540997
Out:  (1194238, '(', 1.0) 9896.278548689996
Out:  (1194260, 'right_gripper', 1.0) 9896.409812086
Out:  (1194288, ')', 1.0) 9896.601344297
Out:  (1194694, '+--<', 1.0) 9899.70729864898
Out:  (1194912, '+--<', 1.0) 9901.542076914979
Out:  (1195865, 'move_object', 1.0) 9909.759876787983
Out:  (1195971, '(', 1.0) 9910.41428180199
Out:  (1195993, 'M_blk4', 1.0) 9910.544736325974
Out:  (1196038, 'M_blk3', 1.0) 9910.858072553994
Out:  (1196083, 'false', 1.0) 9911.174362486985
Out:  (1196111, ')', 1.0) 9911.366880005982
Out:  (1196488, '+-->', 1.0) 9914.31034716699
Out:  (1198345, 'move_arm_and_grasp', 1.0) 9930.384458930988
Out:  (1198451, '(', 1.0) 9931.037494292977
Out:  (1198473, 'right_gripper', 1.0) 9931.170585281972
Out:  (1198518, 'M_blk4', 1.0) 9931.486189448973
Out:  (1198546, ')', 1.0) 9931.67712924999
Out:  (1199668, 'put_down_grasped_object', 1.0) 9940.976900044974
Out:  (1199774, '(', 1.0) 9941.629976641998
Out:  (1199796, 'right_gripper', 1.0) 9941.763864763983
Out:  (1199841, 'M_blk3', 1.0) 9942.07805876399
Out:  (1199886, 'false', 1.0) 9942.391295778973
Out:  (1199914, ')', 1.0) 9942.583428712998
Out:  (1200291, '+-->', 1.0) 9945.512881908973
Out:  (1202148, 'move_grasped_object', 1.0) 9961.557863705995
Out:  (1202254, '(', 1.0) 9962.203063405992
Out:  (1202276, 'right_gripper', 1.0) 9962.333643791993
Out:  (1202321, 'M_blk3', 1.0) 9962.646490751998
Out:  (1202366, 'false', 1.0) 9962.964248078992
Out:  (1202394, ')', 1.0) 9963.157349763991
Out:  (1203516, 'release', 1.0) 9972.476817042974
Out:  (1203622, '(', 1.0) 9973.131563069997
Out:  (1203644, 'right_gripper', 1.0) 9973.266331328981
Out:  (1203672, ')', 1.0) 9973.457673761994
Out:  (1204078, '+--<', 1.0) 9976.573005454993
Out:  (1204296, '+--<', 1.0) 9978.408669035998
Out:  (1205249, 'move_object', 1.0) 9986.625655249984
Out:  (1205355, '(', 1.0) 9987.277535641973
Out:  (1205377, 'I_blk2', 1.0) 9987.409094000992
Out:  (1205422, 'M_blk4', 1.0) 9987.72576666798
Out:  (1205467, 'false', 1.0) 9988.03785727598
Out:  (1205495, ')', 1.0) 9988.230428105977
Out:  (1205872, '+-->', 1.0) 9991.163541896996
Out:  (1207729, 'move_arm_and_grasp', 1.0) 10007.238458485983
Out:  (1207835, '(', 1.0) 10007.895638496993
Out:  (1207857, 'right_gripper', 1.0) 10008.026965587982
Out:  (1207902, 'I_blk2', 1.0) 10008.343281911977
Out:  (1207930, ')', 1.0) 10008.537273004971
Out:  (1209052, 'put_down_grasped_object', 1.0) 10017.846768750984
Out:  (1209158, '(', 1.0) 10018.499635617976
Out:  (1209180, 'right_gripper', 1.0) 10018.630327145976
Out:  (1209225, 'M_blk4', 1.0) 10018.942308367987
Out:  (1209270, 'false', 1.0) 10019.257317431999
Out:  (1209298, ')', 1.0) 10019.448591416993
Out:  (1209675, '+-->', 1.0) 10022.379776342976
Out:  (1211532, 'move_grasped_object', 1.0) 10038.393547946995
Out:  (1211638, '(', 1.0) 10039.042812514992
Out:  (1211660, 'right_gripper', 1.0) 10039.17497948499
Out:  (1211705, 'M_blk4', 1.0) 10039.486347762984
Out:  (1211750, 'false', 1.0) 10039.800370417972
Out:  (1211778, ')', 1.0) 10039.992117567977
Out:  (1212900, 'release', 1.0) 10049.321339171991
Out:  (1213006, '(', 1.0) 10049.980028805992
Out:  (1213028, 'right_gripper', 1.0) 10050.111737191997
Out:  (1213056, ')', 1.0) 10050.30371723199
Out:  (1213462, '+--<', 1.0) 10053.410216473974
Out:  (1213680, '+--<', 1.0) 10055.25019306899
Out:  (1214633, 'move_object', 1.0) 10063.436568420992
Out:  (1214739, '(', 1.0) 10064.090080958995
Out:  (1214761, 'A_blk2', 1.0) 10064.220891479985
Out:  (1214806, 'table', 1.0) 10064.535033914988
Out:  (1214851, 'true', 1.0) 10064.851752958988
Out:  (1214879, ')', 1.0) 10065.042401164974
Out:  (1215256, '+-->', 1.0) 10067.985204680997
Out:  (1217113, 'move_arm_and_grasp', 1.0) 10084.03663911199
Out:  (1217219, '(', 1.0) 10084.690221466997
Out:  (1217241, 'right_gripper', 1.0) 10084.822865426977
Out:  (1217286, 'A_blk2', 1.0) 10085.139336380991
Out:  (1217314, ')', 1.0) 10085.32847436698
Out:  (1218436, 'put_down_grasped_object', 1.0) 10094.653198607994
Out:  (1218542, '(', 1.0) 10095.298862315976
Out:  (1218564, 'right_gripper', 1.0) 10095.429668004974
Out:  (1218609, 'table', 1.0) 10095.745071939979
Out:  (1218654, 'true', 1.0) 10096.060068197985
Out:  (1218682, ')', 1.0) 10096.25586078898
Out:  (1219059, '+-->', 1.0) 10099.198362604977
Out:  (1220916, 'move_grasped_object', 1.0) 10115.270541695994
Out:  (1221022, '(', 1.0) 10115.922869265982
Out:  (1221044, 'right_gripper', 1.0) 10116.052678891981
Out:  (1221089, 'table', 1.0) 10116.369057772972
Out:  (1221134, 'true', 1.0) 10116.683964213997
Out:  (1221162, ')', 1.0) 10116.87345405799
Out:  (1222284, 'release', 1.0) 10126.216628928
Out:  (1222390, '(', 1.0) 10126.872031642997
Out:  (1222412, 'right_gripper', 1.0) 10127.005357433984
Out:  (1222440, ')', 1.0) 10127.198452172976
Out:  (1222846, '+--<', 1.0) 10130.301822871988
Out:  (1223064, '+--<', 1.0) 10132.122023058997
Out:  (1224017, 'move_object', 1.0) 10140.266649549972
Out:  (1224123, '(', 1.0) 10140.91876924198
Out:  (1224145, 'M_blk6', 1.0) 10141.049815723993
Out:  (1224190, 'A_blk2', 1.0) 10141.368357002997
Out:  (1224235, 'true', 1.0) 10141.684054282
Out:  (1224263, ')', 1.0) 10141.874670740974
Out:  (1224640, '+-->', 1.0) 10144.830935306993
Out:  (1226497, 'move_arm_and_grasp', 1.0) 10160.922375894996
Out:  (1226603, '(', 1.0) 10161.575526637986
Out:  (1226625, 'right_gripper', 1.0) 10161.705886099982
Out:  (1226670, 'M_blk6', 1.0) 10162.01550366098
Out:  (1226698, ')', 1.0) 10162.204305755993
Out:  (1227820, 'put_down_grasped_object', 1.0) 10171.51733331199
Out:  (1227926, '(', 1.0) 10172.169565016986
Out:  (1227948, 'right_gripper', 1.0) 10172.301316838973
Out:  (1227993, 'A_blk2', 1.0) 10172.614993664989
Out:  (1228038, 'true', 1.0) 10172.931692823971
Out:  (1228066, ')', 1.0) 10173.124231404974
Out:  (1228443, '+-->', 1.0) 10176.065068770986
Out:  (1230300, 'move_grasped_object', 1.0) 10192.120658633998
Out:  (1230406, '(', 1.0) 10192.774799205974
Out:  (1230428, 'right_gripper', 1.0) 10192.906279967981
Out:  (1230473, 'A_blk2', 1.0) 10193.223137472989
Out:  (1230518, 'true', 1.0) 10193.536699979973
Out:  (1230546, ')', 1.0) 10193.728335616994
Out:  (1231668, 'release', 1.0) 10203.034771177976
Out:  (1231774, '(', 1.0) 10203.687204318994
Out:  (1231796, 'right_gripper', 1.0) 10203.818256222992
Out:  (1231824, ')', 1.0) 10204.008939091
Out:  (1232230, '+--<', 1.0) 10207.118818109971
Out:  (1232448, '+--<', 1.0) 10208.951753690984
Out:  (1233401, 'move_object', 1.0) 10217.160794646974
Out:  (1233507, '(', 1.0) 10217.816628280998
Out:  (1233529, 'U_blk4', 1.0) 10217.948729898984
Out:  (1233574, 'M_blk6', 1.0) 10218.265061532991
Out:  (1233619, 'false', 1.0) 10218.582463406987
Out:  (1233647, ')', 1.0) 10218.773059228988
Out:  (1234024, '+-->', 1.0) 10221.71811119598
Out:  (1235881, 'move_arm_and_grasp', 1.0) 10237.838124309987
Out:  (1235987, '(', 1.0) 10238.495863059972
Out:  (1236009, 'right_gripper', 1.0) 10238.628386703
Out:  (1236054, 'U_blk4', 1.0) 10238.946206328983
Out:  (1236082, ')', 1.0) 10239.137919217988
Out:  (1237204, 'put_down_grasped_object', 1.0) 10248.457237588998
Out:  (1237310, '(', 1.0) 10249.108963590988
Out:  (1237332, 'right_gripper', 1.0) 10249.244285226974
Out:  (1237377, 'M_blk6', 1.0) 10249.556861480989
Out:  (1237422, 'false', 1.0) 10249.872653067985
Out:  (1237450, ')', 1.0) 10250.066107850987
Out:  (1237827, '+-->', 1.0) 10253.004882765992
Out:  (1239684, 'move_grasped_object', 1.0) 10269.091673149
Out:  (1239790, '(', 1.0) 10269.751968748984
Out:  (1239812, 'right_gripper', 1.0) 10269.88371646899
Out:  (1239857, 'M_blk6', 1.0) 10270.201252406987
Out:  (1239902, 'false', 1.0) 10270.514702706976
Out:  (1239930, ')', 1.0) 10270.706934381975
Out:  (1241052, 'release', 1.0) 10280.030852599972
Out:  (1241158, '(', 1.0) 10280.676862427994
Out:  (1241180, 'right_gripper', 1.0) 10280.80908776098
Out:  (1241208, ')', 1.0) 10280.998277345992
Out:  (1241614, '+--<', 1.0) 10284.095814717992
Out:  (1241832, '+--<', 1.0) 10285.937090906984
Out:  (1242785, 'move_object', 1.0) 10294.141861224984
Out:  (1242891, '(', 1.0) 10294.794398726983
Out:  (1242913, 'U_blk5', 1.0) 10294.925671792997
Out:  (1242958, 'U_blk4', 1.0) 10295.239980495971
Out:  (1243003, 'false', 1.0) 10295.550865461992
Out:  (1243031, ')', 1.0) 10295.74219364798
Out:  (1243408, '+-->', 1.0) 10298.662377982982
Out:  (1245265, 'move_arm_and_grasp', 1.0) 10314.636932722991
Out:  (1245371, '(', 1.0) 10315.285029687977
Out:  (1245393, 'right_gripper', 1.0) 10315.414146065974
Out:  (1245438, 'U_blk5', 1.0) 10315.724370722979
Out:  (1245466, ')', 1.0) 10315.913076081983
Out:  (1246588, 'put_down_grasped_object', 1.0) 10325.17499097099
Out:  (1246694, '(', 1.0) 10325.825756605976
Out:  (1246716, 'right_gripper', 1.0) 10325.954548868991
Out:  (1246761, 'U_blk4', 1.0) 10326.269006191986
Out:  (1246806, 'false', 1.0) 10326.582836722984
Out:  (1246834, ')', 1.0) 10326.773837999994
Out:  (1247211, '+-->', 1.0) 10329.697670553986
Out:  (1249068, 'move_grasped_object', 1.0) 10345.682341954991
Out:  (1249174, '(', 1.0) 10346.335825747985
Out:  (1249196, 'right_gripper', 1.0) 10346.466563457972
Out:  (1249241, 'U_blk4', 1.0) 10346.781108859985
Out:  (1249286, 'false', 1.0) 10347.094554137992
Out:  (1249314, ')', 1.0) 10347.28566125498
Out:  (1250436, 'release', 1.0) 10356.557599435997
Out:  (1250542, '(', 1.0) 10357.206331090973
Out:  (1250564, 'right_gripper', 1.0) 10357.337648318993
Out:  (1250592, ')', 1.0) 10357.528595751995
Out:  (1250998, '+--<', 1.0) 10360.61492283098
Out:  (1251216, '+--<', 1.0) 10362.446277799987
Out:  (1251555, 'done', 1.0) 10365.046798826981
output:
(84076, '~~~~~~~~~~~~~~~~~~~~~~~~~~~~~~~~~~~~~~~~~~~~~~~', 1.0)
(89521, '=====-PROCESS_ACTION-=====', 1.0)
(89684, 'move_arm_and_grasp', 1.0)
(128215, '~~~~~~~~~~~~~~~~~~~~~~~~~~~~~~~~~~~~~~~~~~~~~~~', 1.0)
(133660, '=====-PROCESS_ACTION-=====', 1.0)
(133823, 'move_grasped_object', 1.0)
(160502, '~~~~~~~~~~~~~~~~~~~~~~~~~~~~~~~~~~~~~~~~~~~~~~~', 1.0)
(165947, '=====-PROCESS_ACTION-=====', 1.0)
(166110, 'release', 1.0)
(180662, '=====-PROCESS_ACTION-=====', 1.0)
(180825, 'put_down_grasped_object', 1.0)
(198434, '=====-PROCESS_ACTION-=====', 1.0)
(198597, 'move_object', 1.0)
(219973, '~~~~~~~~~~~~~~~~~~~~~~~~~~~~~~~~~~~~~~~~~~~~~~~', 1.0)
(225418, '=====-PROCESS_ACTION-=====', 1.0)
(225581, 'move_arm_and_grasp', 1.0)
(264190, '~~~~~~~~~~~~~~~~~~~~~~~~~~~~~~~~~~~~~~~~~~~~~~~', 1.0)
(269635, '=====-PROCESS_ACTION-=====', 1.0)
(269798, 'move_grasped_object', 1.0)
(296529, '~~~~~~~~~~~~~~~~~~~~~~~~~~~~~~~~~~~~~~~~~~~~~~~', 1.0)
(301974, '=====-PROCESS_ACTION-=====', 1.0)
(302137, 'release', 1.0)
(316735, '=====-PROCESS_ACTION-=====', 1.0)
(316898, 'put_down_grasped_object', 1.0)
(334712, '=====-PROCESS_ACTION-=====', 1.0)
(334875, 'move_object', 1.0)
(356277, '~~~~~~~~~~~~~~~~~~~~~~~~~~~~~~~~~~~~~~~~~~~~~~~', 1.0)
(361722, '=====-PROCESS_ACTION-=====', 1.0)
(361885, 'move_arm_and_grasp', 1.0)
(400572, '~~~~~~~~~~~~~~~~~~~~~~~~~~~~~~~~~~~~~~~~~~~~~~~', 1.0)
(406017, '=====-PROCESS_ACTION-=====', 1.0)
(406180, 'move_grasped_object', 1.0)
(432963, '~~~~~~~~~~~~~~~~~~~~~~~~~~~~~~~~~~~~~~~~~~~~~~~', 1.0)
(438408, '=====-PROCESS_ACTION-=====', 1.0)
(438571, 'release', 1.0)
(453215, '=====-PROCESS_ACTION-=====', 1.0)
(453378, 'put_down_grasped_object', 1.0)
(471238, '=====-PROCESS_ACTION-=====', 1.0)
(471401, 'move_object', 1.0)
(492829, '~~~~~~~~~~~~~~~~~~~~~~~~~~~~~~~~~~~~~~~~~~~~~~~', 1.0)
(498274, '=====-PROCESS_ACTION-=====', 1.0)
(498437, 'move_arm_and_grasp', 1.0)
(537202, '~~~~~~~~~~~~~~~~~~~~~~~~~~~~~~~~~~~~~~~~~~~~~~~', 1.0)
(542647, '=====-PROCESS_ACTION-=====', 1.0)
(542810, 'move_grasped_object', 1.0)
(569645, '~~~~~~~~~~~~~~~~~~~~~~~~~~~~~~~~~~~~~~~~~~~~~~~', 1.0)
(575090, '=====-PROCESS_ACTION-=====', 1.0)
(575253, 'release', 1.0)
(589943, '=====-PROCESS_ACTION-=====', 1.0)
(590106, 'put_down_grasped_object', 1.0)
(608012, '=====-PROCESS_ACTION-=====', 1.0)
(608175, 'move_object', 1.0)
(629629, '~~~~~~~~~~~~~~~~~~~~~~~~~~~~~~~~~~~~~~~~~~~~~~~', 1.0)
(635074, '=====-PROCESS_ACTION-=====', 1.0)
(635237, 'move_arm_and_grasp', 1.0)
(674080, '~~~~~~~~~~~~~~~~~~~~~~~~~~~~~~~~~~~~~~~~~~~~~~~', 1.0)
(679525, '=====-PROCESS_ACTION-=====', 1.0)
(679688, 'move_grasped_object', 1.0)
(706575, '~~~~~~~~~~~~~~~~~~~~~~~~~~~~~~~~~~~~~~~~~~~~~~~', 1.0)
(712020, '=====-PROCESS_ACTION-=====', 1.0)
(712183, 'release', 1.0)
(726919, '=====-PROCESS_ACTION-=====', 1.0)
(727082, 'put_down_grasped_object', 1.0)
(745034, '=====-PROCESS_ACTION-=====', 1.0)
(745197, 'move_object', 1.0)
(766677, '~~~~~~~~~~~~~~~~~~~~~~~~~~~~~~~~~~~~~~~~~~~~~~~', 1.0)
(772122, '=====-PROCESS_ACTION-=====', 1.0)
(772285, 'move_arm_and_grasp', 1.0)
(811206, '~~~~~~~~~~~~~~~~~~~~~~~~~~~~~~~~~~~~~~~~~~~~~~~', 1.0)
(816651, '=====-PROCESS_ACTION-=====', 1.0)
(816814, 'move_grasped_object', 1.0)
(843753, '~~~~~~~~~~~~~~~~~~~~~~~~~~~~~~~~~~~~~~~~~~~~~~~', 1.0)
(849198, '=====-PROCESS_ACTION-=====', 1.0)
(849361, 'release', 1.0)
(864143, '=====-PROCESS_ACTION-=====', 1.0)
(864306, 'put_down_grasped_object', 1.0)
(882304, '=====-PROCESS_ACTION-=====', 1.0)
(882467, 'move_object', 1.0)
(903973, '~~~~~~~~~~~~~~~~~~~~~~~~~~~~~~~~~~~~~~~~~~~~~~~', 1.0)
(909418, '=====-PROCESS_ACTION-=====', 1.0)
(909581, 'move_arm_and_grasp', 1.0)
(948580, '~~~~~~~~~~~~~~~~~~~~~~~~~~~~~~~~~~~~~~~~~~~~~~~', 1.0)
(954025, '=====-PROCESS_ACTION-=====', 1.0)
(954188, 'move_grasped_object', 1.0)
(981179, '~~~~~~~~~~~~~~~~~~~~~~~~~~~~~~~~~~~~~~~~~~~~~~~', 1.0)
(986624, '=====-PROCESS_ACTION-=====', 1.0)
(986787, 'release', 1.0)
(1001615, '=====-PROCESS_ACTION-=====', 1.0)
(1001778, 'put_down_grasped_object', 1.0)
(1019822, '=====-PROCESS_ACTION-=====', 1.0)
(1019985, 'move_object', 1.0)
(1041517, '~~~~~~~~~~~~~~~~~~~~~~~~~~~~~~~~~~~~~~~~~~~~~~~', 1.0)
(1046962, '=====-PROCESS_ACTION-=====', 1.0)
(1047125, 'move_arm_and_grasp', 1.0)
(1086202, '~~~~~~~~~~~~~~~~~~~~~~~~~~~~~~~~~~~~~~~~~~~~~~~', 1.0)
(1091647, '=====-PROCESS_ACTION-=====', 1.0)
(1091810, 'move_grasped_object', 1.0)
(1114974, '~~~~~~~~~~~~~~~~~~~~~~~~~~~~~~~~~~~~~~~~~~~~~~~', 1.0)
(1120419, '=====-PROCESS_ACTION-=====', 1.0)
(1120582, 'release', 1.0)
(1135456, '=====-PROCESS_ACTION-=====', 1.0)
(1135619, 'put_down_grasped_object', 1.0)
(1153709, '=====-PROCESS_ACTION-=====', 1.0)
(1153872, 'move_object', 1.0)
(1167881, '___', 1.0)
(1168042, 'EXPLANATION', 1.0)
(1168203, '___', 1.0)
(1177097, 'move_object', 1.0)
(1177203, '(', 1.0)
(1177225, 'I_blk1', 1.0)
(1177270, 'table', 1.0)
(1177315, 'true', 1.0)
(1177343, ')', 1.0)
(1177720, '+-->', 1.0)
(1179577, 'move_arm_and_grasp', 1.0)
(1179683, '(', 1.0)
(1179705, 'right_gripper', 1.0)
(1179750, 'I_blk1', 1.0)
(1179778, ')', 1.0)
(1180900, 'put_down_grasped_object', 1.0)
(1181006, '(', 1.0)
(1181028, 'right_gripper', 1.0)
(1181073, 'table', 1.0)
(1181118, 'true', 1.0)
(1181146, ')', 1.0)
(1181523, '+-->', 1.0)
(1183380, 'move_grasped_object', 1.0)
(1183486, '(', 1.0)
(1183508, 'right_gripper', 1.0)
(1183553, 'table', 1.0)
(1183598, 'true', 1.0)
(1183626, ')', 1.0)
(1184748, 'release', 1.0)
(1184854, '(', 1.0)
(1184876, 'right_gripper', 1.0)
(1184904, ')', 1.0)
(1185310, '+--<', 1.0)
(1185528, '+--<', 1.0)
(1186481, 'move_object', 1.0)
(1186587, '(', 1.0)
(1186609, 'M_blk3', 1.0)
(1186654, 'I_blk1', 1.0)
(1186699, 'false', 1.0)
(1186727, ')', 1.0)
(1187104, '+-->', 1.0)
(1188961, 'move_arm_and_grasp', 1.0)
(1189067, '(', 1.0)
(1189089, 'right_gripper', 1.0)
(1189134, 'M_blk3', 1.0)
(1189162, ')', 1.0)
(1190284, 'put_down_grasped_object', 1.0)
(1190390, '(', 1.0)
(1190412, 'right_gripper', 1.0)
(1190457, 'I_blk1', 1.0)
(1190502, 'false', 1.0)
(1190530, ')', 1.0)
(1190907, '+-->', 1.0)
(1192764, 'move_grasped_object', 1.0)
(1192870, '(', 1.0)
(1192892, 'right_gripper', 1.0)
(1192937, 'I_blk1', 1.0)
(1192982, 'false', 1.0)
(1193010, ')', 1.0)
(1194132, 'release', 1.0)
(1194238, '(', 1.0)
(1194260, 'right_gripper', 1.0)
(1194288, ')', 1.0)
(1194694, '+--<', 1.0)
(1194912, '+--<', 1.0)
(1195865, 'move_object', 1.0)
(1195971, '(', 1.0)
(1195993, 'M_blk4', 1.0)
(1196038, 'M_blk3', 1.0)
(1196083, 'false', 1.0)
(1196111, ')', 1.0)
(1196488, '+-->', 1.0)
(1198345, 'move_arm_and_grasp', 1.0)
(1198451, '(', 1.0)
(1198473, 'right_gripper', 1.0)
(1198518, 'M_blk4', 1.0)
(1198546, ')', 1.0)
(1199668, 'put_down_grasped_object', 1.0)
(1199774, '(', 1.0)
(1199796, 'right_gripper', 1.0)
(1199841, 'M_blk3', 1.0)
(1199886, 'false', 1.0)
(1199914, ')', 1.0)
(1200291, '+-->', 1.0)
(1202148, 'move_grasped_object', 1.0)
(1202254, '(', 1.0)
(1202276, 'right_gripper', 1.0)
(1202321, 'M_blk3', 1.0)
(1202366, 'false', 1.0)
(1202394, ')', 1.0)
(1203516, 'release', 1.0)
(1203622, '(', 1.0)
(1203644, 'right_gripper', 1.0)
(1203672, ')', 1.0)
(1204078, '+--<', 1.0)
(1204296, '+--<', 1.0)
(1205249, 'move_object', 1.0)
(1205355, '(', 1.0)
(1205377, 'I_blk2', 1.0)
(1205422, 'M_blk4', 1.0)
(1205467, 'false', 1.0)
(1205495, ')', 1.0)
(1205872, '+-->', 1.0)
(1207729, 'move_arm_and_grasp', 1.0)
(1207835, '(', 1.0)
(1207857, 'right_gripper', 1.0)
(1207902, 'I_blk2', 1.0)
(1207930, ')', 1.0)
(1209052, 'put_down_grasped_object', 1.0)
(1209158, '(', 1.0)
(1209180, 'right_gripper', 1.0)
(1209225, 'M_blk4', 1.0)
(1209270, 'false', 1.0)
(1209298, ')', 1.0)
(1209675, '+-->', 1.0)
(1211532, 'move_grasped_object', 1.0)
(1211638, '(', 1.0)
(1211660, 'right_gripper', 1.0)
(1211705, 'M_blk4', 1.0)
(1211750, 'false', 1.0)
(1211778, ')', 1.0)
(1212900, 'release', 1.0)
(1213006, '(', 1.0)
(1213028, 'right_gripper', 1.0)
(1213056, ')', 1.0)
(1213462, '+--<', 1.0)
(1213680, '+--<', 1.0)
(1214633, 'move_object', 1.0)
(1214739, '(', 1.0)
(1214761, 'A_blk2', 1.0)
(1214806, 'table', 1.0)
(1214851, 'true', 1.0)
(1214879, ')', 1.0)
(1215256, '+-->', 1.0)
(1217113, 'move_arm_and_grasp', 1.0)
(1217219, '(', 1.0)
(1217241, 'right_gripper', 1.0)
(1217286, 'A_blk2', 1.0)
(1217314, ')', 1.0)
(1218436, 'put_down_grasped_object', 1.0)
(1218542, '(', 1.0)
(1218564, 'right_gripper', 1.0)
(1218609, 'table', 1.0)
(1218654, 'true', 1.0)
(1218682, ')', 1.0)
(1219059, '+-->', 1.0)
(1220916, 'move_grasped_object', 1.0)
(1221022, '(', 1.0)
(1221044, 'right_gripper', 1.0)
(1221089, 'table', 1.0)
(1221134, 'true', 1.0)
(1221162, ')', 1.0)
(1222284, 'release', 1.0)
(1222390, '(', 1.0)
(1222412, 'right_gripper', 1.0)
(1222440, ')', 1.0)
(1222846, '+--<', 1.0)
(1223064, '+--<', 1.0)
(1224017, 'move_object', 1.0)
(1224123, '(', 1.0)
(1224145, 'M_blk6', 1.0)
(1224190, 'A_blk2', 1.0)
(1224235, 'true', 1.0)
(1224263, ')', 1.0)
(1224640, '+-->', 1.0)
(1226497, 'move_arm_and_grasp', 1.0)
(1226603, '(', 1.0)
(1226625, 'right_gripper', 1.0)
(1226670, 'M_blk6', 1.0)
(1226698, ')', 1.0)
(1227820, 'put_down_grasped_object', 1.0)
(1227926, '(', 1.0)
(1227948, 'right_gripper', 1.0)
(1227993, 'A_blk2', 1.0)
(1228038, 'true', 1.0)
(1228066, ')', 1.0)
(1228443, '+-->', 1.0)
(1230300, 'move_grasped_object', 1.0)
(1230406, '(', 1.0)
(1230428, 'right_gripper', 1.0)
(1230473, 'A_blk2', 1.0)
(1230518, 'true', 1.0)
(1230546, ')', 1.0)
(1231668, 'release', 1.0)
(1231774, '(', 1.0)
(1231796, 'right_gripper', 1.0)
(1231824, ')', 1.0)
(1232230, '+--<', 1.0)
(1232448, '+--<', 1.0)
(1233401, 'move_object', 1.0)
(1233507, '(', 1.0)
(1233529, 'U_blk4', 1.0)
(1233574, 'M_blk6', 1.0)
(1233619, 'false', 1.0)
(1233647, ')', 1.0)
(1234024, '+-->', 1.0)
(1235881, 'move_arm_and_grasp', 1.0)
(1235987, '(', 1.0)
(1236009, 'right_gripper', 1.0)
(1236054, 'U_blk4', 1.0)
(1236082, ')', 1.0)
(1237204, 'put_down_grasped_object', 1.0)
(1237310, '(', 1.0)
(1237332, 'right_gripper', 1.0)
(1237377, 'M_blk6', 1.0)
(1237422, 'false', 1.0)
(1237450, ')', 1.0)
(1237827, '+-->', 1.0)
(1239684, 'move_grasped_object', 1.0)
(1239790, '(', 1.0)
(1239812, 'right_gripper', 1.0)
(1239857, 'M_blk6', 1.0)
(1239902, 'false', 1.0)
(1239930, ')', 1.0)
(1241052, 'release', 1.0)
(1241158, '(', 1.0)
(1241180, 'right_gripper', 1.0)
(1241208, ')', 1.0)
(1241614, '+--<', 1.0)
(1241832, '+--<', 1.0)
(1242785, 'move_object', 1.0)
(1242891, '(', 1.0)
(1242913, 'U_blk5', 1.0)
(1242958, 'U_blk4', 1.0)
(1243003, 'false', 1.0)
(1243031, ')', 1.0)
(1243408, '+-->', 1.0)
(1245265, 'move_arm_and_grasp', 1.0)
(1245371, '(', 1.0)
(1245393, 'right_gripper', 1.0)
(1245438, 'U_blk5', 1.0)
(1245466, ')', 1.0)
(1246588, 'put_down_grasped_object', 1.0)
(1246694, '(', 1.0)
(1246716, 'right_gripper', 1.0)
(1246761, 'U_blk4', 1.0)
(1246806, 'false', 1.0)
(1246834, ')', 1.0)
(1247211, '+-->', 1.0)
(1249068, 'move_grasped_object', 1.0)
(1249174, '(', 1.0)
(1249196, 'right_gripper', 1.0)
(1249241, 'U_blk4', 1.0)
(1249286, 'false', 1.0)
(1249314, ')', 1.0)
(1250436, 'release', 1.0)
(1250542, '(', 1.0)
(1250564, 'right_gripper', 1.0)
(1250592, ')', 1.0)
(1250998, '+--<', 1.0)
(1251216, '+--<', 1.0)
(1251555, 'done', 1.0)

learned:
            mem             mem          hetero   |   online:     0 /     0 |  flashed:  1601 /  1601 |  activ_count:  76791
        mem_ctx             mem          hetero   |   online:     0 /     0 |  flashed:   925 /   925 |  activ_count:  53082
            mem             mem            auto   |   online:     0 /     0 |  flashed:   925 /   925 |  activ_count:  102399
            lex             mem          hetero   |   online:     0 /     0 |  flashed:   925 /   925 |  activ_count:  76092
             gh              op          hetero   |   online:     0 /     0 |  flashed:   617 /   617 |  activ_count:  341468
             op              op          hetero   |   online:     0 /     0 |  flashed:   615 /   615 |  activ_count:  275762
            lex              op          hetero   |   online:     0 /     0 |  flashed:   300 /   300 |  activ_count:  115095
     data_stack      data_stack             fwd   |   online:     0 /     0 |  flashed:   128 /   128 |  activ_count:   7641
     data_stack      data_stack             bwd   |   online:     0 /     0 |  flashed:   128 /   128 |  activ_count:   7640
          stack           stack            auto   |   online:     0 /     0 |  flashed:   128 /   128 |  activ_count:  19574
          stack           stack             fwd   |   online:     0 /     0 |  flashed:   128 /   128 |  activ_count:  27427
          stack           stack             bwd   |   online:     0 /     0 |  flashed:   128 /   128 |  activ_count:  26896
        mem_ctx             lex          hetero   |   online:     0 /     0 |  flashed:   125 /   125 |  activ_count:  28489
            mem             lex          hetero   |   online:     0 /     0 |  flashed:   125 /   125 |  activ_count:   2193
       bind_ctx             lex          hetero   |   online:     0 /     0 |  flashed:   125 /   125 |  activ_count:  15098
             op             lex          hetero   |   online:     0 /     0 |  flashed:   101 /   146 |  activ_count:  65705
             gh              gh          hetero   |   online:     0 /     0 |  flashed:    96 /    96 |  activ_count:  843881
            lex             lex            auto   |   online:     0 /     0 |  flashed:    45 /    45 |  activ_count:  13363
      exc_stack       exc_stack             bwd   |   online:     0 /     0 |  flashed:    32 /    32 |  activ_count:    400
      exc_stack       exc_stack             fwd   |   online:     0 /     0 |  flashed:    32 /    32 |  activ_count:    400
      stack_ctx             lex          hetero   |   online:     0 /     0 |  flashed:    11 /    11 |  activ_count:  19574
           bind            bind          hetero   |   online:     0 /     0 |  flashed:     1 /     1 |  activ_count:   6103

Final activity states:
        mem_ctx :              main795  1.000000
            mem :                 done  1.000000
           bind :              def_env  1.000000
     data_stack :                    0  1.000000
      exc_stack :                    0  1.000000
             gh :                 halt  1.000000
             op :                 halt  1.000000
            lex :            progn_end  1.000000
          stack :                    0  1.000000
       bind_ctx :           source_hyp  1.000000
      stack_ctx :                 inst  1.000000

Gate history:
    bind_ctx       stash                         :         16                 0.0000   0.000000610059942119
  data_stack       stash                         :        400                 0.0003   0.000000807330725365
          gh       learn   exc_stack      hetero :          1                 0.0004   0.000389755005016923
       stack       stash                         :        400                 0.0007   0.000001831330591813
     mem_ctx       stash                         :        634                 0.0009   0.000001408198706245
         lex       stash                         :        927                 0.0017   0.000001807715138471
    bind_ctx       noise                         :         16                 0.0152   0.000947873191762483
        bind       stash                         :      38251                 0.0409   0.000001070311095473
  data_stack    activate   exc_stack      hetero :        183                 0.0467   0.000255270332926274
          gh    activate   exc_stack      hetero :        182                 0.0482   0.000264967428417979
          op       stash                         :      27827                 0.0505   0.000001816212411575
   exc_stack    activate   exc_stack         fwd :        400                 0.0584   0.000146034517965745
   exc_stack    activate   exc_stack         bwd :        400                 0.0625   0.000156244179597707
         mem       stash                         :      40117                 0.0703   0.000001752806389872
       stack     context   stack_ctx             :      19574                 0.0752   0.000003842996970063
          op    activate   exc_stack      hetero :        183                 0.0783   0.000427877453163449
       stack    activate   exc_stack      hetero :        183                 0.0911   0.000497701785863057
        bind     context    bind_ctx             :      27315                 0.1031   0.000003775043087259
  data_stack       learn   exc_stack      hetero :        400                 0.1159   0.000289638758185902
     mem_ctx       learn         lex      hetero :         16                 0.1368   0.008552226619940484
         mem       learn         lex      hetero :         16                 0.1394   0.008711589749509585
       stack       learn   exc_stack      hetero :        400                 0.1670   0.000417558494664263
    bind_ctx       learn         lex      hetero :         16                 0.1714   0.010710179622037685
          op       learn   exc_stack      hetero :        400                 0.2374   0.000593578431289643
          gh    activate         mem      hetero :        216                 0.4396   0.002035379273567944
     mem_ctx       noise                         :        634                 0.6862   0.001082316129038710
          gh       learn         mem      hetero :        216                 0.7249   0.003355802480655257
         mem       noise                         :        634                 0.7556   0.001191756272433643
         mem     context     mem_ctx             :     192856                 1.0996   0.000005701845331982
        bind       noise                         :       1250                 1.2906   0.001032495804294012
   exc_stack       cycle                         :    1251612                 1.7387   0.000001389149519098
  data_stack       cycle                         :    1251612                 2.0079   0.000001604289112214
   stack_ctx       cycle                         :    1251612                 2.0705   0.000001654263872791
  data_stack    activate  data_stack         fwd :       7641                 2.2694   0.000297007364467551
    bind_ctx       cycle                         :    1251612                 2.4595   0.000001965096686912
          gh        bias       false             :      66263                 2.5732   0.000038833765782900
       stack       cycle                         :    1251612                 2.8098   0.000002244936575447
  data_stack    activate  data_stack         bwd :       7640                 2.9335   0.000383962925161779
         lex       cycle                         :    1251612                 5.8484   0.000004672662077107
         mem    activate  data_stack      hetero :      11591                 5.9446   0.000512859687979594
          op       cycle                         :    1251612                 6.2518   0.000004994963671160
          gh       cycle                         :    1251612                 6.4944   0.000005188814510983
         mem       learn  data_stack      hetero :      10443                 7.7194   0.000739189013255855
         mem    activate         lex      hetero :       2193                 8.0184   0.003656347075743623
         lex    activate         lex        auto :      13363                 9.1957   0.000688145074147965
          op    activate       stack      hetero :      26896                 9.3909   0.000349156766618581
     mem_ctx       cycle                         :    1251612                 9.5240   0.000007609425362369
       stack    activate       stack         bwd :      26896                10.7356   0.000399152958661884
       stack    activate       stack         fwd :      27427                11.1200   0.000405441125154057
         lex       learn         mem      hetero :        634                11.3327   0.017874955052946187
   stack_ctx    activate         lex      hetero :      19574                12.9173   0.000659919834664627
         mem    activate        bind      hetero :       6034                13.1729   0.002183104798218660
         mem       learn         mem      hetero :       1236                14.7705   0.011950215479179321
          go       cycle                         :    1251613                15.7291   0.000012567101489313
        bind       learn         mem      hetero :        301                15.9761   0.053076746674375209
        bind       learn        bind        auto :       2881                16.7494   0.005813745329755688
         mem       learn        bind      hetero :       2881                20.2397   0.007025248386763154
        bind    activate        bind        auto :      12217                22.9004   0.001874468311148933
          op       learn       stack      hetero :      27427                24.2715   0.000884949323849560
          gh    activate        bind      hetero :      18078                25.4624   0.001408475868118624
          gh       learn         lex      hetero :      47787                26.0030   0.000544144170755783
     mem_ctx       learn         mem      hetero :        634                27.9337   0.044059458319588025
       stack    converge                         :      19574                32.2292   0.001646531892955057
        bind    activate       stack      hetero :      23584                32.3132   0.001370130287065643
          gh    activate         lex      hetero :      47787                32.4436   0.000678920108348374
        bind       cycle                         :    1251612                33.9378   0.000027115247870212
         lex    activate          op      hetero :     115095                34.2758   0.000297804818241464
         mem    activate       stack      hetero :      29237                35.7962   0.001224344691997713
          op    activate         lex      hetero :      65705                38.7421   0.000589636386625320
        bind    activate         mem      hetero :       3175                49.7931   0.015682875956262013
         mem       learn         mem        auto :        634                50.6237   0.079848133891487455
          gh       learn        bind      hetero :      18320                54.0304   0.002949257459651689
    bind_ctx    activate         lex      hetero :      15098                55.1621   0.003653602513526155
        bind       learn        bind      hetero :       1297                57.9868   0.044708385773614530
         mem       cycle                         :    1251612                61.4133   0.000049067363320478
          op    activate          op      hetero :     275762                64.2752   0.000233082169428850
         mem       learn       stack      hetero :      24923                65.1287   0.002613196160322657
          gh    activate          op      hetero :     341468                81.3454   0.000238222727487531
        bind    activate        bind      hetero :       6103                83.4452   0.013672821342874101
     mem_ctx    activate         lex      hetero :      28489               100.7526   0.003536543339247337
        bind       learn       stack      hetero :      33772               122.8443   0.003637460832291360
          gh    activate          gh      hetero :     843881               179.6221   0.000212852393636553
          go    activate          gh      hetero :    1251613               205.5754   0.000164248358739212
         mem    activate         mem      hetero :      76791               297.6083   0.003875562504249150
         lex    activate         mem      hetero :      76092               331.9402   0.004362352898909113
     mem_ctx    activate         mem      hetero :      53082               805.7044   0.015178485455239506
         mem    converge                         :     102399              7045.5550   0.068804919726496008

Executed 1251612 timesteps in 10365.504484s

Ran test 'imitate' in 1251612 timesteps
Output:
~~~~~~~~~~~~~~~~~~~~~~~~~~~~~~~~~~~~~~~~~~~~~~~ =====-PROCESS_ACTION-===== move_arm_and_grasp ~~~~~~~~~~~~~~~~~~~~~~~~~~~~~~~~~~~~~~~~~~~~~~~ =====-PROCESS_ACTION-===== move_grasped_object ~~~~~~~~~~~~~~~~~~~~~~~~~~~~~~~~~~~~~~~~~~~~~~~ =====-PROCESS_ACTION-===== release =====-PROCESS_ACTION-===== put_down_grasped_object =====-PROCESS_ACTION-===== move_object ~~~~~~~~~~~~~~~~~~~~~~~~~~~~~~~~~~~~~~~~~~~~~~~ =====-PROCESS_ACTION-===== move_arm_and_grasp ~~~~~~~~~~~~~~~~~~~~~~~~~~~~~~~~~~~~~~~~~~~~~~~ =====-PROCESS_ACTION-===== move_grasped_object ~~~~~~~~~~~~~~~~~~~~~~~~~~~~~~~~~~~~~~~~~~~~~~~ =====-PROCESS_ACTION-===== release =====-PROCESS_ACTION-===== put_down_grasped_object =====-PROCESS_ACTION-===== move_object ~~~~~~~~~~~~~~~~~~~~~~~~~~~~~~~~~~~~~~~~~~~~~~~ =====-PROCESS_ACTION-===== move_arm_and_grasp ~~~~~~~~~~~~~~~~~~~~~~~~~~~~~~~~~~~~~~~~~~~~~~~ =====-PROCESS_ACTION-===== move_grasped_object ~~~~~~~~~~~~~~~~~~~~~~~~~~~~~~~~~~~~~~~~~~~~~~~ =====-PROCESS_ACTION-===== release =====-PROCESS_ACTION-===== put_down_grasped_object =====-PROCESS_ACTION-===== move_object ~~~~~~~~~~~~~~~~~~~~~~~~~~~~~~~~~~~~~~~~~~~~~~~ =====-PROCESS_ACTION-===== move_arm_and_grasp ~~~~~~~~~~~~~~~~~~~~~~~~~~~~~~~~~~~~~~~~~~~~~~~ =====-PROCESS_ACTION-===== move_grasped_object ~~~~~~~~~~~~~~~~~~~~~~~~~~~~~~~~~~~~~~~~~~~~~~~ =====-PROCESS_ACTION-===== release =====-PROCESS_ACTION-===== put_down_grasped_object =====-PROCESS_ACTION-===== move_object ~~~~~~~~~~~~~~~~~~~~~~~~~~~~~~~~~~~~~~~~~~~~~~~ =====-PROCESS_ACTION-===== move_arm_and_grasp ~~~~~~~~~~~~~~~~~~~~~~~~~~~~~~~~~~~~~~~~~~~~~~~ =====-PROCESS_ACTION-===== move_grasped_object ~~~~~~~~~~~~~~~~~~~~~~~~~~~~~~~~~~~~~~~~~~~~~~~ =====-PROCESS_ACTION-===== release =====-PROCESS_ACTION-===== put_down_grasped_object =====-PROCESS_ACTION-===== move_object ~~~~~~~~~~~~~~~~~~~~~~~~~~~~~~~~~~~~~~~~~~~~~~~ =====-PROCESS_ACTION-===== move_arm_and_grasp ~~~~~~~~~~~~~~~~~~~~~~~~~~~~~~~~~~~~~~~~~~~~~~~ =====-PROCESS_ACTION-===== move_grasped_object ~~~~~~~~~~~~~~~~~~~~~~~~~~~~~~~~~~~~~~~~~~~~~~~ =====-PROCESS_ACTION-===== release =====-PROCESS_ACTION-===== put_down_grasped_object =====-PROCESS_ACTION-===== move_object ~~~~~~~~~~~~~~~~~~~~~~~~~~~~~~~~~~~~~~~~~~~~~~~ =====-PROCESS_ACTION-===== move_arm_and_grasp ~~~~~~~~~~~~~~~~~~~~~~~~~~~~~~~~~~~~~~~~~~~~~~~ =====-PROCESS_ACTION-===== move_grasped_object ~~~~~~~~~~~~~~~~~~~~~~~~~~~~~~~~~~~~~~~~~~~~~~~ =====-PROCESS_ACTION-===== release =====-PROCESS_ACTION-===== put_down_grasped_object =====-PROCESS_ACTION-===== move_object ~~~~~~~~~~~~~~~~~~~~~~~~~~~~~~~~~~~~~~~~~~~~~~~ =====-PROCESS_ACTION-===== move_arm_and_grasp ~~~~~~~~~~~~~~~~~~~~~~~~~~~~~~~~~~~~~~~~~~~~~~~ =====-PROCESS_ACTION-===== move_grasped_object ~~~~~~~~~~~~~~~~~~~~~~~~~~~~~~~~~~~~~~~~~~~~~~~ =====-PROCESS_ACTION-===== release =====-PROCESS_ACTION-===== put_down_grasped_object =====-PROCESS_ACTION-===== move_object ___ EXPLANATION ___ move_object ( I_blk1 table true ) +--> move_arm_and_grasp ( right_gripper I_blk1 ) put_down_grasped_object ( right_gripper table true ) +--> move_grasped_object ( right_gripper table true ) release ( right_gripper ) +--< +--< move_object ( M_blk3 I_blk1 false ) +--> move_arm_and_grasp ( right_gripper M_blk3 ) put_down_grasped_object ( right_gripper I_blk1 false ) +--> move_grasped_object ( right_gripper I_blk1 false ) release ( right_gripper ) +--< +--< move_object ( M_blk4 M_blk3 false ) +--> move_arm_and_grasp ( right_gripper M_blk4 ) put_down_grasped_object ( right_gripper M_blk3 false ) +--> move_grasped_object ( right_gripper M_blk3 false ) release ( right_gripper ) +--< +--< move_object ( I_blk2 M_blk4 false ) +--> move_arm_and_grasp ( right_gripper I_blk2 ) put_down_grasped_object ( right_gripper M_blk4 false ) +--> move_grasped_object ( right_gripper M_blk4 false ) release ( right_gripper ) +--< +--< move_object ( A_blk2 table true ) +--> move_arm_and_grasp ( right_gripper A_blk2 ) put_down_grasped_object ( right_gripper table true ) +--> move_grasped_object ( right_gripper table true ) release ( right_gripper ) +--< +--< move_object ( M_blk6 A_blk2 true ) +--> move_arm_and_grasp ( right_gripper M_blk6 ) put_down_grasped_object ( right_gripper A_blk2 true ) +--> move_grasped_object ( right_gripper A_blk2 true ) release ( right_gripper ) +--< +--< move_object ( U_blk4 M_blk6 false ) +--> move_arm_and_grasp ( right_gripper U_blk4 ) put_down_grasped_object ( right_gripper M_blk6 false ) +--> move_grasped_object ( right_gripper M_blk6 false ) release ( right_gripper ) +--< +--< move_object ( U_blk5 U_blk4 false ) +--> move_arm_and_grasp ( right_gripper U_blk5 ) put_down_grasped_object ( right_gripper U_blk4 false ) +--> move_grasped_object ( right_gripper U_blk4 false ) release ( right_gripper ) +--< +--< done
