test:  imitate
args: 
           t : imitate
     kb_name : kb_il_streamlined
   demo_name : demo_replace_red_with_spare_1
     verbose : True
       debug : False
     emulate : False
   integrity : False
       check : False
       ortho : True
        draw : False
       decay : 1.0
      wasted : False

Name  N  W
------------------------------------------------------------
       mem      40000 4884800000   9.098649
------------------------------------------------------------
               ('stack', 'hetero')  0.152588 0
                   ('mem', 'auto')  2.980232 1
                 ('lex', 'hetero')  0.358820 0
          ('data_stack', 'hetero')  0.019073 0
                ('bind', 'hetero')  2.607703 0
                 ('mem', 'hetero')  2.980232 0

------------------------------------------------------------
     stack       2048   12713984   0.023682
------------------------------------------------------------
                  ('stack', 'bwd')  0.007812 0
           ('exc_stack', 'hetero')  0.000244 0
                  ('stack', 'fwd')  0.007812 0
                 ('stack', 'auto')  0.007812 0

------------------------------------------------------------
 exc_stack         64       8192   0.000015
------------------------------------------------------------
              ('exc_stack', 'bwd')  0.000008 0
              ('exc_stack', 'fwd')  0.000008 0

------------------------------------------------------------
   mem_ctx      40000 1792640000   3.339052   lam = 0.250000
------------------------------------------------------------
                 ('mem', 'hetero')  2.980232 1
                 ('lex', 'hetero')  0.358820 0

------------------------------------------------------------
        op       1234   10071908   0.018760
------------------------------------------------------------
           ('exc_stack', 'hetero')  0.000147 0
               ('stack', 'hetero')  0.004707 0
                  ('op', 'hetero')  0.002836 0
                 ('lex', 'hetero')  0.011070 0

------------------------------------------------------------
data_stack        256     147456   0.000275
------------------------------------------------------------
           ('exc_stack', 'hetero')  0.000031 0
             ('data_stack', 'bwd')  0.000122 0
             ('data_stack', 'fwd')  0.000122 0

------------------------------------------------------------
        gh        240   19524960   0.036368
------------------------------------------------------------
           ('exc_stack', 'hetero')  0.000029 0
                 ('mem', 'hetero')  0.017881 0
                ('bind', 'hetero')  0.015646 0
                 ('lex', 'hetero')  0.002153 0
                  ('gh', 'hetero')  0.000107 0
                  ('op', 'hetero')  0.000552 0

------------------------------------------------------------
       lex       4816  221776800   0.413091
------------------------------------------------------------
                 ('mem', 'hetero')  0.358820 0
                   ('lex', 'auto')  0.043202 0
                  ('op', 'hetero')  0.011070 0

------------------------------------------------------------
      bind      35000 3921680000   7.304698
------------------------------------------------------------
                 ('mem', 'hetero')  2.607703 1
               ('stack', 'hetero')  0.133514 0
                  ('bind', 'auto')  2.281740 0
                ('bind', 'hetero')  2.281740 1

------------------------------------------------------------
 stack_ctx       2048    9863168   0.018372   lam = 0.250000
------------------------------------------------------------
                 ('lex', 'hetero')  0.018372 0

------------------------------------------------------------
  bind_ctx      35000  168560000   0.313967   lam = 0.125000
------------------------------------------------------------
                 ('lex', 'hetero')  0.313967 0

Total:      160706 11041786468
Device allocation:
0:      5216786468     10433572936 (9.7170 GB)
1:      5825000000     11650000000 (10.8499 GB)

Flashing gates...
Flashing                   ('go', 'gh', 'hetero')        122
  --> 0.003307
Flashing mappings...
      bind       bind     hetero            1
 stack_ctx        lex     hetero            11
 exc_stack  exc_stack        fwd            32
 exc_stack  exc_stack        bwd            32
       lex        lex       auto            45
        gh         gh     hetero            96
       mem        lex     hetero            125
  bind_ctx        lex     hetero            125
   mem_ctx        lex     hetero            125
     stack      stack        fwd            128
     stack      stack        bwd            128
     stack      stack       auto            128
data_stack data_stack        fwd            128
data_stack data_stack        bwd            128
        op        lex     hetero            146
       lex         op     hetero            300
        op         op     hetero            615
        gh         op     hetero            617
   mem_ctx        mem     hetero            925
       mem        mem       auto            925
       lex        mem     hetero            925
       mem        mem     hetero    mem_ctx 1601
Flashing                   ('gh', 'gh', 'hetero')         96
  --> 0.006229
Flashing                   ('op', 'op', 'hetero')        615
  --> 0.651008
Flashing                  ('op', 'lex', 'hetero')        146
  --> 0.745336
Flashing                   ('gh', 'op', 'hetero')        617
  --> 0.376179
Flashing                  ('lex', 'op', 'hetero')        300
  --> 0.429368
Flashing                   ('lex', 'lex', 'auto')         45
  --> 0.268444
Flashing               ('bind', 'bind', 'hetero')          1
  --> 0.756043
Flashing             ('mem_ctx', 'mem', 'hetero')        925
  --> 235.377922
Flashing                 ('mem', 'mem', 'hetero')       1601
  --> 55.072980
Flashing                   ('mem', 'mem', 'auto')        925
  --> 242.486381
Flashing                 ('lex', 'mem', 'hetero')        925
  --> 44.098105
Flashing                 ('mem', 'lex', 'hetero')        125
  --> 1.967922
Flashing            ('bind_ctx', 'lex', 'hetero')        125
  --> 2.450391
Flashing             ('mem_ctx', 'lex', 'hetero')        125
  --> 1.943616
Flashing           ('stack_ctx', 'lex', 'hetero')         11
  --> 0.064797
Flashing                ('stack', 'stack', 'fwd')        128
  --> 0.279147
Flashing                ('stack', 'stack', 'bwd')        128
  --> 0.279601
Flashing               ('stack', 'stack', 'auto')        128
  --> 0.276684
Flashing      ('data_stack', 'data_stack', 'fwd')        128
  --> 0.007283
Flashing      ('data_stack', 'data_stack', 'bwd')        128
  --> 0.007281
Flashing        ('exc_stack', 'exc_stack', 'fwd')         32
  --> 0.001912
Flashing        ('exc_stack', 'exc_stack', 'bwd')         32
  --> 0.002018

... flashed in 593.318430s

Running network...
In:  (
In:  new
In:  Environment
In:  '
In:  NIL
In:  '
In:  (
In:  (
In:  left_gripper
In:  gripping
In:  none
In:  )
In:  (
In:  right_gripper
In:  gripping
In:  none
In:  )
In:  (
In:  dock-case
In:  identity
In:  DockCase
In:  )
In:  (
In:  dock-body
In:  identity
In:  DockDrawer
In:  )
In:  (
In:  dock-body_6_1
In:  identity
In:  DockSlot
In:  )
In:  (
In:  c2
In:  identity
In:  Cartridge
In:  )
In:  (
In:  dock-body_6_2
In:  identity
In:  DockSwitch
In:  )
In:  (
In:  c5
In:  identity
In:  Cartridge
In:  )
In:  (
In:  discard-bin
In:  identity
In:  Block
In:  )
In:  )
In:  )
In:  (
In:  (
In:  move_arm_and_grasp
In:  right_gripper
In:  dock-body
In:  )
In:  (
In:  right_gripper
In:  gripping
In:  dock-body
In:  )
In:  )
Out:  (73827, '~~~~~~~~~~~~~~~~~~~~~~~~~~~~~~~~~~~~~~~~~~~~~~~', 1.0) 703.1928046300018
Out:  (79272, '=====-PROCESS_ACTION-=====', 1.0) 754.7019611459982
Out:  (79435, 'move_arm_and_grasp', 1.0) 756.0269526680058
In:  (
In:  (
In:  move_grasped_object
In:  right_gripper
In:  dock-case
In:  true
In:  )
In:  )
Out:  (122739, '~~~~~~~~~~~~~~~~~~~~~~~~~~~~~~~~~~~~~~~~~~~~~~~', 1.0) 1162.1550129509997
Out:  (128184, '=====-PROCESS_ACTION-=====', 1.0) 1213.375691705005
Out:  (128347, 'move_grasped_object', 1.0) 1214.6688870970102
In:  (
In:  (
In:  release
In:  right_gripper
In:  )
In:  (
In:  right_gripper
In:  gripping
In:  none
In:  )
In:  )
Out:  (174855, '~~~~~~~~~~~~~~~~~~~~~~~~~~~~~~~~~~~~~~~~~~~~~~~', 1.0) 1642.9239052130142
Out:  (180300, '=====-PROCESS_ACTION-=====', 1.0) 1694.4081893740222
Out:  (180463, 'release', 1.0) 1695.7089996160066
Out:  (194624, '=====-PROCESS_ACTION-=====', 1.0) 1826.3763877080055
Out:  (194787, 'open_dock_drawer', 1.0) 1827.677273711015
In:  (
In:  (
In:  press_dock_toggle
In:  right_gripper
In:  dock-body_6_2
In:  2.0
In:  )
In:  )
Out:  (198274, '~~~~~~~~~~~~~~~~~~~~~~~~~~~~~~~~~~~~~~~~~~~~~~~', 1.0) 1857.6840597550035
Out:  (203719, '=====-PROCESS_ACTION-=====', 1.0) 1908.958322815015
Out:  (203882, 'press_dock_toggle', 1.0) 1910.2561877660046
In:  (
In:  (
In:  move_arm_and_grasp
In:  right_gripper
In:  c2
In:  )
In:  (
In:  right_gripper
In:  gripping
In:  c2
In:  )
In:  )
Out:  (213685, '~~~~~~~~~~~~~~~~~~~~~~~~~~~~~~~~~~~~~~~~~~~~~~~', 1.0) 1997.0449836290209
Out:  (219130, '=====-PROCESS_ACTION-=====', 1.0) 2048.2930355709977
Out:  (219293, 'move_arm_and_grasp', 1.0) 2049.6044457220123
In:  (
In:  (
In:  move_grasped_object
In:  right_gripper
In:  discard-bin
In:  true
In:  )
In:  )
Out:  (257902, '~~~~~~~~~~~~~~~~~~~~~~~~~~~~~~~~~~~~~~~~~~~~~~~', 1.0) 2408.824868538999
Out:  (263347, '=====-PROCESS_ACTION-=====', 1.0) 2460.111802963016
Out:  (263510, 'move_grasped_object', 1.0) 2461.402417941019
In:  (
In:  (
In:  release
In:  right_gripper
In:  )
In:  (
In:  right_gripper
In:  gripping
In:  none
In:  )
In:  )
Out:  (290241, '~~~~~~~~~~~~~~~~~~~~~~~~~~~~~~~~~~~~~~~~~~~~~~~', 1.0) 2707.1156818350137
Out:  (295686, '=====-PROCESS_ACTION-=====', 1.0) 2758.2714188860264
Out:  (295849, 'release', 1.0) 2759.559290466015
Out:  (310493, '=====-PROCESS_ACTION-=====', 1.0) 2893.8623356640164
Out:  (310656, 'put_down_grasped_object', 1.0) 2895.154635461018
Out:  (328516, '=====-PROCESS_ACTION-=====', 1.0) 3058.5743088870076
Out:  (328679, 'move_object', 1.0) 3059.867879688012
Out:  (347359, '=====-PROCESS_ACTION-=====', 1.0) 3232.895728461008
Out:  (347522, 'discard_object', 1.0) 3234.1926313150034
In:  (
In:  (
In:  move_arm_and_grasp
In:  right_gripper
In:  c5
In:  )
In:  (
In:  right_gripper
In:  gripping
In:  c5
In:  )
In:  )
Out:  (358435, '~~~~~~~~~~~~~~~~~~~~~~~~~~~~~~~~~~~~~~~~~~~~~~~', 1.0) 3330.8938634730002
Out:  (363880, '=====-PROCESS_ACTION-=====', 1.0) 3381.833182831004
Out:  (364043, 'move_arm_and_grasp', 1.0) 3383.1205479790224
In:  (
In:  (
In:  move_grasped_object
In:  right_gripper
In:  dock-body_6_1
In:  false
In:  )
In:  )
Out:  (402730, '~~~~~~~~~~~~~~~~~~~~~~~~~~~~~~~~~~~~~~~~~~~~~~~', 1.0) 3741.7348562480183
Out:  (408175, '=====-PROCESS_ACTION-=====', 1.0) 3792.7555711700115
Out:  (408338, 'move_grasped_object', 1.0) 3794.038873061014
In:  (
In:  (
In:  release
In:  right_gripper
In:  )
In:  (
In:  right_gripper
In:  gripping
In:  none
In:  )
In:  )
Out:  (435121, '~~~~~~~~~~~~~~~~~~~~~~~~~~~~~~~~~~~~~~~~~~~~~~~', 1.0) 4038.657384063001
Out:  (440566, '=====-PROCESS_ACTION-=====', 1.0) 4089.7103054920153
Out:  (440729, 'release', 1.0) 4090.9920142900082
Out:  (455419, '=====-PROCESS_ACTION-=====', 1.0) 4226.331624005019
Out:  (455582, 'put_down_grasped_object', 1.0) 4227.624335137021
Out:  (473488, '=====-PROCESS_ACTION-=====', 1.0) 4391.691286425019
Out:  (473651, 'move_object', 1.0) 4392.977546202019
In:  (
In:  (
In:  press_dock_toggle
In:  right_gripper
In:  dock-body_6_2
In:  1.0
In:  )
In:  )
Out:  (488566, '~~~~~~~~~~~~~~~~~~~~~~~~~~~~~~~~~~~~~~~~~~~~~~~', 1.0) 4529.051613117015
Out:  (494011, '=====-PROCESS_ACTION-=====', 1.0) 4580.1274934920075
Out:  (494174, 'press_dock_toggle', 1.0) 4581.414186105016
In:  (
In:  (
In:  move_arm_and_grasp
In:  right_gripper
In:  dock-body
In:  )
In:  (
In:  right_gripper
In:  gripping
In:  dock-body
In:  )
In:  )
Out:  (504029, '~~~~~~~~~~~~~~~~~~~~~~~~~~~~~~~~~~~~~~~~~~~~~~~', 1.0) 4668.096848407004
Out:  (509474, '=====-PROCESS_ACTION-=====', 1.0) 4719.160519992001
Out:  (509637, 'move_arm_and_grasp', 1.0) 4720.448798686004
In:  (
In:  (
In:  move_grasped_object
In:  right_gripper
In:  dock-case
In:  false
In:  )
In:  )
Out:  (553175, '~~~~~~~~~~~~~~~~~~~~~~~~~~~~~~~~~~~~~~~~~~~~~~~', 1.0) 5124.647290507011
Out:  (558620, '=====-PROCESS_ACTION-=====', 1.0) 5175.660475399025
Out:  (558783, 'move_grasped_object', 1.0) 5176.946309709019
In:  (
In:  (
In:  release
In:  right_gripper
In:  )
In:  (
In:  right_gripper
In:  gripping
In:  none
In:  )
In:  )
Out:  (605442, '~~~~~~~~~~~~~~~~~~~~~~~~~~~~~~~~~~~~~~~~~~~~~~~', 1.0) 5601.39094219901
Out:  (610887, '=====-PROCESS_ACTION-=====', 1.0) 5652.404495254013
Out:  (611050, 'release', 1.0) 5653.695542396017
Out:  (625600, '=====-PROCESS_ACTION-=====', 1.0) 5788.360598753003
Out:  (625763, 'close_dock_drawer', 1.0) 5789.651468101016
In:  NIL
Out:  (628341, '___', 1.0) 5813.118437026016
Out:  (628502, 'EXPLANATION', 1.0) 5814.723040957004
Out:  (628663, '___', 1.0) 5816.319865244004
Out:  (635733, 'open_dock_drawer', 1.0) 5885.225899119017
Out:  (635839, '(', 1.0) 5885.902260080009
Out:  (635861, 'dock-body', 1.0) 5886.043477636005
Out:  (635889, ')', 1.0) 5886.254087211011
Out:  (636266, '+-->', 1.0) 5889.477873775002
Out:  (638627, 'move_arm_and_grasp', 1.0) 5911.882735259016
Out:  (638733, '(', 1.0) 5912.569568858016
Out:  (638755, 'right_gripper', 1.0) 5912.713612886
Out:  (638800, 'dock-body', 1.0) 5913.057927784015
Out:  (638828, ')', 1.0) 5913.26724459001
Out:  (639950, 'move_grasped_object', 1.0) 5923.472865541
Out:  (640056, '(', 1.0) 5924.156102845009
Out:  (640078, 'right_gripper', 1.0) 5924.300762508006
Out:  (640123, 'dock-case', 1.0) 5924.650343362999
Out:  (640168, 'true', 1.0) 5924.993911802012
Out:  (640196, ')', 1.0) 5925.201856647007
Out:  (641318, 'release', 1.0) 5935.40964760902
Out:  (641424, '(', 1.0) 5936.09543013401
Out:  (641446, 'right_gripper', 1.0) 5936.239598117012
Out:  (641474, ')', 1.0) 5936.449730388005
Out:  (641880, '+--<', 1.0) 5939.85492034402
Out:  (642833, 'press_dock_toggle', 1.0) 5948.8389603730175
Out:  (642939, '(', 1.0) 5949.525991450006
Out:  (642961, 'right_gripper', 1.0) 5949.669211538014
Out:  (643006, 'dock-body_6_2', 1.0) 5950.012982696004
Out:  (643051, '2.0', 1.0) 5950.359490508999
Out:  (643079, ')', 1.0) 5950.571567863022
Out:  (644220, 'discard_object', 1.0) 5960.942885122
Out:  (644326, '(', 1.0) 5961.629339402018
Out:  (644348, 'c2', 1.0) 5961.774289355002
Out:  (644376, ')', 1.0) 5961.983291691024
Out:  (644753, '+-->', 1.0) 5965.211445118999
Out:  (646106, 'move_object', 1.0) 5978.098969226005
Out:  (646212, '(', 1.0) 5978.783376520005
Out:  (646234, 'c2', 1.0) 5978.926996196009
Out:  (646279, 'discard-bin', 1.0) 5979.2722961380205
Out:  (646324, 'true', 1.0) 5979.617214600003
Out:  (646352, ')', 1.0) 5979.827587239008
Out:  (646729, '+-->', 1.0) 5983.05793559202
Out:  (648586, 'move_arm_and_grasp', 1.0) 6000.704025912011
Out:  (648692, '(', 1.0) 6001.388411301014
Out:  (648714, 'right_gripper', 1.0) 6001.533468032023
Out:  (648759, 'c2', 1.0) 6001.880588518019
Out:  (648787, ')', 1.0) 6002.089873248013
Out:  (649909, 'put_down_grasped_object', 1.0) 6012.28786728502
Out:  (650015, '(', 1.0) 6012.976733171003
Out:  (650037, 'right_gripper', 1.0) 6013.121814257
Out:  (650082, 'discard-bin', 1.0) 6013.467645130004
Out:  (650127, 'true', 1.0) 6013.813690169016
Out:  (650155, ')', 1.0) 6014.023320170003
Out:  (650532, '+-->', 1.0) 6017.259799112013
Out:  (652389, 'move_grasped_object', 1.0) 6034.944886106998
Out:  (652495, '(', 1.0) 6035.6345869290235
Out:  (652517, 'right_gripper', 1.0) 6035.780327894026
Out:  (652562, 'discard-bin', 1.0) 6036.128514235024
Out:  (652607, 'true', 1.0) 6036.471847050998
Out:  (652635, ')', 1.0) 6036.678856695013
Out:  (653757, 'release', 1.0) 6046.906072578015
Out:  (653863, '(', 1.0) 6047.594328463019
Out:  (653885, 'right_gripper', 1.0) 6047.739441590005
Out:  (653913, ')', 1.0) 6047.949805171025
Out:  (654319, '+--<', 1.0) 6051.362541736016
Out:  (654537, '+--<', 1.0) 6053.38289969301
Out:  (654755, '+--<', 1.0) 6055.411521274014
Out:  (655708, 'move_object', 1.0) 6064.398570764024
Out:  (655814, '(', 1.0) 6065.08725365001
Out:  (655836, 'c5', 1.0) 6065.233112481015
Out:  (655881, 'dock-body_6_1', 1.0) 6065.578388771013
Out:  (655926, 'false', 1.0) 6065.925289900013
Out:  (655954, ')', 1.0) 6066.136211205012
Out:  (656331, '+-->', 1.0) 6069.385585429001
Out:  (658188, 'move_arm_and_grasp', 1.0) 6087.037749061012
Out:  (658294, '(', 1.0) 6087.7206704100245
Out:  (658316, 'right_gripper', 1.0) 6087.866451538022
Out:  (658361, 'c5', 1.0) 6088.208631285001
Out:  (658389, ')', 1.0) 6088.418021943013
Out:  (659511, 'put_down_grasped_object', 1.0) 6098.6407994850015
Out:  (659617, '(', 1.0) 6099.332183740014
Out:  (659639, 'right_gripper', 1.0) 6099.4760794070025
Out:  (659684, 'dock-body_6_1', 1.0) 6099.819645975018
Out:  (659729, 'false', 1.0) 6100.169091762014
Out:  (659757, ')', 1.0) 6100.377533614024
Out:  (660134, '+-->', 1.0) 6103.628294609021
Out:  (661991, 'move_grasped_object', 1.0) 6121.299913479015
Out:  (662097, '(', 1.0) 6121.985099909012
Out:  (662119, 'right_gripper', 1.0) 6122.130965572025
Out:  (662164, 'dock-body_6_1', 1.0) 6122.478754744021
Out:  (662209, 'false', 1.0) 6122.823901919008
Out:  (662237, ')', 1.0) 6123.033150449017
Out:  (663359, 'release', 1.0) 6133.28885313202
Out:  (663465, '(', 1.0) 6133.975203058013
Out:  (663487, 'right_gripper', 1.0) 6134.120092015015
Out:  (663515, ')', 1.0) 6134.330686272006
Out:  (663921, '+--<', 1.0) 6137.741187004023
Out:  (664139, '+--<', 1.0) 6139.765579306026
Out:  (665092, 'press_dock_toggle', 1.0) 6148.760557341011
Out:  (665198, '(', 1.0) 6149.45160059302
Out:  (665220, 'right_gripper', 1.0) 6149.596196545026
Out:  (665265, 'dock-body_6_2', 1.0) 6149.942715565005
Out:  (665310, '1.0', 1.0) 6150.2924909370195
Out:  (665338, ')', 1.0) 6150.505424727016
Out:  (666479, 'close_dock_drawer', 1.0) 6160.906989834009
Out:  (666585, '(', 1.0) 6161.594615423004
Out:  (666607, 'dock-body', 1.0) 6161.738598152006
Out:  (666635, ')', 1.0) 6161.948344596021
Out:  (667012, '+-->', 1.0) 6165.192080945009
Out:  (669373, 'move_arm_and_grasp', 1.0) 6187.636683944002
Out:  (669479, '(', 1.0) 6188.32893041402
Out:  (669501, 'right_gripper', 1.0) 6188.475375708018
Out:  (669546, 'dock-body', 1.0) 6188.823908860999
Out:  (669574, ')', 1.0) 6189.035983138019
Out:  (670696, 'move_grasped_object', 1.0) 6199.2830266790115
Out:  (670802, '(', 1.0) 6199.974988182017
Out:  (670824, 'right_gripper', 1.0) 6200.120115390018
Out:  (670869, 'dock-case', 1.0) 6200.466880945023
Out:  (670914, 'false', 1.0) 6200.816014080017
Out:  (670942, ')', 1.0) 6201.026227079012
Out:  (672064, 'release', 1.0) 6211.28378875702
Out:  (672170, '(', 1.0) 6211.968063119013
Out:  (672192, 'right_gripper', 1.0) 6212.109471974021
Out:  (672220, ')', 1.0) 6212.319963646005
Out:  (672626, '+--<', 1.0) 6215.7382051550085
Out:  (672965, 'done', 1.0) 6218.613242554013
output:
(73827, '~~~~~~~~~~~~~~~~~~~~~~~~~~~~~~~~~~~~~~~~~~~~~~~', 1.0)
(79272, '=====-PROCESS_ACTION-=====', 1.0)
(79435, 'move_arm_and_grasp', 1.0)
(122739, '~~~~~~~~~~~~~~~~~~~~~~~~~~~~~~~~~~~~~~~~~~~~~~~', 1.0)
(128184, '=====-PROCESS_ACTION-=====', 1.0)
(128347, 'move_grasped_object', 1.0)
(174855, '~~~~~~~~~~~~~~~~~~~~~~~~~~~~~~~~~~~~~~~~~~~~~~~', 1.0)
(180300, '=====-PROCESS_ACTION-=====', 1.0)
(180463, 'release', 1.0)
(194624, '=====-PROCESS_ACTION-=====', 1.0)
(194787, 'open_dock_drawer', 1.0)
(198274, '~~~~~~~~~~~~~~~~~~~~~~~~~~~~~~~~~~~~~~~~~~~~~~~', 1.0)
(203719, '=====-PROCESS_ACTION-=====', 1.0)
(203882, 'press_dock_toggle', 1.0)
(213685, '~~~~~~~~~~~~~~~~~~~~~~~~~~~~~~~~~~~~~~~~~~~~~~~', 1.0)
(219130, '=====-PROCESS_ACTION-=====', 1.0)
(219293, 'move_arm_and_grasp', 1.0)
(257902, '~~~~~~~~~~~~~~~~~~~~~~~~~~~~~~~~~~~~~~~~~~~~~~~', 1.0)
(263347, '=====-PROCESS_ACTION-=====', 1.0)
(263510, 'move_grasped_object', 1.0)
(290241, '~~~~~~~~~~~~~~~~~~~~~~~~~~~~~~~~~~~~~~~~~~~~~~~', 1.0)
(295686, '=====-PROCESS_ACTION-=====', 1.0)
(295849, 'release', 1.0)
(310493, '=====-PROCESS_ACTION-=====', 1.0)
(310656, 'put_down_grasped_object', 1.0)
(328516, '=====-PROCESS_ACTION-=====', 1.0)
(328679, 'move_object', 1.0)
(347359, '=====-PROCESS_ACTION-=====', 1.0)
(347522, 'discard_object', 1.0)
(358435, '~~~~~~~~~~~~~~~~~~~~~~~~~~~~~~~~~~~~~~~~~~~~~~~', 1.0)
(363880, '=====-PROCESS_ACTION-=====', 1.0)
(364043, 'move_arm_and_grasp', 1.0)
(402730, '~~~~~~~~~~~~~~~~~~~~~~~~~~~~~~~~~~~~~~~~~~~~~~~', 1.0)
(408175, '=====-PROCESS_ACTION-=====', 1.0)
(408338, 'move_grasped_object', 1.0)
(435121, '~~~~~~~~~~~~~~~~~~~~~~~~~~~~~~~~~~~~~~~~~~~~~~~', 1.0)
(440566, '=====-PROCESS_ACTION-=====', 1.0)
(440729, 'release', 1.0)
(455419, '=====-PROCESS_ACTION-=====', 1.0)
(455582, 'put_down_grasped_object', 1.0)
(473488, '=====-PROCESS_ACTION-=====', 1.0)
(473651, 'move_object', 1.0)
(488566, '~~~~~~~~~~~~~~~~~~~~~~~~~~~~~~~~~~~~~~~~~~~~~~~', 1.0)
(494011, '=====-PROCESS_ACTION-=====', 1.0)
(494174, 'press_dock_toggle', 1.0)
(504029, '~~~~~~~~~~~~~~~~~~~~~~~~~~~~~~~~~~~~~~~~~~~~~~~', 1.0)
(509474, '=====-PROCESS_ACTION-=====', 1.0)
(509637, 'move_arm_and_grasp', 1.0)
(553175, '~~~~~~~~~~~~~~~~~~~~~~~~~~~~~~~~~~~~~~~~~~~~~~~', 1.0)
(558620, '=====-PROCESS_ACTION-=====', 1.0)
(558783, 'move_grasped_object', 1.0)
(605442, '~~~~~~~~~~~~~~~~~~~~~~~~~~~~~~~~~~~~~~~~~~~~~~~', 1.0)
(610887, '=====-PROCESS_ACTION-=====', 1.0)
(611050, 'release', 1.0)
(625600, '=====-PROCESS_ACTION-=====', 1.0)
(625763, 'close_dock_drawer', 1.0)
(628341, '___', 1.0)
(628502, 'EXPLANATION', 1.0)
(628663, '___', 1.0)
(635733, 'open_dock_drawer', 1.0)
(635839, '(', 1.0)
(635861, 'dock-body', 1.0)
(635889, ')', 1.0)
(636266, '+-->', 1.0)
(638627, 'move_arm_and_grasp', 1.0)
(638733, '(', 1.0)
(638755, 'right_gripper', 1.0)
(638800, 'dock-body', 1.0)
(638828, ')', 1.0)
(639950, 'move_grasped_object', 1.0)
(640056, '(', 1.0)
(640078, 'right_gripper', 1.0)
(640123, 'dock-case', 1.0)
(640168, 'true', 1.0)
(640196, ')', 1.0)
(641318, 'release', 1.0)
(641424, '(', 1.0)
(641446, 'right_gripper', 1.0)
(641474, ')', 1.0)
(641880, '+--<', 1.0)
(642833, 'press_dock_toggle', 1.0)
(642939, '(', 1.0)
(642961, 'right_gripper', 1.0)
(643006, 'dock-body_6_2', 1.0)
(643051, '2.0', 1.0)
(643079, ')', 1.0)
(644220, 'discard_object', 1.0)
(644326, '(', 1.0)
(644348, 'c2', 1.0)
(644376, ')', 1.0)
(644753, '+-->', 1.0)
(646106, 'move_object', 1.0)
(646212, '(', 1.0)
(646234, 'c2', 1.0)
(646279, 'discard-bin', 1.0)
(646324, 'true', 1.0)
(646352, ')', 1.0)
(646729, '+-->', 1.0)
(648586, 'move_arm_and_grasp', 1.0)
(648692, '(', 1.0)
(648714, 'right_gripper', 1.0)
(648759, 'c2', 1.0)
(648787, ')', 1.0)
(649909, 'put_down_grasped_object', 1.0)
(650015, '(', 1.0)
(650037, 'right_gripper', 1.0)
(650082, 'discard-bin', 1.0)
(650127, 'true', 1.0)
(650155, ')', 1.0)
(650532, '+-->', 1.0)
(652389, 'move_grasped_object', 1.0)
(652495, '(', 1.0)
(652517, 'right_gripper', 1.0)
(652562, 'discard-bin', 1.0)
(652607, 'true', 1.0)
(652635, ')', 1.0)
(653757, 'release', 1.0)
(653863, '(', 1.0)
(653885, 'right_gripper', 1.0)
(653913, ')', 1.0)
(654319, '+--<', 1.0)
(654537, '+--<', 1.0)
(654755, '+--<', 1.0)
(655708, 'move_object', 1.0)
(655814, '(', 1.0)
(655836, 'c5', 1.0)
(655881, 'dock-body_6_1', 1.0)
(655926, 'false', 1.0)
(655954, ')', 1.0)
(656331, '+-->', 1.0)
(658188, 'move_arm_and_grasp', 1.0)
(658294, '(', 1.0)
(658316, 'right_gripper', 1.0)
(658361, 'c5', 1.0)
(658389, ')', 1.0)
(659511, 'put_down_grasped_object', 1.0)
(659617, '(', 1.0)
(659639, 'right_gripper', 1.0)
(659684, 'dock-body_6_1', 1.0)
(659729, 'false', 1.0)
(659757, ')', 1.0)
(660134, '+-->', 1.0)
(661991, 'move_grasped_object', 1.0)
(662097, '(', 1.0)
(662119, 'right_gripper', 1.0)
(662164, 'dock-body_6_1', 1.0)
(662209, 'false', 1.0)
(662237, ')', 1.0)
(663359, 'release', 1.0)
(663465, '(', 1.0)
(663487, 'right_gripper', 1.0)
(663515, ')', 1.0)
(663921, '+--<', 1.0)
(664139, '+--<', 1.0)
(665092, 'press_dock_toggle', 1.0)
(665198, '(', 1.0)
(665220, 'right_gripper', 1.0)
(665265, 'dock-body_6_2', 1.0)
(665310, '1.0', 1.0)
(665338, ')', 1.0)
(666479, 'close_dock_drawer', 1.0)
(666585, '(', 1.0)
(666607, 'dock-body', 1.0)
(666635, ')', 1.0)
(667012, '+-->', 1.0)
(669373, 'move_arm_and_grasp', 1.0)
(669479, '(', 1.0)
(669501, 'right_gripper', 1.0)
(669546, 'dock-body', 1.0)
(669574, ')', 1.0)
(670696, 'move_grasped_object', 1.0)
(670802, '(', 1.0)
(670824, 'right_gripper', 1.0)
(670869, 'dock-case', 1.0)
(670914, 'false', 1.0)
(670942, ')', 1.0)
(672064, 'release', 1.0)
(672170, '(', 1.0)
(672192, 'right_gripper', 1.0)
(672220, ')', 1.0)
(672626, '+--<', 1.0)
(672965, 'done', 1.0)

learned:
            mem             mem          hetero   |   online:     0 /     0 |  flashed:  1601 /  1601 |  activ_count:  41337
            mem             mem            auto   |   online:     0 /     0 |  flashed:   925 /   925 |  activ_count:  55130
        mem_ctx             mem          hetero   |   online:     0 /     0 |  flashed:   925 /   925 |  activ_count:  28560
            lex             mem          hetero   |   online:     0 /     0 |  flashed:   925 /   925 |  activ_count:  40770
             gh              op          hetero   |   online:     0 /     0 |  flashed:   617 /   617 |  activ_count:  183557
             op              op          hetero   |   online:     0 /     0 |  flashed:   615 /   615 |  activ_count:  148108
            lex              op          hetero   |   online:     0 /     0 |  flashed:   300 /   300 |  activ_count:  62064
          stack           stack             bwd   |   online:     0 /     0 |  flashed:   128 /   128 |  activ_count:  14553
          stack           stack             fwd   |   online:     0 /     0 |  flashed:   128 /   128 |  activ_count:  14840
          stack           stack            auto   |   online:     0 /     0 |  flashed:   128 /   128 |  activ_count:  10548
     data_stack      data_stack             bwd   |   online:     0 /     0 |  flashed:   128 /   128 |  activ_count:   4185
     data_stack      data_stack             fwd   |   online:     0 /     0 |  flashed:   128 /   128 |  activ_count:   4186
            mem             lex          hetero   |   online:     0 /     0 |  flashed:   125 /   125 |  activ_count:   1211
        mem_ctx             lex          hetero   |   online:     0 /     0 |  flashed:   125 /   125 |  activ_count:  15356
       bind_ctx             lex          hetero   |   online:     0 /     0 |  flashed:   125 /   125 |  activ_count:   7988
             op             lex          hetero   |   online:     0 /     0 |  flashed:   101 /   146 |  activ_count:  35448
             gh              gh          hetero   |   online:     0 /     0 |  flashed:    96 /    96 |  activ_count:  454135
            lex             lex            auto   |   online:     0 /     0 |  flashed:    45 /    45 |  activ_count:   7152
      exc_stack       exc_stack             bwd   |   online:     0 /     0 |  flashed:    32 /    32 |  activ_count:    211
      exc_stack       exc_stack             fwd   |   online:     0 /     0 |  flashed:    32 /    32 |  activ_count:    211
      stack_ctx             lex          hetero   |   online:     0 /     0 |  flashed:    11 /    11 |  activ_count:  10548
           bind            bind          hetero   |   online:     0 /     0 |  flashed:     1 /     1 |  activ_count:   3144

Final activity states:
            mem :                 done  1.000000
          stack :                    0  1.000000
      exc_stack :                    0  1.000000
        mem_ctx :              main795  1.000000
             op :                 halt  1.000000
     data_stack :                    0  1.000000
             gh :                 halt  1.000000
            lex :            progn_end  1.000000
           bind :              def_env  1.000000
      stack_ctx :                 inst  1.000000
       bind_ctx :           source_hyp  1.000000

Gate history:
    bind_ctx       stash                         :         20                 0.0000   0.000000638996425550
  data_stack       stash                         :        211                 0.0002   0.000001007156398024
       stack       stash                         :        211                 0.0004   0.000001826929094014
     mem_ctx       stash                         :        384                 0.0005   0.000001410416492339
          gh       learn   exc_stack      hetero :          1                 0.0005   0.000547917006770149
         lex       stash                         :        559                 0.0010   0.000001824643928974
  data_stack    activate   exc_stack      hetero :         99                 0.0125   0.000126508413520030
          gh    activate   exc_stack      hetero :         98                 0.0171   0.000174487743476805
    bind_ctx       noise                         :         20                 0.0192   0.000961000649840571
        bind       stash                         :      20583                 0.0215   0.000001045007792276
          op       stash                         :      15051                 0.0260   0.000001729964583928
  data_stack       learn   exc_stack      hetero :        211                 0.0264   0.000125092421012811
   exc_stack    activate   exc_stack         bwd :        211                 0.0338   0.000160372445400654
          op    activate   exc_stack      hetero :         99                 0.0360   0.000363449998802007
         mem       stash                         :      21783                 0.0369   0.000001694489811743
       stack     context   stack_ctx             :      10548                 0.0398   0.000003769782801346
   exc_stack    activate   exc_stack         fwd :        211                 0.0408   0.000193473420622295
        bind     context    bind_ctx             :      14413                 0.0548   0.000003804182667358
       stack    activate   exc_stack      hetero :         99                 0.0574   0.000579397779103895
          op       learn   exc_stack      hetero :        211                 0.0801   0.000379732778236288
     mem_ctx       learn         lex      hetero :         20                 0.1040   0.005201411602320150
         mem       learn         lex      hetero :         20                 0.1081   0.005404379504034296
    bind_ctx       learn         lex      hetero :         20                 0.1293   0.006464531103847549
       stack       learn   exc_stack      hetero :        211                 0.1416   0.000670967629108737
          gh    activate         mem      hetero :        109                 0.2325   0.002133377467777683
          gh       learn         mem      hetero :        109                 0.3703   0.003397362973432082
     mem_ctx       noise                         :        384                 0.4169   0.001085619555927527
         mem       noise                         :        384                 0.4606   0.001199551410839679
         mem     context     mem_ctx             :     103955                 0.6009   0.000005780767035414
        bind       noise                         :        690                 0.7158   0.001037450557898568
   exc_stack       cycle                         :     673022                 1.0043   0.000001492225718420
  data_stack       cycle                         :     673022                 1.0281   0.000001527570551072
   stack_ctx       cycle                         :     673022                 1.1040   0.000001640375439902
    bind_ctx       cycle                         :     673022                 1.3109   0.000001947852488431
  data_stack    activate  data_stack         fwd :       4186                 1.3358   0.000319109238906162
          gh        bias       false             :      35330                 1.3832   0.000039149942759778
  data_stack    activate  data_stack         bwd :       4185                 1.4549   0.000347658232742645
       stack       cycle                         :     673022                 2.1012   0.000003122104112687
         mem    activate         lex      hetero :       1211                 2.2721   0.001876235563135156
         mem    activate  data_stack      hetero :       6351                 2.9271   0.000460891190956003
          gh       cycle                         :     673022                 3.0754   0.000004569579260018
         lex       cycle                         :     673022                 3.1373   0.000004661510508557
     mem_ctx       cycle                         :     673022                 3.8097   0.000005660621176814
         mem       learn  data_stack      hetero :       5698                 3.8985   0.000684182993102022
         lex    activate         lex        auto :       7152                 4.0679   0.000568777673321385
          op       cycle                         :     673022                 4.1822   0.000006214062545143
          op    activate       stack      hetero :      14553                 4.7474   0.000326215175245658
       stack    activate       stack         fwd :      14840                 4.8610   0.000327557462047220
       stack    activate       stack         bwd :      14553                 5.4285   0.000373013537160623
   stack_ctx    activate         lex      hetero :      10548                 6.2412   0.000591691307946067
         lex       learn         mem      hetero :        384                 6.5080   0.016947838567754541
         mem    activate        bind      hetero :       3245                 7.2409   0.002231403886310423
          go       cycle                         :     673023                 8.7600   0.000013015838318675
         mem       learn         mem      hetero :        728                 8.7680   0.012043932439765131
        bind       learn        bind        auto :       1563                 8.8713   0.005675838888164459
        bind    activate       stack      hetero :      12551                 9.6817   0.000771385499886689
         mem       learn        bind      hetero :       1563                10.1034   0.006464087348635429
          gh    activate         lex      hetero :      25685                11.9325   0.000464571676551422
        bind    activate        bind        auto :       6425                12.2794   0.001911185416918436
          gh    activate        bind      hetero :       9438                12.6137   0.001336477181978592
          op       learn       stack      hetero :      14840                13.5416   0.000912507899422318
          gh       learn         lex      hetero :      25685                14.0581   0.000547327339070727
    bind_ctx    activate         lex      hetero :       7988                14.3238   0.001793170588419188
         mem    activate       stack      hetero :      15735                14.5913   0.000927315840397659
       stack    converge                         :      10548                16.7564   0.001588581224650525
        bind       cycle                         :     673022                17.8549   0.000026529505191092
          op    activate         lex      hetero :      35448                19.7463   0.000557049826040539
         lex    activate          op      hetero :      62064                19.7827   0.000318747378236361
        bind       learn         mem      hetero :        189                20.1764   0.106753233767073921
         mem       learn       stack      hetero :      13410                26.2168   0.001955019110268295
          gh       learn        bind      hetero :       9569                28.9440   0.003024769599031157
     mem_ctx    activate         lex      hetero :      15356                29.3851   0.001913593923052597
     mem_ctx       learn         mem      hetero :        384                31.7736   0.082743649320567172
         mem       learn         mem        auto :        384                32.0569   0.083481496687909384
         mem       cycle                         :     673022                34.7486   0.000051630762606701
          op    activate          op      hetero :     148108                42.8295   0.000289177277434898
        bind       learn       stack      hetero :      18115                45.0221   0.002485347574660536
          gh    activate          op      hetero :     183557                45.3897   0.000247278382105374
        bind    activate         mem      hetero :       1726                62.4063   0.036156600714626917
        bind       learn        bind      hetero :        716                66.9633   0.093524138402361581
          gh    activate          gh      hetero :     454135                77.3277   0.000170274777335602
        bind    activate        bind      hetero :       3144                99.0995   0.031520192897597915
          go    activate          gh      hetero :     673023               110.6093   0.000164347041112797
         lex    activate         mem      hetero :      40770               116.6489   0.002861144517397673
         mem    activate         mem      hetero :      41337               158.8622   0.003843100006576347
     mem_ctx    activate         mem      hetero :      28560               963.7599   0.033745092893869733
         mem    converge                         :      55130              3909.1131   0.070907185048262808

Executed 673022 timesteps in 6219.107380s

Ran test 'imitate' in 673022 timesteps
Output:
~~~~~~~~~~~~~~~~~~~~~~~~~~~~~~~~~~~~~~~~~~~~~~~ =====-PROCESS_ACTION-===== move_arm_and_grasp ~~~~~~~~~~~~~~~~~~~~~~~~~~~~~~~~~~~~~~~~~~~~~~~ =====-PROCESS_ACTION-===== move_grasped_object ~~~~~~~~~~~~~~~~~~~~~~~~~~~~~~~~~~~~~~~~~~~~~~~ =====-PROCESS_ACTION-===== release =====-PROCESS_ACTION-===== open_dock_drawer ~~~~~~~~~~~~~~~~~~~~~~~~~~~~~~~~~~~~~~~~~~~~~~~ =====-PROCESS_ACTION-===== press_dock_toggle ~~~~~~~~~~~~~~~~~~~~~~~~~~~~~~~~~~~~~~~~~~~~~~~ =====-PROCESS_ACTION-===== move_arm_and_grasp ~~~~~~~~~~~~~~~~~~~~~~~~~~~~~~~~~~~~~~~~~~~~~~~ =====-PROCESS_ACTION-===== move_grasped_object ~~~~~~~~~~~~~~~~~~~~~~~~~~~~~~~~~~~~~~~~~~~~~~~ =====-PROCESS_ACTION-===== release =====-PROCESS_ACTION-===== put_down_grasped_object =====-PROCESS_ACTION-===== move_object =====-PROCESS_ACTION-===== discard_object ~~~~~~~~~~~~~~~~~~~~~~~~~~~~~~~~~~~~~~~~~~~~~~~ =====-PROCESS_ACTION-===== move_arm_and_grasp ~~~~~~~~~~~~~~~~~~~~~~~~~~~~~~~~~~~~~~~~~~~~~~~ =====-PROCESS_ACTION-===== move_grasped_object ~~~~~~~~~~~~~~~~~~~~~~~~~~~~~~~~~~~~~~~~~~~~~~~ =====-PROCESS_ACTION-===== release =====-PROCESS_ACTION-===== put_down_grasped_object =====-PROCESS_ACTION-===== move_object ~~~~~~~~~~~~~~~~~~~~~~~~~~~~~~~~~~~~~~~~~~~~~~~ =====-PROCESS_ACTION-===== press_dock_toggle ~~~~~~~~~~~~~~~~~~~~~~~~~~~~~~~~~~~~~~~~~~~~~~~ =====-PROCESS_ACTION-===== move_arm_and_grasp ~~~~~~~~~~~~~~~~~~~~~~~~~~~~~~~~~~~~~~~~~~~~~~~ =====-PROCESS_ACTION-===== move_grasped_object ~~~~~~~~~~~~~~~~~~~~~~~~~~~~~~~~~~~~~~~~~~~~~~~ =====-PROCESS_ACTION-===== release =====-PROCESS_ACTION-===== close_dock_drawer ___ EXPLANATION ___ open_dock_drawer ( dock-body ) +--> move_arm_and_grasp ( right_gripper dock-body ) move_grasped_object ( right_gripper dock-case true ) release ( right_gripper ) +--< press_dock_toggle ( right_gripper dock-body_6_2 2.0 ) discard_object ( c2 ) +--> move_object ( c2 discard-bin true ) +--> move_arm_and_grasp ( right_gripper c2 ) put_down_grasped_object ( right_gripper discard-bin true ) +--> move_grasped_object ( right_gripper discard-bin true ) release ( right_gripper ) +--< +--< +--< move_object ( c5 dock-body_6_1 false ) +--> move_arm_and_grasp ( right_gripper c5 ) put_down_grasped_object ( right_gripper dock-body_6_1 false ) +--> move_grasped_object ( right_gripper dock-body_6_1 false ) release ( right_gripper ) +--< +--< press_dock_toggle ( right_gripper dock-body_6_2 1.0 ) close_dock_drawer ( dock-body ) +--> move_arm_and_grasp ( right_gripper dock-body ) move_grasped_object ( right_gripper dock-case false ) release ( right_gripper ) +--< done
