test:  imitate
args: 
           t : imitate
     kb_name : kb_il_streamlined
   demo_name : demo_ai
     verbose : True
       debug : False
     emulate : False
   integrity : False
       check : False
       ortho : True
        draw : False
       decay : 1.0
      wasted : False

Name  N  W
------------------------------------------------------------
      bind      35000 3921680000   7.304698
------------------------------------------------------------
               ('stack', 'hetero')  0.133514 1
                  ('bind', 'auto')  2.281740 0
                 ('mem', 'hetero')  2.607703 0
                ('bind', 'hetero')  2.281740 0

------------------------------------------------------------
     stack       2048   12713984   0.023682
------------------------------------------------------------
                 ('stack', 'auto')  0.007812 1
                  ('stack', 'bwd')  0.007812 1
                  ('stack', 'fwd')  0.007812 1
           ('exc_stack', 'hetero')  0.000244 1

------------------------------------------------------------
data_stack        256     147456   0.000275
------------------------------------------------------------
             ('data_stack', 'bwd')  0.000122 1
           ('exc_stack', 'hetero')  0.000031 1
             ('data_stack', 'fwd')  0.000122 1

------------------------------------------------------------
       mem      40000 4884800000   9.098649
------------------------------------------------------------
          ('data_stack', 'hetero')  0.019073 1
                 ('mem', 'hetero')  2.980232 1
                ('bind', 'hetero')  2.607703 1
                   ('mem', 'auto')  2.980232 0
               ('stack', 'hetero')  0.152588 1
                 ('lex', 'hetero')  0.358820 1

------------------------------------------------------------
        gh        240   19524960   0.036368
------------------------------------------------------------
                 ('lex', 'hetero')  0.002153 1
           ('exc_stack', 'hetero')  0.000029 1
                 ('mem', 'hetero')  0.017881 1
                ('bind', 'hetero')  0.015646 1
                  ('gh', 'hetero')  0.000107 1
                  ('op', 'hetero')  0.000552 1

------------------------------------------------------------
       lex       4816  221776800   0.413091
------------------------------------------------------------
                 ('mem', 'hetero')  0.358820 1
                   ('lex', 'auto')  0.043202 1
                  ('op', 'hetero')  0.011070 1

------------------------------------------------------------
   mem_ctx      40000 1792640000   3.339052   lam = 0.250000
------------------------------------------------------------
                 ('mem', 'hetero')  2.980232 1
                 ('lex', 'hetero')  0.358820 1

------------------------------------------------------------
  bind_ctx      35000  168560000   0.313967   lam = 0.125000
------------------------------------------------------------
                 ('lex', 'hetero')  0.313967 1

------------------------------------------------------------
 stack_ctx       2048    9863168   0.018372   lam = 0.250000
------------------------------------------------------------
                 ('lex', 'hetero')  0.018372 1

------------------------------------------------------------
 exc_stack         64       8192   0.000015
------------------------------------------------------------
              ('exc_stack', 'fwd')  0.000008 1
              ('exc_stack', 'bwd')  0.000008 1

------------------------------------------------------------
        op       1234   10071908   0.018760
------------------------------------------------------------
                  ('op', 'hetero')  0.002836 1
               ('stack', 'hetero')  0.004707 1
                 ('lex', 'hetero')  0.011070 1
           ('exc_stack', 'hetero')  0.000147 1

Total:      160706 11041786468
Device allocation:
0:      5450000000     10900000000 (10.1514 GB)
1:      5591786468     11183572936 (10.4155 GB)

Flashing gates...
Flashing                   ('go', 'gh', 'hetero')        122
  --> 0.003321
Flashing mappings...
      bind       bind     hetero            1
 stack_ctx        lex     hetero            11
 exc_stack  exc_stack        fwd            32
 exc_stack  exc_stack        bwd            32
       lex        lex       auto            45
        gh         gh     hetero            96
       mem        lex     hetero            125
  bind_ctx        lex     hetero            125
   mem_ctx        lex     hetero            125
     stack      stack        fwd            128
     stack      stack        bwd            128
     stack      stack       auto            128
data_stack data_stack        fwd            128
data_stack data_stack        bwd            128
        op        lex     hetero            146
       lex         op     hetero            300
        op         op     hetero            615
        gh         op     hetero            617
   mem_ctx        mem     hetero            925
       mem        mem       auto            925
       lex        mem     hetero            925
       mem        mem     hetero    mem_ctx 1601
Flashing                   ('gh', 'gh', 'hetero')         96
  --> 0.005490
Flashing                   ('op', 'op', 'hetero')        615
  --> 0.634601
Flashing                  ('op', 'lex', 'hetero')        146
  --> 0.734285
Flashing                   ('gh', 'op', 'hetero')        617
  --> 0.363767
Flashing                  ('lex', 'op', 'hetero')        300
  --> 0.424755
Flashing                   ('lex', 'lex', 'auto')         45
  --> 0.262939
Flashing               ('bind', 'bind', 'hetero')          1
  --> 0.761746
Flashing             ('mem_ctx', 'mem', 'hetero')        925
  --> 235.142887
Flashing                 ('mem', 'mem', 'hetero')       1601
  --> 80.029071
Flashing                   ('mem', 'mem', 'auto')        925
  --> 235.108978
Flashing                 ('lex', 'mem', 'hetero')        925
  --> 42.160513
Flashing                 ('mem', 'lex', 'hetero')        125
  --> 1.942334
Flashing            ('bind_ctx', 'lex', 'hetero')        125
  --> 2.420249
Flashing             ('mem_ctx', 'lex', 'hetero')        125
  --> 1.940827
Flashing           ('stack_ctx', 'lex', 'hetero')         11
  --> 0.064984
Flashing                ('stack', 'stack', 'fwd')        128
  --> 0.271582
Flashing                ('stack', 'stack', 'bwd')        128
  --> 0.272142
Flashing               ('stack', 'stack', 'auto')        128
  --> 0.272376
Flashing      ('data_stack', 'data_stack', 'fwd')        128
  --> 0.007524
Flashing      ('data_stack', 'data_stack', 'bwd')        128
  --> 0.007810
Flashing        ('exc_stack', 'exc_stack', 'fwd')         32
  --> 0.001910
Flashing        ('exc_stack', 'exc_stack', 'bwd')         32
  --> 0.001763

... flashed in 608.487639s

Running network...
In:  (
In:  new
In:  Environment
In:  '
In:  NIL
In:  '
In:  (
In:  (
In:  left_gripper
In:  gripping
In:  none
In:  )
In:  (
In:  right_gripper
In:  gripping
In:  none
In:  )
In:  (
In:  table
In:  identity
In:  Block
In:  )
In:  (
In:  A_blk1
In:  identity
In:  Block
In:  )
In:  (
In:  A_blk2
In:  identity
In:  Block
In:  )
In:  (
In:  I_blk1
In:  identity
In:  Block
In:  )
In:  (
In:  I_blk2
In:  identity
In:  Block
In:  )
In:  (
In:  M_blk3
In:  identity
In:  Block
In:  )
In:  (
In:  M_blk4
In:  identity
In:  Block
In:  )
In:  (
In:  M_blk6
In:  identity
In:  Block
In:  )
In:  (
In:  U_blk3
In:  identity
In:  Block
In:  )
In:  (
In:  U_blk4
In:  identity
In:  Block
In:  )
In:  (
In:  U_blk5
In:  identity
In:  Block
In:  )
In:  )
In:  )
In:  (
In:  (
In:  move_arm_and_grasp
In:  right_gripper
In:  U_blk3
In:  )
In:  (
In:  right_gripper
In:  gripping
In:  U_blk3
In:  )
In:  )
Out:  (94334, '~~~~~~~~~~~~~~~~~~~~~~~~~~~~~~~~~~~~~~~~~~~~~~~', 1.0) 509.72371852601646
Out:  (99779, '=====-PROCESS_ACTION-=====', 1.0) 538.8003117030021
Out:  (99942, 'move_arm_and_grasp', 1.0) 539.5511115750123
In:  (
In:  (
In:  move_grasped_object
In:  right_gripper
In:  table
In:  true
In:  )
In:  )
Out:  (138473, '~~~~~~~~~~~~~~~~~~~~~~~~~~~~~~~~~~~~~~~~~~~~~~~', 1.0) 742.0276229970041
Out:  (143918, '=====-PROCESS_ACTION-=====', 1.0) 771.0419984530017
Out:  (144081, 'move_grasped_object', 1.0) 771.7847603909904
In:  (
In:  (
In:  release
In:  right_gripper
In:  )
In:  (
In:  right_gripper
In:  gripping
In:  none
In:  )
In:  )
Out:  (170760, '~~~~~~~~~~~~~~~~~~~~~~~~~~~~~~~~~~~~~~~~~~~~~~~', 1.0) 910.523090431001
Out:  (176205, '=====-PROCESS_ACTION-=====', 1.0) 939.5479750279919
Out:  (176368, 'release', 1.0) 940.2803290800075
Out:  (190920, '=====-PROCESS_ACTION-=====', 1.0) 1015.936153527
Out:  (191083, 'put_down_grasped_object', 1.0) 1016.6900404889893
Out:  (208692, '=====-PROCESS_ACTION-=====', 1.0) 1107.5471622940095
Out:  (208855, 'move_object', 1.0) 1108.288459028001
In:  (
In:  (
In:  move_arm_and_grasp
In:  right_gripper
In:  U_blk4
In:  )
In:  (
In:  right_gripper
In:  gripping
In:  U_blk4
In:  )
In:  )
Out:  (230231, '~~~~~~~~~~~~~~~~~~~~~~~~~~~~~~~~~~~~~~~~~~~~~~~', 1.0) 1218.6578308700118
Out:  (235676, '=====-PROCESS_ACTION-=====', 1.0) 1247.6305540100147
Out:  (235839, 'move_arm_and_grasp', 1.0) 1248.3707885979966
In:  (
In:  (
In:  move_grasped_object
In:  right_gripper
In:  table
In:  true
In:  )
In:  )
Out:  (274448, '~~~~~~~~~~~~~~~~~~~~~~~~~~~~~~~~~~~~~~~~~~~~~~~', 1.0) 1450.2363883510116
Out:  (279893, '=====-PROCESS_ACTION-=====', 1.0) 1479.2077767660085
Out:  (280056, 'move_grasped_object', 1.0) 1479.9445641170023
In:  (
In:  (
In:  release
In:  right_gripper
In:  )
In:  (
In:  right_gripper
In:  gripping
In:  none
In:  )
In:  )
Out:  (306787, '~~~~~~~~~~~~~~~~~~~~~~~~~~~~~~~~~~~~~~~~~~~~~~~', 1.0) 1618.5013902409992
Out:  (312232, '=====-PROCESS_ACTION-=====', 1.0) 1647.5347272770014
Out:  (312395, 'release', 1.0) 1648.2727363060112
Out:  (326993, '=====-PROCESS_ACTION-=====', 1.0) 1724.2477053659968
Out:  (327156, 'put_down_grasped_object', 1.0) 1724.9961757349956
Out:  (344970, '=====-PROCESS_ACTION-=====', 1.0) 1817.277942863002
Out:  (345133, 'move_object', 1.0) 1818.010962047003
In:  (
In:  (
In:  move_arm_and_grasp
In:  right_gripper
In:  A_blk2
In:  )
In:  (
In:  right_gripper
In:  gripping
In:  A_blk2
In:  )
In:  )
Out:  (366535, '~~~~~~~~~~~~~~~~~~~~~~~~~~~~~~~~~~~~~~~~~~~~~~~', 1.0) 1928.0892213500047
Out:  (371980, '=====-PROCESS_ACTION-=====', 1.0) 1957.0954929250001
Out:  (372143, 'move_arm_and_grasp', 1.0) 1957.8382326610154
In:  (
In:  (
In:  move_grasped_object
In:  right_gripper
In:  table
In:  true
In:  )
In:  )
Out:  (410830, '~~~~~~~~~~~~~~~~~~~~~~~~~~~~~~~~~~~~~~~~~~~~~~~', 1.0) 2160.431140064
Out:  (416275, '=====-PROCESS_ACTION-=====', 1.0) 2189.430804391013
Out:  (416438, 'move_grasped_object', 1.0) 2190.165326760005
In:  (
In:  (
In:  release
In:  right_gripper
In:  )
In:  (
In:  right_gripper
In:  gripping
In:  none
In:  )
In:  )
Out:  (443221, '~~~~~~~~~~~~~~~~~~~~~~~~~~~~~~~~~~~~~~~~~~~~~~~', 1.0) 2329.1384628030064
Out:  (448666, '=====-PROCESS_ACTION-=====', 1.0) 2358.0094655150024
Out:  (448829, 'release', 1.0) 2358.754414593015
Out:  (463473, '=====-PROCESS_ACTION-=====', 1.0) 2434.9361776740116
Out:  (463636, 'put_down_grasped_object', 1.0) 2435.6679822840088
Out:  (481496, '=====-PROCESS_ACTION-=====', 1.0) 2528.2676719549927
Out:  (481659, 'move_object', 1.0) 2529.011273762997
In:  (
In:  (
In:  move_arm_and_grasp
In:  right_gripper
In:  M_blk6
In:  )
In:  (
In:  right_gripper
In:  gripping
In:  M_blk6
In:  )
In:  )
Out:  (503087, '~~~~~~~~~~~~~~~~~~~~~~~~~~~~~~~~~~~~~~~~~~~~~~~', 1.0) 2639.494584238011
Out:  (508532, '=====-PROCESS_ACTION-=====', 1.0) 2668.4135476179945
Out:  (508695, 'move_arm_and_grasp', 1.0) 2669.143060005008
In:  (
In:  (
In:  move_grasped_object
In:  right_gripper
In:  A_blk2
In:  false
In:  )
In:  )
Out:  (547460, '~~~~~~~~~~~~~~~~~~~~~~~~~~~~~~~~~~~~~~~~~~~~~~~', 1.0) 2871.6471839490114
Out:  (552905, '=====-PROCESS_ACTION-=====', 1.0) 2900.628966546996
Out:  (553068, 'move_grasped_object', 1.0) 2901.3721179510176
In:  (
In:  (
In:  release
In:  right_gripper
In:  )
In:  (
In:  right_gripper
In:  gripping
In:  none
In:  )
In:  )
Out:  (579903, '~~~~~~~~~~~~~~~~~~~~~~~~~~~~~~~~~~~~~~~~~~~~~~~', 1.0) 3040.692581005016
Out:  (585348, '=====-PROCESS_ACTION-=====', 1.0) 3069.727492010017
Out:  (585511, 'release', 1.0) 3070.4781324779906
Out:  (600201, '=====-PROCESS_ACTION-=====', 1.0) 3147.1085637900105
Out:  (600364, 'put_down_grasped_object', 1.0) 3147.84164119701
Out:  (618270, '=====-PROCESS_ACTION-=====', 1.0) 3240.7349797020142
Out:  (618433, 'move_object', 1.0) 3241.4826576549967
In:  (
In:  (
In:  move_arm_and_grasp
In:  right_gripper
In:  U_blk5
In:  )
In:  (
In:  right_gripper
In:  gripping
In:  U_blk5
In:  )
In:  )
Out:  (639887, '~~~~~~~~~~~~~~~~~~~~~~~~~~~~~~~~~~~~~~~~~~~~~~~', 1.0) 3352.258327482996
Out:  (645332, '=====-PROCESS_ACTION-=====', 1.0) 3381.2920660020027
Out:  (645495, 'move_arm_and_grasp', 1.0) 3382.026237400016
In:  (
In:  (
In:  move_grasped_object
In:  right_gripper
In:  A_blk2
In:  false
In:  )
In:  )
Out:  (684338, '~~~~~~~~~~~~~~~~~~~~~~~~~~~~~~~~~~~~~~~~~~~~~~~', 1.0) 3585.020168813993
Out:  (689783, '=====-PROCESS_ACTION-=====', 1.0) 3613.924359340017
Out:  (689946, 'move_grasped_object', 1.0) 3614.6693451660103
In:  (
In:  (
In:  release
In:  right_gripper
In:  )
In:  (
In:  right_gripper
In:  gripping
In:  none
In:  )
In:  )
Out:  (716833, '~~~~~~~~~~~~~~~~~~~~~~~~~~~~~~~~~~~~~~~~~~~~~~~', 1.0) 3754.075474240002
Out:  (722278, '=====-PROCESS_ACTION-=====', 1.0) 3783.070876373007
Out:  (722441, 'release', 1.0) 3783.812673392007
Out:  (737177, '=====-PROCESS_ACTION-=====', 1.0) 3860.8451133260096
Out:  (737340, 'put_down_grasped_object', 1.0) 3861.574420816003
Out:  (755292, '=====-PROCESS_ACTION-=====', 1.0) 3954.8409809870063
Out:  (755455, 'move_object', 1.0) 3955.5863689389953
In:  (
In:  (
In:  move_arm_and_grasp
In:  right_gripper
In:  A_blk1
In:  )
In:  (
In:  right_gripper
In:  gripping
In:  A_blk1
In:  )
In:  )
Out:  (776935, '~~~~~~~~~~~~~~~~~~~~~~~~~~~~~~~~~~~~~~~~~~~~~~~', 1.0) 4066.277096812002
Out:  (782380, '=====-PROCESS_ACTION-=====', 1.0) 4095.1905225559894
Out:  (782543, 'move_arm_and_grasp', 1.0) 4095.9303659370053
In:  (
In:  (
In:  move_grasped_object
In:  right_gripper
In:  A_blk2
In:  true
In:  )
In:  )
Out:  (821464, '~~~~~~~~~~~~~~~~~~~~~~~~~~~~~~~~~~~~~~~~~~~~~~~', 1.0) 4299.123703220015
Out:  (826909, '=====-PROCESS_ACTION-=====', 1.0) 4328.003252657014
Out:  (827072, 'move_grasped_object', 1.0) 4328.74403948299
In:  (
In:  (
In:  release
In:  right_gripper
In:  )
In:  (
In:  right_gripper
In:  gripping
In:  none
In:  )
In:  )
Out:  (854011, '~~~~~~~~~~~~~~~~~~~~~~~~~~~~~~~~~~~~~~~~~~~~~~~', 1.0) 4468.32595865801
Out:  (859456, '=====-PROCESS_ACTION-=====', 1.0) 4497.3226105630165
Out:  (859619, 'release', 1.0) 4498.0604701669945
Out:  (874401, '=====-PROCESS_ACTION-=====', 1.0) 4575.366418965015
Out:  (874564, 'put_down_grasped_object', 1.0) 4576.10184309
Out:  (892562, '=====-PROCESS_ACTION-=====', 1.0) 4669.762397601997
Out:  (892725, 'move_object', 1.0) 4670.511029417015
In:  (
In:  (
In:  move_arm_and_grasp
In:  right_gripper
In:  I_blk1
In:  )
In:  (
In:  right_gripper
In:  gripping
In:  I_blk1
In:  )
In:  )
Out:  (914231, '~~~~~~~~~~~~~~~~~~~~~~~~~~~~~~~~~~~~~~~~~~~~~~~', 1.0) 4781.141277941992
Out:  (919676, '=====-PROCESS_ACTION-=====', 1.0) 4810.17934786799
Out:  (919839, 'move_arm_and_grasp', 1.0) 4810.924234020989
In:  (
In:  (
In:  move_grasped_object
In:  right_gripper
In:  table
In:  true
In:  )
In:  )
Out:  (958838, '~~~~~~~~~~~~~~~~~~~~~~~~~~~~~~~~~~~~~~~~~~~~~~~', 1.0) 5014.957320065005
Out:  (964283, '=====-PROCESS_ACTION-=====', 1.0) 5043.957997129008
Out:  (964446, 'move_grasped_object', 1.0) 5044.698043119017
In:  (
In:  (
In:  release
In:  right_gripper
In:  )
In:  (
In:  right_gripper
In:  gripping
In:  none
In:  )
In:  )
Out:  (991437, '~~~~~~~~~~~~~~~~~~~~~~~~~~~~~~~~~~~~~~~~~~~~~~~', 1.0) 5184.240378368006
Out:  (996882, '=====-PROCESS_ACTION-=====', 1.0) 5213.160309592
Out:  (997045, 'release', 1.0) 5213.892876710015
Out:  (1011873, '=====-PROCESS_ACTION-=====', 1.0) 5291.733436397015
Out:  (1012036, 'put_down_grasped_object', 1.0) 5292.478894116008
Out:  (1030080, '=====-PROCESS_ACTION-=====', 1.0) 5386.518537583994
Out:  (1030243, 'move_object', 1.0) 5387.248179228016
In:  (
In:  (
In:  move_arm_and_grasp
In:  right_gripper
In:  M_blk3
In:  )
In:  (
In:  right_gripper
In:  gripping
In:  M_blk3
In:  )
In:  )
Out:  (1051775, '~~~~~~~~~~~~~~~~~~~~~~~~~~~~~~~~~~~~~~~~~~~~~~~', 1.0) 5498.1379712700145
Out:  (1057220, '=====-PROCESS_ACTION-=====', 1.0) 5527.099832419015
Out:  (1057383, 'move_arm_and_grasp', 1.0) 5527.840971969999
In:  (
In:  (
In:  move_grasped_object
In:  right_gripper
In:  I_blk1
In:  false
In:  )
In:  )
Out:  (1096460, '~~~~~~~~~~~~~~~~~~~~~~~~~~~~~~~~~~~~~~~~~~~~~~~', 1.0) 5732.132842321997
Out:  (1101905, '=====-PROCESS_ACTION-=====', 1.0) 5761.083909972018
Out:  (1102068, 'move_grasped_object', 1.0) 5761.829942606011
In:  (
In:  (
In:  release
In:  right_gripper
In:  )
In:  (
In:  right_gripper
In:  gripping
In:  none
In:  )
In:  )
Out:  (1129111, '~~~~~~~~~~~~~~~~~~~~~~~~~~~~~~~~~~~~~~~~~~~~~~~', 1.0) 5901.548609238991
Out:  (1134556, '=====-PROCESS_ACTION-=====', 1.0) 5930.544599738001
Out:  (1134719, 'release', 1.0) 5931.288412871014
Out:  (1149593, '=====-PROCESS_ACTION-=====', 1.0) 6009.510254234017
Out:  (1149756, 'put_down_grasped_object', 1.0) 6010.250009454001
Out:  (1167846, '=====-PROCESS_ACTION-=====', 1.0) 6104.806996358995
Out:  (1168009, 'move_object', 1.0) 6105.542912441015
In:  (
In:  (
In:  move_arm_and_grasp
In:  right_gripper
In:  M_blk4
In:  )
In:  (
In:  right_gripper
In:  gripping
In:  M_blk4
In:  )
In:  )
Out:  (1189567, '~~~~~~~~~~~~~~~~~~~~~~~~~~~~~~~~~~~~~~~~~~~~~~~', 1.0) 6216.010090363008
Out:  (1195012, '=====-PROCESS_ACTION-=====', 1.0) 6244.919991025003
Out:  (1195175, 'move_arm_and_grasp', 1.0) 6245.6513917880075
In:  (
In:  (
In:  move_grasped_object
In:  right_gripper
In:  M_blk3
In:  false
In:  )
In:  )
Out:  (1234330, '~~~~~~~~~~~~~~~~~~~~~~~~~~~~~~~~~~~~~~~~~~~~~~~', 1.0) 6449.377637444006
Out:  (1239775, '=====-PROCESS_ACTION-=====', 1.0) 6478.289582983998
Out:  (1239938, 'move_grasped_object', 1.0) 6479.031632997008
In:  (
In:  (
In:  release
In:  right_gripper
In:  )
In:  (
In:  right_gripper
In:  gripping
In:  none
In:  )
In:  )
Out:  (1267033, '~~~~~~~~~~~~~~~~~~~~~~~~~~~~~~~~~~~~~~~~~~~~~~~', 1.0) 6618.999242843012
Out:  (1272478, '=====-PROCESS_ACTION-=====', 1.0) 6647.784192966006
Out:  (1272641, 'release', 1.0) 6648.513990872016
Out:  (1287561, '=====-PROCESS_ACTION-=====', 1.0) 6727.171882327995
Out:  (1287724, 'put_down_grasped_object', 1.0) 6727.914846399013
Out:  (1305860, '=====-PROCESS_ACTION-=====', 1.0) 6822.793829725997
Out:  (1306023, 'move_object', 1.0) 6823.527509598003
In:  (
In:  (
In:  move_arm_and_grasp
In:  right_gripper
In:  I_blk2
In:  )
In:  (
In:  right_gripper
In:  gripping
In:  I_blk2
In:  )
In:  )
Out:  (1327607, '~~~~~~~~~~~~~~~~~~~~~~~~~~~~~~~~~~~~~~~~~~~~~~~', 1.0) 6934.408441280015
Out:  (1333052, '=====-PROCESS_ACTION-=====', 1.0) 6963.406499703007
Out:  (1333215, 'move_arm_and_grasp', 1.0) 6964.144204754004
In:  (
In:  (
In:  move_grasped_object
In:  right_gripper
In:  M_blk4
In:  false
In:  )
In:  )
Out:  (1372448, '~~~~~~~~~~~~~~~~~~~~~~~~~~~~~~~~~~~~~~~~~~~~~~~', 1.0) 7168.472071844997
Out:  (1377893, '=====-PROCESS_ACTION-=====', 1.0) 7197.449456019007
Out:  (1378056, 'move_grasped_object', 1.0) 7198.195887362992
In:  (
In:  (
In:  release
In:  right_gripper
In:  )
In:  (
In:  right_gripper
In:  gripping
In:  none
In:  )
In:  )
Out:  (1405203, '~~~~~~~~~~~~~~~~~~~~~~~~~~~~~~~~~~~~~~~~~~~~~~~', 1.0) 7338.381849866011
Out:  (1410648, '=====-PROCESS_ACTION-=====', 1.0) 7367.369003631
Out:  (1410811, 'release', 1.0) 7368.104575703997
Out:  (1425777, '=====-PROCESS_ACTION-=====', 1.0) 7446.694524907012
Out:  (1425940, 'put_down_grasped_object', 1.0) 7447.437902801001
Out:  (1444122, '=====-PROCESS_ACTION-=====', 1.0) 7542.558130426012
Out:  (1444285, 'move_object', 1.0) 7543.288988147018
In:  NIL
Out:  (1458294, '___', 1.0) 7616.7819200810045
Out:  (1458455, 'EXPLANATION', 1.0) 7617.67066638
Out:  (1458616, '___', 1.0) 7618.557537078013
Out:  (1469334, 'move_object', 1.0) 7677.041109290993
Out:  (1469440, '(', 1.0) 7677.455890796002
Out:  (1469462, 'U_blk3', 1.0) 7677.543788781011
Out:  (1469507, 'table', 1.0) 7677.739299266017
Out:  (1469552, 'true', 1.0) 7677.940449721005
Out:  (1469580, ')', 1.0) 7678.059496550006
Out:  (1469957, '+-->', 1.0) 7679.901625778992
Out:  (1471814, 'move_arm_and_grasp', 1.0) 7689.843880791013
Out:  (1471920, '(', 1.0) 7690.259478366992
Out:  (1471942, 'right_gripper', 1.0) 7690.349513672001
Out:  (1471987, 'U_blk3', 1.0) 7690.553170285013
Out:  (1472015, ')', 1.0) 7690.672948519001
Out:  (1473137, 'put_down_grasped_object', 1.0) 7696.459583734017
Out:  (1473243, '(', 1.0) 7696.8770025720005
Out:  (1473265, 'right_gripper', 1.0) 7696.966865374008
Out:  (1473310, 'table', 1.0) 7697.169451847993
Out:  (1473355, 'true', 1.0) 7697.365741598012
Out:  (1473383, ')', 1.0) 7697.485468649014
Out:  (1473760, '+-->', 1.0) 7699.320587683003
Out:  (1475617, 'move_grasped_object', 1.0) 7709.202413608989
Out:  (1475723, '(', 1.0) 7709.621682571014
Out:  (1475745, 'right_gripper', 1.0) 7709.709838112991
Out:  (1475790, 'table', 1.0) 7709.911526259995
Out:  (1475835, 'true', 1.0) 7710.114864445
Out:  (1475863, ')', 1.0) 7710.235912458011
Out:  (1476985, 'release', 1.0) 7716.000872595003
Out:  (1477091, '(', 1.0) 7716.412537118013
Out:  (1477113, 'right_gripper', 1.0) 7716.502093834017
Out:  (1477141, ')', 1.0) 7716.621801647998
Out:  (1477547, '+--<', 1.0) 7718.5526497880055
Out:  (1477765, '+--<', 1.0) 7719.677653747
Out:  (1478718, 'move_object', 1.0) 7724.703295500018
Out:  (1478824, '(', 1.0) 7725.121048135014
Out:  (1478846, 'U_blk4', 1.0) 7725.208601241
Out:  (1478891, 'table', 1.0) 7725.408530965011
Out:  (1478936, 'true', 1.0) 7725.609685044008
Out:  (1478964, ')', 1.0) 7725.729490419006
Out:  (1479341, '+-->', 1.0) 7727.56865545499
Out:  (1481198, 'move_arm_and_grasp', 1.0) 7737.439156275999
Out:  (1481304, '(', 1.0) 7737.846180038992
Out:  (1481326, 'right_gripper', 1.0) 7737.934349910996
Out:  (1481371, 'U_blk4', 1.0) 7738.134937285009
Out:  (1481399, ')', 1.0) 7738.249234493007
Out:  (1482521, 'put_down_grasped_object', 1.0) 7744.037214147014
Out:  (1482627, '(', 1.0) 7744.456414646003
Out:  (1482649, 'right_gripper', 1.0) 7744.544356269995
Out:  (1482694, 'table', 1.0) 7744.745704030007
Out:  (1482739, 'true', 1.0) 7744.9488167300005
Out:  (1482767, ')', 1.0) 7745.068981709017
Out:  (1483144, '+-->', 1.0) 7746.918112590007
Out:  (1485001, 'move_grasped_object', 1.0) 7756.819476669014
Out:  (1485107, '(', 1.0) 7757.234923529992
Out:  (1485129, 'right_gripper', 1.0) 7757.324479485018
Out:  (1485174, 'table', 1.0) 7757.526591143018
Out:  (1485219, 'true', 1.0) 7757.726539558003
Out:  (1485247, ')', 1.0) 7757.846144840005
Out:  (1486369, 'release', 1.0) 7763.592601215991
Out:  (1486475, '(', 1.0) 7764.005819418002
Out:  (1486497, 'right_gripper', 1.0) 7764.098223826004
Out:  (1486525, ')', 1.0) 7764.221057120012
Out:  (1486931, '+--<', 1.0) 7766.162979106011
Out:  (1487149, '+--<', 1.0) 7767.293010849011
Out:  (1488102, 'move_object', 1.0) 7772.325395376014
Out:  (1488208, '(', 1.0) 7772.742160850001
Out:  (1488230, 'A_blk2', 1.0) 7772.832055328996
Out:  (1488275, 'table', 1.0) 7773.035889524006
Out:  (1488320, 'true', 1.0) 7773.235879842017
Out:  (1488348, ')', 1.0) 7773.355376952997
Out:  (1488725, '+-->', 1.0) 7775.2001808460045
Out:  (1490582, 'move_arm_and_grasp', 1.0) 7785.132456352992
Out:  (1490688, '(', 1.0) 7785.55118199499
Out:  (1490710, 'right_gripper', 1.0) 7785.639464840991
Out:  (1490755, 'A_blk2', 1.0) 7785.841463015007
Out:  (1490783, ')', 1.0) 7785.961344486015
Out:  (1491905, 'put_down_grasped_object', 1.0) 7791.731145172991
Out:  (1492011, '(', 1.0) 7792.141488480993
Out:  (1492033, 'right_gripper', 1.0) 7792.227301581996
Out:  (1492078, 'table', 1.0) 7792.423861026997
Out:  (1492123, 'true', 1.0) 7792.622950209014
Out:  (1492151, ')', 1.0) 7792.739449325018
Out:  (1492528, '+-->', 1.0) 7794.5802778890065
Out:  (1494385, 'move_grasped_object', 1.0) 7804.5060295099975
Out:  (1494491, '(', 1.0) 7804.9225670300075
Out:  (1494513, 'right_gripper', 1.0) 7805.010365052993
Out:  (1494558, 'table', 1.0) 7805.209208254993
Out:  (1494603, 'true', 1.0) 7805.410551422014
Out:  (1494631, ')', 1.0) 7805.529811171
Out:  (1495753, 'release', 1.0) 7811.281922449998
Out:  (1495859, '(', 1.0) 7811.703243622003
Out:  (1495881, 'right_gripper', 1.0) 7811.792771923996
Out:  (1495909, ')', 1.0) 7811.909424640005
Out:  (1496315, '+--<', 1.0) 7813.850369705993
Out:  (1496533, '+--<', 1.0) 7814.970459061005
Out:  (1497486, 'move_object', 1.0) 7819.990742583992
Out:  (1497592, '(', 1.0) 7820.397104191012
Out:  (1497614, 'M_blk6', 1.0) 7820.484588268009
Out:  (1497659, 'A_blk2', 1.0) 7820.680608430004
Out:  (1497704, 'false', 1.0) 7820.875838280015
Out:  (1497732, ')', 1.0) 7820.995269940991
Out:  (1498109, '+-->', 1.0) 7822.828992433002
Out:  (1499966, 'move_arm_and_grasp', 1.0) 7832.727241867018
Out:  (1500072, '(', 1.0) 7833.137042521004
Out:  (1500094, 'right_gripper', 1.0) 7833.227051854017
Out:  (1500139, 'M_blk6', 1.0) 7833.429369819001
Out:  (1500167, ')', 1.0) 7833.549649471999
Out:  (1501289, 'put_down_grasped_object', 1.0) 7839.255463089998
Out:  (1501395, '(', 1.0) 7839.663169483014
Out:  (1501417, 'right_gripper', 1.0) 7839.751417498017
Out:  (1501462, 'A_blk2', 1.0) 7839.952318316005
Out:  (1501507, 'false', 1.0) 7840.147888005013
Out:  (1501535, ')', 1.0) 7840.267150674015
Out:  (1501912, '+-->', 1.0) 7842.0908192060015
Out:  (1503769, 'move_grasped_object', 1.0) 7851.982283616002
Out:  (1503875, '(', 1.0) 7852.394618721999
Out:  (1503897, 'right_gripper', 1.0) 7852.482947492012
Out:  (1503942, 'A_blk2', 1.0) 7852.683211582014
Out:  (1503987, 'false', 1.0) 7852.881895619008
Out:  (1504015, ')', 1.0) 7852.999676592997
Out:  (1505137, 'release', 1.0) 7858.782014797005
Out:  (1505243, '(', 1.0) 7859.198594999005
Out:  (1505265, 'right_gripper', 1.0) 7859.288337801001
Out:  (1505293, ')', 1.0) 7859.407895395008
Out:  (1505699, '+--<', 1.0) 7861.346650824009
Out:  (1505917, '+--<', 1.0) 7862.474255045992
Out:  (1506870, 'move_object', 1.0) 7867.517430773005
Out:  (1506976, '(', 1.0) 7867.934591774014
Out:  (1506998, 'U_blk5', 1.0) 7868.022252775991
Out:  (1507043, 'A_blk2', 1.0) 7868.221217047016
Out:  (1507088, 'false', 1.0) 7868.420234654011
Out:  (1507116, ')', 1.0) 7868.5365057860035
Out:  (1507493, '+-->', 1.0) 7870.344628127001
Out:  (1509350, 'move_arm_and_grasp', 1.0) 7880.235805895994
Out:  (1509456, '(', 1.0) 7880.654394701007
Out:  (1509478, 'right_gripper', 1.0) 7880.744802285015
Out:  (1509523, 'U_blk5', 1.0) 7880.947248806013
Out:  (1509551, ')', 1.0) 7881.066775932995
Out:  (1510673, 'put_down_grasped_object', 1.0) 7886.82396440499
Out:  (1510779, '(', 1.0) 7887.239437381999
Out:  (1510801, 'right_gripper', 1.0) 7887.328659713006
Out:  (1510846, 'A_blk2', 1.0) 7887.532626205008
Out:  (1510891, 'false', 1.0) 7887.730127843999
Out:  (1510919, ')', 1.0) 7887.84831339799
Out:  (1511296, '+-->', 1.0) 7889.678862492001
Out:  (1513153, 'move_grasped_object', 1.0) 7899.5957225430175
Out:  (1513259, '(', 1.0) 7900.007183428999
Out:  (1513281, 'right_gripper', 1.0) 7900.096112981992
Out:  (1513326, 'A_blk2', 1.0) 7900.296538238996
Out:  (1513371, 'false', 1.0) 7900.495942347014
Out:  (1513399, ')', 1.0) 7900.618857074005
Out:  (1514521, 'release', 1.0) 7906.353224666003
Out:  (1514627, '(', 1.0) 7906.761911295995
Out:  (1514649, 'right_gripper', 1.0) 7906.85011244801
Out:  (1514677, ')', 1.0) 7906.967612815002
Out:  (1515083, '+--<', 1.0) 7908.8997482260165
Out:  (1515301, '+--<', 1.0) 7910.01831720199
Out:  (1516254, 'move_object', 1.0) 7915.025833123014
Out:  (1516360, '(', 1.0) 7915.437676205009
Out:  (1516382, 'A_blk1', 1.0) 7915.526198300009
Out:  (1516427, 'A_blk2', 1.0) 7915.728038191999
Out:  (1516472, 'true', 1.0) 7915.924837272993
Out:  (1516500, ')', 1.0) 7916.044431866001
Out:  (1516877, '+-->', 1.0) 7917.867438270012
Out:  (1518734, 'move_arm_and_grasp', 1.0) 7927.794431226997
Out:  (1518840, '(', 1.0) 7928.208744058007
Out:  (1518862, 'right_gripper', 1.0) 7928.296940169996
Out:  (1518907, 'A_blk1', 1.0) 7928.495978212013
Out:  (1518935, ')', 1.0) 7928.61575154899
Out:  (1520057, 'put_down_grasped_object', 1.0) 7934.345728451997
Out:  (1520163, '(', 1.0) 7934.761312131013
Out:  (1520185, 'right_gripper', 1.0) 7934.850791008008
Out:  (1520230, 'A_blk2', 1.0) 7935.052327247016
Out:  (1520275, 'true', 1.0) 7935.246160203998
Out:  (1520303, ')', 1.0) 7935.365460122004
Out:  (1520680, '+-->', 1.0) 7937.19173286701
Out:  (1522537, 'move_grasped_object', 1.0) 7947.059924722009
Out:  (1522643, '(', 1.0) 7947.4697184950055
Out:  (1522665, 'right_gripper', 1.0) 7947.557592091005
Out:  (1522710, 'A_blk2', 1.0) 7947.756812067993
Out:  (1522755, 'true', 1.0) 7947.959357564017
Out:  (1522783, ')', 1.0) 7948.078527767997
Out:  (1523905, 'release', 1.0) 7953.827971855993
Out:  (1524011, '(', 1.0) 7954.244576986006
Out:  (1524033, 'right_gripper', 1.0) 7954.334388699994
Out:  (1524061, ')', 1.0) 7954.453341760993
Out:  (1524467, '+--<', 1.0) 7956.380012422014
Out:  (1524685, '+--<', 1.0) 7957.505150573008
Out:  (1525638, 'move_object', 1.0) 7962.535071579012
Out:  (1525744, '(', 1.0) 7962.951418807992
Out:  (1525766, 'I_blk1', 1.0) 7963.040689443995
Out:  (1525811, 'table', 1.0) 7963.238330602006
Out:  (1525856, 'true', 1.0) 7963.437051479006
Out:  (1525884, ')', 1.0) 7963.553730562009
Out:  (1526261, '+-->', 1.0) 7965.37343715399
Out:  (1528118, 'move_arm_and_grasp', 1.0) 7975.199994088995
Out:  (1528224, '(', 1.0) 7975.6113896759925
Out:  (1528246, 'right_gripper', 1.0) 7975.696842689998
Out:  (1528291, 'I_blk1', 1.0) 7975.893147494993
Out:  (1528319, ')', 1.0) 7976.012017722009
Out:  (1529441, 'put_down_grasped_object', 1.0) 7981.708312814997
Out:  (1529547, '(', 1.0) 7982.1147847269895
Out:  (1529569, 'right_gripper', 1.0) 7982.199903536006
Out:  (1529614, 'table', 1.0) 7982.39504728801
Out:  (1529659, 'true', 1.0) 7982.592342933
Out:  (1529687, ')', 1.0) 7982.710510281991
Out:  (1530064, '+-->', 1.0) 7984.520670454018
Out:  (1531921, 'move_grasped_object', 1.0) 7994.375147760002
Out:  (1532027, '(', 1.0) 7994.784736033005
Out:  (1532049, 'right_gripper', 1.0) 7994.872641130001
Out:  (1532094, 'table', 1.0) 7995.072217081994
Out:  (1532139, 'true', 1.0) 7995.270666024997
Out:  (1532167, ')', 1.0) 7995.389631658996
Out:  (1533289, 'release', 1.0) 8001.114470182016
Out:  (1533395, '(', 1.0) 8001.534492195002
Out:  (1533417, 'right_gripper', 1.0) 8001.625605267996
Out:  (1533445, ')', 1.0) 8001.74837823899
Out:  (1533851, '+--<', 1.0) 8003.684661925014
Out:  (1534069, '+--<', 1.0) 8004.802899286995
Out:  (1535022, 'move_object', 1.0) 8009.828545432014
Out:  (1535128, '(', 1.0) 8010.247349212004
Out:  (1535150, 'M_blk3', 1.0) 8010.336084614013
Out:  (1535195, 'I_blk1', 1.0) 8010.541170384007
Out:  (1535240, 'false', 1.0) 8010.7371992499975
Out:  (1535268, ')', 1.0) 8010.85926979201
Out:  (1535645, '+-->', 1.0) 8012.689771185018
Out:  (1537502, 'move_arm_and_grasp', 1.0) 8022.586223673017
Out:  (1537608, '(', 1.0) 8023.0053126970015
Out:  (1537630, 'right_gripper', 1.0) 8023.093091139017
Out:  (1537675, 'M_blk3', 1.0) 8023.293855932017
Out:  (1537703, ')', 1.0) 8023.413753561996
Out:  (1538825, 'put_down_grasped_object', 1.0) 8029.159698091011
Out:  (1538931, '(', 1.0) 8029.565736485005
Out:  (1538953, 'right_gripper', 1.0) 8029.653704058001
Out:  (1538998, 'I_blk1', 1.0) 8029.85293791999
Out:  (1539043, 'false', 1.0) 8030.049338687997
Out:  (1539071, ')', 1.0) 8030.1666271089925
Out:  (1539448, '+-->', 1.0) 8031.9915602070105
Out:  (1541305, 'move_grasped_object', 1.0) 8041.903969667008
Out:  (1541411, '(', 1.0) 8042.315548384999
Out:  (1541433, 'right_gripper', 1.0) 8042.406259465002
Out:  (1541478, 'I_blk1', 1.0) 8042.608975172014
Out:  (1541523, 'false', 1.0) 8042.80829702699
Out:  (1541551, ')', 1.0) 8042.926305550005
Out:  (1542673, 'release', 1.0) 8048.684959011996
Out:  (1542779, '(', 1.0) 8049.102460975002
Out:  (1542801, 'right_gripper', 1.0) 8049.190042372007
Out:  (1542829, ')', 1.0) 8049.306518600002
Out:  (1543235, '+--<', 1.0) 8051.227367640007
Out:  (1543453, '+--<', 1.0) 8052.361832201015
Out:  (1544406, 'move_object', 1.0) 8057.3874863279925
Out:  (1544512, '(', 1.0) 8057.801034183998
Out:  (1544534, 'M_blk4', 1.0) 8057.886994461995
Out:  (1544579, 'M_blk3', 1.0) 8058.086430124997
Out:  (1544624, 'false', 1.0) 8058.288063343003
Out:  (1544652, ')', 1.0) 8058.407904359017
Out:  (1545029, '+-->', 1.0) 8060.248481974006
Out:  (1546886, 'move_arm_and_grasp', 1.0) 8070.103654731007
Out:  (1546992, '(', 1.0) 8070.514343585994
Out:  (1547014, 'right_gripper', 1.0) 8070.599999688013
Out:  (1547059, 'M_blk4', 1.0) 8070.796227678016
Out:  (1547087, ')', 1.0) 8070.913588980999
Out:  (1548209, 'put_down_grasped_object', 1.0) 8076.629276879015
Out:  (1548315, '(', 1.0) 8077.041956739005
Out:  (1548337, 'right_gripper', 1.0) 8077.129825932003
Out:  (1548382, 'M_blk3', 1.0) 8077.330639916996
Out:  (1548427, 'false', 1.0) 8077.52987258599
Out:  (1548455, ')', 1.0) 8077.650170192006
Out:  (1548832, '+-->', 1.0) 8079.4957775440125
Out:  (1550689, 'move_grasped_object', 1.0) 8089.397728878015
Out:  (1550795, '(', 1.0) 8089.817136414
Out:  (1550817, 'right_gripper', 1.0) 8089.904562662006
Out:  (1550862, 'M_blk3', 1.0) 8090.105231833004
Out:  (1550907, 'false', 1.0) 8090.304658865003
Out:  (1550935, ')', 1.0) 8090.422952501016
Out:  (1552057, 'release', 1.0) 8096.191418953007
Out:  (1552163, '(', 1.0) 8096.610039708001
Out:  (1552185, 'right_gripper', 1.0) 8096.6975900130055
Out:  (1552213, ')', 1.0) 8096.815147429996
Out:  (1552619, '+--<', 1.0) 8098.7504853869905
Out:  (1552837, '+--<', 1.0) 8099.873278807005
Out:  (1553790, 'move_object', 1.0) 8104.9098093720095
Out:  (1553896, '(', 1.0) 8105.326595332008
Out:  (1553918, 'I_blk2', 1.0) 8105.417020415014
Out:  (1553963, 'M_blk4', 1.0) 8105.616148511996
Out:  (1554008, 'false', 1.0) 8105.818211698992
Out:  (1554036, ')', 1.0) 8105.937747859018
Out:  (1554413, '+-->', 1.0) 8107.781734960998
Out:  (1556270, 'move_arm_and_grasp', 1.0) 8117.683009536006
Out:  (1556376, '(', 1.0) 8118.089531520993
Out:  (1556398, 'right_gripper', 1.0) 8118.174765672011
Out:  (1556443, 'I_blk2', 1.0) 8118.371185552998
Out:  (1556471, ')', 1.0) 8118.4903246879985
Out:  (1557593, 'put_down_grasped_object', 1.0) 8124.223516597995
Out:  (1557699, '(', 1.0) 8124.6300014480075
Out:  (1557721, 'right_gripper', 1.0) 8124.717180898995
Out:  (1557766, 'M_blk4', 1.0) 8124.918276412995
Out:  (1557811, 'false', 1.0) 8125.114033576014
Out:  (1557839, ')', 1.0) 8125.231389366003
Out:  (1558216, '+-->', 1.0) 8127.048579530005
Out:  (1560073, 'move_grasped_object', 1.0) 8136.94786697501
Out:  (1560179, '(', 1.0) 8137.360211493011
Out:  (1560201, 'right_gripper', 1.0) 8137.449608761992
Out:  (1560246, 'M_blk4', 1.0) 8137.651087881997
Out:  (1560291, 'false', 1.0) 8137.847546675999
Out:  (1560319, ')', 1.0) 8137.965675445012
Out:  (1561441, 'release', 1.0) 8143.665110044996
Out:  (1561547, '(', 1.0) 8144.0765353300085
Out:  (1561569, 'right_gripper', 1.0) 8144.164129437995
Out:  (1561597, ')', 1.0) 8144.283046974015
Out:  (1562003, '+--<', 1.0) 8146.211334148014
Out:  (1562221, '+--<', 1.0) 8147.342327933991
Out:  (1562560, 'done', 1.0) 8148.953256361012
output:
(94334, '~~~~~~~~~~~~~~~~~~~~~~~~~~~~~~~~~~~~~~~~~~~~~~~', 1.0)
(99779, '=====-PROCESS_ACTION-=====', 1.0)
(99942, 'move_arm_and_grasp', 1.0)
(138473, '~~~~~~~~~~~~~~~~~~~~~~~~~~~~~~~~~~~~~~~~~~~~~~~', 1.0)
(143918, '=====-PROCESS_ACTION-=====', 1.0)
(144081, 'move_grasped_object', 1.0)
(170760, '~~~~~~~~~~~~~~~~~~~~~~~~~~~~~~~~~~~~~~~~~~~~~~~', 1.0)
(176205, '=====-PROCESS_ACTION-=====', 1.0)
(176368, 'release', 1.0)
(190920, '=====-PROCESS_ACTION-=====', 1.0)
(191083, 'put_down_grasped_object', 1.0)
(208692, '=====-PROCESS_ACTION-=====', 1.0)
(208855, 'move_object', 1.0)
(230231, '~~~~~~~~~~~~~~~~~~~~~~~~~~~~~~~~~~~~~~~~~~~~~~~', 1.0)
(235676, '=====-PROCESS_ACTION-=====', 1.0)
(235839, 'move_arm_and_grasp', 1.0)
(274448, '~~~~~~~~~~~~~~~~~~~~~~~~~~~~~~~~~~~~~~~~~~~~~~~', 1.0)
(279893, '=====-PROCESS_ACTION-=====', 1.0)
(280056, 'move_grasped_object', 1.0)
(306787, '~~~~~~~~~~~~~~~~~~~~~~~~~~~~~~~~~~~~~~~~~~~~~~~', 1.0)
(312232, '=====-PROCESS_ACTION-=====', 1.0)
(312395, 'release', 1.0)
(326993, '=====-PROCESS_ACTION-=====', 1.0)
(327156, 'put_down_grasped_object', 1.0)
(344970, '=====-PROCESS_ACTION-=====', 1.0)
(345133, 'move_object', 1.0)
(366535, '~~~~~~~~~~~~~~~~~~~~~~~~~~~~~~~~~~~~~~~~~~~~~~~', 1.0)
(371980, '=====-PROCESS_ACTION-=====', 1.0)
(372143, 'move_arm_and_grasp', 1.0)
(410830, '~~~~~~~~~~~~~~~~~~~~~~~~~~~~~~~~~~~~~~~~~~~~~~~', 1.0)
(416275, '=====-PROCESS_ACTION-=====', 1.0)
(416438, 'move_grasped_object', 1.0)
(443221, '~~~~~~~~~~~~~~~~~~~~~~~~~~~~~~~~~~~~~~~~~~~~~~~', 1.0)
(448666, '=====-PROCESS_ACTION-=====', 1.0)
(448829, 'release', 1.0)
(463473, '=====-PROCESS_ACTION-=====', 1.0)
(463636, 'put_down_grasped_object', 1.0)
(481496, '=====-PROCESS_ACTION-=====', 1.0)
(481659, 'move_object', 1.0)
(503087, '~~~~~~~~~~~~~~~~~~~~~~~~~~~~~~~~~~~~~~~~~~~~~~~', 1.0)
(508532, '=====-PROCESS_ACTION-=====', 1.0)
(508695, 'move_arm_and_grasp', 1.0)
(547460, '~~~~~~~~~~~~~~~~~~~~~~~~~~~~~~~~~~~~~~~~~~~~~~~', 1.0)
(552905, '=====-PROCESS_ACTION-=====', 1.0)
(553068, 'move_grasped_object', 1.0)
(579903, '~~~~~~~~~~~~~~~~~~~~~~~~~~~~~~~~~~~~~~~~~~~~~~~', 1.0)
(585348, '=====-PROCESS_ACTION-=====', 1.0)
(585511, 'release', 1.0)
(600201, '=====-PROCESS_ACTION-=====', 1.0)
(600364, 'put_down_grasped_object', 1.0)
(618270, '=====-PROCESS_ACTION-=====', 1.0)
(618433, 'move_object', 1.0)
(639887, '~~~~~~~~~~~~~~~~~~~~~~~~~~~~~~~~~~~~~~~~~~~~~~~', 1.0)
(645332, '=====-PROCESS_ACTION-=====', 1.0)
(645495, 'move_arm_and_grasp', 1.0)
(684338, '~~~~~~~~~~~~~~~~~~~~~~~~~~~~~~~~~~~~~~~~~~~~~~~', 1.0)
(689783, '=====-PROCESS_ACTION-=====', 1.0)
(689946, 'move_grasped_object', 1.0)
(716833, '~~~~~~~~~~~~~~~~~~~~~~~~~~~~~~~~~~~~~~~~~~~~~~~', 1.0)
(722278, '=====-PROCESS_ACTION-=====', 1.0)
(722441, 'release', 1.0)
(737177, '=====-PROCESS_ACTION-=====', 1.0)
(737340, 'put_down_grasped_object', 1.0)
(755292, '=====-PROCESS_ACTION-=====', 1.0)
(755455, 'move_object', 1.0)
(776935, '~~~~~~~~~~~~~~~~~~~~~~~~~~~~~~~~~~~~~~~~~~~~~~~', 1.0)
(782380, '=====-PROCESS_ACTION-=====', 1.0)
(782543, 'move_arm_and_grasp', 1.0)
(821464, '~~~~~~~~~~~~~~~~~~~~~~~~~~~~~~~~~~~~~~~~~~~~~~~', 1.0)
(826909, '=====-PROCESS_ACTION-=====', 1.0)
(827072, 'move_grasped_object', 1.0)
(854011, '~~~~~~~~~~~~~~~~~~~~~~~~~~~~~~~~~~~~~~~~~~~~~~~', 1.0)
(859456, '=====-PROCESS_ACTION-=====', 1.0)
(859619, 'release', 1.0)
(874401, '=====-PROCESS_ACTION-=====', 1.0)
(874564, 'put_down_grasped_object', 1.0)
(892562, '=====-PROCESS_ACTION-=====', 1.0)
(892725, 'move_object', 1.0)
(914231, '~~~~~~~~~~~~~~~~~~~~~~~~~~~~~~~~~~~~~~~~~~~~~~~', 1.0)
(919676, '=====-PROCESS_ACTION-=====', 1.0)
(919839, 'move_arm_and_grasp', 1.0)
(958838, '~~~~~~~~~~~~~~~~~~~~~~~~~~~~~~~~~~~~~~~~~~~~~~~', 1.0)
(964283, '=====-PROCESS_ACTION-=====', 1.0)
(964446, 'move_grasped_object', 1.0)
(991437, '~~~~~~~~~~~~~~~~~~~~~~~~~~~~~~~~~~~~~~~~~~~~~~~', 1.0)
(996882, '=====-PROCESS_ACTION-=====', 1.0)
(997045, 'release', 1.0)
(1011873, '=====-PROCESS_ACTION-=====', 1.0)
(1012036, 'put_down_grasped_object', 1.0)
(1030080, '=====-PROCESS_ACTION-=====', 1.0)
(1030243, 'move_object', 1.0)
(1051775, '~~~~~~~~~~~~~~~~~~~~~~~~~~~~~~~~~~~~~~~~~~~~~~~', 1.0)
(1057220, '=====-PROCESS_ACTION-=====', 1.0)
(1057383, 'move_arm_and_grasp', 1.0)
(1096460, '~~~~~~~~~~~~~~~~~~~~~~~~~~~~~~~~~~~~~~~~~~~~~~~', 1.0)
(1101905, '=====-PROCESS_ACTION-=====', 1.0)
(1102068, 'move_grasped_object', 1.0)
(1129111, '~~~~~~~~~~~~~~~~~~~~~~~~~~~~~~~~~~~~~~~~~~~~~~~', 1.0)
(1134556, '=====-PROCESS_ACTION-=====', 1.0)
(1134719, 'release', 1.0)
(1149593, '=====-PROCESS_ACTION-=====', 1.0)
(1149756, 'put_down_grasped_object', 1.0)
(1167846, '=====-PROCESS_ACTION-=====', 1.0)
(1168009, 'move_object', 1.0)
(1189567, '~~~~~~~~~~~~~~~~~~~~~~~~~~~~~~~~~~~~~~~~~~~~~~~', 1.0)
(1195012, '=====-PROCESS_ACTION-=====', 1.0)
(1195175, 'move_arm_and_grasp', 1.0)
(1234330, '~~~~~~~~~~~~~~~~~~~~~~~~~~~~~~~~~~~~~~~~~~~~~~~', 1.0)
(1239775, '=====-PROCESS_ACTION-=====', 1.0)
(1239938, 'move_grasped_object', 1.0)
(1267033, '~~~~~~~~~~~~~~~~~~~~~~~~~~~~~~~~~~~~~~~~~~~~~~~', 1.0)
(1272478, '=====-PROCESS_ACTION-=====', 1.0)
(1272641, 'release', 1.0)
(1287561, '=====-PROCESS_ACTION-=====', 1.0)
(1287724, 'put_down_grasped_object', 1.0)
(1305860, '=====-PROCESS_ACTION-=====', 1.0)
(1306023, 'move_object', 1.0)
(1327607, '~~~~~~~~~~~~~~~~~~~~~~~~~~~~~~~~~~~~~~~~~~~~~~~', 1.0)
(1333052, '=====-PROCESS_ACTION-=====', 1.0)
(1333215, 'move_arm_and_grasp', 1.0)
(1372448, '~~~~~~~~~~~~~~~~~~~~~~~~~~~~~~~~~~~~~~~~~~~~~~~', 1.0)
(1377893, '=====-PROCESS_ACTION-=====', 1.0)
(1378056, 'move_grasped_object', 1.0)
(1405203, '~~~~~~~~~~~~~~~~~~~~~~~~~~~~~~~~~~~~~~~~~~~~~~~', 1.0)
(1410648, '=====-PROCESS_ACTION-=====', 1.0)
(1410811, 'release', 1.0)
(1425777, '=====-PROCESS_ACTION-=====', 1.0)
(1425940, 'put_down_grasped_object', 1.0)
(1444122, '=====-PROCESS_ACTION-=====', 1.0)
(1444285, 'move_object', 1.0)
(1458294, '___', 1.0)
(1458455, 'EXPLANATION', 1.0)
(1458616, '___', 1.0)
(1469334, 'move_object', 1.0)
(1469440, '(', 1.0)
(1469462, 'U_blk3', 1.0)
(1469507, 'table', 1.0)
(1469552, 'true', 1.0)
(1469580, ')', 1.0)
(1469957, '+-->', 1.0)
(1471814, 'move_arm_and_grasp', 1.0)
(1471920, '(', 1.0)
(1471942, 'right_gripper', 1.0)
(1471987, 'U_blk3', 1.0)
(1472015, ')', 1.0)
(1473137, 'put_down_grasped_object', 1.0)
(1473243, '(', 1.0)
(1473265, 'right_gripper', 1.0)
(1473310, 'table', 1.0)
(1473355, 'true', 1.0)
(1473383, ')', 1.0)
(1473760, '+-->', 1.0)
(1475617, 'move_grasped_object', 1.0)
(1475723, '(', 1.0)
(1475745, 'right_gripper', 1.0)
(1475790, 'table', 1.0)
(1475835, 'true', 1.0)
(1475863, ')', 1.0)
(1476985, 'release', 1.0)
(1477091, '(', 1.0)
(1477113, 'right_gripper', 1.0)
(1477141, ')', 1.0)
(1477547, '+--<', 1.0)
(1477765, '+--<', 1.0)
(1478718, 'move_object', 1.0)
(1478824, '(', 1.0)
(1478846, 'U_blk4', 1.0)
(1478891, 'table', 1.0)
(1478936, 'true', 1.0)
(1478964, ')', 1.0)
(1479341, '+-->', 1.0)
(1481198, 'move_arm_and_grasp', 1.0)
(1481304, '(', 1.0)
(1481326, 'right_gripper', 1.0)
(1481371, 'U_blk4', 1.0)
(1481399, ')', 1.0)
(1482521, 'put_down_grasped_object', 1.0)
(1482627, '(', 1.0)
(1482649, 'right_gripper', 1.0)
(1482694, 'table', 1.0)
(1482739, 'true', 1.0)
(1482767, ')', 1.0)
(1483144, '+-->', 1.0)
(1485001, 'move_grasped_object', 1.0)
(1485107, '(', 1.0)
(1485129, 'right_gripper', 1.0)
(1485174, 'table', 1.0)
(1485219, 'true', 1.0)
(1485247, ')', 1.0)
(1486369, 'release', 1.0)
(1486475, '(', 1.0)
(1486497, 'right_gripper', 1.0)
(1486525, ')', 1.0)
(1486931, '+--<', 1.0)
(1487149, '+--<', 1.0)
(1488102, 'move_object', 1.0)
(1488208, '(', 1.0)
(1488230, 'A_blk2', 1.0)
(1488275, 'table', 1.0)
(1488320, 'true', 1.0)
(1488348, ')', 1.0)
(1488725, '+-->', 1.0)
(1490582, 'move_arm_and_grasp', 1.0)
(1490688, '(', 1.0)
(1490710, 'right_gripper', 1.0)
(1490755, 'A_blk2', 1.0)
(1490783, ')', 1.0)
(1491905, 'put_down_grasped_object', 1.0)
(1492011, '(', 1.0)
(1492033, 'right_gripper', 1.0)
(1492078, 'table', 1.0)
(1492123, 'true', 1.0)
(1492151, ')', 1.0)
(1492528, '+-->', 1.0)
(1494385, 'move_grasped_object', 1.0)
(1494491, '(', 1.0)
(1494513, 'right_gripper', 1.0)
(1494558, 'table', 1.0)
(1494603, 'true', 1.0)
(1494631, ')', 1.0)
(1495753, 'release', 1.0)
(1495859, '(', 1.0)
(1495881, 'right_gripper', 1.0)
(1495909, ')', 1.0)
(1496315, '+--<', 1.0)
(1496533, '+--<', 1.0)
(1497486, 'move_object', 1.0)
(1497592, '(', 1.0)
(1497614, 'M_blk6', 1.0)
(1497659, 'A_blk2', 1.0)
(1497704, 'false', 1.0)
(1497732, ')', 1.0)
(1498109, '+-->', 1.0)
(1499966, 'move_arm_and_grasp', 1.0)
(1500072, '(', 1.0)
(1500094, 'right_gripper', 1.0)
(1500139, 'M_blk6', 1.0)
(1500167, ')', 1.0)
(1501289, 'put_down_grasped_object', 1.0)
(1501395, '(', 1.0)
(1501417, 'right_gripper', 1.0)
(1501462, 'A_blk2', 1.0)
(1501507, 'false', 1.0)
(1501535, ')', 1.0)
(1501912, '+-->', 1.0)
(1503769, 'move_grasped_object', 1.0)
(1503875, '(', 1.0)
(1503897, 'right_gripper', 1.0)
(1503942, 'A_blk2', 1.0)
(1503987, 'false', 1.0)
(1504015, ')', 1.0)
(1505137, 'release', 1.0)
(1505243, '(', 1.0)
(1505265, 'right_gripper', 1.0)
(1505293, ')', 1.0)
(1505699, '+--<', 1.0)
(1505917, '+--<', 1.0)
(1506870, 'move_object', 1.0)
(1506976, '(', 1.0)
(1506998, 'U_blk5', 1.0)
(1507043, 'A_blk2', 1.0)
(1507088, 'false', 1.0)
(1507116, ')', 1.0)
(1507493, '+-->', 1.0)
(1509350, 'move_arm_and_grasp', 1.0)
(1509456, '(', 1.0)
(1509478, 'right_gripper', 1.0)
(1509523, 'U_blk5', 1.0)
(1509551, ')', 1.0)
(1510673, 'put_down_grasped_object', 1.0)
(1510779, '(', 1.0)
(1510801, 'right_gripper', 1.0)
(1510846, 'A_blk2', 1.0)
(1510891, 'false', 1.0)
(1510919, ')', 1.0)
(1511296, '+-->', 1.0)
(1513153, 'move_grasped_object', 1.0)
(1513259, '(', 1.0)
(1513281, 'right_gripper', 1.0)
(1513326, 'A_blk2', 1.0)
(1513371, 'false', 1.0)
(1513399, ')', 1.0)
(1514521, 'release', 1.0)
(1514627, '(', 1.0)
(1514649, 'right_gripper', 1.0)
(1514677, ')', 1.0)
(1515083, '+--<', 1.0)
(1515301, '+--<', 1.0)
(1516254, 'move_object', 1.0)
(1516360, '(', 1.0)
(1516382, 'A_blk1', 1.0)
(1516427, 'A_blk2', 1.0)
(1516472, 'true', 1.0)
(1516500, ')', 1.0)
(1516877, '+-->', 1.0)
(1518734, 'move_arm_and_grasp', 1.0)
(1518840, '(', 1.0)
(1518862, 'right_gripper', 1.0)
(1518907, 'A_blk1', 1.0)
(1518935, ')', 1.0)
(1520057, 'put_down_grasped_object', 1.0)
(1520163, '(', 1.0)
(1520185, 'right_gripper', 1.0)
(1520230, 'A_blk2', 1.0)
(1520275, 'true', 1.0)
(1520303, ')', 1.0)
(1520680, '+-->', 1.0)
(1522537, 'move_grasped_object', 1.0)
(1522643, '(', 1.0)
(1522665, 'right_gripper', 1.0)
(1522710, 'A_blk2', 1.0)
(1522755, 'true', 1.0)
(1522783, ')', 1.0)
(1523905, 'release', 1.0)
(1524011, '(', 1.0)
(1524033, 'right_gripper', 1.0)
(1524061, ')', 1.0)
(1524467, '+--<', 1.0)
(1524685, '+--<', 1.0)
(1525638, 'move_object', 1.0)
(1525744, '(', 1.0)
(1525766, 'I_blk1', 1.0)
(1525811, 'table', 1.0)
(1525856, 'true', 1.0)
(1525884, ')', 1.0)
(1526261, '+-->', 1.0)
(1528118, 'move_arm_and_grasp', 1.0)
(1528224, '(', 1.0)
(1528246, 'right_gripper', 1.0)
(1528291, 'I_blk1', 1.0)
(1528319, ')', 1.0)
(1529441, 'put_down_grasped_object', 1.0)
(1529547, '(', 1.0)
(1529569, 'right_gripper', 1.0)
(1529614, 'table', 1.0)
(1529659, 'true', 1.0)
(1529687, ')', 1.0)
(1530064, '+-->', 1.0)
(1531921, 'move_grasped_object', 1.0)
(1532027, '(', 1.0)
(1532049, 'right_gripper', 1.0)
(1532094, 'table', 1.0)
(1532139, 'true', 1.0)
(1532167, ')', 1.0)
(1533289, 'release', 1.0)
(1533395, '(', 1.0)
(1533417, 'right_gripper', 1.0)
(1533445, ')', 1.0)
(1533851, '+--<', 1.0)
(1534069, '+--<', 1.0)
(1535022, 'move_object', 1.0)
(1535128, '(', 1.0)
(1535150, 'M_blk3', 1.0)
(1535195, 'I_blk1', 1.0)
(1535240, 'false', 1.0)
(1535268, ')', 1.0)
(1535645, '+-->', 1.0)
(1537502, 'move_arm_and_grasp', 1.0)
(1537608, '(', 1.0)
(1537630, 'right_gripper', 1.0)
(1537675, 'M_blk3', 1.0)
(1537703, ')', 1.0)
(1538825, 'put_down_grasped_object', 1.0)
(1538931, '(', 1.0)
(1538953, 'right_gripper', 1.0)
(1538998, 'I_blk1', 1.0)
(1539043, 'false', 1.0)
(1539071, ')', 1.0)
(1539448, '+-->', 1.0)
(1541305, 'move_grasped_object', 1.0)
(1541411, '(', 1.0)
(1541433, 'right_gripper', 1.0)
(1541478, 'I_blk1', 1.0)
(1541523, 'false', 1.0)
(1541551, ')', 1.0)
(1542673, 'release', 1.0)
(1542779, '(', 1.0)
(1542801, 'right_gripper', 1.0)
(1542829, ')', 1.0)
(1543235, '+--<', 1.0)
(1543453, '+--<', 1.0)
(1544406, 'move_object', 1.0)
(1544512, '(', 1.0)
(1544534, 'M_blk4', 1.0)
(1544579, 'M_blk3', 1.0)
(1544624, 'false', 1.0)
(1544652, ')', 1.0)
(1545029, '+-->', 1.0)
(1546886, 'move_arm_and_grasp', 1.0)
(1546992, '(', 1.0)
(1547014, 'right_gripper', 1.0)
(1547059, 'M_blk4', 1.0)
(1547087, ')', 1.0)
(1548209, 'put_down_grasped_object', 1.0)
(1548315, '(', 1.0)
(1548337, 'right_gripper', 1.0)
(1548382, 'M_blk3', 1.0)
(1548427, 'false', 1.0)
(1548455, ')', 1.0)
(1548832, '+-->', 1.0)
(1550689, 'move_grasped_object', 1.0)
(1550795, '(', 1.0)
(1550817, 'right_gripper', 1.0)
(1550862, 'M_blk3', 1.0)
(1550907, 'false', 1.0)
(1550935, ')', 1.0)
(1552057, 'release', 1.0)
(1552163, '(', 1.0)
(1552185, 'right_gripper', 1.0)
(1552213, ')', 1.0)
(1552619, '+--<', 1.0)
(1552837, '+--<', 1.0)
(1553790, 'move_object', 1.0)
(1553896, '(', 1.0)
(1553918, 'I_blk2', 1.0)
(1553963, 'M_blk4', 1.0)
(1554008, 'false', 1.0)
(1554036, ')', 1.0)
(1554413, '+-->', 1.0)
(1556270, 'move_arm_and_grasp', 1.0)
(1556376, '(', 1.0)
(1556398, 'right_gripper', 1.0)
(1556443, 'I_blk2', 1.0)
(1556471, ')', 1.0)
(1557593, 'put_down_grasped_object', 1.0)
(1557699, '(', 1.0)
(1557721, 'right_gripper', 1.0)
(1557766, 'M_blk4', 1.0)
(1557811, 'false', 1.0)
(1557839, ')', 1.0)
(1558216, '+-->', 1.0)
(1560073, 'move_grasped_object', 1.0)
(1560179, '(', 1.0)
(1560201, 'right_gripper', 1.0)
(1560246, 'M_blk4', 1.0)
(1560291, 'false', 1.0)
(1560319, ')', 1.0)
(1561441, 'release', 1.0)
(1561547, '(', 1.0)
(1561569, 'right_gripper', 1.0)
(1561597, ')', 1.0)
(1562003, '+--<', 1.0)
(1562221, '+--<', 1.0)
(1562560, 'done', 1.0)

learned:
            mem             mem          hetero   |   online:     0 /     0 |  flashed:  1601 /  1601 |  activ_count:  95723
            mem             mem            auto   |   online:     0 /     0 |  flashed:   925 /   925 |  activ_count:  127704
            lex             mem          hetero   |   online:     0 /     0 |  flashed:   925 /   925 |  activ_count:  95061
        mem_ctx             mem          hetero   |   online:     0 /     0 |  flashed:   925 /   925 |  activ_count:  66160
             gh              op          hetero   |   online:     0 /     0 |  flashed:   617 /   617 |  activ_count:  426392
             op              op          hetero   |   online:     0 /     0 |  flashed:   615 /   615 |  activ_count:  344485
            lex              op          hetero   |   online:     0 /     0 |  flashed:   300 /   300 |  activ_count:  143570
          stack           stack            auto   |   online:     0 /     0 |  flashed:   128 /   128 |  activ_count:  24451
          stack           stack             bwd   |   online:     0 /     0 |  flashed:   128 /   128 |  activ_count:  33536
          stack           stack             fwd   |   online:     0 /     0 |  flashed:   128 /   128 |  activ_count:  34195
     data_stack      data_stack             bwd   |   online:     0 /     0 |  flashed:   128 /   128 |  activ_count:   9495
     data_stack      data_stack             fwd   |   online:     0 /     0 |  flashed:   128 /   128 |  activ_count:   9496
            mem             lex          hetero   |   online:     0 /     0 |  flashed:   125 /   125 |  activ_count:   2736
        mem_ctx             lex          hetero   |   online:     0 /     0 |  flashed:   125 /   125 |  activ_count:  35563
       bind_ctx             lex          hetero   |   online:     0 /     0 |  flashed:   125 /   125 |  activ_count:  18974
             op             lex          hetero   |   online:     0 /     0 |  flashed:   101 /   146 |  activ_count:  81906
             gh              gh          hetero   |   online:     0 /     0 |  flashed:    96 /    96 |  activ_count:  1053256
            lex             lex            auto   |   online:     0 /     0 |  flashed:    45 /    45 |  activ_count:  16662
      exc_stack       exc_stack             fwd   |   online:     0 /     0 |  flashed:    32 /    32 |  activ_count:    499
      exc_stack       exc_stack             bwd   |   online:     0 /     0 |  flashed:    32 /    32 |  activ_count:    499
      stack_ctx             lex          hetero   |   online:     0 /     0 |  flashed:    11 /    11 |  activ_count:  24451
           bind            bind          hetero   |   online:     0 /     0 |  flashed:     1 /     1 |  activ_count:   7760

Final activity states:
           bind :              def_env  1.000000
          stack :                    0  1.000000
     data_stack :                    0  1.000000
            mem :                 done  1.000000
             gh :                 halt  1.000000
            lex :            progn_end  1.000000
        mem_ctx :              main795  1.000000
       bind_ctx :           source_hyp  1.000000
      stack_ctx :                 inst  1.000000
      exc_stack :                    0  1.000000
             op :                 halt  1.000000

Gate history:
    bind_ctx       stash                         :         18                 0.0000   0.000000734223350365
          gh       learn   exc_stack      hetero :          1                 0.0004   0.000362149992724881
  data_stack       stash                         :        499                 0.0004   0.000000809236030227
       stack       stash                         :        499                 0.0009   0.000001724545432363
     mem_ctx       stash                         :        778                 0.0011   0.000001374538898095
         lex       stash                         :       1145                 0.0020   0.000001714091649377
    bind_ctx       noise                         :         18                 0.0170   0.000946014778391044
          op    activate   exc_stack      hetero :        227                 0.0389   0.000171261593532268
  data_stack    activate   exc_stack      hetero :        227                 0.0409   0.000180159806220542
        bind       stash                         :      47817                 0.0508   0.000001063388143622
          op       learn   exc_stack      hetero :        499                 0.0575   0.000115264092167496
          op       stash                         :      34694                 0.0593   0.000001709485269200
       stack    activate   exc_stack      hetero :        227                 0.0616   0.000271183450522705
          gh    activate   exc_stack      hetero :        226                 0.0630   0.000278544118880311
   exc_stack    activate   exc_stack         fwd :        499                 0.0643   0.000128820160112693
         mem       stash                         :      49958                 0.0819   0.000001639573573716
     mem_ctx       learn         lex      hetero :         18                 0.0879   0.004880622060025214
         mem       learn         lex      hetero :         18                 0.0886   0.004920439945029405
       stack     context   stack_ctx             :      24451                 0.0902   0.000003689866207766
    bind_ctx       learn         lex      hetero :         18                 0.1034   0.005744309502511492
   exc_stack    activate   exc_stack         bwd :        499                 0.1175   0.000235392844861090
       stack       learn   exc_stack      hetero :        499                 0.1221   0.000244731410595034
  data_stack       learn   exc_stack      hetero :        499                 0.1292   0.000258935697016051
        bind     context    bind_ctx             :      34366                 0.1295   0.000003768200871420
          gh    activate         mem      hetero :        270                 0.5389   0.001995932748455002
     mem_ctx       noise                         :        778                 0.8450   0.001086104022400935
          gh       learn         mem      hetero :        270                 0.8826   0.003268741066373574
         mem       noise                         :        778                 0.9326   0.001198651920472856
         mem     context     mem_ctx             :     240443                 1.3713   0.000005703034736606
        bind       noise                         :       1557                 1.6043   0.001030386573410436
   exc_stack       cycle                         :    1562617                 2.1958   0.000001405183920675
  data_stack    activate  data_stack         bwd :       9495                 2.2527   0.000237251692943191
   stack_ctx       cycle                         :    1562617                 2.5566   0.000001636093844687
  data_stack       cycle                         :    1562617                 2.6156   0.000001673882716649
          gh        bias       false             :      82969                 3.1921   0.000038473343627312
    bind_ctx       cycle                         :    1562617                 3.2114   0.000002055133123624
  data_stack    activate  data_stack         fwd :       9496                 3.2347   0.000340641820409022
       stack       cycle                         :    1562617                 4.9193   0.000003148092826650
         mem    activate         lex      hetero :       2736                 5.1193   0.001871077676015795
         lex       cycle                         :    1562617                 7.5117   0.000004807156379458
         mem    activate  data_stack      hetero :      14400                 7.5609   0.000525063540430387
          op       cycle                         :    1562617                 7.8558   0.000005027349290037
          gh       cycle                         :    1562617                 8.3419   0.000005338403334625
     mem_ctx       cycle                         :    1562617                 8.4990   0.000005438963773855
         mem       learn  data_stack      hetero :      12984                 8.6489   0.000666117752421163
         lex    activate         lex        auto :      16662                 8.6936   0.000521762451334189
       stack    activate       stack         bwd :      33536                10.2213   0.000304785668824569
          op    activate       stack      hetero :      33536                11.9055   0.000355007450212822
       stack    activate       stack         fwd :      34195                12.5531   0.000367102831789035
         lex       learn         mem      hetero :        778                12.7838   0.016431664918494893
   stack_ctx    activate         lex      hetero :      24451                14.0705   0.000575458321755385
         mem    activate        bind      hetero :       7530                16.8020   0.002231337213160589
         mem       learn         mem      hetero :       1520                18.0678   0.011886699445523462
          go       cycle                         :    1562618                19.1116   0.000012230523030452
        bind       learn        bind        auto :       3582                19.5851   0.005467640886704387
        bind       learn         mem      hetero :        362                19.6400   0.054254227336763036
         mem       learn        bind      hetero :       3582                22.1298   0.006178044839150825
        bind    activate       stack      hetero :      29563                26.9007   0.000909944662054151
          gh       learn         lex      hetero :      59622                29.7402   0.000498811990095595
          gh    activate         lex      hetero :      59622                30.2100   0.000506692165826020
        bind    activate        bind        auto :      15392                30.3085   0.001969106929723683
          gh    activate        bind      hetero :      22851                32.7193   0.001431852303227130
    bind_ctx    activate         lex      hetero :      18974                33.7135   0.001776824877259815
         mem    activate       stack      hetero :      36455                33.7251   0.000925115074588846
          op       learn       stack      hetero :      34195                33.9991   0.000994269736754606
     mem_ctx       learn         mem      hetero :        778                34.2859   0.044069251268352427
         mem       learn         mem        auto :        778                34.4332   0.044258660274914798
       stack    converge                         :      24451                39.5985   0.001619506247804961
        bind       cycle                         :    1562617                45.0601   0.000028836304761362
          op    activate         lex      hetero :      81906                45.9041   0.000560448888875579
         lex    activate          op      hetero :     143570                51.6787   0.000359954554855106
         mem       learn       stack      hetero :      31094                62.3805   0.002006191628632357
        bind    activate         mem      hetero :       3961                63.4584   0.016020810431906000
     mem_ctx    activate         lex      hetero :      35563                64.7000   0.001819307254504886
          gh       learn        bind      hetero :      23152                66.4933   0.002872032566040169
        bind       learn        bind      hetero :       1617                73.1198   0.045219434767371287
         mem       cycle                         :    1562617                76.2085   0.000048769802651943
          op    activate          op      hetero :     344485               106.3156   0.000308621996945515
        bind    activate        bind      hetero :       7760               107.5071   0.013854008981194130
        bind       learn       stack      hetero :      42256               107.5295   0.002544714644878125
          gh    activate          op      hetero :     426392               109.3170   0.000256376769733240
          gh    activate          gh      hetero :    1053256               168.4695   0.000159951098919051
         lex    activate         mem      hetero :      95061               263.2746   0.002769533032756412
          go    activate          gh      hetero :    1562618               293.3797   0.000187748810338466
         mem    activate         mem      hetero :      95723               374.0789   0.003907931710781201
     mem_ctx    activate         mem      hetero :      66160               999.9239   0.015113722127375832
         mem    converge                         :     127704              4377.9797   0.034282243769541421

Executed 1562617 timesteps in 8149.224659s

Ran test 'imitate' in 1562617 timesteps
Output:
~~~~~~~~~~~~~~~~~~~~~~~~~~~~~~~~~~~~~~~~~~~~~~~ =====-PROCESS_ACTION-===== move_arm_and_grasp ~~~~~~~~~~~~~~~~~~~~~~~~~~~~~~~~~~~~~~~~~~~~~~~ =====-PROCESS_ACTION-===== move_grasped_object ~~~~~~~~~~~~~~~~~~~~~~~~~~~~~~~~~~~~~~~~~~~~~~~ =====-PROCESS_ACTION-===== release =====-PROCESS_ACTION-===== put_down_grasped_object =====-PROCESS_ACTION-===== move_object ~~~~~~~~~~~~~~~~~~~~~~~~~~~~~~~~~~~~~~~~~~~~~~~ =====-PROCESS_ACTION-===== move_arm_and_grasp ~~~~~~~~~~~~~~~~~~~~~~~~~~~~~~~~~~~~~~~~~~~~~~~ =====-PROCESS_ACTION-===== move_grasped_object ~~~~~~~~~~~~~~~~~~~~~~~~~~~~~~~~~~~~~~~~~~~~~~~ =====-PROCESS_ACTION-===== release =====-PROCESS_ACTION-===== put_down_grasped_object =====-PROCESS_ACTION-===== move_object ~~~~~~~~~~~~~~~~~~~~~~~~~~~~~~~~~~~~~~~~~~~~~~~ =====-PROCESS_ACTION-===== move_arm_and_grasp ~~~~~~~~~~~~~~~~~~~~~~~~~~~~~~~~~~~~~~~~~~~~~~~ =====-PROCESS_ACTION-===== move_grasped_object ~~~~~~~~~~~~~~~~~~~~~~~~~~~~~~~~~~~~~~~~~~~~~~~ =====-PROCESS_ACTION-===== release =====-PROCESS_ACTION-===== put_down_grasped_object =====-PROCESS_ACTION-===== move_object ~~~~~~~~~~~~~~~~~~~~~~~~~~~~~~~~~~~~~~~~~~~~~~~ =====-PROCESS_ACTION-===== move_arm_and_grasp ~~~~~~~~~~~~~~~~~~~~~~~~~~~~~~~~~~~~~~~~~~~~~~~ =====-PROCESS_ACTION-===== move_grasped_object ~~~~~~~~~~~~~~~~~~~~~~~~~~~~~~~~~~~~~~~~~~~~~~~ =====-PROCESS_ACTION-===== release =====-PROCESS_ACTION-===== put_down_grasped_object =====-PROCESS_ACTION-===== move_object ~~~~~~~~~~~~~~~~~~~~~~~~~~~~~~~~~~~~~~~~~~~~~~~ =====-PROCESS_ACTION-===== move_arm_and_grasp ~~~~~~~~~~~~~~~~~~~~~~~~~~~~~~~~~~~~~~~~~~~~~~~ =====-PROCESS_ACTION-===== move_grasped_object ~~~~~~~~~~~~~~~~~~~~~~~~~~~~~~~~~~~~~~~~~~~~~~~ =====-PROCESS_ACTION-===== release =====-PROCESS_ACTION-===== put_down_grasped_object =====-PROCESS_ACTION-===== move_object ~~~~~~~~~~~~~~~~~~~~~~~~~~~~~~~~~~~~~~~~~~~~~~~ =====-PROCESS_ACTION-===== move_arm_and_grasp ~~~~~~~~~~~~~~~~~~~~~~~~~~~~~~~~~~~~~~~~~~~~~~~ =====-PROCESS_ACTION-===== move_grasped_object ~~~~~~~~~~~~~~~~~~~~~~~~~~~~~~~~~~~~~~~~~~~~~~~ =====-PROCESS_ACTION-===== release =====-PROCESS_ACTION-===== put_down_grasped_object =====-PROCESS_ACTION-===== move_object ~~~~~~~~~~~~~~~~~~~~~~~~~~~~~~~~~~~~~~~~~~~~~~~ =====-PROCESS_ACTION-===== move_arm_and_grasp ~~~~~~~~~~~~~~~~~~~~~~~~~~~~~~~~~~~~~~~~~~~~~~~ =====-PROCESS_ACTION-===== move_grasped_object ~~~~~~~~~~~~~~~~~~~~~~~~~~~~~~~~~~~~~~~~~~~~~~~ =====-PROCESS_ACTION-===== release =====-PROCESS_ACTION-===== put_down_grasped_object =====-PROCESS_ACTION-===== move_object ~~~~~~~~~~~~~~~~~~~~~~~~~~~~~~~~~~~~~~~~~~~~~~~ =====-PROCESS_ACTION-===== move_arm_and_grasp ~~~~~~~~~~~~~~~~~~~~~~~~~~~~~~~~~~~~~~~~~~~~~~~ =====-PROCESS_ACTION-===== move_grasped_object ~~~~~~~~~~~~~~~~~~~~~~~~~~~~~~~~~~~~~~~~~~~~~~~ =====-PROCESS_ACTION-===== release =====-PROCESS_ACTION-===== put_down_grasped_object =====-PROCESS_ACTION-===== move_object ~~~~~~~~~~~~~~~~~~~~~~~~~~~~~~~~~~~~~~~~~~~~~~~ =====-PROCESS_ACTION-===== move_arm_and_grasp ~~~~~~~~~~~~~~~~~~~~~~~~~~~~~~~~~~~~~~~~~~~~~~~ =====-PROCESS_ACTION-===== move_grasped_object ~~~~~~~~~~~~~~~~~~~~~~~~~~~~~~~~~~~~~~~~~~~~~~~ =====-PROCESS_ACTION-===== release =====-PROCESS_ACTION-===== put_down_grasped_object =====-PROCESS_ACTION-===== move_object ~~~~~~~~~~~~~~~~~~~~~~~~~~~~~~~~~~~~~~~~~~~~~~~ =====-PROCESS_ACTION-===== move_arm_and_grasp ~~~~~~~~~~~~~~~~~~~~~~~~~~~~~~~~~~~~~~~~~~~~~~~ =====-PROCESS_ACTION-===== move_grasped_object ~~~~~~~~~~~~~~~~~~~~~~~~~~~~~~~~~~~~~~~~~~~~~~~ =====-PROCESS_ACTION-===== release =====-PROCESS_ACTION-===== put_down_grasped_object =====-PROCESS_ACTION-===== move_object ___ EXPLANATION ___ move_object ( U_blk3 table true ) +--> move_arm_and_grasp ( right_gripper U_blk3 ) put_down_grasped_object ( right_gripper table true ) +--> move_grasped_object ( right_gripper table true ) release ( right_gripper ) +--< +--< move_object ( U_blk4 table true ) +--> move_arm_and_grasp ( right_gripper U_blk4 ) put_down_grasped_object ( right_gripper table true ) +--> move_grasped_object ( right_gripper table true ) release ( right_gripper ) +--< +--< move_object ( A_blk2 table true ) +--> move_arm_and_grasp ( right_gripper A_blk2 ) put_down_grasped_object ( right_gripper table true ) +--> move_grasped_object ( right_gripper table true ) release ( right_gripper ) +--< +--< move_object ( M_blk6 A_blk2 false ) +--> move_arm_and_grasp ( right_gripper M_blk6 ) put_down_grasped_object ( right_gripper A_blk2 false ) +--> move_grasped_object ( right_gripper A_blk2 false ) release ( right_gripper ) +--< +--< move_object ( U_blk5 A_blk2 false ) +--> move_arm_and_grasp ( right_gripper U_blk5 ) put_down_grasped_object ( right_gripper A_blk2 false ) +--> move_grasped_object ( right_gripper A_blk2 false ) release ( right_gripper ) +--< +--< move_object ( A_blk1 A_blk2 true ) +--> move_arm_and_grasp ( right_gripper A_blk1 ) put_down_grasped_object ( right_gripper A_blk2 true ) +--> move_grasped_object ( right_gripper A_blk2 true ) release ( right_gripper ) +--< +--< move_object ( I_blk1 table true ) +--> move_arm_and_grasp ( right_gripper I_blk1 ) put_down_grasped_object ( right_gripper table true ) +--> move_grasped_object ( right_gripper table true ) release ( right_gripper ) +--< +--< move_object ( M_blk3 I_blk1 false ) +--> move_arm_and_grasp ( right_gripper M_blk3 ) put_down_grasped_object ( right_gripper I_blk1 false ) +--> move_grasped_object ( right_gripper I_blk1 false ) release ( right_gripper ) +--< +--< move_object ( M_blk4 M_blk3 false ) +--> move_arm_and_grasp ( right_gripper M_blk4 ) put_down_grasped_object ( right_gripper M_blk3 false ) +--> move_grasped_object ( right_gripper M_blk3 false ) release ( right_gripper ) +--< +--< move_object ( I_blk2 M_blk4 false ) +--> move_arm_and_grasp ( right_gripper I_blk2 ) put_down_grasped_object ( right_gripper M_blk4 false ) +--> move_grasped_object ( right_gripper M_blk4 false ) release ( right_gripper ) +--< +--< done
