test:  imitate
args: 
           t : imitate
     kb_name : kb_il_streamlined
   demo_name : demo_swap_red_with_green_2
     verbose : True
       debug : False
     emulate : False
   integrity : False
       check : False
       ortho : True
        draw : False
       decay : 1.0
      wasted : False

Name  N  W
------------------------------------------------------------
  bind_ctx      35000  168560000   0.313967   lam = 0.125000
------------------------------------------------------------
                 ('lex', 'hetero')  0.313967 1

------------------------------------------------------------
       lex       4816  221776800   0.413091
------------------------------------------------------------
                   ('lex', 'auto')  0.043202 1
                  ('op', 'hetero')  0.011070 1
                 ('mem', 'hetero')  0.358820 1

------------------------------------------------------------
        op       1234   10071908   0.018760
------------------------------------------------------------
               ('stack', 'hetero')  0.004707 1
           ('exc_stack', 'hetero')  0.000147 1
                  ('op', 'hetero')  0.002836 1
                 ('lex', 'hetero')  0.011070 1

------------------------------------------------------------
     stack       2048   12713984   0.023682
------------------------------------------------------------
                  ('stack', 'bwd')  0.007812 1
                  ('stack', 'fwd')  0.007812 1
           ('exc_stack', 'hetero')  0.000244 1
                 ('stack', 'auto')  0.007812 1

------------------------------------------------------------
 exc_stack         64       8192   0.000015
------------------------------------------------------------
              ('exc_stack', 'bwd')  0.000008 1
              ('exc_stack', 'fwd')  0.000008 1

------------------------------------------------------------
data_stack        256     147456   0.000275
------------------------------------------------------------
           ('exc_stack', 'hetero')  0.000031 1
             ('data_stack', 'bwd')  0.000122 1
             ('data_stack', 'fwd')  0.000122 1

------------------------------------------------------------
        gh        240   19524960   0.036368
------------------------------------------------------------
           ('exc_stack', 'hetero')  0.000029 1
                  ('op', 'hetero')  0.000552 1
                 ('lex', 'hetero')  0.002153 1
                 ('mem', 'hetero')  0.017881 1
                  ('gh', 'hetero')  0.000107 1
                ('bind', 'hetero')  0.015646 1

------------------------------------------------------------
       mem      40000 4884800000   9.098649
------------------------------------------------------------
          ('data_stack', 'hetero')  0.019073 1
                   ('mem', 'auto')  2.980232 1
                 ('mem', 'hetero')  2.980232 0
                ('bind', 'hetero')  2.607703 0
               ('stack', 'hetero')  0.152588 1
                 ('lex', 'hetero')  0.358820 1

------------------------------------------------------------
      bind      35000 3921680000   7.304698
------------------------------------------------------------
               ('stack', 'hetero')  0.133514 1
                  ('bind', 'auto')  2.281740 0
                 ('mem', 'hetero')  2.607703 1
                ('bind', 'hetero')  2.281740 0

------------------------------------------------------------
 stack_ctx       2048    9863168   0.018372   lam = 0.250000
------------------------------------------------------------
                 ('lex', 'hetero')  0.018372 1

------------------------------------------------------------
   mem_ctx      40000 1792640000   3.339052   lam = 0.250000
------------------------------------------------------------
                 ('lex', 'hetero')  0.358820 1
                 ('mem', 'hetero')  2.980232 1

Total:      160706 11041786468
Device allocation:
0:      5450000000     10900000000 (10.1514 GB)
1:      5591786468     11183572936 (10.4155 GB)

Flashing gates...
Flashing                   ('go', 'gh', 'hetero')        122
  --> 0.003396
Flashing mappings...
      bind       bind     hetero            1
 stack_ctx        lex     hetero            11
 exc_stack  exc_stack        fwd            32
 exc_stack  exc_stack        bwd            32
       lex        lex       auto            45
        gh         gh     hetero            96
       mem        lex     hetero            125
  bind_ctx        lex     hetero            125
   mem_ctx        lex     hetero            125
     stack      stack        fwd            128
     stack      stack        bwd            128
     stack      stack       auto            128
data_stack data_stack        fwd            128
data_stack data_stack        bwd            128
        op        lex     hetero            146
       lex         op     hetero            300
        op         op     hetero            615
        gh         op     hetero            617
   mem_ctx        mem     hetero            925
       mem        mem       auto            925
       lex        mem     hetero            925
       mem        mem     hetero    mem_ctx 1601
Flashing                   ('gh', 'gh', 'hetero')         96
  --> 0.005509
Flashing                   ('op', 'op', 'hetero')        615
  --> 0.631289
Flashing                  ('op', 'lex', 'hetero')        146
  --> 0.734901
Flashing                   ('gh', 'op', 'hetero')        617
  --> 0.363649
Flashing                  ('lex', 'op', 'hetero')        300
  --> 0.423835
Flashing                   ('lex', 'lex', 'auto')         45
  --> 0.263397
Flashing               ('bind', 'bind', 'hetero')          1
  --> 0.762884
Flashing             ('mem_ctx', 'mem', 'hetero')        925
  --> 237.253188
Flashing                 ('mem', 'mem', 'hetero')       1601
  --> 72.847104
Flashing                   ('mem', 'mem', 'auto')        925
  --> 230.799096
Flashing                 ('lex', 'mem', 'hetero')        925
  --> 42.549728
Flashing                 ('mem', 'lex', 'hetero')        125
  --> 1.951870
Flashing            ('bind_ctx', 'lex', 'hetero')        125
  --> 2.422419
Flashing             ('mem_ctx', 'lex', 'hetero')        125
  --> 1.945963
Flashing           ('stack_ctx', 'lex', 'hetero')         11
  --> 0.063991
Flashing                ('stack', 'stack', 'fwd')        128
  --> 0.271628
Flashing                ('stack', 'stack', 'bwd')        128
  --> 0.272338
Flashing               ('stack', 'stack', 'auto')        128
  --> 0.272884
Flashing      ('data_stack', 'data_stack', 'fwd')        128
  --> 0.007495
Flashing      ('data_stack', 'data_stack', 'bwd')        128
  --> 0.007515
Flashing        ('exc_stack', 'exc_stack', 'fwd')         32
  --> 0.001945
Flashing        ('exc_stack', 'exc_stack', 'bwd')         32
  --> 0.001784

... flashed in 599.655505s

Running network...
In:  (
In:  new
In:  Environment
In:  '
In:  NIL
In:  '
In:  (
In:  (
In:  left_gripper
In:  gripping
In:  none
In:  )
In:  (
In:  right_gripper
In:  gripping
In:  none
In:  )
In:  (
In:  dock-case
In:  identity
In:  DockCase
In:  )
In:  (
In:  dock-body
In:  identity
In:  DockDrawer
In:  )
In:  (
In:  dock-body_6_1
In:  identity
In:  DockSlot
In:  )
In:  (
In:  c2
In:  identity
In:  Cartridge
In:  )
In:  (
In:  dock-body_6_2
In:  identity
In:  DockSwitch
In:  )
In:  (
In:  dock-body_7_1
In:  identity
In:  DockSlot
In:  )
In:  (
In:  c3
In:  identity
In:  Cartridge
In:  )
In:  (
In:  dock-body_7_2
In:  identity
In:  DockSwitch
In:  )
In:  )
In:  )
In:  (
In:  (
In:  move_arm_and_grasp
In:  right_gripper
In:  dock-body
In:  )
In:  (
In:  right_gripper
In:  gripping
In:  dock-body
In:  )
In:  )
Out:  (78956, '~~~~~~~~~~~~~~~~~~~~~~~~~~~~~~~~~~~~~~~~~~~~~~~', 1.0) 760.2277061929926
Out:  (84401, '=====-PROCESS_ACTION-=====', 1.0) 812.727861367981
Out:  (84564, 'move_arm_and_grasp', 1.0) 814.0810397370078
In:  (
In:  (
In:  move_grasped_object
In:  right_gripper
In:  dock-case
In:  true
In:  )
In:  )
Out:  (127868, '~~~~~~~~~~~~~~~~~~~~~~~~~~~~~~~~~~~~~~~~~~~~~~~', 1.0) 1227.932662509993
Out:  (133313, '=====-PROCESS_ACTION-=====', 1.0) 1280.3915252570005
Out:  (133476, 'move_grasped_object', 1.0) 1281.7442801499856
In:  (
In:  (
In:  release
In:  right_gripper
In:  )
In:  (
In:  right_gripper
In:  gripping
In:  none
In:  )
In:  )
Out:  (179984, '~~~~~~~~~~~~~~~~~~~~~~~~~~~~~~~~~~~~~~~~~~~~~~~', 1.0) 1716.8282830379903
Out:  (185429, '=====-PROCESS_ACTION-=====', 1.0) 1769.2382975709916
Out:  (185592, 'release', 1.0) 1770.5761395669833
Out:  (199753, '=====-PROCESS_ACTION-=====', 1.0) 1903.8649133809959
Out:  (199916, 'open_dock_drawer', 1.0) 1905.2033096700034
In:  (
In:  (
In:  press_dock_toggle
In:  right_gripper
In:  dock-body_6_2
In:  2.0
In:  )
In:  )
Out:  (203403, '~~~~~~~~~~~~~~~~~~~~~~~~~~~~~~~~~~~~~~~~~~~~~~~', 1.0) 1935.778105920006
Out:  (208848, '=====-PROCESS_ACTION-=====', 1.0) 1988.2196132999961
Out:  (209011, 'press_dock_toggle', 1.0) 1989.566468562989
In:  (
In:  (
In:  press_dock_toggle
In:  right_gripper
In:  dock-body_7_2
In:  2.0
In:  )
In:  )
Out:  (212350, '~~~~~~~~~~~~~~~~~~~~~~~~~~~~~~~~~~~~~~~~~~~~~~~', 1.0) 2018.3365950489824
Out:  (217795, '=====-PROCESS_ACTION-=====', 1.0) 2070.793107660982
Out:  (217958, 'press_dock_toggle', 1.0) 2072.1358735929825
In:  (
In:  (
In:  move_arm_and_grasp
In:  right_gripper
In:  c2
In:  )
In:  (
In:  right_gripper
In:  gripping
In:  c2
In:  )
In:  )
Out:  (227761, '~~~~~~~~~~~~~~~~~~~~~~~~~~~~~~~~~~~~~~~~~~~~~~~', 1.0) 2160.6001602360047
Out:  (233206, '=====-PROCESS_ACTION-=====', 1.0) 2213.0414537650067
Out:  (233369, 'move_arm_and_grasp', 1.0) 2214.3867934779846
In:  (
In:  (
In:  move_grasped_object
In:  right_gripper
In:  dock-body_7_1
In:  true
In:  )
In:  )
Out:  (271978, '~~~~~~~~~~~~~~~~~~~~~~~~~~~~~~~~~~~~~~~~~~~~~~~', 1.0) 2581.5405515400053
Out:  (277423, '=====-PROCESS_ACTION-=====', 1.0) 2634.019834698993
Out:  (277586, 'move_grasped_object', 1.0) 2635.3615774369973
In:  (
In:  (
In:  release
In:  right_gripper
In:  )
In:  (
In:  right_gripper
In:  gripping
In:  none
In:  )
In:  )
Out:  (304317, '~~~~~~~~~~~~~~~~~~~~~~~~~~~~~~~~~~~~~~~~~~~~~~~', 1.0) 2886.1748492640036
Out:  (309762, '=====-PROCESS_ACTION-=====', 1.0) 2938.644596647995
Out:  (309925, 'release', 1.0) 2939.9928779499896
Out:  (324615, '=====-PROCESS_ACTION-=====', 1.0) 3079.37035053398
Out:  (324778, 'put_down_grasped_object', 1.0) 3080.7137964569847
Out:  (342684, '=====-PROCESS_ACTION-=====', 1.0) 3249.4635818869865
Out:  (342847, 'move_object', 1.0) 3250.811875107989
In:  (
In:  (
In:  move_arm_and_grasp
In:  left_gripper
In:  c3
In:  )
In:  (
In:  left_gripper
In:  gripping
In:  c3
In:  )
In:  )
Out:  (364301, '~~~~~~~~~~~~~~~~~~~~~~~~~~~~~~~~~~~~~~~~~~~~~~~', 1.0) 3450.5905777069856
Out:  (369746, '=====-PROCESS_ACTION-=====', 1.0) 3503.1765251350007
Out:  (369909, 'move_arm_and_grasp', 1.0) 3504.521303907997
In:  (
In:  (
In:  move_grasped_object
In:  left_gripper
In:  dock-body_6_1
In:  false
In:  )
In:  )
Out:  (408596, '~~~~~~~~~~~~~~~~~~~~~~~~~~~~~~~~~~~~~~~~~~~~~~~', 1.0) 3873.502549466997
Out:  (414041, '=====-PROCESS_ACTION-=====', 1.0) 3926.045835208992
Out:  (414204, 'move_grasped_object', 1.0) 3927.390023693006
In:  (
In:  (
In:  release
In:  left_gripper
In:  )
In:  (
In:  left_gripper
In:  gripping
In:  none
In:  )
In:  )
Out:  (440987, '~~~~~~~~~~~~~~~~~~~~~~~~~~~~~~~~~~~~~~~~~~~~~~~', 1.0) 4179.387237616989
Out:  (446432, '=====-PROCESS_ACTION-=====', 1.0) 4231.952103071992
Out:  (446595, 'release', 1.0) 4233.303933824995
Out:  (461331, '=====-PROCESS_ACTION-=====', 1.0) 4373.449651857984
Out:  (461494, 'put_down_grasped_object', 1.0) 4374.793257619982
Out:  (479446, '=====-PROCESS_ACTION-=====', 1.0) 4544.223435350985
Out:  (479609, 'move_object', 1.0) 4545.577170931007
In:  (
In:  (
In:  press_dock_toggle
In:  right_gripper
In:  dock-body_6_2
In:  1.0
In:  )
In:  )
Out:  (494524, '~~~~~~~~~~~~~~~~~~~~~~~~~~~~~~~~~~~~~~~~~~~~~~~', 1.0) 4684.826862452988
Out:  (499969, '=====-PROCESS_ACTION-=====', 1.0) 4737.290468820982
Out:  (500132, 'press_dock_toggle', 1.0) 4738.6378386190045
In:  (
In:  (
In:  press_dock_toggle
In:  right_gripper
In:  dock-body_7_2
In:  1.0
In:  )
In:  )
Out:  (503471, '~~~~~~~~~~~~~~~~~~~~~~~~~~~~~~~~~~~~~~~~~~~~~~~', 1.0) 4767.395699835004
Out:  (508916, '=====-PROCESS_ACTION-=====', 1.0) 4819.841232998995
Out:  (509079, 'press_dock_toggle', 1.0) 4821.186630067008
In:  (
In:  (
In:  move_arm_and_grasp
In:  right_gripper
In:  dock-body
In:  )
In:  (
In:  right_gripper
In:  gripping
In:  dock-body
In:  )
In:  )
Out:  (518960, '~~~~~~~~~~~~~~~~~~~~~~~~~~~~~~~~~~~~~~~~~~~~~~~', 1.0) 4910.014792968985
Out:  (524405, '=====-PROCESS_ACTION-=====', 1.0) 4962.476566242985
Out:  (524568, 'move_arm_and_grasp', 1.0) 4963.823658998997
In:  (
In:  (
In:  move_grasped_object
In:  right_gripper
In:  dock-case
In:  false
In:  )
In:  )
Out:  (568106, '~~~~~~~~~~~~~~~~~~~~~~~~~~~~~~~~~~~~~~~~~~~~~~~', 1.0) 5379.222520173993
Out:  (573551, '=====-PROCESS_ACTION-=====', 1.0) 5431.738846980006
Out:  (573714, 'move_grasped_object', 1.0) 5433.085047239001
In:  (
In:  (
In:  release
In:  right_gripper
In:  )
In:  (
In:  right_gripper
In:  gripping
In:  none
In:  )
In:  )
Out:  (620373, '~~~~~~~~~~~~~~~~~~~~~~~~~~~~~~~~~~~~~~~~~~~~~~~', 1.0) 5870.084856287984
Out:  (625818, '=====-PROCESS_ACTION-=====', 1.0) 5922.683489399002
Out:  (625981, 'release', 1.0) 5924.03421952299
Out:  (640623, '=====-PROCESS_ACTION-=====', 1.0) 6064.391807146982
Out:  (640786, 'close_dock_drawer', 1.0) 6065.734688041994
In:  NIL
Out:  (643364, '___', 1.0) 6089.714753206004
Out:  (643525, 'EXPLANATION', 1.0) 6091.378754421981
Out:  (643686, '___', 1.0) 6093.029756785982
Out:  (652580, 'open_dock_drawer', 1.0) 6182.078863999981
Out:  (652686, '(', 1.0) 6182.783799111989
Out:  (652708, 'dock-body', 1.0) 6182.9349795499875
Out:  (652736, ')', 1.0) 6183.150159812998
Out:  (653113, '+-->', 1.0) 6186.512799714983
Out:  (655474, 'move_arm_and_grasp', 1.0) 6209.4458125719975
Out:  (655580, '(', 1.0) 6210.158843891986
Out:  (655602, 'right_gripper', 1.0) 6210.311048254982
Out:  (655647, 'dock-body', 1.0) 6210.676638729987
Out:  (655675, ')', 1.0) 6210.892040012986
Out:  (656797, 'move_grasped_object', 1.0) 6221.333347571985
Out:  (656903, '(', 1.0) 6222.045905170991
Out:  (656925, 'right_gripper', 1.0) 6222.199316449987
Out:  (656970, 'dock-case', 1.0) 6222.562246671994
Out:  (657015, 'true', 1.0) 6222.923110828007
Out:  (657043, ')', 1.0) 6223.1389358159795
Out:  (658165, 'release', 1.0) 6233.613205358008
Out:  (658271, '(', 1.0) 6234.326210645988
Out:  (658293, 'right_gripper', 1.0) 6234.4792905779905
Out:  (658321, ')', 1.0) 6234.693767956982
Out:  (658727, '+--<', 1.0) 6238.2117675369955
Out:  (659680, 'press_dock_toggle', 1.0) 6247.3892248040065
Out:  (659786, '(', 1.0) 6248.10319420899
Out:  (659808, 'right_gripper', 1.0) 6248.257921390992
Out:  (659853, 'dock-body_6_2', 1.0) 6248.619490802987
Out:  (659898, '2.0', 1.0) 6248.978839786985
Out:  (659926, ')', 1.0) 6249.194687298994
Out:  (661067, 'press_dock_toggle', 1.0) 6259.826512828993
Out:  (661173, '(', 1.0) 6260.54209117798
Out:  (661195, 'right_gripper', 1.0) 6260.693608197005
Out:  (661240, 'dock-body_7_2', 1.0) 6261.054444484995
Out:  (661285, '2.0', 1.0) 6261.413964568987
Out:  (661313, ')', 1.0) 6261.629665710003
Out:  (662454, 'move_object', 1.0) 6272.258007206983
Out:  (662560, '(', 1.0) 6272.972912945988
Out:  (662582, 'c2', 1.0) 6273.12581233299
Out:  (662627, 'dock-body_7_1', 1.0) 6273.485882521985
Out:  (662672, 'true', 1.0) 6273.845435744006
Out:  (662700, ')', 1.0) 6274.061981156003
Out:  (663077, '+-->', 1.0) 6277.421376376995
Out:  (664934, 'move_arm_and_grasp', 1.0) 6295.490426653996
Out:  (665040, '(', 1.0) 6296.202970510989
Out:  (665062, 'right_gripper', 1.0) 6296.354715180991
Out:  (665107, 'c2', 1.0) 6296.716364617983
Out:  (665135, ')', 1.0) 6296.93218177199
Out:  (666257, 'put_down_grasped_object', 1.0) 6307.403513319005
Out:  (666363, '(', 1.0) 6308.108737751987
Out:  (666385, 'right_gripper', 1.0) 6308.259568254987
Out:  (666430, 'dock-body_7_1', 1.0) 6308.619310048991
Out:  (666475, 'true', 1.0) 6308.978220988007
Out:  (666503, ')', 1.0) 6309.1931464060035
Out:  (666880, '+-->', 1.0) 6312.550062781986
Out:  (668737, 'move_grasped_object', 1.0) 6330.569444216002
Out:  (668843, '(', 1.0) 6331.284045676002
Out:  (668865, 'right_gripper', 1.0) 6331.438803085999
Out:  (668910, 'dock-body_7_1', 1.0) 6331.800199057994
Out:  (668955, 'true', 1.0) 6332.161202082003
Out:  (668983, ')', 1.0) 6332.378472687997
Out:  (670105, 'release', 1.0) 6342.849542318989
Out:  (670211, '(', 1.0) 6343.557674174983
Out:  (670233, 'right_gripper', 1.0) 6343.709704023
Out:  (670261, ')', 1.0) 6343.924958753982
Out:  (670667, '+--<', 1.0) 6347.460646874999
Out:  (670885, '+--<', 1.0) 6349.546479623998
Out:  (671838, 'move_object', 1.0) 6358.770549467998
Out:  (671944, '(', 1.0) 6359.483024641988
Out:  (671966, 'c3', 1.0) 6359.635572406987
Out:  (672011, 'dock-body_6_1', 1.0) 6359.992981489981
Out:  (672056, 'false', 1.0) 6360.348064174992
Out:  (672084, ')', 1.0) 6360.562628159998
Out:  (672461, '+-->', 1.0) 6363.917309885001
Out:  (674318, 'move_arm_and_grasp', 1.0) 6381.967266592983
Out:  (674424, '(', 1.0) 6382.6840779460035
Out:  (674446, 'left_gripper', 1.0) 6382.83742676198
Out:  (674491, 'c3', 1.0) 6383.198665058997
Out:  (674519, ')', 1.0) 6383.414606888982
Out:  (675641, 'put_down_grasped_object', 1.0) 6393.871791887999
Out:  (675747, '(', 1.0) 6394.586486237007
Out:  (675769, 'left_gripper', 1.0) 6394.739296732994
Out:  (675814, 'dock-body_6_1', 1.0) 6395.1014602399955
Out:  (675859, 'false', 1.0) 6395.46074328199
Out:  (675887, ')', 1.0) 6395.675902813993
Out:  (676264, '+-->', 1.0) 6399.032559919986
Out:  (678121, 'move_grasped_object', 1.0) 6417.1318367549975
Out:  (678227, '(', 1.0) 6417.843667298992
Out:  (678249, 'left_gripper', 1.0) 6417.999463711982
Out:  (678294, 'dock-body_6_1', 1.0) 6418.362303503003
Out:  (678339, 'false', 1.0) 6418.7261875999975
Out:  (678367, ')', 1.0) 6418.941834139987
Out:  (679489, 'release', 1.0) 6429.389999175997
Out:  (679595, '(', 1.0) 6430.097506190999
Out:  (679617, 'left_gripper', 1.0) 6430.250653625
Out:  (679645, ')', 1.0) 6430.464176648995
Out:  (680051, '+--<', 1.0) 6433.985113464005
Out:  (680269, '+--<', 1.0) 6436.06896422198
Out:  (681222, 'press_dock_toggle', 1.0) 6445.269333234988
Out:  (681328, '(', 1.0) 6445.984622140008
Out:  (681350, 'right_gripper', 1.0) 6446.138014277007
Out:  (681395, 'dock-body_6_2', 1.0) 6446.500274738006
Out:  (681440, '1.0', 1.0) 6446.86193730199
Out:  (681468, ')', 1.0) 6447.077457868989
Out:  (682609, 'press_dock_toggle', 1.0) 6457.6715497240075
Out:  (682715, '(', 1.0) 6458.383705772983
Out:  (682737, 'right_gripper', 1.0) 6458.5357663579925
Out:  (682782, 'dock-body_7_2', 1.0) 6458.897245170985
Out:  (682827, '1.0', 1.0) 6459.259398877999
Out:  (682855, ')', 1.0) 6459.472896795982
Out:  (683996, 'close_dock_drawer', 1.0) 6470.102872444986
Out:  (684102, '(', 1.0) 6470.818466744997
Out:  (684124, 'dock-body', 1.0) 6470.971846692992
Out:  (684152, ')', 1.0) 6471.189770398982
Out:  (684529, '+-->', 1.0) 6474.546372774988
Out:  (686890, 'move_arm_and_grasp', 1.0) 6497.438360537984
Out:  (686996, '(', 1.0) 6498.155092832982
Out:  (687018, 'right_gripper', 1.0) 6498.308867774991
Out:  (687063, 'dock-body', 1.0) 6498.671077813982
Out:  (687091, ')', 1.0) 6498.886845214001
Out:  (688213, 'move_grasped_object', 1.0) 6509.357981170004
Out:  (688319, '(', 1.0) 6510.061200994998
Out:  (688341, 'right_gripper', 1.0) 6510.213628922007
Out:  (688386, 'dock-case', 1.0) 6510.570277474006
Out:  (688431, 'false', 1.0) 6510.928861024993
Out:  (688459, ')', 1.0) 6511.1427977519925
Out:  (689581, 'release', 1.0) 6521.596854678006
Out:  (689687, '(', 1.0) 6522.310268186993
Out:  (689709, 'right_gripper', 1.0) 6522.4635463329905
Out:  (689737, ')', 1.0) 6522.682294745988
Out:  (690143, '+--<', 1.0) 6526.188881026988
Out:  (690482, 'done', 1.0) 6529.125062570005
output:
(78956, '~~~~~~~~~~~~~~~~~~~~~~~~~~~~~~~~~~~~~~~~~~~~~~~', 1.0)
(84401, '=====-PROCESS_ACTION-=====', 1.0)
(84564, 'move_arm_and_grasp', 1.0)
(127868, '~~~~~~~~~~~~~~~~~~~~~~~~~~~~~~~~~~~~~~~~~~~~~~~', 1.0)
(133313, '=====-PROCESS_ACTION-=====', 1.0)
(133476, 'move_grasped_object', 1.0)
(179984, '~~~~~~~~~~~~~~~~~~~~~~~~~~~~~~~~~~~~~~~~~~~~~~~', 1.0)
(185429, '=====-PROCESS_ACTION-=====', 1.0)
(185592, 'release', 1.0)
(199753, '=====-PROCESS_ACTION-=====', 1.0)
(199916, 'open_dock_drawer', 1.0)
(203403, '~~~~~~~~~~~~~~~~~~~~~~~~~~~~~~~~~~~~~~~~~~~~~~~', 1.0)
(208848, '=====-PROCESS_ACTION-=====', 1.0)
(209011, 'press_dock_toggle', 1.0)
(212350, '~~~~~~~~~~~~~~~~~~~~~~~~~~~~~~~~~~~~~~~~~~~~~~~', 1.0)
(217795, '=====-PROCESS_ACTION-=====', 1.0)
(217958, 'press_dock_toggle', 1.0)
(227761, '~~~~~~~~~~~~~~~~~~~~~~~~~~~~~~~~~~~~~~~~~~~~~~~', 1.0)
(233206, '=====-PROCESS_ACTION-=====', 1.0)
(233369, 'move_arm_and_grasp', 1.0)
(271978, '~~~~~~~~~~~~~~~~~~~~~~~~~~~~~~~~~~~~~~~~~~~~~~~', 1.0)
(277423, '=====-PROCESS_ACTION-=====', 1.0)
(277586, 'move_grasped_object', 1.0)
(304317, '~~~~~~~~~~~~~~~~~~~~~~~~~~~~~~~~~~~~~~~~~~~~~~~', 1.0)
(309762, '=====-PROCESS_ACTION-=====', 1.0)
(309925, 'release', 1.0)
(324615, '=====-PROCESS_ACTION-=====', 1.0)
(324778, 'put_down_grasped_object', 1.0)
(342684, '=====-PROCESS_ACTION-=====', 1.0)
(342847, 'move_object', 1.0)
(364301, '~~~~~~~~~~~~~~~~~~~~~~~~~~~~~~~~~~~~~~~~~~~~~~~', 1.0)
(369746, '=====-PROCESS_ACTION-=====', 1.0)
(369909, 'move_arm_and_grasp', 1.0)
(408596, '~~~~~~~~~~~~~~~~~~~~~~~~~~~~~~~~~~~~~~~~~~~~~~~', 1.0)
(414041, '=====-PROCESS_ACTION-=====', 1.0)
(414204, 'move_grasped_object', 1.0)
(440987, '~~~~~~~~~~~~~~~~~~~~~~~~~~~~~~~~~~~~~~~~~~~~~~~', 1.0)
(446432, '=====-PROCESS_ACTION-=====', 1.0)
(446595, 'release', 1.0)
(461331, '=====-PROCESS_ACTION-=====', 1.0)
(461494, 'put_down_grasped_object', 1.0)
(479446, '=====-PROCESS_ACTION-=====', 1.0)
(479609, 'move_object', 1.0)
(494524, '~~~~~~~~~~~~~~~~~~~~~~~~~~~~~~~~~~~~~~~~~~~~~~~', 1.0)
(499969, '=====-PROCESS_ACTION-=====', 1.0)
(500132, 'press_dock_toggle', 1.0)
(503471, '~~~~~~~~~~~~~~~~~~~~~~~~~~~~~~~~~~~~~~~~~~~~~~~', 1.0)
(508916, '=====-PROCESS_ACTION-=====', 1.0)
(509079, 'press_dock_toggle', 1.0)
(518960, '~~~~~~~~~~~~~~~~~~~~~~~~~~~~~~~~~~~~~~~~~~~~~~~', 1.0)
(524405, '=====-PROCESS_ACTION-=====', 1.0)
(524568, 'move_arm_and_grasp', 1.0)
(568106, '~~~~~~~~~~~~~~~~~~~~~~~~~~~~~~~~~~~~~~~~~~~~~~~', 1.0)
(573551, '=====-PROCESS_ACTION-=====', 1.0)
(573714, 'move_grasped_object', 1.0)
(620373, '~~~~~~~~~~~~~~~~~~~~~~~~~~~~~~~~~~~~~~~~~~~~~~~', 1.0)
(625818, '=====-PROCESS_ACTION-=====', 1.0)
(625981, 'release', 1.0)
(640623, '=====-PROCESS_ACTION-=====', 1.0)
(640786, 'close_dock_drawer', 1.0)
(643364, '___', 1.0)
(643525, 'EXPLANATION', 1.0)
(643686, '___', 1.0)
(652580, 'open_dock_drawer', 1.0)
(652686, '(', 1.0)
(652708, 'dock-body', 1.0)
(652736, ')', 1.0)
(653113, '+-->', 1.0)
(655474, 'move_arm_and_grasp', 1.0)
(655580, '(', 1.0)
(655602, 'right_gripper', 1.0)
(655647, 'dock-body', 1.0)
(655675, ')', 1.0)
(656797, 'move_grasped_object', 1.0)
(656903, '(', 1.0)
(656925, 'right_gripper', 1.0)
(656970, 'dock-case', 1.0)
(657015, 'true', 1.0)
(657043, ')', 1.0)
(658165, 'release', 1.0)
(658271, '(', 1.0)
(658293, 'right_gripper', 1.0)
(658321, ')', 1.0)
(658727, '+--<', 1.0)
(659680, 'press_dock_toggle', 1.0)
(659786, '(', 1.0)
(659808, 'right_gripper', 1.0)
(659853, 'dock-body_6_2', 1.0)
(659898, '2.0', 1.0)
(659926, ')', 1.0)
(661067, 'press_dock_toggle', 1.0)
(661173, '(', 1.0)
(661195, 'right_gripper', 1.0)
(661240, 'dock-body_7_2', 1.0)
(661285, '2.0', 1.0)
(661313, ')', 1.0)
(662454, 'move_object', 1.0)
(662560, '(', 1.0)
(662582, 'c2', 1.0)
(662627, 'dock-body_7_1', 1.0)
(662672, 'true', 1.0)
(662700, ')', 1.0)
(663077, '+-->', 1.0)
(664934, 'move_arm_and_grasp', 1.0)
(665040, '(', 1.0)
(665062, 'right_gripper', 1.0)
(665107, 'c2', 1.0)
(665135, ')', 1.0)
(666257, 'put_down_grasped_object', 1.0)
(666363, '(', 1.0)
(666385, 'right_gripper', 1.0)
(666430, 'dock-body_7_1', 1.0)
(666475, 'true', 1.0)
(666503, ')', 1.0)
(666880, '+-->', 1.0)
(668737, 'move_grasped_object', 1.0)
(668843, '(', 1.0)
(668865, 'right_gripper', 1.0)
(668910, 'dock-body_7_1', 1.0)
(668955, 'true', 1.0)
(668983, ')', 1.0)
(670105, 'release', 1.0)
(670211, '(', 1.0)
(670233, 'right_gripper', 1.0)
(670261, ')', 1.0)
(670667, '+--<', 1.0)
(670885, '+--<', 1.0)
(671838, 'move_object', 1.0)
(671944, '(', 1.0)
(671966, 'c3', 1.0)
(672011, 'dock-body_6_1', 1.0)
(672056, 'false', 1.0)
(672084, ')', 1.0)
(672461, '+-->', 1.0)
(674318, 'move_arm_and_grasp', 1.0)
(674424, '(', 1.0)
(674446, 'left_gripper', 1.0)
(674491, 'c3', 1.0)
(674519, ')', 1.0)
(675641, 'put_down_grasped_object', 1.0)
(675747, '(', 1.0)
(675769, 'left_gripper', 1.0)
(675814, 'dock-body_6_1', 1.0)
(675859, 'false', 1.0)
(675887, ')', 1.0)
(676264, '+-->', 1.0)
(678121, 'move_grasped_object', 1.0)
(678227, '(', 1.0)
(678249, 'left_gripper', 1.0)
(678294, 'dock-body_6_1', 1.0)
(678339, 'false', 1.0)
(678367, ')', 1.0)
(679489, 'release', 1.0)
(679595, '(', 1.0)
(679617, 'left_gripper', 1.0)
(679645, ')', 1.0)
(680051, '+--<', 1.0)
(680269, '+--<', 1.0)
(681222, 'press_dock_toggle', 1.0)
(681328, '(', 1.0)
(681350, 'right_gripper', 1.0)
(681395, 'dock-body_6_2', 1.0)
(681440, '1.0', 1.0)
(681468, ')', 1.0)
(682609, 'press_dock_toggle', 1.0)
(682715, '(', 1.0)
(682737, 'right_gripper', 1.0)
(682782, 'dock-body_7_2', 1.0)
(682827, '1.0', 1.0)
(682855, ')', 1.0)
(683996, 'close_dock_drawer', 1.0)
(684102, '(', 1.0)
(684124, 'dock-body', 1.0)
(684152, ')', 1.0)
(684529, '+-->', 1.0)
(686890, 'move_arm_and_grasp', 1.0)
(686996, '(', 1.0)
(687018, 'right_gripper', 1.0)
(687063, 'dock-body', 1.0)
(687091, ')', 1.0)
(688213, 'move_grasped_object', 1.0)
(688319, '(', 1.0)
(688341, 'right_gripper', 1.0)
(688386, 'dock-case', 1.0)
(688431, 'false', 1.0)
(688459, ')', 1.0)
(689581, 'release', 1.0)
(689687, '(', 1.0)
(689709, 'right_gripper', 1.0)
(689737, ')', 1.0)
(690143, '+--<', 1.0)
(690482, 'done', 1.0)

learned:
            mem             mem          hetero   |   online:     0 /     0 |  flashed:  1601 /  1601 |  activ_count:  42361
            lex             mem          hetero   |   online:     0 /     0 |  flashed:   925 /   925 |  activ_count:  41808
            mem             mem            auto   |   online:     0 /     0 |  flashed:   925 /   925 |  activ_count:  56503
        mem_ctx             mem          hetero   |   online:     0 /     0 |  flashed:   925 /   925 |  activ_count:  29260
             gh              op          hetero   |   online:     0 /     0 |  flashed:   617 /   617 |  activ_count:  188373
             op              op          hetero   |   online:     0 /     0 |  flashed:   615 /   615 |  activ_count:  152013
            lex              op          hetero   |   online:     0 /     0 |  flashed:   300 /   300 |  activ_count:  63711
          stack           stack             bwd   |   online:     0 /     0 |  flashed:   128 /   128 |  activ_count:  14943
          stack           stack             fwd   |   online:     0 /     0 |  flashed:   128 /   128 |  activ_count:  15239
          stack           stack            auto   |   online:     0 /     0 |  flashed:   128 /   128 |  activ_count:  10823
     data_stack      data_stack             bwd   |   online:     0 /     0 |  flashed:   128 /   128 |  activ_count:   4311
     data_stack      data_stack             fwd   |   online:     0 /     0 |  flashed:   128 /   128 |  activ_count:   4312
       bind_ctx             lex          hetero   |   online:     0 /     0 |  flashed:   125 /   125 |  activ_count:   8192
            mem             lex          hetero   |   online:     0 /     0 |  flashed:   125 /   125 |  activ_count:   1259
        mem_ctx             lex          hetero   |   online:     0 /     0 |  flashed:   125 /   125 |  activ_count:  15751
             op             lex          hetero   |   online:     0 /     0 |  flashed:   101 /   146 |  activ_count:  36359
             gh              gh          hetero   |   online:     0 /     0 |  flashed:    96 /    96 |  activ_count:  465925
            lex             lex            auto   |   online:     0 /     0 |  flashed:    45 /    45 |  activ_count:   7307
      exc_stack       exc_stack             bwd   |   online:     0 /     0 |  flashed:    32 /    32 |  activ_count:    214
      exc_stack       exc_stack             fwd   |   online:     0 /     0 |  flashed:    32 /    32 |  activ_count:    214
      stack_ctx             lex          hetero   |   online:     0 /     0 |  flashed:    11 /    11 |  activ_count:  10823
           bind            bind          hetero   |   online:     0 /     0 |  flashed:     1 /     1 |  activ_count:   3228

Final activity states:
       bind_ctx :           source_hyp  1.000000
            lex :            progn_end  1.000000
             op :                 halt  1.000000
          stack :                    0  1.000000
      exc_stack :                    0  1.000000
     data_stack :                    0  1.000000
             gh :                 halt  1.000000
            mem :                 done  1.000000
           bind :              def_env  1.000000
      stack_ctx :                 inst  1.000000
        mem_ctx :              main795  1.000000

Gate history:
    bind_ctx       stash                         :         21                 0.0000   0.000000813330102357
          gh       learn   exc_stack      hetero :          1                 0.0001   0.000138197006890550
  data_stack       stash                         :        214                 0.0002   0.000000732592780308
       stack       stash                         :        214                 0.0004   0.000001715994483539
     mem_ctx       stash                         :        404                 0.0006   0.000001446503164975
         lex       stash                         :        599                 0.0010   0.000001751265275947
    bind_ctx       noise                         :         21                 0.0209   0.000993586519533502
        bind       stash                         :      21145                 0.0220   0.000001038139905991
  data_stack    activate   exc_stack      hetero :        102                 0.0230   0.000225841098547201
       stack    activate   exc_stack      hetero :        102                 0.0244   0.000239627235785912
          gh    activate   exc_stack      hetero :        101                 0.0253   0.000250365890823028
          op       stash                         :      15453                 0.0262   0.000001698545516813
   exc_stack    activate   exc_stack         fwd :        214                 0.0278   0.000129985061112931
   exc_stack    activate   exc_stack         bwd :        214                 0.0328   0.000153177484998340
         mem       stash                         :      22406                 0.0370   0.000001652148937824
          op    activate   exc_stack      hetero :        102                 0.0379   0.000371485991933036
       stack       learn   exc_stack      hetero :        214                 0.0388   0.000181154598602720
       stack     context   stack_ctx             :      10823                 0.0411   0.000003793215016567
  data_stack       learn   exc_stack      hetero :        214                 0.0427   0.000199600300619979
        bind     context    bind_ctx             :      14775                 0.0559   0.000003781515347351
          op       learn   exc_stack      hetero :        214                 0.0896   0.000418708496373451
     mem_ctx       learn         lex      hetero :         21                 0.1727   0.008223133521997147
         mem       learn         lex      hetero :         21                 0.1769   0.008423317331887250
    bind_ctx       learn         lex      hetero :         21                 0.2143   0.010206641856625322
          gh    activate         mem      hetero :        108                 0.2307   0.002136366565267694
          gh       learn         mem      hetero :        108                 0.3520   0.003259322675552944
     mem_ctx       noise                         :        404                 0.4395   0.001087818074755896
         mem       noise                         :        404                 0.4834   0.001196522059064303
         mem     context     mem_ctx             :     106585                 0.6117   0.000005738898642875
        bind       noise                         :        714                 0.7391   0.001035170539251936
   exc_stack       cycle                         :     690539                 0.9906   0.000001434569327291
  data_stack       cycle                         :     690539                 1.0088   0.000001460927192659
   stack_ctx       cycle                         :     690539                 1.2623   0.000001827941999461
  data_stack    activate  data_stack         fwd :       4312                 1.2898   0.000299126565599912
          gh        bias       false             :      36241                 1.4162   0.000039077600512531
       stack       cycle                         :     690539                 1.7748   0.000002570147939445
  data_stack    activate  data_stack         bwd :       4311                 2.0457   0.000474538344255711
    bind_ctx       cycle                         :     690539                 2.7206   0.000003939846384867
          gh       cycle                         :     690539                 2.9720   0.000004303920443516
         mem    activate  data_stack      hetero :       6546                 3.1525   0.000481597571425859
         mem       learn  data_stack      hetero :       5871                 3.4810   0.000592912317979307
     mem_ctx       cycle                         :     690539                 3.7009   0.000005359478046033
         lex       cycle                         :     690539                 3.9700   0.000005749179950946
          op       cycle                         :     690539                 4.3995   0.000006371159942384
         mem    activate         lex      hetero :       1259                 4.7376   0.003762967441741612
         lex    activate         lex        auto :       7307                 5.1648   0.000706826099752685
          op    activate       stack      hetero :      14943                 5.3738   0.000359619687350258
       stack    activate       stack         bwd :      14943                 5.5199   0.000369398580703865
       stack    activate       stack         fwd :      15239                 5.8083   0.000381149503254164
   stack_ctx    activate         lex      hetero :      10823                 6.4648   0.000597322643367510
         lex       learn         mem      hetero :        404                 7.3588   0.018214856311958398
         mem    activate        bind      hetero :       3319                 8.0577   0.002427764184094680
          go       cycle                         :     690540                 8.4316   0.000012210152668691
         mem       learn         mem      hetero :        766                 9.2234   0.012040972729640899
        bind       learn        bind        auto :       1609                 9.6035   0.005968624336952217
         mem       learn        bind      hetero :       1609                10.5378   0.006549315022928623
          gh       learn         lex      hetero :      26355                13.8965   0.000527281444935638
          op       learn       stack      hetero :      15239                14.1334   0.000927447198802573
          gh    activate        bind      hetero :       9677                14.2547   0.001473049805331673
        bind    activate        bind        auto :       6583                15.1966   0.002308461802368456
          gh    activate         lex      hetero :      26355                15.6906   0.000595356650508091
        bind    activate       stack      hetero :      12861                17.7572   0.001380702299187273
        bind       cycle                         :     690539                18.7381   0.000027135516425167
          op    activate         lex      hetero :      36359                19.2986   0.000530780219516611
       stack    converge                         :      10823                20.1124   0.001858306341785805
         lex    activate          op      hetero :      63711                20.4580   0.000321106873765688
        bind       learn         mem      hetero :        195                20.8615   0.106982044799951839
         mem    activate       stack      hetero :      16147                21.3767   0.001323879066274160
          gh       learn        bind      hetero :       9811                28.1152   0.002865676331047518
    bind_ctx    activate         lex      hetero :       8192                31.3723   0.003829624282072785
     mem_ctx       learn         mem      hetero :        404                32.9178   0.081479793134457218
         mem       learn         mem        auto :        404                33.4809   0.082873413648305347
        bind       learn        bind      hetero :        740                33.7969   0.045671437900730506
         mem       cycle                         :     690539                33.9070   0.000049102181400309
         mem       learn       stack      hetero :      13756                37.0535   0.002693621790053891
          op    activate          op      hetero :     152013                42.9332   0.000282430841990363
        bind    activate        bind      hetero :       3228                45.0550   0.013957572757520931
          gh    activate          op      hetero :     188373                53.8434   0.000285833888558380
     mem_ctx    activate         lex      hetero :      15751                57.9214   0.003677317737091055
        bind    activate         mem      hetero :       1772                64.4128   0.036350347874467351
        bind       learn       stack      hetero :      18601                66.0672   0.003551809498631688
          gh    activate          gh      hetero :     465925                89.0833   0.000191196692198151
          go    activate          gh      hetero :     690540               136.5804   0.000197787866352662
         mem    activate         mem      hetero :      42361               169.6618   0.004005141162276762
         lex    activate         mem      hetero :      41808               192.8057   0.004611693066208878
     mem_ctx    activate         mem      hetero :      29260               986.4550   0.033713431926335954
         mem    converge                         :      56503              4030.5335   0.071333087719138280

Executed 690539 timesteps in 6529.623830s

Ran test 'imitate' in 690539 timesteps
Output:
~~~~~~~~~~~~~~~~~~~~~~~~~~~~~~~~~~~~~~~~~~~~~~~ =====-PROCESS_ACTION-===== move_arm_and_grasp ~~~~~~~~~~~~~~~~~~~~~~~~~~~~~~~~~~~~~~~~~~~~~~~ =====-PROCESS_ACTION-===== move_grasped_object ~~~~~~~~~~~~~~~~~~~~~~~~~~~~~~~~~~~~~~~~~~~~~~~ =====-PROCESS_ACTION-===== release =====-PROCESS_ACTION-===== open_dock_drawer ~~~~~~~~~~~~~~~~~~~~~~~~~~~~~~~~~~~~~~~~~~~~~~~ =====-PROCESS_ACTION-===== press_dock_toggle ~~~~~~~~~~~~~~~~~~~~~~~~~~~~~~~~~~~~~~~~~~~~~~~ =====-PROCESS_ACTION-===== press_dock_toggle ~~~~~~~~~~~~~~~~~~~~~~~~~~~~~~~~~~~~~~~~~~~~~~~ =====-PROCESS_ACTION-===== move_arm_and_grasp ~~~~~~~~~~~~~~~~~~~~~~~~~~~~~~~~~~~~~~~~~~~~~~~ =====-PROCESS_ACTION-===== move_grasped_object ~~~~~~~~~~~~~~~~~~~~~~~~~~~~~~~~~~~~~~~~~~~~~~~ =====-PROCESS_ACTION-===== release =====-PROCESS_ACTION-===== put_down_grasped_object =====-PROCESS_ACTION-===== move_object ~~~~~~~~~~~~~~~~~~~~~~~~~~~~~~~~~~~~~~~~~~~~~~~ =====-PROCESS_ACTION-===== move_arm_and_grasp ~~~~~~~~~~~~~~~~~~~~~~~~~~~~~~~~~~~~~~~~~~~~~~~ =====-PROCESS_ACTION-===== move_grasped_object ~~~~~~~~~~~~~~~~~~~~~~~~~~~~~~~~~~~~~~~~~~~~~~~ =====-PROCESS_ACTION-===== release =====-PROCESS_ACTION-===== put_down_grasped_object =====-PROCESS_ACTION-===== move_object ~~~~~~~~~~~~~~~~~~~~~~~~~~~~~~~~~~~~~~~~~~~~~~~ =====-PROCESS_ACTION-===== press_dock_toggle ~~~~~~~~~~~~~~~~~~~~~~~~~~~~~~~~~~~~~~~~~~~~~~~ =====-PROCESS_ACTION-===== press_dock_toggle ~~~~~~~~~~~~~~~~~~~~~~~~~~~~~~~~~~~~~~~~~~~~~~~ =====-PROCESS_ACTION-===== move_arm_and_grasp ~~~~~~~~~~~~~~~~~~~~~~~~~~~~~~~~~~~~~~~~~~~~~~~ =====-PROCESS_ACTION-===== move_grasped_object ~~~~~~~~~~~~~~~~~~~~~~~~~~~~~~~~~~~~~~~~~~~~~~~ =====-PROCESS_ACTION-===== release =====-PROCESS_ACTION-===== close_dock_drawer ___ EXPLANATION ___ open_dock_drawer ( dock-body ) +--> move_arm_and_grasp ( right_gripper dock-body ) move_grasped_object ( right_gripper dock-case true ) release ( right_gripper ) +--< press_dock_toggle ( right_gripper dock-body_6_2 2.0 ) press_dock_toggle ( right_gripper dock-body_7_2 2.0 ) move_object ( c2 dock-body_7_1 true ) +--> move_arm_and_grasp ( right_gripper c2 ) put_down_grasped_object ( right_gripper dock-body_7_1 true ) +--> move_grasped_object ( right_gripper dock-body_7_1 true ) release ( right_gripper ) +--< +--< move_object ( c3 dock-body_6_1 false ) +--> move_arm_and_grasp ( left_gripper c3 ) put_down_grasped_object ( left_gripper dock-body_6_1 false ) +--> move_grasped_object ( left_gripper dock-body_6_1 false ) release ( left_gripper ) +--< +--< press_dock_toggle ( right_gripper dock-body_6_2 1.0 ) press_dock_toggle ( right_gripper dock-body_7_2 1.0 ) close_dock_drawer ( dock-body ) +--> move_arm_and_grasp ( right_gripper dock-body ) move_grasped_object ( right_gripper dock-case false ) release ( right_gripper ) +--< done
