test:  imitate
args: 
           t : imitate
     kb_name : kb_nlp
   demo_name : demo_garden_path
     verbose : True
       debug : False
     emulate : False
   integrity : False
       check : False
       ortho : True
        draw : False
       decay : 1.0
      wasted : False

Name  N  W
------------------------------------------------------------
   mem_ctx      40000 1792640000   3.339052   lam = 0.250000
------------------------------------------------------------
                 ('mem', 'hetero')  2.980232 1
                 ('lex', 'hetero')  0.358820 0

------------------------------------------------------------
       mem      40000 4884800000   9.098649
------------------------------------------------------------
                ('bind', 'hetero')  2.607703 0
                 ('lex', 'hetero')  0.358820 0
                 ('mem', 'hetero')  2.980232 0
               ('stack', 'hetero')  0.152588 0
          ('data_stack', 'hetero')  0.019073 0
                   ('mem', 'auto')  2.980232 1

------------------------------------------------------------
      bind      35000 3921680000   7.304698
------------------------------------------------------------
                ('bind', 'hetero')  2.281740 0
                 ('mem', 'hetero')  2.607703 1
               ('stack', 'hetero')  0.133514 0
                  ('bind', 'auto')  2.281740 1

------------------------------------------------------------
data_stack        256     147456   0.000275
------------------------------------------------------------
             ('data_stack', 'fwd')  0.000122 0
           ('exc_stack', 'hetero')  0.000031 0
             ('data_stack', 'bwd')  0.000122 0

------------------------------------------------------------
       lex       4816  221776800   0.413091
------------------------------------------------------------
                  ('op', 'hetero')  0.011070 0
                 ('mem', 'hetero')  0.358820 0
                   ('lex', 'auto')  0.043202 0

------------------------------------------------------------
     stack       2048   12713984   0.023682
------------------------------------------------------------
                  ('stack', 'fwd')  0.007812 0
                  ('stack', 'bwd')  0.007812 0
           ('exc_stack', 'hetero')  0.000244 0
                 ('stack', 'auto')  0.007812 0

------------------------------------------------------------
        op       1234   10071908   0.018760
------------------------------------------------------------
                 ('lex', 'hetero')  0.011070 0
                  ('op', 'hetero')  0.002836 0
               ('stack', 'hetero')  0.004707 0
           ('exc_stack', 'hetero')  0.000147 0

------------------------------------------------------------
 exc_stack         64       8192   0.000015
------------------------------------------------------------
              ('exc_stack', 'fwd')  0.000008 0
              ('exc_stack', 'bwd')  0.000008 0

------------------------------------------------------------
 stack_ctx       2048    9863168   0.018372   lam = 0.250000
------------------------------------------------------------
                 ('lex', 'hetero')  0.018372 0

------------------------------------------------------------
        gh        240   19524960   0.036368
------------------------------------------------------------
                ('bind', 'hetero')  0.015646 0
                  ('op', 'hetero')  0.000552 0
                  ('gh', 'hetero')  0.000107 0
                 ('lex', 'hetero')  0.002153 0
                 ('mem', 'hetero')  0.017881 0
           ('exc_stack', 'hetero')  0.000029 0

------------------------------------------------------------
  bind_ctx      35000  168560000   0.313967   lam = 0.125000
------------------------------------------------------------
                 ('lex', 'hetero')  0.313967 0

Total:      160706 11041786468
Device allocation:
0:      5216786468     10433572936 (9.7170 GB)
1:      5825000000     11650000000 (10.8499 GB)

Flashing gates...
Flashing                   ('go', 'gh', 'hetero')        122
  --> 0.003961
Flashing mappings...
      bind       bind     hetero            1
 stack_ctx        lex     hetero            11
 exc_stack  exc_stack        fwd            32
 exc_stack  exc_stack        bwd            32
       lex        lex       auto            45
        gh         gh     hetero            96
       mem        lex     hetero            119
  bind_ctx        lex     hetero            119
   mem_ctx        lex     hetero            119
     stack      stack        fwd            128
     stack      stack        bwd            128
     stack      stack       auto            128
data_stack data_stack        fwd            128
data_stack data_stack        bwd            128
        op        lex     hetero            146
       lex         op     hetero            300
        op         op     hetero            615
        gh         op     hetero            617
   mem_ctx        mem     hetero            909
       mem        mem       auto            909
       lex        mem     hetero            909
       mem        mem     hetero    mem_ctx 1581
Flashing                   ('gh', 'gh', 'hetero')         96
  --> 0.006675
Flashing                   ('op', 'op', 'hetero')        615
  --> 0.651349
Flashing                  ('op', 'lex', 'hetero')        146
  --> 0.744567
Flashing                   ('gh', 'op', 'hetero')        617
  --> 0.385932
Flashing                  ('lex', 'op', 'hetero')        300
  --> 0.429445
Flashing                   ('lex', 'lex', 'auto')         45
  --> 0.274123
Flashing               ('bind', 'bind', 'hetero')          1
  --> 0.636888
Flashing             ('mem_ctx', 'mem', 'hetero')        909
  --> 233.930206
Flashing                 ('mem', 'mem', 'hetero')       1581
  --> 54.034062
Flashing                   ('mem', 'mem', 'auto')        909
  --> 232.827182
Flashing                 ('lex', 'mem', 'hetero')        909
  --> 41.079926
Flashing                 ('mem', 'lex', 'hetero')        119
  --> 1.803636
Flashing            ('bind_ctx', 'lex', 'hetero')        119
  --> 2.254757
Flashing             ('mem_ctx', 'lex', 'hetero')        119
  --> 1.796243
Flashing           ('stack_ctx', 'lex', 'hetero')         11
  --> 0.062711
Flashing                ('stack', 'stack', 'fwd')        128
  --> 0.271208
Flashing                ('stack', 'stack', 'bwd')        128
  --> 0.271037
Flashing               ('stack', 'stack', 'auto')        128
  --> 0.273330
Flashing      ('data_stack', 'data_stack', 'fwd')        128
  --> 0.007605
Flashing      ('data_stack', 'data_stack', 'bwd')        128
  --> 0.007292
Flashing        ('exc_stack', 'exc_stack', 'fwd')         32
  --> 0.001949
Flashing        ('exc_stack', 'exc_stack', 'bwd')         32
  --> 0.001880

... flashed in 577.324068s

Running network...
Out:  (30692, '~~~~~~~~~~~~~~~~~~~~~~~~~~~~~~~~~~~~~~~~~~~~~~~', 1.0) 316.72660125099355
Out:  (36098, '=====-PROCESS_ACTION-=====', 1.0) 367.65377899799205
Out:  (36261, 'the', 1.0) 368.961905210992
Out:  (49310, '=====-PROCESS_ACTION-=====', 1.0) 491.5120695219957
Out:  (49473, 'DET', 1.0) 492.827735511004
Out:  (74367, '~~~~~~~~~~~~~~~~~~~~~~~~~~~~~~~~~~~~~~~~~~~~~~~', 1.0) 732.5427060660004
Out:  (79773, '=====-PROCESS_ACTION-=====', 1.0) 783.7572293830017
Out:  (79936, 'old', 1.0) 785.0660719250009
Out:  (93190, '=====-PROCESS_ACTION-=====', 1.0) 910.42092099
Out:  (93353, 'ADJ', 1.0) 911.7425818519987
Out:  (117047, '=====-PROCESS_ACTION-=====', 1.0) 1136.7241960190004
Out:  (117210, 'N', 1.0) 1138.0371362970036
Out:  (129686, '=====-PROCESS_ACTION-=====', 1.0) 1254.3250130929955
Out:  (129849, 'NP', 1.0) 1255.6340652159997
Out:  (144014, '~~~~~~~~~~~~~~~~~~~~~~~~~~~~~~~~~~~~~~~~~~~~~~~', 1.0) 1392.247925741991
Out:  (149420, '=====-PROCESS_ACTION-=====', 1.0) 1443.3849330489902
Out:  (149583, 'man', 1.0) 1444.7019104549981
Out:  (162837, '=====-PROCESS_ACTION-=====', 1.0) 1570.0243865559896
Out:  (163000, 'V', 1.0) 1571.3416726750002
Out:  (187925, '=====-PROCESS_ACTION-=====', 1.0) 1810.60829293399
Out:  (188088, 'N', 1.0) 1811.924549274001
Out:  (200564, '=====-PROCESS_ACTION-=====', 1.0) 1928.7353865969926
Out:  (200727, 'NP', 1.0) 1930.0541073030035
Out:  (214892, '~~~~~~~~~~~~~~~~~~~~~~~~~~~~~~~~~~~~~~~~~~~~~~~', 1.0) 2067.013880294995
Out:  (220298, '=====-PROCESS_ACTION-=====', 1.0) 2118.492977438
Out:  (220461, 'the', 1.0) 2119.8177721709944
Out:  (233715, '=====-PROCESS_ACTION-=====', 1.0) 2246.0114057589963
Out:  (233878, 'DET', 1.0) 2247.3297921589983
Out:  (258772, '~~~~~~~~~~~~~~~~~~~~~~~~~~~~~~~~~~~~~~~~~~~~~~~', 1.0) 2488.936385189998
Out:  (264178, '=====-PROCESS_ACTION-=====', 1.0) 2540.4456404039956
Out:  (264341, 'boat', 1.0) 2541.7678169900028
Out:  (277641, '=====-PROCESS_ACTION-=====', 1.0) 2668.582798810996
Out:  (277804, 'N', 1.0) 2669.903784434995
Out:  (290485, '=====-PROCESS_ACTION-=====', 1.0) 2789.070560712993
Out:  (290648, 'NP', 1.0) 2790.3899680460017
Out:  (314152, '=====-PROCESS_ACTION-=====', 1.0) 3015.1135840009956
Out:  (314315, 'VP', 1.0) 3016.428950982998
Out:  (326791, '=====-PROCESS_ACTION-=====', 1.0) 3133.946589180996
Out:  (326954, 'S', 1.0) 3135.2759713080013
Out:  (330126, '___', 1.0) 3165.76642139499
Out:  (330287, 'EXPLANATION', 1.0) 3167.4028932219953
Out:  (330448, '___', 1.0) 3169.0410960989975
Out:  (332958, 'S', 1.0) 3193.8018862939934
Out:  (333061, 'NIL', 1.0) 3194.48520032299
Out:  (333436, '+-->', 1.0) 3197.7919562919997
Out:  (335293, 'NP', 1.0) 3215.695049948001
Out:  (335396, 'NIL', 1.0) 3216.3863295319898
Out:  (335771, '+-->', 1.0) 3219.7109973749903
Out:  (337628, 'DET', 1.0) 3237.5720147429965
Out:  (337731, 'NIL', 1.0) 3238.275009293997
Out:  (338106, '+-->', 1.0) 3241.5947327489994
Out:  (339459, 'the', 1.0) 3254.6360446759936
Out:  (339562, 'NIL', 1.0) 3255.3287794450007
Out:  (339966, '+--<', 1.0) 3258.8155900429992
Out:  (340900, 'N', 1.0) 3267.739031828998
Out:  (341003, 'NIL', 1.0) 3268.4290622609988
Out:  (341378, '+-->', 1.0) 3271.7459494170034
Out:  (342731, 'old', 1.0) 3284.800019863993
Out:  (342834, 'NIL', 1.0) 3285.505769481999
Out:  (343238, '+--<', 1.0) 3289.0192011250037
Out:  (343456, '+--<', 1.0) 3291.1142668469984
Out:  (344390, 'VP', 1.0) 3300.106028886992
Out:  (344493, 'NIL', 1.0) 3300.7954485809896
Out:  (344868, '+-->', 1.0) 3304.14171195199
Out:  (346725, 'V', 1.0) 3322.022032545996
Out:  (346828, 'NIL', 1.0) 3322.723412805004
Out:  (347203, '+-->', 1.0) 3326.0255099959904
Out:  (348556, 'man', 1.0) 3339.1006920139916
Out:  (348659, 'NIL', 1.0) 3339.7964368169924
Out:  (349063, '+--<', 1.0) 3343.2927283140016
Out:  (349997, 'NP', 1.0) 3352.138659931996
Out:  (350100, 'NIL', 1.0) 3352.8198864259903
Out:  (350475, '+-->', 1.0) 3356.0986420239933
Out:  (352332, 'DET', 1.0) 3373.8658026880003
Out:  (352435, 'NIL', 1.0) 3374.550393641999
Out:  (352810, '+-->', 1.0) 3377.8560786559974
Out:  (354163, 'the', 1.0) 3390.8407863269967
Out:  (354266, 'NIL', 1.0) 3391.527913398997
Out:  (354670, '+--<', 1.0) 3394.9868020369904
Out:  (355604, 'N', 1.0) 3403.888379115
Out:  (355707, 'NIL', 1.0) 3404.563896956999
Out:  (356082, '+-->', 1.0) 3407.85013789199
Out:  (357435, 'boat', 1.0) 3420.818478303001
Out:  (357538, 'NIL', 1.0) 3421.5057864300034
Out:  (357942, '+--<', 1.0) 3424.9622078459943
Out:  (358160, '+--<', 1.0) 3427.007835322991
Out:  (358378, '+--<', 1.0) 3429.076078514001
Out:  (358596, '+--<', 1.0) 3431.1404389779927
Out:  (358903, 'done', 1.0) 3433.842793895994
output:
(30692, '~~~~~~~~~~~~~~~~~~~~~~~~~~~~~~~~~~~~~~~~~~~~~~~', 1.0)
(36098, '=====-PROCESS_ACTION-=====', 1.0)
(36261, 'the', 1.0)
(49310, '=====-PROCESS_ACTION-=====', 1.0)
(49473, 'DET', 1.0)
(74367, '~~~~~~~~~~~~~~~~~~~~~~~~~~~~~~~~~~~~~~~~~~~~~~~', 1.0)
(79773, '=====-PROCESS_ACTION-=====', 1.0)
(79936, 'old', 1.0)
(93190, '=====-PROCESS_ACTION-=====', 1.0)
(93353, 'ADJ', 1.0)
(117047, '=====-PROCESS_ACTION-=====', 1.0)
(117210, 'N', 1.0)
(129686, '=====-PROCESS_ACTION-=====', 1.0)
(129849, 'NP', 1.0)
(144014, '~~~~~~~~~~~~~~~~~~~~~~~~~~~~~~~~~~~~~~~~~~~~~~~', 1.0)
(149420, '=====-PROCESS_ACTION-=====', 1.0)
(149583, 'man', 1.0)
(162837, '=====-PROCESS_ACTION-=====', 1.0)
(163000, 'V', 1.0)
(187925, '=====-PROCESS_ACTION-=====', 1.0)
(188088, 'N', 1.0)
(200564, '=====-PROCESS_ACTION-=====', 1.0)
(200727, 'NP', 1.0)
(214892, '~~~~~~~~~~~~~~~~~~~~~~~~~~~~~~~~~~~~~~~~~~~~~~~', 1.0)
(220298, '=====-PROCESS_ACTION-=====', 1.0)
(220461, 'the', 1.0)
(233715, '=====-PROCESS_ACTION-=====', 1.0)
(233878, 'DET', 1.0)
(258772, '~~~~~~~~~~~~~~~~~~~~~~~~~~~~~~~~~~~~~~~~~~~~~~~', 1.0)
(264178, '=====-PROCESS_ACTION-=====', 1.0)
(264341, 'boat', 1.0)
(277641, '=====-PROCESS_ACTION-=====', 1.0)
(277804, 'N', 1.0)
(290485, '=====-PROCESS_ACTION-=====', 1.0)
(290648, 'NP', 1.0)
(314152, '=====-PROCESS_ACTION-=====', 1.0)
(314315, 'VP', 1.0)
(326791, '=====-PROCESS_ACTION-=====', 1.0)
(326954, 'S', 1.0)
(330126, '___', 1.0)
(330287, 'EXPLANATION', 1.0)
(330448, '___', 1.0)
(332958, 'S', 1.0)
(333061, 'NIL', 1.0)
(333436, '+-->', 1.0)
(335293, 'NP', 1.0)
(335396, 'NIL', 1.0)
(335771, '+-->', 1.0)
(337628, 'DET', 1.0)
(337731, 'NIL', 1.0)
(338106, '+-->', 1.0)
(339459, 'the', 1.0)
(339562, 'NIL', 1.0)
(339966, '+--<', 1.0)
(340900, 'N', 1.0)
(341003, 'NIL', 1.0)
(341378, '+-->', 1.0)
(342731, 'old', 1.0)
(342834, 'NIL', 1.0)
(343238, '+--<', 1.0)
(343456, '+--<', 1.0)
(344390, 'VP', 1.0)
(344493, 'NIL', 1.0)
(344868, '+-->', 1.0)
(346725, 'V', 1.0)
(346828, 'NIL', 1.0)
(347203, '+-->', 1.0)
(348556, 'man', 1.0)
(348659, 'NIL', 1.0)
(349063, '+--<', 1.0)
(349997, 'NP', 1.0)
(350100, 'NIL', 1.0)
(350475, '+-->', 1.0)
(352332, 'DET', 1.0)
(352435, 'NIL', 1.0)
(352810, '+-->', 1.0)
(354163, 'the', 1.0)
(354266, 'NIL', 1.0)
(354670, '+--<', 1.0)
(355604, 'N', 1.0)
(355707, 'NIL', 1.0)
(356082, '+-->', 1.0)
(357435, 'boat', 1.0)
(357538, 'NIL', 1.0)
(357942, '+--<', 1.0)
(358160, '+--<', 1.0)
(358378, '+--<', 1.0)
(358596, '+--<', 1.0)
(358903, 'done', 1.0)

learned:
            mem             mem          hetero   |   online:     0 /     0 |  flashed:  1581 /  1581 |  activ_count:  22542
        mem_ctx             mem          hetero   |   online:     0 /     0 |  flashed:   909 /   909 |  activ_count:  15602
            mem             mem            auto   |   online:     0 /     0 |  flashed:   909 /   909 |  activ_count:  30755
            lex             mem          hetero   |   online:     0 /     0 |  flashed:   909 /   909 |  activ_count:  21324
             gh              op          hetero   |   online:     0 /     0 |  flashed:   617 /   617 |  activ_count:  97475
             op              op          hetero   |   online:     0 /     0 |  flashed:   615 /   615 |  activ_count:  78607
            lex              op          hetero   |   online:     0 /     0 |  flashed:   300 /   300 |  activ_count:  33949
     data_stack      data_stack             fwd   |   online:     0 /     0 |  flashed:   128 /   128 |  activ_count:   2181
     data_stack      data_stack             bwd   |   online:     0 /     0 |  flashed:   128 /   128 |  activ_count:   2181
          stack           stack             fwd   |   online:     0 /     0 |  flashed:   128 /   128 |  activ_count:   7864
          stack           stack             bwd   |   online:     0 /     0 |  flashed:   128 /   128 |  activ_count:   7781
          stack           stack            auto   |   online:     0 /     0 |  flashed:   128 /   128 |  activ_count:   6457
        mem_ctx             lex          hetero   |   online:     0 /     0 |  flashed:   119 /   119 |  activ_count:   9078
            mem             lex          hetero   |   online:     0 /     0 |  flashed:   119 /   119 |  activ_count:    503
       bind_ctx             lex          hetero   |   online:     0 /     0 |  flashed:   119 /   119 |  activ_count:   3764
             op             lex          hetero   |   online:     0 /     0 |  flashed:   101 /   146 |  activ_count:  18867
             gh              gh          hetero   |   online:     0 /     0 |  flashed:    96 /    96 |  activ_count:  243647
            lex             lex            auto   |   online:     0 /     0 |  flashed:    45 /    45 |  activ_count:   3828
      exc_stack       exc_stack             fwd   |   online:     0 /     0 |  flashed:    32 /    32 |  activ_count:     95
      exc_stack       exc_stack             bwd   |   online:     0 /     0 |  flashed:    32 /    32 |  activ_count:     95
      stack_ctx             lex          hetero   |   online:     0 /     0 |  flashed:    11 /    11 |  activ_count:   6457
           bind            bind          hetero   |   online:     0 /     0 |  flashed:     1 /     1 |  activ_count:   1223

Final activity states:
        mem_ctx :              main785  1.000000
            mem :                 done  1.000000
           bind :              def_env  1.000000
     data_stack :                    0  1.000000
            lex :            progn_end  1.000000
          stack :                    0  1.000000
             op :                 halt  1.000000
      exc_stack :                    0  1.000000
      stack_ctx :                 inst  1.000000
             gh :                 halt  1.000000
       bind_ctx :           source_hyp  1.000000

Gate history:
  data_stack       stash                         :         95                 0.0001   0.000000794241848206
       stack       stash                         :         95                 0.0002   0.000001738346059267
     mem_ctx       stash                         :        171                 0.0002   0.000001396789325793
         lex       stash                         :        171                 0.0003   0.000001649479163887
          gh       learn   exc_stack      hetero :          1                 0.0003   0.000282880006125197
          gh    activate   exc_stack      hetero :         33                 0.0060   0.000182379333912677
  data_stack    activate   exc_stack      hetero :         33                 0.0074   0.000223396300994368
          op    activate   exc_stack      hetero :         33                 0.0086   0.000260932514334634
        bind       stash                         :      10603                 0.0109   0.000001025770862933
   exc_stack    activate   exc_stack         bwd :         95                 0.0116   0.000122489610159966
   exc_stack    activate   exc_stack         fwd :         95                 0.0124   0.000130121273564567
          op       stash                         :       7959                 0.0141   0.000001773129193543
       stack    activate   exc_stack      hetero :         33                 0.0173   0.000523599424702821
         mem       stash                         :      12037                 0.0205   0.000001701649760070
       stack     context   stack_ctx             :       6457                 0.0243   0.000003756922869564
        bind     context    bind_ctx             :       6663                 0.0248   0.000003727560475861
  data_stack       learn   exc_stack      hetero :         95                 0.0265   0.000278812747350649
          op       learn   exc_stack      hetero :         95                 0.0324   0.000341392694482286
          gh    activate         mem      hetero :         21                 0.0435   0.002071220521299568
       stack       learn   exc_stack      hetero :         95                 0.0488   0.000514034242338599
          gh       learn         mem      hetero :         21                 0.0853   0.004062540475778016
     mem_ctx       noise                         :        171                 0.1876   0.001097293789682322
         mem       noise                         :        171                 0.2053   0.001200379778076867
         mem     context     mem_ctx             :      57591                 0.3210   0.000005573129962101
  data_stack    activate  data_stack         bwd :       2181                 0.3884   0.000178061754641901
        bind       noise                         :        426                 0.4407   0.001034507760436475
   exc_stack       cycle                         :     358960                 0.5524   0.000001538823688883
  data_stack       cycle                         :     358960                 0.6025   0.000001678540693224
   stack_ctx       cycle                         :     358960                 0.6127   0.000001706915649479
          gh        bias       false             :      17838                 0.6969   0.000039067623869601
    bind_ctx       cycle                         :     358960                 0.7152   0.000001992345559852
  data_stack    activate  data_stack         fwd :       2181                 0.7769   0.000356191701633595
         mem    activate         lex      hetero :        503                 0.9293   0.001847567515196390
       stack       cycle                         :     358960                 0.9540   0.000002657549008872
          gh       cycle                         :     358960                 1.4983   0.000004174043350654
         mem    activate  data_stack      hetero :       3332                 1.6745   0.000502537682877198
         lex       cycle                         :     358960                 1.9566   0.000005450848610857
          op       cycle                         :     358960                 2.0206   0.000005629076870526
         mem       learn  data_stack      hetero :       3068                 2.1044   0.000685906545217129
         lex    activate         lex        auto :       3828                 2.5539   0.000667150217175820
         lex       learn         mem      hetero :        171                 2.8718   0.016794284438028148
     mem_ctx       cycle                         :     358960                 2.8735   0.000008005068742553
          op    activate       stack      hetero :       7781                 3.3971   0.000436592929088433
   stack_ctx    activate         lex      hetero :       6457                 3.6203   0.000560681376275136
       stack    activate       stack         bwd :       7781                 3.9803   0.000511534662063689
         mem    activate        bind      hetero :       1756                 4.0415   0.002301531438177434
         mem       learn         mem      hetero :        342                 4.0839   0.011941119160529359
       stack    activate       stack         fwd :       7864                 4.3834   0.000557404441146951
          go       cycle                         :     358961                 4.4621   0.000012430630271477
        bind    activate       stack      hetero :       6305                 4.9720   0.000788580786775056
          gh    activate        bind      hetero :       4037                 5.4665   0.001354104566989172
        bind       learn        bind        auto :        865                 5.5087   0.006368424597457375
        bind    activate        bind        auto :       2899                 5.8364   0.002013257134992061
         mem       learn        bind      hetero :        865                 5.9081   0.006830177859859433
    bind_ctx    activate         lex      hetero :       3764                 6.8962   0.001832135055251838
          gh       learn         lex      hetero :      13747                 7.3905   0.000537607394103211
          op       learn       stack      hetero :       7864                 7.8074   0.000992803267758894
          op    activate         lex      hetero :      18867                 8.7527   0.000463914091623282
         mem    activate       stack      hetero :       8852                 9.0059   0.001017386701781193
          gh    activate         lex      hetero :      13747                 9.3909   0.000683120713360638
        bind       cycle                         :     358960                 9.4365   0.000026288534654281
       stack    converge                         :       6457                11.3922   0.001764325111870774
         lex    activate          op      hetero :      33949                11.4327   0.000336761565047936
          gh       learn        bind      hetero :       4122                13.0180   0.003158172894036962
     mem_ctx       learn         mem      hetero :        171                14.1873   0.082966823631312775
         mem       learn         mem        auto :        171                14.1898   0.082981508970754195
        bind       learn         mem      hetero :        134                14.3250   0.106902927568368264
         mem       learn       stack      hetero :       7591                16.0067   0.002108642857341437
        bind    activate        bind      hetero :       1223                16.8376   0.013767450409100386
     mem_ctx    activate         lex      hetero :       9078                17.8416   0.001965368801613207
         mem       cycle                         :     358960                18.6012   0.000051819619573200
        bind       learn        bind      hetero :        432                19.5669   0.045293791472162143
          op    activate          op      hetero :      78607                22.1053   0.000281212237884942
        bind       learn       stack      hetero :       9172                22.8373   0.002489895824910522
        bind    activate         mem      hetero :       1033                37.3917   0.036197189174283481
          gh    activate          op      hetero :      97475                41.2484   0.000423169036836220
          go    activate          gh      hetero :     358961                55.8796   0.000155670512907197
          gh    activate          gh      hetero :     243647                57.9223   0.000237730469757945
         lex    activate         mem      hetero :      21324                61.8477   0.002900379523367539
         mem    activate         mem      hetero :      22542                88.5341   0.003927516405787148
     mem_ctx    activate         mem      hetero :      15602               527.4823   0.033808635493636559
         mem    converge                         :      30755              2197.7958   0.071461416018178459

Executed 358960 timesteps in 3434.347312s

Ran test 'imitate' in 358960 timesteps
Output:
~~~~~~~~~~~~~~~~~~~~~~~~~~~~~~~~~~~~~~~~~~~~~~~ =====-PROCESS_ACTION-===== the =====-PROCESS_ACTION-===== DET ~~~~~~~~~~~~~~~~~~~~~~~~~~~~~~~~~~~~~~~~~~~~~~~ =====-PROCESS_ACTION-===== old =====-PROCESS_ACTION-===== ADJ =====-PROCESS_ACTION-===== N =====-PROCESS_ACTION-===== NP ~~~~~~~~~~~~~~~~~~~~~~~~~~~~~~~~~~~~~~~~~~~~~~~ =====-PROCESS_ACTION-===== man =====-PROCESS_ACTION-===== V =====-PROCESS_ACTION-===== N =====-PROCESS_ACTION-===== NP ~~~~~~~~~~~~~~~~~~~~~~~~~~~~~~~~~~~~~~~~~~~~~~~ =====-PROCESS_ACTION-===== the =====-PROCESS_ACTION-===== DET ~~~~~~~~~~~~~~~~~~~~~~~~~~~~~~~~~~~~~~~~~~~~~~~ =====-PROCESS_ACTION-===== boat =====-PROCESS_ACTION-===== N =====-PROCESS_ACTION-===== NP =====-PROCESS_ACTION-===== VP =====-PROCESS_ACTION-===== S ___ EXPLANATION ___ S NIL +--> NP NIL +--> DET NIL +--> the NIL +--< N NIL +--> old NIL +--< +--< VP NIL +--> V NIL +--> man NIL +--< NP NIL +--> DET NIL +--> the NIL +--< N NIL +--> boat NIL +--< +--< +--< +--< done
